Sun 08 Dec 2024 13:35:30 INFO  PID: 287918
Sun 08 Dec 2024 13:35:30 INFO  Namespace(batch_size=2048, dataset='retail_beh', gpu_id=0, model='MBHT', valid_portion=0.1, validation=False)
Sun 08 Dec 2024 13:35:30 INFO  
General Hyper Parameters:
gpu_id = 0
use_gpu = True
seed = 2020
state = INFO
reproducibility = True
data_path = dataset/retail_beh
show_progress = True
save_dataset = False
save_dataloaders = False
benchmark_filename = ['train', 'test']

Training Hyper Parameters:
checkpoint_dir = saved
epochs = 300
train_batch_size = 64
learner = adam
learning_rate = 0.001
eval_step = 1
stopping_step = 10
clip_grad_norm = None
weight_decay = 0.0
loss_decimal_place = 4

Evaluation Hyper Parameters:
eval_args = {'mode': 'full', 'order': 'TO', 'split': {'RS': [0.8, 0.1, 0.1]}, 'group_by': 'user'}
metrics = ['Recall', 'NDCG', 'MRR']
topk = [5, 10, 101]
valid_metric = NDCG@10
valid_metric_bigger = True
eval_batch_size = 128
metric_decimal_place = 4

Dataset Hyper Parameters:
field_separator = 	
seq_separator =  
USER_ID_FIELD = session_id
ITEM_ID_FIELD = item_id
RATING_FIELD = rating
TIME_FIELD = timestamp
seq_len = None
LABEL_FIELD = label
threshold = None
NEG_PREFIX = neg_
load_col = None
unload_col = None
unused_col = None
additional_feat_suffix = None
rm_dup_inter = None
val_interval = None
filter_inter_by_user_or_item = True
user_inter_num_interval = [0,inf)
item_inter_num_interval = [0,inf)
alias_of_user_id = None
alias_of_item_id = ['item_id_list']
alias_of_entity_id = None
alias_of_relation_id = None
preload_weight = None
normalize_field = None
normalize_all = None
ITEM_LIST_LENGTH_FIELD = item_length
LIST_SUFFIX = _list
MAX_ITEM_LIST_LENGTH = 200
POSITION_FIELD = position_id
HEAD_ENTITY_ID_FIELD = head_id
TAIL_ENTITY_ID_FIELD = tail_id
RELATION_ID_FIELD = relation_id
ENTITY_ID_FIELD = entity_id

Other Hyper Parameters: 
neg_sampling = None
repeatable = True
n_layers = 2
n_heads = 2
hidden_size = 64
inner_size = 256
hidden_dropout_prob = 0.5
attn_dropout_prob = 0.5
hidden_act = gelu
layer_norm_eps = 1e-12
initializer_range = 0.02
mask_ratio = 0.2
loss_type = CE
customized_eval = 1
MODEL_TYPE = ModelType.SEQUENTIAL
hyper_len = 6
scales = [5, 4, 20, 40]
enable_hg = 1
enable_ms = 1
abaltion = 
batch_size = 2048
MODEL_INPUT_TYPE = InputType.POINTWISE
eval_type = EvaluatorType.RANKING
device = cuda
train_neg_sample_args = {'strategy': 'none'}
eval_neg_sample_args = {'strategy': 'full', 'distribution': 'uniform'}


Sun 08 Dec 2024 13:35:30 INFO  retail_beh
The number of users: 30691
Average actions of users: 1.065167807103291
The number of items: 31240
Average actions of items: 3.388618223281849
The number of inters: 32690
The sparsity of the dataset: 99.99659048303167%
Remain Fields: ['session_id', 'item_id_list', 'item_type_list', 'item_id', 'item_length']
Sun 08 Dec 2024 13:35:32 INFO  MBHT(
  (type_embedding): Embedding(6, 64, padding_idx=0)
  (item_embedding): Embedding(31241, 64, padding_idx=0)
  (position_embedding): Embedding(201, 64)
  (trm_encoder): TransformerEncoder(
    (layer): ModuleList(
      (0-1): 2 x TransformerLayer(
        (multi_head_attention): MultiScaleAttention(
          (out_fc): Linear(in_features=265, out_features=200, bias=True)
          (attention1): LinearAttention(
            (E): Linear(in_features=200, out_features=5, bias=True)
            (F): Linear(in_features=200, out_features=5, bias=True)
            (W_V): Linear(in_features=64, out_features=64, bias=True)
            (W_K): Linear(in_features=64, out_features=64, bias=True)
            (W_Q): Linear(in_features=64, out_features=64, bias=True)
            (dense): Linear(in_features=64, out_features=64, bias=True)
            (attn_dropout): Dropout(p=0.5, inplace=False)
            (out_dropout): Dropout(p=0.5, inplace=False)
            (LayerNorm): LayerNorm((64,), eps=1e-12, elementwise_affine=True)
          )
          (attention2): MultiHeadAttention(
            (query): Linear(in_features=64, out_features=64, bias=True)
            (key): Linear(in_features=64, out_features=64, bias=True)
            (value): Linear(in_features=64, out_features=64, bias=True)
            (attn_dropout): Dropout(p=0.5, inplace=False)
            (dense): Linear(in_features=64, out_features=64, bias=True)
            (LayerNorm): LayerNorm((64,), eps=1e-12, elementwise_affine=True)
            (out_dropout): Dropout(p=0.5, inplace=False)
          )
        )
        (feed_forward): FeedForward(
          (dense_1): Linear(in_features=64, out_features=256, bias=True)
          (dense_2): Linear(in_features=256, out_features=64, bias=True)
          (LayerNorm): LayerNorm((64,), eps=1e-12, elementwise_affine=True)
          (dropout): Dropout(p=0.5, inplace=False)
        )
      )
    )
  )
  (hgnn_layer): HGNN(
    (hgc1): HGNN_conv()
    (hgc2): HGNN_conv()
    (out_fc): Linear(in_features=64, out_features=64, bias=True)
  )
  (LayerNorm): LayerNorm((64,), eps=1e-12, elementwise_affine=True)
  (dropout): Dropout(p=0.5, inplace=False)
  (hg_type_embedding): Embedding(6, 64, padding_idx=0)
)
Trainable parameters: 2278036
Sun 08 Dec 2024 13:35:36 INFO  epoch -1 evaluating [time: 3.62s, valid_score: 0.125100]
Sun 08 Dec 2024 13:35:36 INFO  valid result: 
recall@5 : 0.1395    recall@10 : 0.224    recall@101 : 1.0    ndcg@5 : 0.0982    ndcg@10 : 0.1251    ndcg@101 : 0.2703    mrr@5 : 0.0846    mrr@10 : 0.0955    mrr@101 : 0.1171    
Sun 08 Dec 2024 13:38:31 INFO  epoch 0 training [time: 174.70s, train loss: 4477.9014]
Sun 08 Dec 2024 13:38:34 INFO  epoch 0 evaluating [time: 2.85s, valid_score: 0.660500]
Sun 08 Dec 2024 13:38:34 INFO  valid result: 
recall@5 : 0.7355    recall@10 : 0.8165    recall@101 : 1.0    ndcg@5 : 0.6338    ndcg@10 : 0.6605    ndcg@101 : 0.6976    mrr@5 : 0.5998    mrr@10 : 0.6112    mrr@101 : 0.6181    
Sun 08 Dec 2024 13:38:34 INFO  Saving current best: saved/MBHT-retail_beh-Dec-08-2024_13-35-32.pth
Sun 08 Dec 2024 13:41:32 INFO  epoch 1 training [time: 177.97s, train loss: 3501.5900]
Sun 08 Dec 2024 13:41:35 INFO  epoch 1 evaluating [time: 2.95s, valid_score: 0.823400]
Sun 08 Dec 2024 13:41:35 INFO  valid result: 
recall@5 : 0.855    recall@10 : 0.8755    recall@101 : 1.0    ndcg@5 : 0.8167    ndcg@10 : 0.8234    ndcg@101 : 0.8455    mrr@5 : 0.8039    mrr@10 : 0.8067    mrr@101 : 0.8097    
Sun 08 Dec 2024 13:41:35 INFO  Saving current best: saved/MBHT-retail_beh-Dec-08-2024_13-35-32.pth
Sun 08 Dec 2024 13:44:29 INFO  epoch 2 training [time: 173.88s, train loss: 2598.5617]
Sun 08 Dec 2024 13:44:31 INFO  epoch 2 evaluating [time: 2.87s, valid_score: 0.866900]
Sun 08 Dec 2024 13:44:31 INFO  valid result: 
recall@5 : 0.8845    recall@10 : 0.8945    recall@101 : 1.0    ndcg@5 : 0.8637    ndcg@10 : 0.8669    ndcg@101 : 0.8847    mrr@5 : 0.8567    mrr@10 : 0.858    mrr@101 : 0.8601    
Sun 08 Dec 2024 13:44:31 INFO  Saving current best: saved/MBHT-retail_beh-Dec-08-2024_13-35-32.pth
Sun 08 Dec 2024 13:47:27 INFO  epoch 3 training [time: 175.42s, train loss: 2054.9362]
Sun 08 Dec 2024 13:47:30 INFO  epoch 3 evaluating [time: 2.86s, valid_score: 0.885400]
Sun 08 Dec 2024 13:47:30 INFO  valid result: 
recall@5 : 0.895    recall@10 : 0.905    recall@101 : 1.0    ndcg@5 : 0.8821    ndcg@10 : 0.8854    ndcg@101 : 0.9012    mrr@5 : 0.8777    mrr@10 : 0.8791    mrr@101 : 0.8809    
Sun 08 Dec 2024 13:47:30 INFO  Saving current best: saved/MBHT-retail_beh-Dec-08-2024_13-35-32.pth
Sun 08 Dec 2024 13:50:25 INFO  epoch 4 training [time: 175.33s, train loss: 1772.0049]
Sun 08 Dec 2024 13:50:28 INFO  epoch 4 evaluating [time: 2.91s, valid_score: 0.890300]
Sun 08 Dec 2024 13:50:28 INFO  valid result: 
recall@5 : 0.9    recall@10 : 0.9075    recall@101 : 1.0    ndcg@5 : 0.8879    ndcg@10 : 0.8903    ndcg@101 : 0.9059    mrr@5 : 0.8839    mrr@10 : 0.8849    mrr@101 : 0.8866    
Sun 08 Dec 2024 13:50:28 INFO  Saving current best: saved/MBHT-retail_beh-Dec-08-2024_13-35-32.pth
Sun 08 Dec 2024 13:53:24 INFO  epoch 5 training [time: 175.32s, train loss: 1616.7615]
Sun 08 Dec 2024 13:53:26 INFO  epoch 5 evaluating [time: 2.95s, valid_score: 0.894200]
Sun 08 Dec 2024 13:53:26 INFO  valid result: 
recall@5 : 0.9045    recall@10 : 0.908    recall@101 : 1.0    ndcg@5 : 0.8931    ndcg@10 : 0.8942    ndcg@101 : 0.9102    mrr@5 : 0.8893    mrr@10 : 0.8897    mrr@101 : 0.8917    
Sun 08 Dec 2024 13:53:27 INFO  Saving current best: saved/MBHT-retail_beh-Dec-08-2024_13-35-32.pth
Sun 08 Dec 2024 13:56:22 INFO  epoch 6 training [time: 175.77s, train loss: 1502.5969]
Sun 08 Dec 2024 13:56:25 INFO  epoch 6 evaluating [time: 2.95s, valid_score: 0.894300]
Sun 08 Dec 2024 13:56:25 INFO  valid result: 
recall@5 : 0.902    recall@10 : 0.9115    recall@101 : 1.0    ndcg@5 : 0.8913    ndcg@10 : 0.8943    ndcg@101 : 0.91    mrr@5 : 0.8877    mrr@10 : 0.8889    mrr@101 : 0.891    
Sun 08 Dec 2024 13:56:25 INFO  Saving current best: saved/MBHT-retail_beh-Dec-08-2024_13-35-32.pth
Sun 08 Dec 2024 13:59:23 INFO  epoch 7 training [time: 178.05s, train loss: 1416.1089]
Sun 08 Dec 2024 13:59:26 INFO  epoch 7 evaluating [time: 2.91s, valid_score: 0.904300]
Sun 08 Dec 2024 13:59:26 INFO  valid result: 
recall@5 : 0.915    recall@10 : 0.9225    recall@101 : 1.0    ndcg@5 : 0.9018    ndcg@10 : 0.9043    ndcg@101 : 0.9183    mrr@5 : 0.8973    mrr@10 : 0.8984    mrr@101 : 0.9003    
Sun 08 Dec 2024 13:59:26 INFO  Saving current best: saved/MBHT-retail_beh-Dec-08-2024_13-35-32.pth
Sun 08 Dec 2024 14:02:24 INFO  epoch 8 training [time: 177.63s, train loss: 1336.6022]
Sun 08 Dec 2024 14:02:27 INFO  epoch 8 evaluating [time: 2.96s, valid_score: 0.922000]
Sun 08 Dec 2024 14:02:27 INFO  valid result: 
recall@5 : 0.9425    recall@10 : 0.95    recall@101 : 1.0    ndcg@5 : 0.9195    ndcg@10 : 0.922    ndcg@101 : 0.931    mrr@5 : 0.9117    mrr@10 : 0.9128    mrr@101 : 0.914    
Sun 08 Dec 2024 14:02:27 INFO  Saving current best: saved/MBHT-retail_beh-Dec-08-2024_13-35-32.pth
Sun 08 Dec 2024 14:05:26 INFO  epoch 9 training [time: 178.72s, train loss: 1268.9380]
Sun 08 Dec 2024 14:05:29 INFO  epoch 9 evaluating [time: 2.88s, valid_score: 0.907200]
Sun 08 Dec 2024 14:05:29 INFO  valid result: 
recall@5 : 0.9065    recall@10 : 0.945    recall@101 : 1.0    ndcg@5 : 0.8944    ndcg@10 : 0.9072    ndcg@101 : 0.917    mrr@5 : 0.8903    mrr@10 : 0.8958    mrr@101 : 0.8971    
Sun 08 Dec 2024 14:08:26 INFO  epoch 10 training [time: 177.50s, train loss: 1199.5099]
Sun 08 Dec 2024 14:08:29 INFO  epoch 10 evaluating [time: 2.91s, valid_score: 0.918800]
Sun 08 Dec 2024 14:08:29 INFO  valid result: 
recall@5 : 0.9385    recall@10 : 0.948    recall@101 : 1.0    ndcg@5 : 0.9156    ndcg@10 : 0.9188    ndcg@101 : 0.9285    mrr@5 : 0.9083    mrr@10 : 0.9097    mrr@101 : 0.9112    
Sun 08 Dec 2024 14:11:27 INFO  epoch 11 training [time: 178.09s, train loss: 1149.8685]
Sun 08 Dec 2024 14:11:30 INFO  epoch 11 evaluating [time: 2.90s, valid_score: 0.903700]
Sun 08 Dec 2024 14:11:30 INFO  valid result: 
recall@5 : 0.9145    recall@10 : 0.924    recall@101 : 1.0    ndcg@5 : 0.9007    ndcg@10 : 0.9037    ndcg@101 : 0.9181    mrr@5 : 0.896    mrr@10 : 0.8972    mrr@101 : 0.8994    
Sun 08 Dec 2024 14:14:29 INFO  epoch 12 training [time: 178.58s, train loss: 1098.7414]
Sun 08 Dec 2024 14:14:32 INFO  epoch 12 evaluating [time: 2.97s, valid_score: 0.909900]
Sun 08 Dec 2024 14:14:32 INFO  valid result: 
recall@5 : 0.9135    recall@10 : 0.9425    recall@101 : 1.0    ndcg@5 : 0.9004    ndcg@10 : 0.9099    ndcg@101 : 0.921    mrr@5 : 0.8961    mrr@10 : 0.9    mrr@101 : 0.9019    
Sun 08 Dec 2024 14:17:30 INFO  epoch 13 training [time: 178.39s, train loss: 1065.4963]
Sun 08 Dec 2024 14:17:33 INFO  epoch 13 evaluating [time: 2.96s, valid_score: 0.911200]
Sun 08 Dec 2024 14:17:33 INFO  valid result: 
recall@5 : 0.9265    recall@10 : 0.9455    recall@101 : 1.0    ndcg@5 : 0.905    ndcg@10 : 0.9112    ndcg@101 : 0.9214    mrr@5 : 0.898    mrr@10 : 0.9006    mrr@101 : 0.9022    
Sun 08 Dec 2024 14:20:30 INFO  epoch 14 training [time: 176.97s, train loss: 1018.6754]
Sun 08 Dec 2024 14:20:33 INFO  epoch 14 evaluating [time: 2.91s, valid_score: 0.921900]
Sun 08 Dec 2024 14:20:33 INFO  valid result: 
recall@5 : 0.9325    recall@10 : 0.9415    recall@101 : 1.0    ndcg@5 : 0.9189    ndcg@10 : 0.9219    ndcg@101 : 0.9321    mrr@5 : 0.9144    mrr@10 : 0.9157    mrr@101 : 0.9169    
Sun 08 Dec 2024 14:23:30 INFO  epoch 15 training [time: 177.53s, train loss: 968.5996]
Sun 08 Dec 2024 14:23:33 INFO  epoch 15 evaluating [time: 2.92s, valid_score: 0.927500]
Sun 08 Dec 2024 14:23:33 INFO  valid result: 
recall@5 : 0.94    recall@10 : 0.9525    recall@101 : 1.0    ndcg@5 : 0.9234    ndcg@10 : 0.9275    ndcg@101 : 0.936    mrr@5 : 0.9179    mrr@10 : 0.9196    mrr@101 : 0.9208    
Sun 08 Dec 2024 14:23:33 INFO  Saving current best: saved/MBHT-retail_beh-Dec-08-2024_13-35-32.pth
Sun 08 Dec 2024 14:26:30 INFO  epoch 16 training [time: 176.19s, train loss: 950.2901]
Sun 08 Dec 2024 14:26:33 INFO  epoch 16 evaluating [time: 2.95s, valid_score: 0.903100]
Sun 08 Dec 2024 14:26:33 INFO  valid result: 
recall@5 : 0.9285    recall@10 : 0.94    recall@101 : 1.0    ndcg@5 : 0.8993    ndcg@10 : 0.9031    ndcg@101 : 0.9144    mrr@5 : 0.8898    mrr@10 : 0.8913    mrr@101 : 0.8931    
Sun 08 Dec 2024 14:29:30 INFO  epoch 17 training [time: 177.77s, train loss: 916.2798]
Sun 08 Dec 2024 14:29:33 INFO  epoch 17 evaluating [time: 2.97s, valid_score: 0.903300]
Sun 08 Dec 2024 14:29:33 INFO  valid result: 
recall@5 : 0.9125    recall@10 : 0.9415    recall@101 : 1.0    ndcg@5 : 0.8942    ndcg@10 : 0.9033    ndcg@101 : 0.9144    mrr@5 : 0.8881    mrr@10 : 0.8917    mrr@101 : 0.8935    
Sun 08 Dec 2024 14:32:29 INFO  epoch 18 training [time: 176.16s, train loss: 885.6842]
Sun 08 Dec 2024 14:32:32 INFO  epoch 18 evaluating [time: 2.92s, valid_score: 0.920900]
Sun 08 Dec 2024 14:32:32 INFO  valid result: 
recall@5 : 0.9325    recall@10 : 0.942    recall@101 : 1.0    ndcg@5 : 0.9178    ndcg@10 : 0.9209    ndcg@101 : 0.9314    mrr@5 : 0.9128    mrr@10 : 0.9141    mrr@101 : 0.9156    
Sun 08 Dec 2024 14:35:30 INFO  epoch 19 training [time: 177.28s, train loss: 867.1499]
Sun 08 Dec 2024 14:35:33 INFO  epoch 19 evaluating [time: 2.92s, valid_score: 0.921700]
Sun 08 Dec 2024 14:35:33 INFO  valid result: 
recall@5 : 0.9365    recall@10 : 0.9455    recall@101 : 1.0    ndcg@5 : 0.9188    ndcg@10 : 0.9217    ndcg@101 : 0.9317    mrr@5 : 0.9128    mrr@10 : 0.914    mrr@101 : 0.9155    
Sun 08 Dec 2024 14:38:30 INFO  epoch 20 training [time: 177.70s, train loss: 841.5332]
Sun 08 Dec 2024 14:38:33 INFO  epoch 20 evaluating [time: 2.97s, valid_score: 0.886500]
Sun 08 Dec 2024 14:38:33 INFO  valid result: 
recall@5 : 0.8955    recall@10 : 0.908    recall@101 : 1.0    ndcg@5 : 0.8824    ndcg@10 : 0.8865    ndcg@101 : 0.9027    mrr@5 : 0.8779    mrr@10 : 0.8797    mrr@101 : 0.8818    
Sun 08 Dec 2024 14:41:31 INFO  epoch 21 training [time: 177.30s, train loss: 815.7557]
Sun 08 Dec 2024 14:41:33 INFO  epoch 21 evaluating [time: 2.90s, valid_score: 0.895400]
Sun 08 Dec 2024 14:41:33 INFO  valid result: 
recall@5 : 0.903    recall@10 : 0.9255    recall@101 : 1.0    ndcg@5 : 0.8881    ndcg@10 : 0.8954    ndcg@101 : 0.9104    mrr@5 : 0.883    mrr@10 : 0.8861    mrr@101 : 0.8889    
Sun 08 Dec 2024 14:44:29 INFO  epoch 22 training [time: 175.76s, train loss: 805.2801]
Sun 08 Dec 2024 14:44:32 INFO  epoch 22 evaluating [time: 2.92s, valid_score: 0.892600]
Sun 08 Dec 2024 14:44:32 INFO  valid result: 
recall@5 : 0.904    recall@10 : 0.926    recall@101 : 1.0    ndcg@5 : 0.8856    ndcg@10 : 0.8926    ndcg@101 : 0.9071    mrr@5 : 0.8795    mrr@10 : 0.8823    mrr@101 : 0.8849    
Sun 08 Dec 2024 14:47:29 INFO  epoch 23 training [time: 176.41s, train loss: 785.0714]
Sun 08 Dec 2024 14:47:31 INFO  epoch 23 evaluating [time: 2.93s, valid_score: 0.904400]
Sun 08 Dec 2024 14:47:31 INFO  valid result: 
recall@5 : 0.9255    recall@10 : 0.941    recall@101 : 1.0    ndcg@5 : 0.8995    ndcg@10 : 0.9044    ndcg@101 : 0.915    mrr@5 : 0.8908    mrr@10 : 0.8927    mrr@101 : 0.8942    
Sun 08 Dec 2024 14:50:29 INFO  epoch 24 training [time: 177.23s, train loss: 760.9332]
Sun 08 Dec 2024 14:50:32 INFO  epoch 24 evaluating [time: 2.94s, valid_score: 0.918300]
Sun 08 Dec 2024 14:50:32 INFO  valid result: 
recall@5 : 0.929    recall@10 : 0.9395    recall@101 : 1.0    ndcg@5 : 0.9149    ndcg@10 : 0.9183    ndcg@101 : 0.9296    mrr@5 : 0.9102    mrr@10 : 0.9117    mrr@101 : 0.9134    
Sun 08 Dec 2024 14:53:29 INFO  epoch 25 training [time: 177.15s, train loss: 751.0904]
Sun 08 Dec 2024 14:53:32 INFO  epoch 25 evaluating [time: 2.96s, valid_score: 0.918100]
Sun 08 Dec 2024 14:53:32 INFO  valid result: 
recall@5 : 0.931    recall@10 : 0.9445    recall@101 : 1.0    ndcg@5 : 0.9137    ndcg@10 : 0.9181    ndcg@101 : 0.9284    mrr@5 : 0.9079    mrr@10 : 0.9098    mrr@101 : 0.9113    
Sun 08 Dec 2024 14:56:30 INFO  epoch 26 training [time: 178.19s, train loss: 731.1434]
Sun 08 Dec 2024 14:56:33 INFO  epoch 26 evaluating [time: 2.96s, valid_score: 0.918000]
Sun 08 Dec 2024 14:56:33 INFO  valid result: 
recall@5 : 0.9325    recall@10 : 0.94    recall@101 : 1.0    ndcg@5 : 0.9157    ndcg@10 : 0.918    ndcg@101 : 0.9293    mrr@5 : 0.91    mrr@10 : 0.9109    mrr@101 : 0.9127    
Sun 08 Dec 2024 14:56:33 INFO  Finished training, best eval result in epoch 15
Sun 08 Dec 2024 14:56:33 INFO  test result: {'recall@5': 0.94, 'recall@10': 0.9525, 'recall@101': 1.0, 'ndcg@5': 0.9234, 'ndcg@10': 0.9275, 'ndcg@101': 0.936, 'mrr@5': 0.9179, 'mrr@10': 0.9196, 'mrr@101': 0.9208}
