Fri 06 Dec 2024 18:40:57 INFO  PID: 3954464
Fri 06 Dec 2024 18:40:57 INFO  Namespace(batch_size=2048, dataset='retail_beh', gpu_id=0, model='MBHT', valid_portion=0.1, validation=False)
Fri 06 Dec 2024 18:40:57 INFO  
General Hyper Parameters:
gpu_id = 0
use_gpu = True
seed = 2020
state = INFO
reproducibility = True
data_path = dataset/retail_beh
show_progress = True
save_dataset = False
save_dataloaders = False
benchmark_filename = ['train', 'test']

Training Hyper Parameters:
checkpoint_dir = saved
epochs = 300
train_batch_size = 64
learner = adam
learning_rate = 0.001
eval_step = 1
stopping_step = 10
clip_grad_norm = None
weight_decay = 0.0
loss_decimal_place = 4

Evaluation Hyper Parameters:
eval_args = {'mode': 'full', 'order': 'TO', 'split': {'RS': [0.8, 0.1, 0.1]}, 'group_by': 'user'}
metrics = ['Recall', 'NDCG', 'MRR']
topk = [5, 10, 101]
valid_metric = NDCG@10
valid_metric_bigger = True
eval_batch_size = 128
metric_decimal_place = 4

Dataset Hyper Parameters:
field_separator = 	
seq_separator =  
USER_ID_FIELD = session_id
ITEM_ID_FIELD = item_id
RATING_FIELD = rating
TIME_FIELD = timestamp
seq_len = None
LABEL_FIELD = label
threshold = None
NEG_PREFIX = neg_
load_col = None
unload_col = None
unused_col = None
additional_feat_suffix = None
rm_dup_inter = None
val_interval = None
filter_inter_by_user_or_item = True
user_inter_num_interval = [0,inf)
item_inter_num_interval = [0,inf)
alias_of_user_id = None
alias_of_item_id = ['item_id_list']
alias_of_entity_id = None
alias_of_relation_id = None
preload_weight = None
normalize_field = None
normalize_all = None
ITEM_LIST_LENGTH_FIELD = item_length
LIST_SUFFIX = _list
MAX_ITEM_LIST_LENGTH = 200
POSITION_FIELD = position_id
HEAD_ENTITY_ID_FIELD = head_id
TAIL_ENTITY_ID_FIELD = tail_id
RELATION_ID_FIELD = relation_id
ENTITY_ID_FIELD = entity_id

Other Hyper Parameters: 
neg_sampling = None
repeatable = True
n_layers = 2
n_heads = 2
hidden_size = 64
inner_size = 256
hidden_dropout_prob = 0.5
attn_dropout_prob = 0.5
hidden_act = gelu
layer_norm_eps = 1e-12
initializer_range = 0.02
mask_ratio = 0.2
loss_type = CE
customized_eval = 1
MODEL_TYPE = ModelType.SEQUENTIAL
hyper_len = 6
scales = [5, 4, 20]
enable_hg = 1
enable_ms = 1
abaltion = 
batch_size = 2048
MODEL_INPUT_TYPE = InputType.POINTWISE
eval_type = EvaluatorType.RANKING
device = cuda
train_neg_sample_args = {'strategy': 'none'}
eval_neg_sample_args = {'strategy': 'full', 'distribution': 'uniform'}


Fri 06 Dec 2024 18:40:58 INFO  retail_beh
The number of users: 30691
Average actions of users: 1.065167807103291
The number of items: 31240
Average actions of items: 3.388618223281849
The number of inters: 32690
The sparsity of the dataset: 99.99659048303167%
Remain Fields: ['session_id', 'item_id_list', 'item_type_list', 'item_id', 'item_length']
Fri 06 Dec 2024 18:41:00 INFO  MBHT(
  (type_embedding): Embedding(6, 64, padding_idx=0)
  (item_embedding): Embedding(31241, 64, padding_idx=0)
  (position_embedding): Embedding(201, 64)
  (trm_encoder): TransformerEncoder(
    (layer): ModuleList(
      (0-1): 2 x TransformerLayer(
        (multi_head_attention): MultiScaleAttention(
          (out_fc): Linear(in_features=260, out_features=200, bias=True)
          (attention1): LinearAttention(
            (E): Linear(in_features=200, out_features=5, bias=True)
            (F): Linear(in_features=200, out_features=5, bias=True)
            (W_V): Linear(in_features=64, out_features=64, bias=True)
            (W_K): Linear(in_features=64, out_features=64, bias=True)
            (W_Q): Linear(in_features=64, out_features=64, bias=True)
            (dense): Linear(in_features=64, out_features=64, bias=True)
            (attn_dropout): Dropout(p=0.5, inplace=False)
            (out_dropout): Dropout(p=0.5, inplace=False)
            (LayerNorm): LayerNorm((64,), eps=1e-12, elementwise_affine=True)
          )
          (attention2): MultiHeadAttention(
            (query): Linear(in_features=64, out_features=64, bias=True)
            (key): Linear(in_features=64, out_features=64, bias=True)
            (value): Linear(in_features=64, out_features=64, bias=True)
            (attn_dropout): Dropout(p=0.5, inplace=False)
            (dense): Linear(in_features=64, out_features=64, bias=True)
            (LayerNorm): LayerNorm((64,), eps=1e-12, elementwise_affine=True)
            (out_dropout): Dropout(p=0.5, inplace=False)
          )
        )
        (feed_forward): FeedForward(
          (dense_1): Linear(in_features=64, out_features=256, bias=True)
          (dense_2): Linear(in_features=256, out_features=64, bias=True)
          (LayerNorm): LayerNorm((64,), eps=1e-12, elementwise_affine=True)
          (dropout): Dropout(p=0.5, inplace=False)
        )
      )
    )
  )
  (hgnn_layer): HGNN(
    (hgc1): HGNN_conv()
    (hgc2): HGNN_conv()
    (out_fc): Linear(in_features=64, out_features=64, bias=True)
  )
  (LayerNorm): LayerNorm((64,), eps=1e-12, elementwise_affine=True)
  (dropout): Dropout(p=0.5, inplace=False)
  (hg_type_embedding): Embedding(6, 64, padding_idx=0)
)
Trainable parameters: 2276036
Fri 06 Dec 2024 18:41:04 INFO  epoch -1 evaluating [time: 3.56s, valid_score: 0.054900]
Fri 06 Dec 2024 18:41:04 INFO  valid result: 
recall@5 : 0.0625    recall@10 : 0.1245    recall@101 : 1.0    ndcg@5 : 0.0356    ndcg@10 : 0.0549    ndcg@101 : 0.2208    mrr@5 : 0.0271    mrr@10 : 0.0346    mrr@101 : 0.0609    
Fri 06 Dec 2024 18:43:58 INFO  epoch 0 training [time: 174.38s, train loss: 4533.5993]
Fri 06 Dec 2024 18:44:01 INFO  epoch 0 evaluating [time: 2.92s, valid_score: 0.604900]
Fri 06 Dec 2024 18:44:01 INFO  valid result: 
recall@5 : 0.681    recall@10 : 0.7485    recall@101 : 1.0    ndcg@5 : 0.5831    ndcg@10 : 0.6049    ndcg@101 : 0.6563    mrr@5 : 0.5505    mrr@10 : 0.5595    mrr@101 : 0.5693    
Fri 06 Dec 2024 18:44:01 INFO  Saving current best: saved/MBHT-retail_beh-Dec-06-2024_18-41-00.pth
Fri 06 Dec 2024 18:46:57 INFO  epoch 1 training [time: 175.70s, train loss: 3640.1843]
Fri 06 Dec 2024 18:47:00 INFO  epoch 1 evaluating [time: 2.86s, valid_score: 0.781600]
Fri 06 Dec 2024 18:47:00 INFO  valid result: 
recall@5 : 0.8235    recall@10 : 0.8475    recall@101 : 1.0    ndcg@5 : 0.7739    ndcg@10 : 0.7816    ndcg@101 : 0.8091    mrr@5 : 0.7572    mrr@10 : 0.7604    mrr@101 : 0.7643    
Fri 06 Dec 2024 18:47:00 INFO  Saving current best: saved/MBHT-retail_beh-Dec-06-2024_18-41-00.pth
Fri 06 Dec 2024 18:49:54 INFO  epoch 2 training [time: 174.44s, train loss: 2668.7282]
Fri 06 Dec 2024 18:49:57 INFO  epoch 2 evaluating [time: 2.94s, valid_score: 0.859100]
Fri 06 Dec 2024 18:49:57 INFO  valid result: 
recall@5 : 0.8805    recall@10 : 0.89    recall@101 : 1.0    ndcg@5 : 0.8559    ndcg@10 : 0.8591    ndcg@101 : 0.8778    mrr@5 : 0.8477    mrr@10 : 0.849    mrr@101 : 0.8512    
Fri 06 Dec 2024 18:49:57 INFO  Saving current best: saved/MBHT-retail_beh-Dec-06-2024_18-41-00.pth
Fri 06 Dec 2024 18:52:49 INFO  epoch 3 training [time: 171.84s, train loss: 2080.3152]
Fri 06 Dec 2024 18:52:52 INFO  epoch 3 evaluating [time: 2.86s, valid_score: 0.879000]
Fri 06 Dec 2024 18:52:52 INFO  valid result: 
recall@5 : 0.8895    recall@10 : 0.8995    recall@101 : 1.0    ndcg@5 : 0.8756    ndcg@10 : 0.879    ndcg@101 : 0.8957    mrr@5 : 0.8709    mrr@10 : 0.8724    mrr@101 : 0.8742    
Fri 06 Dec 2024 18:52:52 INFO  Saving current best: saved/MBHT-retail_beh-Dec-06-2024_18-41-00.pth
Fri 06 Dec 2024 18:55:47 INFO  epoch 4 training [time: 174.69s, train loss: 1802.1273]
Fri 06 Dec 2024 18:55:50 INFO  epoch 4 evaluating [time: 2.89s, valid_score: 0.876900]
Fri 06 Dec 2024 18:55:50 INFO  valid result: 
recall@5 : 0.891    recall@10 : 0.8995    recall@101 : 1.0    ndcg@5 : 0.874    ndcg@10 : 0.8769    ndcg@101 : 0.8934    mrr@5 : 0.8683    mrr@10 : 0.8695    mrr@101 : 0.8713    
Fri 06 Dec 2024 18:58:46 INFO  epoch 5 training [time: 175.86s, train loss: 1624.0130]
Fri 06 Dec 2024 18:58:49 INFO  epoch 5 evaluating [time: 2.93s, valid_score: 0.879200]
Fri 06 Dec 2024 18:58:49 INFO  valid result: 
recall@5 : 0.8925    recall@10 : 0.902    recall@101 : 1.0    ndcg@5 : 0.8762    ndcg@10 : 0.8792    ndcg@101 : 0.8965    mrr@5 : 0.8707    mrr@10 : 0.8719    mrr@101 : 0.8741    
Fri 06 Dec 2024 18:58:49 INFO  Saving current best: saved/MBHT-retail_beh-Dec-06-2024_18-41-00.pth
Fri 06 Dec 2024 19:01:45 INFO  epoch 6 training [time: 176.05s, train loss: 1507.8457]
Fri 06 Dec 2024 19:01:48 INFO  epoch 6 evaluating [time: 2.89s, valid_score: 0.893800]
Fri 06 Dec 2024 19:01:48 INFO  valid result: 
recall@5 : 0.903    recall@10 : 0.911    recall@101 : 1.0    ndcg@5 : 0.8911    ndcg@10 : 0.8938    ndcg@101 : 0.909    mrr@5 : 0.8871    mrr@10 : 0.8883    mrr@101 : 0.89    
Fri 06 Dec 2024 19:01:48 INFO  Saving current best: saved/MBHT-retail_beh-Dec-06-2024_18-41-00.pth
Fri 06 Dec 2024 19:04:42 INFO  epoch 7 training [time: 174.09s, train loss: 1410.2953]
Fri 06 Dec 2024 19:04:45 INFO  epoch 7 evaluating [time: 2.90s, valid_score: 0.895600]
Fri 06 Dec 2024 19:04:45 INFO  valid result: 
recall@5 : 0.9075    recall@10 : 0.911    recall@101 : 1.0    ndcg@5 : 0.8945    ndcg@10 : 0.8956    ndcg@101 : 0.9106    mrr@5 : 0.8901    mrr@10 : 0.8906    mrr@101 : 0.8922    
Fri 06 Dec 2024 19:04:45 INFO  Saving current best: saved/MBHT-retail_beh-Dec-06-2024_18-41-00.pth
Fri 06 Dec 2024 19:07:40 INFO  epoch 8 training [time: 175.55s, train loss: 1332.0548]
Fri 06 Dec 2024 19:07:43 INFO  epoch 8 evaluating [time: 2.89s, valid_score: 0.897700]
Fri 06 Dec 2024 19:07:43 INFO  valid result: 
recall@5 : 0.907    recall@10 : 0.911    recall@101 : 1.0    ndcg@5 : 0.8964    ndcg@10 : 0.8977    ndcg@101 : 0.9143    mrr@5 : 0.8928    mrr@10 : 0.8933    mrr@101 : 0.8959    
Fri 06 Dec 2024 19:07:43 INFO  Saving current best: saved/MBHT-retail_beh-Dec-06-2024_18-41-00.pth
Fri 06 Dec 2024 19:10:38 INFO  epoch 9 training [time: 174.56s, train loss: 1277.8934]
Fri 06 Dec 2024 19:10:41 INFO  epoch 9 evaluating [time: 2.87s, valid_score: 0.896000]
Fri 06 Dec 2024 19:10:41 INFO  valid result: 
recall@5 : 0.904    recall@10 : 0.914    recall@101 : 1.0    ndcg@5 : 0.8927    ndcg@10 : 0.896    ndcg@101 : 0.9101    mrr@5 : 0.8889    mrr@10 : 0.8903    mrr@101 : 0.8917    
Fri 06 Dec 2024 19:13:36 INFO  epoch 10 training [time: 175.69s, train loss: 1208.6558]
Fri 06 Dec 2024 19:13:39 INFO  epoch 10 evaluating [time: 2.96s, valid_score: 0.894800]
Fri 06 Dec 2024 19:13:39 INFO  valid result: 
recall@5 : 0.9065    recall@10 : 0.9125    recall@101 : 1.0    ndcg@5 : 0.8929    ndcg@10 : 0.8948    ndcg@101 : 0.9091    mrr@5 : 0.8883    mrr@10 : 0.8891    mrr@101 : 0.8906    
Fri 06 Dec 2024 19:16:36 INFO  epoch 11 training [time: 176.93s, train loss: 1157.5959]
Fri 06 Dec 2024 19:16:39 INFO  epoch 11 evaluating [time: 2.89s, valid_score: 0.894900]
Fri 06 Dec 2024 19:16:39 INFO  valid result: 
recall@5 : 0.906    recall@10 : 0.9115    recall@101 : 1.0    ndcg@5 : 0.8931    ndcg@10 : 0.8949    ndcg@101 : 0.9093    mrr@5 : 0.8887    mrr@10 : 0.8895    mrr@101 : 0.891    
Fri 06 Dec 2024 19:19:37 INFO  epoch 12 training [time: 177.48s, train loss: 1101.5578]
Fri 06 Dec 2024 19:19:40 INFO  epoch 12 evaluating [time: 2.93s, valid_score: 0.898200]
Fri 06 Dec 2024 19:19:40 INFO  valid result: 
recall@5 : 0.907    recall@10 : 0.9145    recall@101 : 1.0    ndcg@5 : 0.8958    ndcg@10 : 0.8982    ndcg@101 : 0.9119    mrr@5 : 0.8921    mrr@10 : 0.893    mrr@101 : 0.8944    
Fri 06 Dec 2024 19:19:40 INFO  Saving current best: saved/MBHT-retail_beh-Dec-06-2024_18-41-00.pth
Fri 06 Dec 2024 19:22:38 INFO  epoch 13 training [time: 177.98s, train loss: 1058.8781]
Fri 06 Dec 2024 19:22:41 INFO  epoch 13 evaluating [time: 2.88s, valid_score: 0.893100]
Fri 06 Dec 2024 19:22:41 INFO  valid result: 
recall@5 : 0.9045    recall@10 : 0.9125    recall@101 : 1.0    ndcg@5 : 0.8905    ndcg@10 : 0.8931    ndcg@101 : 0.9073    mrr@5 : 0.8859    mrr@10 : 0.887    mrr@101 : 0.8884    
Fri 06 Dec 2024 19:25:39 INFO  epoch 14 training [time: 178.83s, train loss: 1019.4764]
Fri 06 Dec 2024 19:25:42 INFO  epoch 14 evaluating [time: 2.95s, valid_score: 0.891700]
Fri 06 Dec 2024 19:25:42 INFO  valid result: 
recall@5 : 0.903    recall@10 : 0.911    recall@101 : 1.0    ndcg@5 : 0.8892    ndcg@10 : 0.8917    ndcg@101 : 0.9062    mrr@5 : 0.8845    mrr@10 : 0.8855    mrr@101 : 0.887    
Fri 06 Dec 2024 19:28:37 INFO  epoch 15 training [time: 174.62s, train loss: 982.9787]
Fri 06 Dec 2024 19:28:40 INFO  epoch 15 evaluating [time: 2.84s, valid_score: 0.896000]
Fri 06 Dec 2024 19:28:40 INFO  valid result: 
recall@5 : 0.908    recall@10 : 0.9135    recall@101 : 1.0    ndcg@5 : 0.8941    ndcg@10 : 0.896    ndcg@101 : 0.9101    mrr@5 : 0.8895    mrr@10 : 0.8903    mrr@101 : 0.8917    
Fri 06 Dec 2024 19:31:34 INFO  epoch 16 training [time: 174.25s, train loss: 956.3622]
Fri 06 Dec 2024 19:31:37 INFO  epoch 16 evaluating [time: 2.89s, valid_score: 0.895700]
Fri 06 Dec 2024 19:31:37 INFO  valid result: 
recall@5 : 0.9065    recall@10 : 0.914    recall@101 : 1.0    ndcg@5 : 0.8932    ndcg@10 : 0.8957    ndcg@101 : 0.9097    mrr@5 : 0.8887    mrr@10 : 0.8897    mrr@101 : 0.8912    
Fri 06 Dec 2024 19:34:33 INFO  epoch 17 training [time: 175.95s, train loss: 921.3403]
Fri 06 Dec 2024 19:34:36 INFO  epoch 17 evaluating [time: 2.94s, valid_score: 0.894100]
Fri 06 Dec 2024 19:34:36 INFO  valid result: 
recall@5 : 0.907    recall@10 : 0.913    recall@101 : 1.0    ndcg@5 : 0.8921    ndcg@10 : 0.8941    ndcg@101 : 0.9082    mrr@5 : 0.8871    mrr@10 : 0.8879    mrr@101 : 0.8894    
Fri 06 Dec 2024 19:37:34 INFO  epoch 18 training [time: 178.31s, train loss: 900.8281]
Fri 06 Dec 2024 19:37:37 INFO  epoch 18 evaluating [time: 2.92s, valid_score: 0.891900]
Fri 06 Dec 2024 19:37:37 INFO  valid result: 
recall@5 : 0.9035    recall@10 : 0.912    recall@101 : 1.0    ndcg@5 : 0.8891    ndcg@10 : 0.8919    ndcg@101 : 0.906    mrr@5 : 0.8843    mrr@10 : 0.8854    mrr@101 : 0.8868    
Fri 06 Dec 2024 19:40:35 INFO  epoch 19 training [time: 177.36s, train loss: 879.6562]
Fri 06 Dec 2024 19:40:37 INFO  epoch 19 evaluating [time: 2.93s, valid_score: 0.894300]
Fri 06 Dec 2024 19:40:37 INFO  valid result: 
recall@5 : 0.906    recall@10 : 0.913    recall@101 : 1.0    ndcg@5 : 0.8921    ndcg@10 : 0.8943    ndcg@101 : 0.9085    mrr@5 : 0.8874    mrr@10 : 0.8884    mrr@101 : 0.8898    
Fri 06 Dec 2024 19:43:33 INFO  epoch 20 training [time: 175.34s, train loss: 851.1418]
Fri 06 Dec 2024 19:43:36 INFO  epoch 20 evaluating [time: 2.84s, valid_score: 0.890600]
Fri 06 Dec 2024 19:43:36 INFO  valid result: 
recall@5 : 0.9005    recall@10 : 0.91    recall@101 : 1.0    ndcg@5 : 0.8875    ndcg@10 : 0.8906    ndcg@101 : 0.9053    mrr@5 : 0.8831    mrr@10 : 0.8844    mrr@101 : 0.8859    
Fri 06 Dec 2024 19:46:31 INFO  epoch 21 training [time: 175.00s, train loss: 833.6270]
Fri 06 Dec 2024 19:46:34 INFO  epoch 21 evaluating [time: 2.91s, valid_score: 0.894600]
Fri 06 Dec 2024 19:46:34 INFO  valid result: 
recall@5 : 0.9065    recall@10 : 0.9115    recall@101 : 1.0    ndcg@5 : 0.8929    ndcg@10 : 0.8946    ndcg@101 : 0.9088    mrr@5 : 0.8884    mrr@10 : 0.8892    mrr@101 : 0.8905    
Fri 06 Dec 2024 19:49:29 INFO  epoch 22 training [time: 175.12s, train loss: 813.5038]
Fri 06 Dec 2024 19:49:32 INFO  epoch 22 evaluating [time: 2.94s, valid_score: 0.891500]
Fri 06 Dec 2024 19:49:32 INFO  valid result: 
recall@5 : 0.903    recall@10 : 0.913    recall@101 : 1.0    ndcg@5 : 0.8884    ndcg@10 : 0.8915    ndcg@101 : 0.9057    mrr@5 : 0.8834    mrr@10 : 0.8847    mrr@101 : 0.8862    
Fri 06 Dec 2024 19:52:30 INFO  epoch 23 training [time: 177.97s, train loss: 799.8426]
Fri 06 Dec 2024 19:52:32 INFO  epoch 23 evaluating [time: 2.94s, valid_score: 0.895500]
Fri 06 Dec 2024 19:52:32 INFO  valid result: 
recall@5 : 0.9035    recall@10 : 0.9125    recall@101 : 1.0    ndcg@5 : 0.8926    ndcg@10 : 0.8955    ndcg@101 : 0.9096    mrr@5 : 0.8889    mrr@10 : 0.8901    mrr@101 : 0.8915    
Fri 06 Dec 2024 19:52:32 INFO  Finished training, best eval result in epoch 12
Fri 06 Dec 2024 19:52:32 INFO  test result: {'recall@5': 0.907, 'recall@10': 0.9145, 'recall@101': 1.0, 'ndcg@5': 0.8958, 'ndcg@10': 0.8982, 'ndcg@101': 0.9119, 'mrr@5': 0.8921, 'mrr@10': 0.893, 'mrr@101': 0.8944}
