Sun 08 Dec 2024 12:35:35 INFO  PID: 279538
Sun 08 Dec 2024 12:35:35 INFO  Namespace(batch_size=2048, dataset='retail_beh', gpu_id=0, model='MBHT', valid_portion=0.1, validation=False)
Sun 08 Dec 2024 12:35:35 INFO  
General Hyper Parameters:
gpu_id = 0
use_gpu = True
seed = 2020
state = INFO
reproducibility = True
data_path = dataset/retail_beh
show_progress = True
save_dataset = False
save_dataloaders = False
benchmark_filename = ['train', 'test']

Training Hyper Parameters:
checkpoint_dir = saved
epochs = 300
train_batch_size = 64
learner = adam
learning_rate = 0.001
eval_step = 1
stopping_step = 10
clip_grad_norm = None
weight_decay = 0.0
loss_decimal_place = 4

Evaluation Hyper Parameters:
eval_args = {'mode': 'full', 'order': 'TO', 'split': {'RS': [0.8, 0.1, 0.1]}, 'group_by': 'user'}
metrics = ['Recall', 'NDCG', 'MRR']
topk = [5, 10, 101]
valid_metric = NDCG@10
valid_metric_bigger = True
eval_batch_size = 128
metric_decimal_place = 4

Dataset Hyper Parameters:
field_separator = 	
seq_separator =  
USER_ID_FIELD = session_id
ITEM_ID_FIELD = item_id
RATING_FIELD = rating
TIME_FIELD = timestamp
seq_len = None
LABEL_FIELD = label
threshold = None
NEG_PREFIX = neg_
load_col = None
unload_col = None
unused_col = None
additional_feat_suffix = None
rm_dup_inter = None
val_interval = None
filter_inter_by_user_or_item = True
user_inter_num_interval = [0,inf)
item_inter_num_interval = [0,inf)
alias_of_user_id = None
alias_of_item_id = ['item_id_list']
alias_of_entity_id = None
alias_of_relation_id = None
preload_weight = None
normalize_field = None
normalize_all = None
ITEM_LIST_LENGTH_FIELD = item_length
LIST_SUFFIX = _list
MAX_ITEM_LIST_LENGTH = 200
POSITION_FIELD = position_id
HEAD_ENTITY_ID_FIELD = head_id
TAIL_ENTITY_ID_FIELD = tail_id
RELATION_ID_FIELD = relation_id
ENTITY_ID_FIELD = entity_id

Other Hyper Parameters: 
neg_sampling = None
repeatable = True
n_layers = 2
n_heads = 2
hidden_size = 64
inner_size = 256
hidden_dropout_prob = 0.5
attn_dropout_prob = 0.5
hidden_act = gelu
layer_norm_eps = 1e-12
initializer_range = 0.02
mask_ratio = 0.2
loss_type = CE
customized_eval = 1
MODEL_TYPE = ModelType.SEQUENTIAL
hyper_len = 6
scales = [5, 4, 20, 40]
enable_hg = 1
enable_ms = 1
abaltion = 
batch_size = 2048
MODEL_INPUT_TYPE = InputType.POINTWISE
eval_type = EvaluatorType.RANKING
device = cuda
train_neg_sample_args = {'strategy': 'none'}
eval_neg_sample_args = {'strategy': 'full', 'distribution': 'uniform'}


Sun 08 Dec 2024 12:35:36 INFO  retail_beh
The number of users: 30691
Average actions of users: 1.065167807103291
The number of items: 31240
Average actions of items: 3.388618223281849
The number of inters: 32690
The sparsity of the dataset: 99.99659048303167%
Remain Fields: ['session_id', 'item_id_list', 'item_type_list', 'item_id', 'item_length']
Sun 08 Dec 2024 12:35:37 INFO  MBHT(
  (type_embedding): Embedding(6, 64, padding_idx=0)
  (item_embedding): Embedding(31241, 64, padding_idx=0)
  (position_embedding): Embedding(201, 64)
  (trm_encoder): TransformerEncoder(
    (layer): ModuleList(
      (0-1): 2 x TransformerLayer(
        (multi_head_attention): MultiScaleAttention(
          (out_fc): Linear(in_features=265, out_features=200, bias=True)
          (attention1): LinearAttention(
            (E): Linear(in_features=200, out_features=5, bias=True)
            (F): Linear(in_features=200, out_features=5, bias=True)
            (W_V): Linear(in_features=64, out_features=64, bias=True)
            (W_K): Linear(in_features=64, out_features=64, bias=True)
            (W_Q): Linear(in_features=64, out_features=64, bias=True)
            (dense): Linear(in_features=64, out_features=64, bias=True)
            (attn_dropout): Dropout(p=0.5, inplace=False)
            (out_dropout): Dropout(p=0.5, inplace=False)
            (LayerNorm): LayerNorm((64,), eps=1e-12, elementwise_affine=True)
          )
          (attention2): MultiHeadAttention(
            (query): Linear(in_features=64, out_features=64, bias=True)
            (key): Linear(in_features=64, out_features=64, bias=True)
            (value): Linear(in_features=64, out_features=64, bias=True)
            (attn_dropout): Dropout(p=0.5, inplace=False)
            (dense): Linear(in_features=64, out_features=64, bias=True)
            (LayerNorm): LayerNorm((64,), eps=1e-12, elementwise_affine=True)
            (out_dropout): Dropout(p=0.5, inplace=False)
          )
        )
        (feed_forward): FeedForward(
          (dense_1): Linear(in_features=64, out_features=256, bias=True)
          (dense_2): Linear(in_features=256, out_features=64, bias=True)
          (LayerNorm): LayerNorm((64,), eps=1e-12, elementwise_affine=True)
          (dropout): Dropout(p=0.5, inplace=False)
        )
      )
    )
  )
  (hgnn_layer): HGNN(
    (hgc1): HGNN_conv()
    (hgc2): HGNN_conv()
    (out_fc): Linear(in_features=64, out_features=64, bias=True)
  )
  (LayerNorm): LayerNorm((64,), eps=1e-12, elementwise_affine=True)
  (dropout): Dropout(p=0.5, inplace=False)
  (hg_type_embedding): Embedding(6, 64, padding_idx=0)
)
Trainable parameters: 2278036
Sun 08 Dec 2024 12:35:41 INFO  epoch -1 evaluating [time: 3.58s, valid_score: 0.125100]
Sun 08 Dec 2024 12:35:41 INFO  valid result: 
recall@5 : 0.1395    recall@10 : 0.224    recall@101 : 1.0    ndcg@5 : 0.0982    ndcg@10 : 0.1251    ndcg@101 : 0.2703    mrr@5 : 0.0846    mrr@10 : 0.0955    mrr@101 : 0.1171    
Sun 08 Dec 2024 12:38:36 INFO  epoch 0 training [time: 174.42s, train loss: 4477.7386]
Sun 08 Dec 2024 12:38:39 INFO  epoch 0 evaluating [time: 2.94s, valid_score: 0.667300]
Sun 08 Dec 2024 12:38:39 INFO  valid result: 
recall@5 : 0.744    recall@10 : 0.8215    recall@101 : 1.0    ndcg@5 : 0.6419    ndcg@10 : 0.6673    ndcg@101 : 0.7034    mrr@5 : 0.6078    mrr@10 : 0.6185    mrr@101 : 0.6253    
Sun 08 Dec 2024 12:38:39 INFO  Saving current best: saved/MBHT-retail_beh-Dec-08-2024_12-35-37.pth
Sun 08 Dec 2024 12:41:35 INFO  epoch 1 training [time: 176.51s, train loss: 3501.3573]
Sun 08 Dec 2024 12:41:38 INFO  epoch 1 evaluating [time: 2.92s, valid_score: 0.824900]
Sun 08 Dec 2024 12:41:38 INFO  valid result: 
recall@5 : 0.8555    recall@10 : 0.8785    recall@101 : 1.0    ndcg@5 : 0.8173    ndcg@10 : 0.8249    ndcg@101 : 0.8463    mrr@5 : 0.8045    mrr@10 : 0.8077    mrr@101 : 0.8106    
Sun 08 Dec 2024 12:41:38 INFO  Saving current best: saved/MBHT-retail_beh-Dec-08-2024_12-35-37.pth
Sun 08 Dec 2024 12:44:34 INFO  epoch 2 training [time: 175.68s, train loss: 2598.4305]
Sun 08 Dec 2024 12:44:37 INFO  epoch 2 evaluating [time: 2.96s, valid_score: 0.868100]
Sun 08 Dec 2024 12:44:37 INFO  valid result: 
recall@5 : 0.884    recall@10 : 0.896    recall@101 : 1.0    ndcg@5 : 0.8642    ndcg@10 : 0.8681    ndcg@101 : 0.8855    mrr@5 : 0.8576    mrr@10 : 0.8592    mrr@101 : 0.8611    
Sun 08 Dec 2024 12:44:37 INFO  Saving current best: saved/MBHT-retail_beh-Dec-08-2024_12-35-37.pth
Sun 08 Dec 2024 12:47:33 INFO  epoch 3 training [time: 176.50s, train loss: 2056.3073]
Sun 08 Dec 2024 12:47:36 INFO  epoch 3 evaluating [time: 2.86s, valid_score: 0.884700]
Sun 08 Dec 2024 12:47:36 INFO  valid result: 
recall@5 : 0.8945    recall@10 : 0.9035    recall@101 : 1.0    ndcg@5 : 0.8818    ndcg@10 : 0.8847    ndcg@101 : 0.9011    mrr@5 : 0.8775    mrr@10 : 0.8787    mrr@101 : 0.8807    
Sun 08 Dec 2024 12:47:36 INFO  Saving current best: saved/MBHT-retail_beh-Dec-08-2024_12-35-37.pth
Sun 08 Dec 2024 12:50:32 INFO  epoch 4 training [time: 175.30s, train loss: 1772.7098]
Sun 08 Dec 2024 12:50:35 INFO  epoch 4 evaluating [time: 2.92s, valid_score: 0.891900]
Sun 08 Dec 2024 12:50:35 INFO  valid result: 
recall@5 : 0.901    recall@10 : 0.9075    recall@101 : 1.0    ndcg@5 : 0.8897    ndcg@10 : 0.8919    ndcg@101 : 0.9075    mrr@5 : 0.8859    mrr@10 : 0.8869    mrr@101 : 0.8887    
Sun 08 Dec 2024 12:50:35 INFO  Saving current best: saved/MBHT-retail_beh-Dec-08-2024_12-35-37.pth
Sun 08 Dec 2024 12:53:30 INFO  epoch 5 training [time: 175.12s, train loss: 1617.2562]
Sun 08 Dec 2024 12:53:33 INFO  epoch 5 evaluating [time: 2.86s, valid_score: 0.896400]
Sun 08 Dec 2024 12:53:33 INFO  valid result: 
recall@5 : 0.9045    recall@10 : 0.9095    recall@101 : 1.0    ndcg@5 : 0.8948    ndcg@10 : 0.8964    ndcg@101 : 0.9128    mrr@5 : 0.8916    mrr@10 : 0.8922    mrr@101 : 0.8945    
Sun 08 Dec 2024 12:53:33 INFO  Saving current best: saved/MBHT-retail_beh-Dec-08-2024_12-35-37.pth
Sun 08 Dec 2024 12:56:28 INFO  epoch 6 training [time: 174.80s, train loss: 1502.3342]
Sun 08 Dec 2024 12:56:30 INFO  epoch 6 evaluating [time: 2.91s, valid_score: 0.897000]
Sun 08 Dec 2024 12:56:30 INFO  valid result: 
recall@5 : 0.903    recall@10 : 0.915    recall@101 : 1.0    ndcg@5 : 0.8931    ndcg@10 : 0.897    ndcg@101 : 0.9122    mrr@5 : 0.8898    mrr@10 : 0.8914    mrr@101 : 0.8934    
Sun 08 Dec 2024 12:56:31 INFO  Saving current best: saved/MBHT-retail_beh-Dec-08-2024_12-35-37.pth
Sun 08 Dec 2024 12:59:26 INFO  epoch 7 training [time: 175.31s, train loss: 1414.7562]
Sun 08 Dec 2024 12:59:29 INFO  epoch 7 evaluating [time: 2.86s, valid_score: 0.908300]
Sun 08 Dec 2024 12:59:29 INFO  valid result: 
recall@5 : 0.919    recall@10 : 0.9325    recall@101 : 1.0    ndcg@5 : 0.9042    ndcg@10 : 0.9083    ndcg@101 : 0.9218    mrr@5 : 0.8993    mrr@10 : 0.9008    mrr@101 : 0.9033    
Sun 08 Dec 2024 12:59:29 INFO  Saving current best: saved/MBHT-retail_beh-Dec-08-2024_12-35-37.pth
Sun 08 Dec 2024 13:02:25 INFO  epoch 8 training [time: 175.74s, train loss: 1336.0319]
Sun 08 Dec 2024 13:02:27 INFO  epoch 8 evaluating [time: 2.94s, valid_score: 0.932200]
Sun 08 Dec 2024 13:02:27 INFO  valid result: 
recall@5 : 0.9395    recall@10 : 0.9485    recall@101 : 1.0    ndcg@5 : 0.9294    ndcg@10 : 0.9322    ndcg@101 : 0.9416    mrr@5 : 0.9259    mrr@10 : 0.9271    mrr@101 : 0.9284    
Sun 08 Dec 2024 13:02:28 INFO  Saving current best: saved/MBHT-retail_beh-Dec-08-2024_12-35-37.pth
Sun 08 Dec 2024 13:05:25 INFO  epoch 9 training [time: 177.44s, train loss: 1267.5344]
Sun 08 Dec 2024 13:05:28 INFO  epoch 9 evaluating [time: 2.92s, valid_score: 0.915400]
Sun 08 Dec 2024 13:05:28 INFO  valid result: 
recall@5 : 0.9345    recall@10 : 0.9475    recall@101 : 1.0    ndcg@5 : 0.911    ndcg@10 : 0.9154    ndcg@101 : 0.9246    mrr@5 : 0.9035    mrr@10 : 0.9054    mrr@101 : 0.9066    
Sun 08 Dec 2024 13:08:25 INFO  epoch 10 training [time: 177.09s, train loss: 1198.0466]
Sun 08 Dec 2024 13:08:28 INFO  epoch 10 evaluating [time: 2.91s, valid_score: 0.908100]
Sun 08 Dec 2024 13:08:28 INFO  valid result: 
recall@5 : 0.914    recall@10 : 0.924    recall@101 : 1.0    ndcg@5 : 0.9047    ndcg@10 : 0.9081    ndcg@101 : 0.9233    mrr@5 : 0.9016    mrr@10 : 0.9031    mrr@101 : 0.9058    
Sun 08 Dec 2024 13:11:25 INFO  epoch 11 training [time: 176.92s, train loss: 1147.8238]
Sun 08 Dec 2024 13:11:28 INFO  epoch 11 evaluating [time: 2.89s, valid_score: 0.915400]
Sun 08 Dec 2024 13:11:28 INFO  valid result: 
recall@5 : 0.915    recall@10 : 0.954    recall@101 : 1.0    ndcg@5 : 0.9029    ndcg@10 : 0.9154    ndcg@101 : 0.9237    mrr@5 : 0.8988    mrr@10 : 0.9038    mrr@101 : 0.905    
Sun 08 Dec 2024 13:14:24 INFO  epoch 12 training [time: 176.47s, train loss: 1096.1897]
Sun 08 Dec 2024 13:14:27 INFO  epoch 12 evaluating [time: 2.91s, valid_score: 0.926100]
Sun 08 Dec 2024 13:14:27 INFO  valid result: 
recall@5 : 0.944    recall@10 : 0.9535    recall@101 : 1.0    ndcg@5 : 0.9231    ndcg@10 : 0.9261    ndcg@101 : 0.9344    mrr@5 : 0.9159    mrr@10 : 0.9172    mrr@101 : 0.9183    
Sun 08 Dec 2024 13:17:24 INFO  epoch 13 training [time: 177.03s, train loss: 1064.7256]
Sun 08 Dec 2024 13:17:27 INFO  epoch 13 evaluating [time: 2.98s, valid_score: 0.906800]
Sun 08 Dec 2024 13:17:27 INFO  valid result: 
recall@5 : 0.9135    recall@10 : 0.9405    recall@101 : 1.0    ndcg@5 : 0.8982    ndcg@10 : 0.9068    ndcg@101 : 0.9183    mrr@5 : 0.8931    mrr@10 : 0.8966    mrr@101 : 0.8986    
Sun 08 Dec 2024 13:20:25 INFO  epoch 14 training [time: 177.94s, train loss: 1016.4757]
Sun 08 Dec 2024 13:20:28 INFO  epoch 14 evaluating [time: 2.87s, valid_score: 0.923000]
Sun 08 Dec 2024 13:20:28 INFO  valid result: 
recall@5 : 0.9335    recall@10 : 0.94    recall@101 : 1.0    ndcg@5 : 0.9209    ndcg@10 : 0.923    ndcg@101 : 0.934    mrr@5 : 0.9167    mrr@10 : 0.9176    mrr@101 : 0.9192    
Sun 08 Dec 2024 13:23:25 INFO  epoch 15 training [time: 177.08s, train loss: 967.8944]
Sun 08 Dec 2024 13:23:28 INFO  epoch 15 evaluating [time: 2.91s, valid_score: 0.917800]
Sun 08 Dec 2024 13:23:28 INFO  valid result: 
recall@5 : 0.939    recall@10 : 0.9485    recall@101 : 1.0    ndcg@5 : 0.9147    ndcg@10 : 0.9178    ndcg@101 : 0.9272    mrr@5 : 0.9063    mrr@10 : 0.9076    mrr@101 : 0.909    
Sun 08 Dec 2024 13:26:24 INFO  epoch 16 training [time: 175.71s, train loss: 948.9695]
Sun 08 Dec 2024 13:26:27 INFO  epoch 16 evaluating [time: 2.91s, valid_score: 0.908700]
Sun 08 Dec 2024 13:26:27 INFO  valid result: 
recall@5 : 0.9345    recall@10 : 0.9405    recall@101 : 1.0    ndcg@5 : 0.9068    ndcg@10 : 0.9087    ndcg@101 : 0.9194    mrr@5 : 0.8974    mrr@10 : 0.8982    mrr@101 : 0.8997    
Sun 08 Dec 2024 13:29:23 INFO  epoch 17 training [time: 176.32s, train loss: 913.0660]
Sun 08 Dec 2024 13:29:26 INFO  epoch 17 evaluating [time: 2.90s, valid_score: 0.902700]
Sun 08 Dec 2024 13:29:26 INFO  valid result: 
recall@5 : 0.905    recall@10 : 0.935    recall@101 : 1.0    ndcg@5 : 0.8929    ndcg@10 : 0.9027    ndcg@101 : 0.9149    mrr@5 : 0.8889    mrr@10 : 0.8929    mrr@101 : 0.8948    
Sun 08 Dec 2024 13:32:24 INFO  epoch 18 training [time: 178.26s, train loss: 883.0011]
Sun 08 Dec 2024 13:32:27 INFO  epoch 18 evaluating [time: 2.94s, valid_score: 0.917100]
Sun 08 Dec 2024 13:32:27 INFO  valid result: 
recall@5 : 0.928    recall@10 : 0.936    recall@101 : 1.0    ndcg@5 : 0.9145    ndcg@10 : 0.9171    ndcg@101 : 0.9287    mrr@5 : 0.9099    mrr@10 : 0.911    mrr@101 : 0.9127    
Sun 08 Dec 2024 13:35:25 INFO  epoch 19 training [time: 178.06s, train loss: 864.7757]
Sun 08 Dec 2024 13:35:28 INFO  epoch 19 evaluating [time: 2.90s, valid_score: 0.921700]
Sun 08 Dec 2024 13:35:28 INFO  valid result: 
recall@5 : 0.941    recall@10 : 0.9495    recall@101 : 1.0    ndcg@5 : 0.9188    ndcg@10 : 0.9217    ndcg@101 : 0.9307    mrr@5 : 0.9113    mrr@10 : 0.9125    mrr@101 : 0.9137    
Sun 08 Dec 2024 13:35:28 INFO  Finished training, best eval result in epoch 8
Sun 08 Dec 2024 13:35:28 INFO  test result: {'recall@5': 0.9395, 'recall@10': 0.9485, 'recall@101': 1.0, 'ndcg@5': 0.9294, 'ndcg@10': 0.9322, 'ndcg@101': 0.9416, 'mrr@5': 0.9259, 'mrr@10': 0.9271, 'mrr@101': 0.9284}
