Sun 08 Dec 2024 12:18:02 INFO  PID: 247351
Sun 08 Dec 2024 12:18:02 INFO  Namespace(batch_size=2048, dataset='retail_beh', gpu_id=0, model='MBHT', valid_portion=0.1, validation=False)
Sun 08 Dec 2024 12:18:02 INFO  
General Hyper Parameters:
gpu_id = 0
use_gpu = True
seed = 2020
state = INFO
reproducibility = True
data_path = dataset/retail_beh
show_progress = True
save_dataset = False
save_dataloaders = False
benchmark_filename = ['train', 'test']

Training Hyper Parameters:
checkpoint_dir = saved
epochs = 300
train_batch_size = 64
learner = adam
learning_rate = 0.001
eval_step = 1
stopping_step = 10
clip_grad_norm = None
weight_decay = 0.0
loss_decimal_place = 4

Evaluation Hyper Parameters:
eval_args = {'mode': 'full', 'order': 'TO', 'split': {'RS': [0.8, 0.1, 0.1]}, 'group_by': 'user'}
metrics = ['Recall', 'NDCG', 'MRR']
topk = [5, 10, 101]
valid_metric = NDCG@10
valid_metric_bigger = True
eval_batch_size = 128
metric_decimal_place = 4

Dataset Hyper Parameters:
field_separator = 	
seq_separator =  
USER_ID_FIELD = session_id
ITEM_ID_FIELD = item_id
RATING_FIELD = rating
TIME_FIELD = timestamp
seq_len = None
LABEL_FIELD = label
threshold = None
NEG_PREFIX = neg_
load_col = None
unload_col = None
unused_col = None
additional_feat_suffix = None
rm_dup_inter = None
val_interval = None
filter_inter_by_user_or_item = True
user_inter_num_interval = [0,inf)
item_inter_num_interval = [0,inf)
alias_of_user_id = None
alias_of_item_id = ['item_id_list']
alias_of_entity_id = None
alias_of_relation_id = None
preload_weight = None
normalize_field = None
normalize_all = None
ITEM_LIST_LENGTH_FIELD = item_length
LIST_SUFFIX = _list
MAX_ITEM_LIST_LENGTH = 200
POSITION_FIELD = position_id
HEAD_ENTITY_ID_FIELD = head_id
TAIL_ENTITY_ID_FIELD = tail_id
RELATION_ID_FIELD = relation_id
ENTITY_ID_FIELD = entity_id

Other Hyper Parameters: 
neg_sampling = None
repeatable = True
n_layers = 2
n_heads = 2
hidden_size = 64
inner_size = 256
hidden_dropout_prob = 0.5
attn_dropout_prob = 0.5
hidden_act = gelu
layer_norm_eps = 1e-12
initializer_range = 0.02
mask_ratio = 0.2
loss_type = CE
customized_eval = 1
MODEL_TYPE = ModelType.SEQUENTIAL
hyper_len = 6
scales = [5, 4, 20]
enable_hg = 1
enable_ms = 1
abaltion = 
batch_size = 2048
MODEL_INPUT_TYPE = InputType.POINTWISE
eval_type = EvaluatorType.RANKING
device = cuda
train_neg_sample_args = {'strategy': 'none'}
eval_neg_sample_args = {'strategy': 'full', 'distribution': 'uniform'}


Sun 08 Dec 2024 12:18:03 INFO  retail_beh
The number of users: 30691
Average actions of users: 1.065167807103291
The number of items: 31240
Average actions of items: 3.388618223281849
The number of inters: 32690
The sparsity of the dataset: 99.99659048303167%
Remain Fields: ['session_id', 'item_id_list', 'item_type_list', 'item_id', 'item_length']
Sun 08 Dec 2024 12:18:04 INFO  MBHT(
  (type_embedding): Embedding(6, 64, padding_idx=0)
  (item_embedding): Embedding(31241, 64, padding_idx=0)
  (position_embedding): Embedding(201, 64)
  (trm_encoder): TransformerEncoder(
    (layer): ModuleList(
      (0-1): 2 x TransformerLayer(
        (multi_head_attention): MultiScaleAttention(
          (out_fc): Linear(in_features=260, out_features=200, bias=True)
          (attention1): LinearAttention(
            (E): Linear(in_features=200, out_features=5, bias=True)
            (F): Linear(in_features=200, out_features=5, bias=True)
            (W_V): Linear(in_features=64, out_features=64, bias=True)
            (W_K): Linear(in_features=64, out_features=64, bias=True)
            (W_Q): Linear(in_features=64, out_features=64, bias=True)
            (dense): Linear(in_features=64, out_features=64, bias=True)
            (attn_dropout): Dropout(p=0.5, inplace=False)
            (out_dropout): Dropout(p=0.5, inplace=False)
            (LayerNorm): LayerNorm((64,), eps=1e-12, elementwise_affine=True)
          )
          (attention2): MultiHeadAttention(
            (query): Linear(in_features=64, out_features=64, bias=True)
            (key): Linear(in_features=64, out_features=64, bias=True)
            (value): Linear(in_features=64, out_features=64, bias=True)
            (attn_dropout): Dropout(p=0.5, inplace=False)
            (dense): Linear(in_features=64, out_features=64, bias=True)
            (LayerNorm): LayerNorm((64,), eps=1e-12, elementwise_affine=True)
            (out_dropout): Dropout(p=0.5, inplace=False)
          )
        )
        (feed_forward): FeedForward(
          (dense_1): Linear(in_features=64, out_features=256, bias=True)
          (dense_2): Linear(in_features=256, out_features=64, bias=True)
          (LayerNorm): LayerNorm((64,), eps=1e-12, elementwise_affine=True)
          (dropout): Dropout(p=0.5, inplace=False)
        )
      )
    )
  )
  (hgnn_layer): HGNN(
    (hgc1): HGNN_conv()
    (hgc2): HGNN_conv()
    (out_fc): Linear(in_features=64, out_features=64, bias=True)
  )
  (LayerNorm): LayerNorm((64,), eps=1e-12, elementwise_affine=True)
  (dropout): Dropout(p=0.5, inplace=False)
  (hg_type_embedding): Embedding(6, 64, padding_idx=0)
)
Trainable parameters: 2276036
Sun 08 Dec 2024 12:18:12 INFO  epoch -1 evaluating [time: 7.00s, valid_score: 0.054900]
Sun 08 Dec 2024 12:18:12 INFO  valid result: 
recall@5 : 0.0625    recall@10 : 0.1245    recall@101 : 1.0    ndcg@5 : 0.0356    ndcg@10 : 0.0549    ndcg@101 : 0.2208    mrr@5 : 0.0271    mrr@10 : 0.0346    mrr@101 : 0.0609    
Sun 08 Dec 2024 12:23:49 INFO  epoch 0 training [time: 336.87s, train loss: 4534.4365]
Sun 08 Dec 2024 12:23:56 INFO  epoch 0 evaluating [time: 7.36s, valid_score: 0.635800]
Sun 08 Dec 2024 12:23:56 INFO  valid result: 
recall@5 : 0.7055    recall@10 : 0.7795    recall@101 : 1.0    ndcg@5 : 0.6116    ndcg@10 : 0.6358    ndcg@101 : 0.6796    mrr@5 : 0.5804    mrr@10 : 0.5905    mrr@101 : 0.5983    
Sun 08 Dec 2024 12:23:56 INFO  Saving current best: saved/MBHT-retail_beh-Dec-08-2024_12-18-04.pth
Sun 08 Dec 2024 12:29:43 INFO  epoch 1 training [time: 346.23s, train loss: 3657.1767]
Sun 08 Dec 2024 12:29:50 INFO  epoch 1 evaluating [time: 7.33s, valid_score: 0.786200]
Sun 08 Dec 2024 12:29:50 INFO  valid result: 
recall@5 : 0.8265    recall@10 : 0.8535    recall@101 : 1.0    ndcg@5 : 0.7774    ndcg@10 : 0.7862    ndcg@101 : 0.812    mrr@5 : 0.761    mrr@10 : 0.7647    mrr@101 : 0.7682    
Sun 08 Dec 2024 12:29:50 INFO  Saving current best: saved/MBHT-retail_beh-Dec-08-2024_12-18-04.pth
Sun 08 Dec 2024 12:35:21 INFO  epoch 2 training [time: 331.10s, train loss: 2683.4254]
Sun 08 Dec 2024 12:35:29 INFO  epoch 2 evaluating [time: 7.84s, valid_score: 0.863900]
Sun 08 Dec 2024 12:35:29 INFO  valid result: 
recall@5 : 0.8785    recall@10 : 0.89    recall@101 : 1.0    ndcg@5 : 0.8601    ndcg@10 : 0.8639    ndcg@101 : 0.8826    mrr@5 : 0.8539    mrr@10 : 0.8555    mrr@101 : 0.8578    
Sun 08 Dec 2024 12:35:29 INFO  Saving current best: saved/MBHT-retail_beh-Dec-08-2024_12-18-04.pth
Sun 08 Dec 2024 12:41:09 INFO  epoch 3 training [time: 339.85s, train loss: 2087.2063]
Sun 08 Dec 2024 12:41:17 INFO  epoch 3 evaluating [time: 8.10s, valid_score: 0.878100]
Sun 08 Dec 2024 12:41:17 INFO  valid result: 
recall@5 : 0.8925    recall@10 : 0.9    recall@101 : 1.0    ndcg@5 : 0.8756    ndcg@10 : 0.8781    ndcg@101 : 0.8946    mrr@5 : 0.8699    mrr@10 : 0.8709    mrr@101 : 0.8727    
Sun 08 Dec 2024 12:41:17 INFO  Saving current best: saved/MBHT-retail_beh-Dec-08-2024_12-18-04.pth
Sun 08 Dec 2024 12:46:52 INFO  epoch 4 training [time: 334.84s, train loss: 1808.1440]
Sun 08 Dec 2024 12:47:00 INFO  epoch 4 evaluating [time: 7.46s, valid_score: 0.877300]
Sun 08 Dec 2024 12:47:00 INFO  valid result: 
recall@5 : 0.8925    recall@10 : 0.8995    recall@101 : 1.0    ndcg@5 : 0.875    ndcg@10 : 0.8773    ndcg@101 : 0.8938    mrr@5 : 0.8692    mrr@10 : 0.8701    mrr@101 : 0.8719    
Sun 08 Dec 2024 12:52:40 INFO  epoch 5 training [time: 340.58s, train loss: 1629.3103]
Sun 08 Dec 2024 12:52:48 INFO  epoch 5 evaluating [time: 7.86s, valid_score: 0.894200]
Sun 08 Dec 2024 12:52:48 INFO  valid result: 
recall@5 : 0.9045    recall@10 : 0.9085    recall@101 : 1.0    ndcg@5 : 0.8929    ndcg@10 : 0.8942    ndcg@101 : 0.9092    mrr@5 : 0.889    mrr@10 : 0.8896    mrr@101 : 0.8911    
Sun 08 Dec 2024 12:52:48 INFO  Saving current best: saved/MBHT-retail_beh-Dec-08-2024_12-18-04.pth
Sun 08 Dec 2024 12:58:28 INFO  epoch 6 training [time: 339.96s, train loss: 1512.8333]
Sun 08 Dec 2024 12:58:35 INFO  epoch 6 evaluating [time: 7.08s, valid_score: 0.893500]
Sun 08 Dec 2024 12:58:35 INFO  valid result: 
recall@5 : 0.904    recall@10 : 0.91    recall@101 : 1.0    ndcg@5 : 0.8916    ndcg@10 : 0.8935    ndcg@101 : 0.908    mrr@5 : 0.8873    mrr@10 : 0.8881    mrr@101 : 0.8896    
Sun 08 Dec 2024 13:04:13 INFO  epoch 7 training [time: 338.06s, train loss: 1415.2246]
Sun 08 Dec 2024 13:04:21 INFO  epoch 7 evaluating [time: 7.65s, valid_score: 0.894900]
Sun 08 Dec 2024 13:04:21 INFO  valid result: 
recall@5 : 0.9035    recall@10 : 0.9115    recall@101 : 1.0    ndcg@5 : 0.8923    ndcg@10 : 0.8949    ndcg@101 : 0.9091    mrr@5 : 0.8886    mrr@10 : 0.8897    mrr@101 : 0.891    
Sun 08 Dec 2024 13:04:21 INFO  Saving current best: saved/MBHT-retail_beh-Dec-08-2024_12-18-04.pth
Sun 08 Dec 2024 13:09:56 INFO  epoch 8 training [time: 334.43s, train loss: 1334.4853]
Sun 08 Dec 2024 13:10:03 INFO  epoch 8 evaluating [time: 7.42s, valid_score: 0.896600]
Sun 08 Dec 2024 13:10:03 INFO  valid result: 
recall@5 : 0.905    recall@10 : 0.912    recall@101 : 1.0    ndcg@5 : 0.8944    ndcg@10 : 0.8966    ndcg@101 : 0.9108    mrr@5 : 0.8908    mrr@10 : 0.8917    mrr@101 : 0.8931    
Sun 08 Dec 2024 13:10:03 INFO  Saving current best: saved/MBHT-retail_beh-Dec-08-2024_12-18-04.pth
Sun 08 Dec 2024 13:15:38 INFO  epoch 9 training [time: 334.98s, train loss: 1276.3885]
Sun 08 Dec 2024 13:15:46 INFO  epoch 9 evaluating [time: 7.53s, valid_score: 0.898300]
Sun 08 Dec 2024 13:15:46 INFO  valid result: 
recall@5 : 0.9085    recall@10 : 0.914    recall@101 : 1.0    ndcg@5 : 0.8965    ndcg@10 : 0.8983    ndcg@101 : 0.9119    mrr@5 : 0.8925    mrr@10 : 0.8933    mrr@101 : 0.8944    
Sun 08 Dec 2024 13:15:46 INFO  Saving current best: saved/MBHT-retail_beh-Dec-08-2024_12-18-04.pth
Sun 08 Dec 2024 13:21:19 INFO  epoch 10 training [time: 333.27s, train loss: 1208.8023]
Sun 08 Dec 2024 13:21:27 INFO  epoch 10 evaluating [time: 7.67s, valid_score: 0.896800]
Sun 08 Dec 2024 13:21:27 INFO  valid result: 
recall@5 : 0.9075    recall@10 : 0.911    recall@101 : 1.0    ndcg@5 : 0.8956    ndcg@10 : 0.8968    ndcg@101 : 0.9111    mrr@5 : 0.8916    mrr@10 : 0.8921    mrr@101 : 0.8935    
Sun 08 Dec 2024 13:27:02 INFO  epoch 11 training [time: 334.78s, train loss: 1161.0809]
Sun 08 Dec 2024 13:27:09 INFO  epoch 11 evaluating [time: 7.74s, valid_score: 0.896600]
Sun 08 Dec 2024 13:27:09 INFO  valid result: 
recall@5 : 0.906    recall@10 : 0.913    recall@101 : 1.0    ndcg@5 : 0.8943    ndcg@10 : 0.8966    ndcg@101 : 0.9106    mrr@5 : 0.8904    mrr@10 : 0.8913    mrr@101 : 0.8927    
Sun 08 Dec 2024 13:32:42 INFO  epoch 12 training [time: 332.47s, train loss: 1100.3150]
Sun 08 Dec 2024 13:32:49 INFO  epoch 12 evaluating [time: 7.48s, valid_score: 0.895400]
Sun 08 Dec 2024 13:32:49 INFO  valid result: 
recall@5 : 0.9075    recall@10 : 0.9115    recall@101 : 1.0    ndcg@5 : 0.8941    ndcg@10 : 0.8954    ndcg@101 : 0.9098    mrr@5 : 0.8896    mrr@10 : 0.8902    mrr@101 : 0.8916    
Sun 08 Dec 2024 13:38:24 INFO  epoch 13 training [time: 334.90s, train loss: 1055.6981]
Sun 08 Dec 2024 13:38:31 INFO  epoch 13 evaluating [time: 7.24s, valid_score: 0.894500]
Sun 08 Dec 2024 13:38:31 INFO  valid result: 
recall@5 : 0.9065    recall@10 : 0.911    recall@101 : 1.0    ndcg@5 : 0.8931    ndcg@10 : 0.8945    ndcg@101 : 0.9089    mrr@5 : 0.8886    mrr@10 : 0.8891    mrr@101 : 0.8906    
Sun 08 Dec 2024 13:44:06 INFO  epoch 14 training [time: 334.96s, train loss: 1015.8417]
Sun 08 Dec 2024 13:44:14 INFO  epoch 14 evaluating [time: 7.48s, valid_score: 0.897000]
Sun 08 Dec 2024 13:44:14 INFO  valid result: 
recall@5 : 0.905    recall@10 : 0.914    recall@101 : 1.0    ndcg@5 : 0.894    ndcg@10 : 0.897    ndcg@101 : 0.9106    mrr@5 : 0.8903    mrr@10 : 0.8916    mrr@101 : 0.8928    
Sun 08 Dec 2024 13:49:47 INFO  epoch 15 training [time: 333.59s, train loss: 975.7683]
Sun 08 Dec 2024 13:49:55 INFO  epoch 15 evaluating [time: 7.32s, valid_score: 0.895200]
Sun 08 Dec 2024 13:49:55 INFO  valid result: 
recall@5 : 0.9085    recall@10 : 0.912    recall@101 : 1.0    ndcg@5 : 0.8941    ndcg@10 : 0.8952    ndcg@101 : 0.9094    mrr@5 : 0.8893    mrr@10 : 0.8898    mrr@101 : 0.8911    
Sun 08 Dec 2024 13:55:29 INFO  epoch 16 training [time: 334.16s, train loss: 950.2034]
Sun 08 Dec 2024 13:55:36 INFO  epoch 16 evaluating [time: 7.45s, valid_score: 0.896500]
Sun 08 Dec 2024 13:55:36 INFO  valid result: 
recall@5 : 0.9075    recall@10 : 0.9135    recall@101 : 1.0    ndcg@5 : 0.8946    ndcg@10 : 0.8965    ndcg@101 : 0.9105    mrr@5 : 0.8903    mrr@10 : 0.8911    mrr@101 : 0.8924    
Sun 08 Dec 2024 14:01:12 INFO  epoch 17 training [time: 336.05s, train loss: 909.4478]
Sun 08 Dec 2024 14:01:20 INFO  epoch 17 evaluating [time: 7.67s, valid_score: 0.893900]
Sun 08 Dec 2024 14:01:20 INFO  valid result: 
recall@5 : 0.9045    recall@10 : 0.9105    recall@101 : 1.0    ndcg@5 : 0.8919    ndcg@10 : 0.8939    ndcg@101 : 0.9084    mrr@5 : 0.8877    mrr@10 : 0.8886    mrr@101 : 0.89    
Sun 08 Dec 2024 14:06:53 INFO  epoch 18 training [time: 333.14s, train loss: 889.9011]
Sun 08 Dec 2024 14:07:01 INFO  epoch 18 evaluating [time: 7.50s, valid_score: 0.896900]
Sun 08 Dec 2024 14:07:01 INFO  valid result: 
recall@5 : 0.9025    recall@10 : 0.91    recall@101 : 1.0    ndcg@5 : 0.8944    ndcg@10 : 0.8969    ndcg@101 : 0.9117    mrr@5 : 0.8917    mrr@10 : 0.8927    mrr@101 : 0.8943    
Sun 08 Dec 2024 14:12:39 INFO  epoch 19 training [time: 338.71s, train loss: 865.1930]
Sun 08 Dec 2024 14:12:47 INFO  epoch 19 evaluating [time: 7.53s, valid_score: 0.892500]
Sun 08 Dec 2024 14:12:47 INFO  valid result: 
recall@5 : 0.9    recall@10 : 0.9095    recall@101 : 1.0    ndcg@5 : 0.8894    ndcg@10 : 0.8925    ndcg@101 : 0.9073    mrr@5 : 0.8859    mrr@10 : 0.8872    mrr@101 : 0.8887    
Sun 08 Dec 2024 14:18:22 INFO  epoch 20 training [time: 334.86s, train loss: 847.0699]
Sun 08 Dec 2024 14:18:29 INFO  epoch 20 evaluating [time: 7.12s, valid_score: 0.890900]
Sun 08 Dec 2024 14:18:29 INFO  valid result: 
recall@5 : 0.9    recall@10 : 0.907    recall@101 : 1.0    ndcg@5 : 0.8886    ndcg@10 : 0.8909    ndcg@101 : 0.9062    mrr@5 : 0.8847    mrr@10 : 0.8857    mrr@101 : 0.8873    
Sun 08 Dec 2024 14:18:29 INFO  Finished training, best eval result in epoch 9
Sun 08 Dec 2024 14:18:29 INFO  test result: {'recall@5': 0.9085, 'recall@10': 0.914, 'recall@101': 1.0, 'ndcg@5': 0.8965, 'ndcg@10': 0.8983, 'ndcg@101': 0.9119, 'mrr@5': 0.8925, 'mrr@10': 0.8933, 'mrr@101': 0.8944}
