Fri 29 Nov 2024 20:38:03 INFO  PID: 2462754
Fri 29 Nov 2024 20:38:03 INFO  Namespace(batch_size=2048, dataset='retail_beh', gpu_id=0, model='MBHT', valid_portion=0.1, validation=False)
Fri 29 Nov 2024 20:38:03 INFO  
General Hyper Parameters:
gpu_id = 0
use_gpu = True
seed = 2020
state = INFO
reproducibility = True
data_path = dataset/retail_beh
show_progress = True
save_dataset = False
save_dataloaders = False
benchmark_filename = ['train', 'test']

Training Hyper Parameters:
checkpoint_dir = saved
epochs = 300
train_batch_size = 64
learner = adam
learning_rate = 0.001
eval_step = 1
stopping_step = 10
clip_grad_norm = None
weight_decay = 0.0
loss_decimal_place = 4

Evaluation Hyper Parameters:
eval_args = {'mode': 'full', 'order': 'TO', 'split': {'RS': [0.8, 0.1, 0.1]}, 'group_by': 'user'}
metrics = ['Recall', 'NDCG', 'MRR']
topk = [5, 10, 101]
valid_metric = NDCG@10
valid_metric_bigger = True
eval_batch_size = 128
metric_decimal_place = 4

Dataset Hyper Parameters:
field_separator = 	
seq_separator =  
USER_ID_FIELD = session_id
ITEM_ID_FIELD = item_id
RATING_FIELD = rating
TIME_FIELD = timestamp
seq_len = None
LABEL_FIELD = label
threshold = None
NEG_PREFIX = neg_
load_col = None
unload_col = None
unused_col = None
additional_feat_suffix = None
rm_dup_inter = None
val_interval = None
filter_inter_by_user_or_item = True
user_inter_num_interval = [0,inf)
item_inter_num_interval = [0,inf)
alias_of_user_id = None
alias_of_item_id = ['item_id_list']
alias_of_entity_id = None
alias_of_relation_id = None
preload_weight = None
normalize_field = None
normalize_all = None
ITEM_LIST_LENGTH_FIELD = item_length
LIST_SUFFIX = _list
MAX_ITEM_LIST_LENGTH = 200
POSITION_FIELD = position_id
HEAD_ENTITY_ID_FIELD = head_id
TAIL_ENTITY_ID_FIELD = tail_id
RELATION_ID_FIELD = relation_id
ENTITY_ID_FIELD = entity_id

Other Hyper Parameters: 
neg_sampling = None
repeatable = True
n_layers = 2
n_heads = 2
hidden_size = 64
inner_size = 256
hidden_dropout_prob = 0.5
attn_dropout_prob = 0.5
hidden_act = gelu
layer_norm_eps = 1e-12
initializer_range = 0.02
mask_ratio = 0.2
loss_type = CE
customized_eval = 1
MODEL_TYPE = ModelType.SEQUENTIAL
hyper_len = 6
scales = [5, 4, 20]
enable_hg = 1
enable_ms = 1
abaltion = 
batch_size = 2048
MODEL_INPUT_TYPE = InputType.POINTWISE
eval_type = EvaluatorType.RANKING
device = cuda
train_neg_sample_args = {'strategy': 'none'}
eval_neg_sample_args = {'strategy': 'full', 'distribution': 'uniform'}


Fri 29 Nov 2024 20:38:04 INFO  retail_beh
The number of users: 30691
Average actions of users: 1.065167807103291
The number of items: 31240
Average actions of items: 3.388618223281849
The number of inters: 32690
The sparsity of the dataset: 99.99659048303167%
Remain Fields: ['session_id', 'item_id_list', 'item_type_list', 'item_id', 'item_length']
Fri 29 Nov 2024 20:38:05 INFO  MBHT(
  (type_embedding): Embedding(6, 64, padding_idx=0)
  (item_embedding): Embedding(31241, 64, padding_idx=0)
  (position_embedding): Embedding(201, 64)
  (trm_encoder): TransformerEncoder(
    (layer): ModuleList(
      (0-1): 2 x TransformerLayer(
        (multi_head_attention): MultiScaleAttention(
          (out_fc): Linear(in_features=260, out_features=200, bias=True)
          (attention1): LinearAttention(
            (E): Linear(in_features=200, out_features=5, bias=True)
            (F): Linear(in_features=200, out_features=5, bias=True)
            (W_V): Linear(in_features=64, out_features=64, bias=True)
            (W_K): Linear(in_features=64, out_features=64, bias=True)
            (W_Q): Linear(in_features=64, out_features=64, bias=True)
            (dense): Linear(in_features=64, out_features=64, bias=True)
            (attn_dropout): Dropout(p=0.5, inplace=False)
            (out_dropout): Dropout(p=0.5, inplace=False)
            (LayerNorm): LayerNorm((64,), eps=1e-12, elementwise_affine=True)
          )
          (attention2): MultiHeadAttention(
            (query): Linear(in_features=64, out_features=64, bias=True)
            (key): Linear(in_features=64, out_features=64, bias=True)
            (value): Linear(in_features=64, out_features=64, bias=True)
            (attn_dropout): Dropout(p=0.5, inplace=False)
            (dense): Linear(in_features=64, out_features=64, bias=True)
            (LayerNorm): LayerNorm((64,), eps=1e-12, elementwise_affine=True)
            (out_dropout): Dropout(p=0.5, inplace=False)
          )
        )
        (feed_forward): FeedForward(
          (dense_1): Linear(in_features=64, out_features=256, bias=True)
          (dense_2): Linear(in_features=256, out_features=64, bias=True)
          (LayerNorm): LayerNorm((64,), eps=1e-12, elementwise_affine=True)
          (dropout): Dropout(p=0.5, inplace=False)
        )
      )
    )
  )
  (hgnn_layer): HGNN(
    (hgc1): HGNN_conv()
    (hgc2): HGNN_conv()
    (out_fc): Linear(in_features=64, out_features=64, bias=True)
  )
  (LayerNorm): LayerNorm((64,), eps=1e-12, elementwise_affine=True)
  (dropout): Dropout(p=0.5, inplace=False)
  (hg_type_embedding): Embedding(6, 64, padding_idx=0)
)
Trainable parameters: 2276036
Fri 29 Nov 2024 20:38:10 INFO  epoch -1 evaluating [time: 3.58s, valid_score: 0.054900]
Fri 29 Nov 2024 20:38:10 INFO  valid result: 
recall@5 : 0.0625    recall@10 : 0.1245    recall@101 : 1.0    ndcg@5 : 0.0356    ndcg@10 : 0.0549    ndcg@101 : 0.2208    mrr@5 : 0.0271    mrr@10 : 0.0346    mrr@101 : 0.0609    
Fri 29 Nov 2024 20:41:00 INFO  epoch 0 training [time: 170.30s, train loss: 4539.9892]
Fri 29 Nov 2024 20:41:03 INFO  epoch 0 evaluating [time: 2.87s, valid_score: 0.568700]
Fri 29 Nov 2024 20:41:03 INFO  valid result: 
recall@5 : 0.641    recall@10 : 0.715    recall@101 : 1.0    ndcg@5 : 0.5447    ndcg@10 : 0.5687    ndcg@101 : 0.6258    mrr@5 : 0.5127    mrr@10 : 0.5225    mrr@101 : 0.533    
Fri 29 Nov 2024 20:41:03 INFO  Saving current best: saved/MBHT-retail_beh-Nov-29-2024_20-38-05.pth
Fri 29 Nov 2024 20:43:55 INFO  epoch 1 training [time: 172.42s, train loss: 3667.1451]
Fri 29 Nov 2024 20:43:58 INFO  epoch 1 evaluating [time: 2.86s, valid_score: 0.799900]
Fri 29 Nov 2024 20:43:58 INFO  valid result: 
recall@5 : 0.837    recall@10 : 0.859    recall@101 : 1.0    ndcg@5 : 0.7928    ndcg@10 : 0.7999    ndcg@101 : 0.8249    mrr@5 : 0.7778    mrr@10 : 0.7807    mrr@101 : 0.7842    
Fri 29 Nov 2024 20:43:58 INFO  Saving current best: saved/MBHT-retail_beh-Nov-29-2024_20-38-05.pth
Fri 29 Nov 2024 20:46:49 INFO  epoch 2 training [time: 171.28s, train loss: 2682.4288]
Fri 29 Nov 2024 20:46:52 INFO  epoch 2 evaluating [time: 2.88s, valid_score: 0.864200]
Fri 29 Nov 2024 20:46:52 INFO  valid result: 
recall@5 : 0.8855    recall@10 : 0.8925    recall@101 : 1.0    ndcg@5 : 0.862    ndcg@10 : 0.8642    ndcg@101 : 0.8824    mrr@5 : 0.854    mrr@10 : 0.8549    mrr@101 : 0.8569    
Fri 29 Nov 2024 20:46:52 INFO  Saving current best: saved/MBHT-retail_beh-Nov-29-2024_20-38-05.pth
Fri 29 Nov 2024 20:49:46 INFO  epoch 3 training [time: 173.20s, train loss: 2085.0549]
Fri 29 Nov 2024 20:49:48 INFO  epoch 3 evaluating [time: 2.89s, valid_score: 0.876500]
Fri 29 Nov 2024 20:49:48 INFO  valid result: 
recall@5 : 0.891    recall@10 : 0.9    recall@101 : 1.0    ndcg@5 : 0.8736    ndcg@10 : 0.8765    ndcg@101 : 0.8932    mrr@5 : 0.8678    mrr@10 : 0.869    mrr@101 : 0.8708    
Fri 29 Nov 2024 20:49:49 INFO  Saving current best: saved/MBHT-retail_beh-Nov-29-2024_20-38-05.pth
Fri 29 Nov 2024 20:52:41 INFO  epoch 4 training [time: 172.84s, train loss: 1802.7162]
Fri 29 Nov 2024 20:52:44 INFO  epoch 4 evaluating [time: 2.83s, valid_score: 0.871400]
Fri 29 Nov 2024 20:52:44 INFO  valid result: 
recall@5 : 0.885    recall@10 : 0.894    recall@101 : 1.0    ndcg@5 : 0.8685    ndcg@10 : 0.8714    ndcg@101 : 0.8891    mrr@5 : 0.8631    mrr@10 : 0.8642    mrr@101 : 0.8662    
Fri 29 Nov 2024 20:55:37 INFO  epoch 5 training [time: 172.67s, train loss: 1622.2737]
Fri 29 Nov 2024 20:55:40 INFO  epoch 5 evaluating [time: 2.88s, valid_score: 0.881800]
Fri 29 Nov 2024 20:55:40 INFO  valid result: 
recall@5 : 0.894    recall@10 : 0.9015    recall@101 : 1.0    ndcg@5 : 0.8794    ndcg@10 : 0.8818    ndcg@101 : 0.8983    mrr@5 : 0.8745    mrr@10 : 0.8755    mrr@101 : 0.8774    
Fri 29 Nov 2024 20:55:40 INFO  Saving current best: saved/MBHT-retail_beh-Nov-29-2024_20-38-05.pth
Fri 29 Nov 2024 20:58:34 INFO  epoch 6 training [time: 173.85s, train loss: 1503.6613]
Fri 29 Nov 2024 20:58:37 INFO  epoch 6 evaluating [time: 2.82s, valid_score: 0.888300]
Fri 29 Nov 2024 20:58:37 INFO  valid result: 
recall@5 : 0.8995    recall@10 : 0.908    recall@101 : 1.0    ndcg@5 : 0.8855    ndcg@10 : 0.8883    ndcg@101 : 0.9033    mrr@5 : 0.8809    mrr@10 : 0.8821    mrr@101 : 0.8836    
Fri 29 Nov 2024 20:58:37 INFO  Saving current best: saved/MBHT-retail_beh-Nov-29-2024_20-38-05.pth
Fri 29 Nov 2024 21:01:33 INFO  epoch 7 training [time: 176.45s, train loss: 1408.2306]
Fri 29 Nov 2024 21:01:36 INFO  epoch 7 evaluating [time: 2.87s, valid_score: 0.888300]
Fri 29 Nov 2024 21:01:36 INFO  valid result: 
recall@5 : 0.902    recall@10 : 0.907    recall@101 : 1.0    ndcg@5 : 0.8867    ndcg@10 : 0.8883    ndcg@101 : 0.9035    mrr@5 : 0.8815    mrr@10 : 0.8822    mrr@101 : 0.8837    
Fri 29 Nov 2024 21:04:31 INFO  epoch 8 training [time: 175.36s, train loss: 1325.3391]
Fri 29 Nov 2024 21:04:34 INFO  epoch 8 evaluating [time: 2.92s, valid_score: 0.895100]
Fri 29 Nov 2024 21:04:34 INFO  valid result: 
recall@5 : 0.907    recall@10 : 0.9115    recall@101 : 1.0    ndcg@5 : 0.8937    ndcg@10 : 0.8951    ndcg@101 : 0.9095    mrr@5 : 0.8891    mrr@10 : 0.8897    mrr@101 : 0.8912    
Fri 29 Nov 2024 21:04:34 INFO  Saving current best: saved/MBHT-retail_beh-Nov-29-2024_20-38-05.pth
Fri 29 Nov 2024 21:07:28 INFO  epoch 9 training [time: 173.61s, train loss: 1270.4739]
Fri 29 Nov 2024 21:07:31 INFO  epoch 9 evaluating [time: 2.91s, valid_score: 0.892900]
Fri 29 Nov 2024 21:07:31 INFO  valid result: 
recall@5 : 0.905    recall@10 : 0.9125    recall@101 : 1.0    ndcg@5 : 0.8904    ndcg@10 : 0.8929    ndcg@101 : 0.9069    mrr@5 : 0.8855    mrr@10 : 0.8865    mrr@101 : 0.8878    
Fri 29 Nov 2024 21:10:25 INFO  epoch 10 training [time: 174.46s, train loss: 1202.6495]
Fri 29 Nov 2024 21:10:28 INFO  epoch 10 evaluating [time: 2.91s, valid_score: 0.895300]
Fri 29 Nov 2024 21:10:28 INFO  valid result: 
recall@5 : 0.9065    recall@10 : 0.913    recall@101 : 1.0    ndcg@5 : 0.8932    ndcg@10 : 0.8953    ndcg@101 : 0.9093    mrr@5 : 0.8888    mrr@10 : 0.8897    mrr@101 : 0.891    
Fri 29 Nov 2024 21:10:28 INFO  Saving current best: saved/MBHT-retail_beh-Nov-29-2024_20-38-05.pth
Fri 29 Nov 2024 21:13:23 INFO  epoch 11 training [time: 174.36s, train loss: 1152.9064]
Fri 29 Nov 2024 21:13:26 INFO  epoch 11 evaluating [time: 2.85s, valid_score: 0.897100]
Fri 29 Nov 2024 21:13:26 INFO  valid result: 
recall@5 : 0.9085    recall@10 : 0.9135    recall@101 : 1.0    ndcg@5 : 0.8956    ndcg@10 : 0.8971    ndcg@101 : 0.911    mrr@5 : 0.8912    mrr@10 : 0.8918    mrr@101 : 0.8931    
Fri 29 Nov 2024 21:13:26 INFO  Saving current best: saved/MBHT-retail_beh-Nov-29-2024_20-38-05.pth
Fri 29 Nov 2024 21:16:20 INFO  epoch 12 training [time: 174.61s, train loss: 1092.7233]
Fri 29 Nov 2024 21:16:23 INFO  epoch 12 evaluating [time: 2.93s, valid_score: 0.896400]
Fri 29 Nov 2024 21:16:23 INFO  valid result: 
recall@5 : 0.9055    recall@10 : 0.913    recall@101 : 1.0    ndcg@5 : 0.894    ndcg@10 : 0.8964    ndcg@101 : 0.9104    mrr@5 : 0.8901    mrr@10 : 0.8911    mrr@101 : 0.8924    
Fri 29 Nov 2024 21:19:18 INFO  epoch 13 training [time: 175.15s, train loss: 1054.3149]
Fri 29 Nov 2024 21:19:21 INFO  epoch 13 evaluating [time: 2.91s, valid_score: 0.891300]
Fri 29 Nov 2024 21:19:21 INFO  valid result: 
recall@5 : 0.9035    recall@10 : 0.9115    recall@101 : 1.0    ndcg@5 : 0.8887    ndcg@10 : 0.8913    ndcg@101 : 0.9056    mrr@5 : 0.8837    mrr@10 : 0.8848    mrr@101 : 0.8863    
Fri 29 Nov 2024 21:22:15 INFO  epoch 14 training [time: 173.67s, train loss: 1015.3987]
Fri 29 Nov 2024 21:22:18 INFO  epoch 14 evaluating [time: 2.87s, valid_score: 0.893300]
Fri 29 Nov 2024 21:22:18 INFO  valid result: 
recall@5 : 0.9055    recall@10 : 0.912    recall@101 : 1.0    ndcg@5 : 0.8912    ndcg@10 : 0.8933    ndcg@101 : 0.9075    mrr@5 : 0.8864    mrr@10 : 0.8873    mrr@101 : 0.8887    
Fri 29 Nov 2024 21:25:12 INFO  epoch 15 training [time: 174.66s, train loss: 975.1398]
Fri 29 Nov 2024 21:25:15 INFO  epoch 15 evaluating [time: 2.84s, valid_score: 0.893600]
Fri 29 Nov 2024 21:25:15 INFO  valid result: 
recall@5 : 0.9045    recall@10 : 0.911    recall@101 : 1.0    ndcg@5 : 0.8915    ndcg@10 : 0.8936    ndcg@101 : 0.9081    mrr@5 : 0.8871    mrr@10 : 0.888    mrr@101 : 0.8895    
Fri 29 Nov 2024 21:28:11 INFO  epoch 16 training [time: 175.30s, train loss: 954.4994]
Fri 29 Nov 2024 21:28:13 INFO  epoch 16 evaluating [time: 2.91s, valid_score: 0.891000]
Fri 29 Nov 2024 21:28:13 INFO  valid result: 
recall@5 : 0.9035    recall@10 : 0.91    recall@101 : 1.0    ndcg@5 : 0.8889    ndcg@10 : 0.891    ndcg@101 : 0.9059    mrr@5 : 0.884    mrr@10 : 0.8848    mrr@101 : 0.8864    
Fri 29 Nov 2024 21:31:08 INFO  epoch 17 training [time: 174.41s, train loss: 918.3975]
Fri 29 Nov 2024 21:31:11 INFO  epoch 17 evaluating [time: 2.81s, valid_score: 0.892900]
Fri 29 Nov 2024 21:31:11 INFO  valid result: 
recall@5 : 0.9035    recall@10 : 0.913    recall@101 : 1.0    ndcg@5 : 0.8897    ndcg@10 : 0.8929    ndcg@101 : 0.9069    mrr@5 : 0.8852    mrr@10 : 0.8865    mrr@101 : 0.8878    
Fri 29 Nov 2024 21:34:04 INFO  epoch 18 training [time: 173.70s, train loss: 896.4003]
Fri 29 Nov 2024 21:34:07 INFO  epoch 18 evaluating [time: 2.88s, valid_score: 0.891700]
Fri 29 Nov 2024 21:34:07 INFO  valid result: 
recall@5 : 0.903    recall@10 : 0.91    recall@101 : 1.0    ndcg@5 : 0.8894    ndcg@10 : 0.8917    ndcg@101 : 0.9066    mrr@5 : 0.8849    mrr@10 : 0.8859    mrr@101 : 0.8875    
Fri 29 Nov 2024 21:37:02 INFO  epoch 19 training [time: 174.66s, train loss: 874.8088]
Fri 29 Nov 2024 21:37:05 INFO  epoch 19 evaluating [time: 2.86s, valid_score: 0.891900]
Fri 29 Nov 2024 21:37:05 INFO  valid result: 
recall@5 : 0.904    recall@10 : 0.913    recall@101 : 1.0    ndcg@5 : 0.889    ndcg@10 : 0.8919    ndcg@101 : 0.9058    mrr@5 : 0.884    mrr@10 : 0.8853    mrr@101 : 0.8866    
Fri 29 Nov 2024 21:39:59 INFO  epoch 20 training [time: 174.19s, train loss: 849.7423]
Fri 29 Nov 2024 21:40:02 INFO  epoch 20 evaluating [time: 2.87s, valid_score: 0.888800]
Fri 29 Nov 2024 21:40:02 INFO  valid result: 
recall@5 : 0.903    recall@10 : 0.911    recall@101 : 1.0    ndcg@5 : 0.8862    ndcg@10 : 0.8888    ndcg@101 : 0.9031    mrr@5 : 0.8807    mrr@10 : 0.8818    mrr@101 : 0.8831    
Fri 29 Nov 2024 21:42:56 INFO  epoch 21 training [time: 173.72s, train loss: 831.8032]
Fri 29 Nov 2024 21:42:59 INFO  epoch 21 evaluating [time: 2.94s, valid_score: 0.891500]
Fri 29 Nov 2024 21:42:59 INFO  valid result: 
recall@5 : 0.901    recall@10 : 0.911    recall@101 : 1.0    ndcg@5 : 0.8883    ndcg@10 : 0.8915    ndcg@101 : 0.906    mrr@5 : 0.8839    mrr@10 : 0.8853    mrr@101 : 0.8867    
Fri 29 Nov 2024 21:45:52 INFO  epoch 22 training [time: 173.83s, train loss: 813.0938]
Fri 29 Nov 2024 21:45:55 INFO  epoch 22 evaluating [time: 2.87s, valid_score: 0.891300]
Fri 29 Nov 2024 21:45:55 INFO  valid result: 
recall@5 : 0.903    recall@10 : 0.909    recall@101 : 1.0    ndcg@5 : 0.8894    ndcg@10 : 0.8913    ndcg@101 : 0.9062    mrr@5 : 0.8849    mrr@10 : 0.8857    mrr@101 : 0.8872    
Fri 29 Nov 2024 21:45:55 INFO  Finished training, best eval result in epoch 11
Fri 29 Nov 2024 21:45:55 INFO  test result: {'recall@5': 0.9085, 'recall@10': 0.9135, 'recall@101': 1.0, 'ndcg@5': 0.8956, 'ndcg@10': 0.8971, 'ndcg@101': 0.911, 'mrr@5': 0.8912, 'mrr@10': 0.8918, 'mrr@101': 0.8931}
