Sat 07 Dec 2024 21:32:07 INFO  PID: 111310
Sat 07 Dec 2024 21:32:07 INFO  Namespace(batch_size=2048, dataset='retail_beh', gpu_id=0, model='MBHT', valid_portion=0.1, validation=False)
Sat 07 Dec 2024 21:32:07 INFO  
General Hyper Parameters:
gpu_id = 0
use_gpu = True
seed = 2020
state = INFO
reproducibility = True
data_path = dataset/retail_beh
show_progress = True
save_dataset = False
save_dataloaders = False
benchmark_filename = ['train', 'test']

Training Hyper Parameters:
checkpoint_dir = saved
epochs = 300
train_batch_size = 64
learner = adam
learning_rate = 0.001
eval_step = 1
stopping_step = 10
clip_grad_norm = None
weight_decay = 0.0
loss_decimal_place = 4

Evaluation Hyper Parameters:
eval_args = {'mode': 'full', 'order': 'TO', 'split': {'RS': [0.8, 0.1, 0.1]}, 'group_by': 'user'}
metrics = ['Recall', 'NDCG', 'MRR']
topk = [5, 10, 101]
valid_metric = NDCG@10
valid_metric_bigger = True
eval_batch_size = 128
metric_decimal_place = 4

Dataset Hyper Parameters:
field_separator = 	
seq_separator =  
USER_ID_FIELD = session_id
ITEM_ID_FIELD = item_id
RATING_FIELD = rating
TIME_FIELD = timestamp
seq_len = None
LABEL_FIELD = label
threshold = None
NEG_PREFIX = neg_
load_col = None
unload_col = None
unused_col = None
additional_feat_suffix = None
rm_dup_inter = None
val_interval = None
filter_inter_by_user_or_item = True
user_inter_num_interval = [0,inf)
item_inter_num_interval = [0,inf)
alias_of_user_id = None
alias_of_item_id = ['item_id_list']
alias_of_entity_id = None
alias_of_relation_id = None
preload_weight = None
normalize_field = None
normalize_all = None
ITEM_LIST_LENGTH_FIELD = item_length
LIST_SUFFIX = _list
MAX_ITEM_LIST_LENGTH = 200
POSITION_FIELD = position_id
HEAD_ENTITY_ID_FIELD = head_id
TAIL_ENTITY_ID_FIELD = tail_id
RELATION_ID_FIELD = relation_id
ENTITY_ID_FIELD = entity_id

Other Hyper Parameters: 
neg_sampling = None
repeatable = True
n_layers = 2
n_heads = 2
hidden_size = 64
inner_size = 256
hidden_dropout_prob = 0.5
attn_dropout_prob = 0.5
hidden_act = gelu
layer_norm_eps = 1e-12
initializer_range = 0.02
mask_ratio = 0.2
loss_type = CE
customized_eval = 1
MODEL_TYPE = ModelType.SEQUENTIAL
hyper_len = 6
scales = [5, 4, 20]
enable_hg = 1
enable_ms = 1
abaltion = 
batch_size = 2048
MODEL_INPUT_TYPE = InputType.POINTWISE
eval_type = EvaluatorType.RANKING
device = cuda
train_neg_sample_args = {'strategy': 'none'}
eval_neg_sample_args = {'strategy': 'full', 'distribution': 'uniform'}


Sat 07 Dec 2024 21:32:07 INFO  retail_beh
The number of users: 30691
Average actions of users: 1.065167807103291
The number of items: 31240
Average actions of items: 3.388618223281849
The number of inters: 32690
The sparsity of the dataset: 99.99659048303167%
Remain Fields: ['session_id', 'item_id_list', 'item_type_list', 'item_id', 'item_length']
Sat 07 Dec 2024 21:32:09 INFO  MBHT(
  (type_embedding): Embedding(6, 64, padding_idx=0)
  (item_embedding): Embedding(31241, 64, padding_idx=0)
  (position_embedding): Embedding(201, 64)
  (trm_encoder): TransformerEncoder(
    (layer): ModuleList(
      (0-1): 2 x TransformerLayer(
        (multi_head_attention): MultiScaleAttention(
          (out_fc): Linear(in_features=260, out_features=200, bias=True)
          (attention1): LinearAttention(
            (E): Linear(in_features=200, out_features=5, bias=True)
            (F): Linear(in_features=200, out_features=5, bias=True)
            (W_V): Linear(in_features=64, out_features=64, bias=True)
            (W_K): Linear(in_features=64, out_features=64, bias=True)
            (W_Q): Linear(in_features=64, out_features=64, bias=True)
            (dense): Linear(in_features=64, out_features=64, bias=True)
            (attn_dropout): Dropout(p=0.5, inplace=False)
            (out_dropout): Dropout(p=0.5, inplace=False)
            (LayerNorm): LayerNorm((64,), eps=1e-12, elementwise_affine=True)
          )
          (attention2): MultiHeadAttention(
            (query): Linear(in_features=64, out_features=64, bias=True)
            (key): Linear(in_features=64, out_features=64, bias=True)
            (value): Linear(in_features=64, out_features=64, bias=True)
            (attn_dropout): Dropout(p=0.5, inplace=False)
            (dense): Linear(in_features=64, out_features=64, bias=True)
            (LayerNorm): LayerNorm((64,), eps=1e-12, elementwise_affine=True)
            (out_dropout): Dropout(p=0.5, inplace=False)
          )
        )
        (feed_forward): FeedForward(
          (dense_1): Linear(in_features=64, out_features=256, bias=True)
          (dense_2): Linear(in_features=256, out_features=64, bias=True)
          (LayerNorm): LayerNorm((64,), eps=1e-12, elementwise_affine=True)
          (dropout): Dropout(p=0.5, inplace=False)
        )
      )
    )
  )
  (hgnn_layer): HGNN(
    (hgc1): HGNN_conv()
    (hgc2): HGNN_conv()
    (out_fc): Linear(in_features=64, out_features=64, bias=True)
  )
  (LayerNorm): LayerNorm((64,), eps=1e-12, elementwise_affine=True)
  (dropout): Dropout(p=0.5, inplace=False)
  (hg_type_embedding): Embedding(6, 64, padding_idx=0)
)
Trainable parameters: 2276036
Sat 07 Dec 2024 21:32:13 INFO  epoch -1 evaluating [time: 3.55s, valid_score: 0.054900]
Sat 07 Dec 2024 21:32:13 INFO  valid result: 
recall@5 : 0.0625    recall@10 : 0.1245    recall@101 : 1.0    ndcg@5 : 0.0356    ndcg@10 : 0.0549    ndcg@101 : 0.2208    mrr@5 : 0.0271    mrr@10 : 0.0346    mrr@101 : 0.0609    
Sat 07 Dec 2024 21:35:04 INFO  epoch 0 training [time: 170.84s, train loss: 4537.4219]
Sat 07 Dec 2024 21:35:07 INFO  epoch 0 evaluating [time: 2.84s, valid_score: 0.619400]
Sat 07 Dec 2024 21:35:07 INFO  valid result: 
recall@5 : 0.687    recall@10 : 0.762    recall@101 : 1.0    ndcg@5 : 0.5952    ndcg@10 : 0.6194    ndcg@101 : 0.6673    mrr@5 : 0.5646    mrr@10 : 0.5746    mrr@101 : 0.5834    
Sat 07 Dec 2024 21:35:07 INFO  Saving current best: saved/MBHT-retail_beh-Dec-07-2024_21-32-09.pth
Sat 07 Dec 2024 21:38:00 INFO  epoch 1 training [time: 172.72s, train loss: 3652.0643]
Sat 07 Dec 2024 21:38:03 INFO  epoch 1 evaluating [time: 2.97s, valid_score: 0.782200]
Sat 07 Dec 2024 21:38:03 INFO  valid result: 
recall@5 : 0.8185    recall@10 : 0.849    recall@101 : 1.0    ndcg@5 : 0.7723    ndcg@10 : 0.7822    ndcg@101 : 0.8092    mrr@5 : 0.7568    mrr@10 : 0.7609    mrr@101 : 0.7646    
Sat 07 Dec 2024 21:38:03 INFO  Saving current best: saved/MBHT-retail_beh-Dec-07-2024_21-32-09.pth
Sat 07 Dec 2024 21:40:59 INFO  epoch 2 training [time: 175.97s, train loss: 2675.7482]
Sat 07 Dec 2024 21:41:01 INFO  epoch 2 evaluating [time: 2.92s, valid_score: 0.858700]
Sat 07 Dec 2024 21:41:01 INFO  valid result: 
recall@5 : 0.8815    recall@10 : 0.89    recall@101 : 1.0    ndcg@5 : 0.8559    ndcg@10 : 0.8587    ndcg@101 : 0.8774    mrr@5 : 0.8473    mrr@10 : 0.8484    mrr@101 : 0.8505    
Sat 07 Dec 2024 21:41:02 INFO  Saving current best: saved/MBHT-retail_beh-Dec-07-2024_21-32-09.pth
Sat 07 Dec 2024 21:43:57 INFO  epoch 3 training [time: 175.45s, train loss: 2082.2486]
Sat 07 Dec 2024 21:44:00 INFO  epoch 3 evaluating [time: 2.93s, valid_score: 0.876600]
Sat 07 Dec 2024 21:44:00 INFO  valid result: 
recall@5 : 0.891    recall@10 : 0.9    recall@101 : 1.0    ndcg@5 : 0.8737    ndcg@10 : 0.8766    ndcg@101 : 0.8931    mrr@5 : 0.8679    mrr@10 : 0.8691    mrr@101 : 0.8709    
Sat 07 Dec 2024 21:44:00 INFO  Saving current best: saved/MBHT-retail_beh-Dec-07-2024_21-32-09.pth
Sat 07 Dec 2024 21:46:55 INFO  epoch 4 training [time: 174.54s, train loss: 1801.1037]
Sat 07 Dec 2024 21:46:57 INFO  epoch 4 evaluating [time: 2.87s, valid_score: 0.881800]
Sat 07 Dec 2024 21:46:57 INFO  valid result: 
recall@5 : 0.8945    recall@10 : 0.9005    recall@101 : 1.0    ndcg@5 : 0.8799    ndcg@10 : 0.8818    ndcg@101 : 0.8986    mrr@5 : 0.8751    mrr@10 : 0.8758    mrr@101 : 0.8778    
Sat 07 Dec 2024 21:46:58 INFO  Saving current best: saved/MBHT-retail_beh-Dec-07-2024_21-32-09.pth
Sat 07 Dec 2024 21:49:53 INFO  epoch 5 training [time: 175.00s, train loss: 1621.6570]
Sat 07 Dec 2024 21:49:55 INFO  epoch 5 evaluating [time: 2.95s, valid_score: 0.889800]
Sat 07 Dec 2024 21:49:55 INFO  valid result: 
recall@5 : 0.9015    recall@10 : 0.908    recall@101 : 1.0    ndcg@5 : 0.8877    ndcg@10 : 0.8898    ndcg@101 : 0.9052    mrr@5 : 0.8831    mrr@10 : 0.884    mrr@101 : 0.8857    
Sat 07 Dec 2024 21:49:56 INFO  Saving current best: saved/MBHT-retail_beh-Dec-07-2024_21-32-09.pth
Sat 07 Dec 2024 21:52:51 INFO  epoch 6 training [time: 175.36s, train loss: 1504.7490]
Sat 07 Dec 2024 21:52:54 INFO  epoch 6 evaluating [time: 2.91s, valid_score: 0.900200]
Sat 07 Dec 2024 21:52:54 INFO  valid result: 
recall@5 : 0.909    recall@10 : 0.9155    recall@101 : 1.0    ndcg@5 : 0.898    ndcg@10 : 0.9002    ndcg@101 : 0.9146    mrr@5 : 0.8943    mrr@10 : 0.8952    mrr@101 : 0.8969    
Sat 07 Dec 2024 21:52:54 INFO  Saving current best: saved/MBHT-retail_beh-Dec-07-2024_21-32-09.pth
Sat 07 Dec 2024 21:55:49 INFO  epoch 7 training [time: 175.06s, train loss: 1408.2186]
Sat 07 Dec 2024 21:55:52 INFO  epoch 7 evaluating [time: 2.86s, valid_score: 0.894200]
Sat 07 Dec 2024 21:55:52 INFO  valid result: 
recall@5 : 0.904    recall@10 : 0.9125    recall@101 : 1.0    ndcg@5 : 0.8914    ndcg@10 : 0.8942    ndcg@101 : 0.9084    mrr@5 : 0.8871    mrr@10 : 0.8883    mrr@101 : 0.8897    
Sat 07 Dec 2024 21:58:48 INFO  epoch 8 training [time: 175.99s, train loss: 1330.0222]
Sat 07 Dec 2024 21:58:51 INFO  epoch 8 evaluating [time: 2.95s, valid_score: 0.898100]
Sat 07 Dec 2024 21:58:51 INFO  valid result: 
recall@5 : 0.9085    recall@10 : 0.914    recall@101 : 1.0    ndcg@5 : 0.8964    ndcg@10 : 0.8981    ndcg@101 : 0.9121    mrr@5 : 0.8923    mrr@10 : 0.893    mrr@101 : 0.8944    
Sat 07 Dec 2024 22:01:47 INFO  epoch 9 training [time: 176.51s, train loss: 1273.7994]
Sat 07 Dec 2024 22:01:50 INFO  epoch 9 evaluating [time: 2.90s, valid_score: 0.900500]
Sat 07 Dec 2024 22:01:50 INFO  valid result: 
recall@5 : 0.91    recall@10 : 0.9175    recall@101 : 1.0    ndcg@5 : 0.8981    ndcg@10 : 0.9005    ndcg@101 : 0.9135    mrr@5 : 0.894    mrr@10 : 0.895    mrr@101 : 0.8962    
Sat 07 Dec 2024 22:01:50 INFO  Saving current best: saved/MBHT-retail_beh-Dec-07-2024_21-32-09.pth
Sat 07 Dec 2024 22:04:46 INFO  epoch 10 training [time: 175.69s, train loss: 1205.7627]
Sat 07 Dec 2024 22:04:49 INFO  epoch 10 evaluating [time: 2.89s, valid_score: 0.896300]
Sat 07 Dec 2024 22:04:49 INFO  valid result: 
recall@5 : 0.905    recall@10 : 0.913    recall@101 : 1.0    ndcg@5 : 0.8937    ndcg@10 : 0.8963    ndcg@101 : 0.9102    mrr@5 : 0.8898    mrr@10 : 0.8909    mrr@101 : 0.8922    
Sat 07 Dec 2024 22:07:44 INFO  epoch 11 training [time: 175.35s, train loss: 1155.0662]
Sat 07 Dec 2024 22:07:47 INFO  epoch 11 evaluating [time: 2.90s, valid_score: 0.896100]
Sat 07 Dec 2024 22:07:47 INFO  valid result: 
recall@5 : 0.908    recall@10 : 0.9135    recall@101 : 1.0    ndcg@5 : 0.8943    ndcg@10 : 0.8961    ndcg@101 : 0.9099    mrr@5 : 0.8896    mrr@10 : 0.8903    mrr@101 : 0.8917    
Sat 07 Dec 2024 22:10:44 INFO  epoch 12 training [time: 176.92s, train loss: 1097.1451]
Sat 07 Dec 2024 22:10:47 INFO  epoch 12 evaluating [time: 2.86s, valid_score: 0.900000]
Sat 07 Dec 2024 22:10:47 INFO  valid result: 
recall@5 : 0.907    recall@10 : 0.9155    recall@101 : 1.0    ndcg@5 : 0.8972    ndcg@10 : 0.9    ndcg@101 : 0.9136    mrr@5 : 0.8938    mrr@10 : 0.895    mrr@101 : 0.8964    
Sat 07 Dec 2024 22:13:45 INFO  epoch 13 training [time: 178.32s, train loss: 1056.6615]
Sat 07 Dec 2024 22:13:48 INFO  epoch 13 evaluating [time: 2.96s, valid_score: 0.894900]
Sat 07 Dec 2024 22:13:48 INFO  valid result: 
recall@5 : 0.9055    recall@10 : 0.912    recall@101 : 1.0    ndcg@5 : 0.8929    ndcg@10 : 0.8949    ndcg@101 : 0.9093    mrr@5 : 0.8886    mrr@10 : 0.8894    mrr@101 : 0.8909    
Sat 07 Dec 2024 22:16:46 INFO  epoch 14 training [time: 177.94s, train loss: 1017.4700]
Sat 07 Dec 2024 22:16:49 INFO  epoch 14 evaluating [time: 2.88s, valid_score: 0.895700]
Sat 07 Dec 2024 22:16:49 INFO  valid result: 
recall@5 : 0.905    recall@10 : 0.914    recall@101 : 1.0    ndcg@5 : 0.8928    ndcg@10 : 0.8957    ndcg@101 : 0.9095    mrr@5 : 0.8887    mrr@10 : 0.8899    mrr@101 : 0.8912    
Sat 07 Dec 2024 22:19:44 INFO  epoch 15 training [time: 174.68s, train loss: 979.6761]
Sat 07 Dec 2024 22:19:47 INFO  epoch 15 evaluating [time: 2.86s, valid_score: 0.899400]
Sat 07 Dec 2024 22:19:47 INFO  valid result: 
recall@5 : 0.909    recall@10 : 0.9145    recall@101 : 1.0    ndcg@5 : 0.8976    ndcg@10 : 0.8994    ndcg@101 : 0.9133    mrr@5 : 0.8938    mrr@10 : 0.8945    mrr@101 : 0.8959    
Sat 07 Dec 2024 22:22:40 INFO  epoch 16 training [time: 173.71s, train loss: 952.2613]
Sat 07 Dec 2024 22:22:43 INFO  epoch 16 evaluating [time: 2.94s, valid_score: 0.899300]
Sat 07 Dec 2024 22:22:43 INFO  valid result: 
recall@5 : 0.909    recall@10 : 0.916    recall@101 : 1.0    ndcg@5 : 0.897    ndcg@10 : 0.8993    ndcg@101 : 0.9127    mrr@5 : 0.893    mrr@10 : 0.8939    mrr@101 : 0.8952    
Sat 07 Dec 2024 22:25:39 INFO  epoch 17 training [time: 175.60s, train loss: 915.2072]
Sat 07 Dec 2024 22:25:42 INFO  epoch 17 evaluating [time: 2.84s, valid_score: 0.894400]
Sat 07 Dec 2024 22:25:42 INFO  valid result: 
recall@5 : 0.905    recall@10 : 0.912    recall@101 : 1.0    ndcg@5 : 0.8921    ndcg@10 : 0.8944    ndcg@101 : 0.9087    mrr@5 : 0.8877    mrr@10 : 0.8887    mrr@101 : 0.8901    
Sat 07 Dec 2024 22:28:37 INFO  epoch 18 training [time: 175.85s, train loss: 892.1260]
Sat 07 Dec 2024 22:28:40 INFO  epoch 18 evaluating [time: 2.89s, valid_score: 0.896600]
Sat 07 Dec 2024 22:28:40 INFO  valid result: 
recall@5 : 0.908    recall@10 : 0.913    recall@101 : 1.0    ndcg@5 : 0.895    ndcg@10 : 0.8966    ndcg@101 : 0.9108    mrr@5 : 0.8906    mrr@10 : 0.8913    mrr@101 : 0.8927    
Sat 07 Dec 2024 22:31:36 INFO  epoch 19 training [time: 175.74s, train loss: 870.0931]
Sat 07 Dec 2024 22:31:39 INFO  epoch 19 evaluating [time: 2.92s, valid_score: 0.898200]
Sat 07 Dec 2024 22:31:39 INFO  valid result: 
recall@5 : 0.908    recall@10 : 0.913    recall@101 : 1.0    ndcg@5 : 0.8966    ndcg@10 : 0.8982    ndcg@101 : 0.9122    mrr@5 : 0.8927    mrr@10 : 0.8934    mrr@101 : 0.8947    
Sat 07 Dec 2024 22:34:36 INFO  epoch 20 training [time: 177.32s, train loss: 845.5627]
Sat 07 Dec 2024 22:34:39 INFO  epoch 20 evaluating [time: 2.94s, valid_score: 0.896700]
Sat 07 Dec 2024 22:34:39 INFO  valid result: 
recall@5 : 0.9065    recall@10 : 0.9125    recall@101 : 1.0    ndcg@5 : 0.8948    ndcg@10 : 0.8967    ndcg@101 : 0.9109    mrr@5 : 0.8908    mrr@10 : 0.8916    mrr@101 : 0.893    
Sat 07 Dec 2024 22:34:39 INFO  Finished training, best eval result in epoch 9
Sat 07 Dec 2024 22:34:39 INFO  test result: {'recall@5': 0.91, 'recall@10': 0.9175, 'recall@101': 1.0, 'ndcg@5': 0.8981, 'ndcg@10': 0.9005, 'ndcg@101': 0.9135, 'mrr@5': 0.894, 'mrr@10': 0.895, 'mrr@101': 0.8962}
