Sat 07 Dec 2024 20:28:59 INFO  PID: 91139
Sat 07 Dec 2024 20:28:59 INFO  Namespace(batch_size=2048, dataset='retail_beh', gpu_id=0, model='MBHT', valid_portion=0.1, validation=False)
Sat 07 Dec 2024 20:28:59 INFO  
General Hyper Parameters:
gpu_id = 0
use_gpu = True
seed = 2020
state = INFO
reproducibility = True
data_path = dataset/retail_beh
show_progress = True
save_dataset = False
save_dataloaders = False
benchmark_filename = ['train', 'test']

Training Hyper Parameters:
checkpoint_dir = saved
epochs = 300
train_batch_size = 64
learner = adam
learning_rate = 0.001
eval_step = 1
stopping_step = 10
clip_grad_norm = None
weight_decay = 0.0
loss_decimal_place = 4

Evaluation Hyper Parameters:
eval_args = {'mode': 'full', 'order': 'TO', 'split': {'RS': [0.8, 0.1, 0.1]}, 'group_by': 'user'}
metrics = ['Recall', 'NDCG', 'MRR']
topk = [5, 10, 101]
valid_metric = NDCG@10
valid_metric_bigger = True
eval_batch_size = 128
metric_decimal_place = 4

Dataset Hyper Parameters:
field_separator = 	
seq_separator =  
USER_ID_FIELD = session_id
ITEM_ID_FIELD = item_id
RATING_FIELD = rating
TIME_FIELD = timestamp
seq_len = None
LABEL_FIELD = label
threshold = None
NEG_PREFIX = neg_
load_col = None
unload_col = None
unused_col = None
additional_feat_suffix = None
rm_dup_inter = None
val_interval = None
filter_inter_by_user_or_item = True
user_inter_num_interval = [0,inf)
item_inter_num_interval = [0,inf)
alias_of_user_id = None
alias_of_item_id = ['item_id_list']
alias_of_entity_id = None
alias_of_relation_id = None
preload_weight = None
normalize_field = None
normalize_all = None
ITEM_LIST_LENGTH_FIELD = item_length
LIST_SUFFIX = _list
MAX_ITEM_LIST_LENGTH = 200
POSITION_FIELD = position_id
HEAD_ENTITY_ID_FIELD = head_id
TAIL_ENTITY_ID_FIELD = tail_id
RELATION_ID_FIELD = relation_id
ENTITY_ID_FIELD = entity_id

Other Hyper Parameters: 
neg_sampling = None
repeatable = True
n_layers = 2
n_heads = 2
hidden_size = 64
inner_size = 256
hidden_dropout_prob = 0.5
attn_dropout_prob = 0.5
hidden_act = gelu
layer_norm_eps = 1e-12
initializer_range = 0.02
mask_ratio = 0.2
loss_type = CE
customized_eval = 1
MODEL_TYPE = ModelType.SEQUENTIAL
hyper_len = 6
scales = [5, 4, 20]
enable_hg = 1
enable_ms = 1
abaltion = 
batch_size = 2048
MODEL_INPUT_TYPE = InputType.POINTWISE
eval_type = EvaluatorType.RANKING
device = cuda
train_neg_sample_args = {'strategy': 'none'}
eval_neg_sample_args = {'strategy': 'full', 'distribution': 'uniform'}


Sat 07 Dec 2024 20:28:59 INFO  retail_beh
The number of users: 30691
Average actions of users: 1.065167807103291
The number of items: 31240
Average actions of items: 3.388618223281849
The number of inters: 32690
The sparsity of the dataset: 99.99659048303167%
Remain Fields: ['session_id', 'item_id_list', 'item_type_list', 'item_id', 'item_length']
Sat 07 Dec 2024 20:29:01 INFO  MBHT(
  (type_embedding): Embedding(6, 64, padding_idx=0)
  (item_embedding): Embedding(31241, 64, padding_idx=0)
  (position_embedding): Embedding(201, 64)
  (trm_encoder): TransformerEncoder(
    (layer): ModuleList(
      (0-1): 2 x TransformerLayer(
        (multi_head_attention): MultiScaleAttention(
          (out_fc): Linear(in_features=260, out_features=200, bias=True)
          (attention1): LinearAttention(
            (E): Linear(in_features=200, out_features=5, bias=True)
            (F): Linear(in_features=200, out_features=5, bias=True)
            (W_V): Linear(in_features=64, out_features=64, bias=True)
            (W_K): Linear(in_features=64, out_features=64, bias=True)
            (W_Q): Linear(in_features=64, out_features=64, bias=True)
            (dense): Linear(in_features=64, out_features=64, bias=True)
            (attn_dropout): Dropout(p=0.5, inplace=False)
            (out_dropout): Dropout(p=0.5, inplace=False)
            (LayerNorm): LayerNorm((64,), eps=1e-12, elementwise_affine=True)
          )
          (attention2): MultiHeadAttention(
            (query): Linear(in_features=64, out_features=64, bias=True)
            (key): Linear(in_features=64, out_features=64, bias=True)
            (value): Linear(in_features=64, out_features=64, bias=True)
            (attn_dropout): Dropout(p=0.5, inplace=False)
            (dense): Linear(in_features=64, out_features=64, bias=True)
            (LayerNorm): LayerNorm((64,), eps=1e-12, elementwise_affine=True)
            (out_dropout): Dropout(p=0.5, inplace=False)
          )
        )
        (feed_forward): FeedForward(
          (dense_1): Linear(in_features=64, out_features=256, bias=True)
          (dense_2): Linear(in_features=256, out_features=64, bias=True)
          (LayerNorm): LayerNorm((64,), eps=1e-12, elementwise_affine=True)
          (dropout): Dropout(p=0.5, inplace=False)
        )
      )
    )
  )
  (hgnn_layer): HGNN(
    (hgc1): HGNN_conv()
    (hgc2): HGNN_conv()
    (out_fc): Linear(in_features=64, out_features=64, bias=True)
  )
  (LayerNorm): LayerNorm((64,), eps=1e-12, elementwise_affine=True)
  (dropout): Dropout(p=0.5, inplace=False)
  (hg_type_embedding): Embedding(6, 64, padding_idx=0)
)
Trainable parameters: 2276036
Sat 07 Dec 2024 20:29:05 INFO  epoch -1 evaluating [time: 3.63s, valid_score: 0.054900]
Sat 07 Dec 2024 20:29:05 INFO  valid result: 
recall@5 : 0.0625    recall@10 : 0.1245    recall@101 : 1.0    ndcg@5 : 0.0356    ndcg@10 : 0.0549    ndcg@101 : 0.2208    mrr@5 : 0.0271    mrr@10 : 0.0346    mrr@101 : 0.0609    
Sat 07 Dec 2024 20:32:00 INFO  epoch 0 training [time: 174.89s, train loss: 4537.3671]
Sat 07 Dec 2024 20:32:03 INFO  epoch 0 evaluating [time: 2.99s, valid_score: 0.585100]
Sat 07 Dec 2024 20:32:03 INFO  valid result: 
recall@5 : 0.663    recall@10 : 0.743    recall@101 : 1.0    ndcg@5 : 0.5595    ndcg@10 : 0.5851    ndcg@101 : 0.6368    mrr@5 : 0.525    mrr@10 : 0.5355    mrr@101 : 0.5449    
Sat 07 Dec 2024 20:32:03 INFO  Saving current best: saved/MBHT-retail_beh-Dec-07-2024_20-29-01.pth
Sat 07 Dec 2024 20:34:57 INFO  epoch 1 training [time: 174.13s, train loss: 3652.4687]
Sat 07 Dec 2024 20:35:00 INFO  epoch 1 evaluating [time: 2.92s, valid_score: 0.800300]
Sat 07 Dec 2024 20:35:00 INFO  valid result: 
recall@5 : 0.8325    recall@10 : 0.8575    recall@101 : 1.0    ndcg@5 : 0.7921    ndcg@10 : 0.8003    ndcg@101 : 0.8258    mrr@5 : 0.7785    mrr@10 : 0.7819    mrr@101 : 0.7855    
Sat 07 Dec 2024 20:35:00 INFO  Saving current best: saved/MBHT-retail_beh-Dec-07-2024_20-29-01.pth
Sat 07 Dec 2024 20:37:55 INFO  epoch 2 training [time: 175.07s, train loss: 2675.1127]
Sat 07 Dec 2024 20:37:58 INFO  epoch 2 evaluating [time: 2.93s, valid_score: 0.867800]
Sat 07 Dec 2024 20:37:58 INFO  valid result: 
recall@5 : 0.885    recall@10 : 0.895    recall@101 : 1.0    ndcg@5 : 0.8645    ndcg@10 : 0.8678    ndcg@101 : 0.8854    mrr@5 : 0.8575    mrr@10 : 0.8589    mrr@101 : 0.8608    
Sat 07 Dec 2024 20:37:58 INFO  Saving current best: saved/MBHT-retail_beh-Dec-07-2024_20-29-01.pth
Sat 07 Dec 2024 20:40:53 INFO  epoch 3 training [time: 175.08s, train loss: 2079.3094]
Sat 07 Dec 2024 20:40:56 INFO  epoch 3 evaluating [time: 2.93s, valid_score: 0.880900]
Sat 07 Dec 2024 20:40:56 INFO  valid result: 
recall@5 : 0.889    recall@10 : 0.9005    recall@101 : 1.0    ndcg@5 : 0.877    ndcg@10 : 0.8809    ndcg@101 : 0.898    mrr@5 : 0.873    mrr@10 : 0.8746    mrr@101 : 0.8767    
Sat 07 Dec 2024 20:40:57 INFO  Saving current best: saved/MBHT-retail_beh-Dec-07-2024_20-29-01.pth
Sat 07 Dec 2024 20:43:52 INFO  epoch 4 training [time: 175.97s, train loss: 1799.9190]
Sat 07 Dec 2024 20:43:55 INFO  epoch 4 evaluating [time: 2.87s, valid_score: 0.875800]
Sat 07 Dec 2024 20:43:55 INFO  valid result: 
recall@5 : 0.887    recall@10 : 0.896    recall@101 : 1.0    ndcg@5 : 0.8729    ndcg@10 : 0.8758    ndcg@101 : 0.8933    mrr@5 : 0.868    mrr@10 : 0.8693    mrr@101 : 0.8713    
Sat 07 Dec 2024 20:46:50 INFO  epoch 5 training [time: 175.10s, train loss: 1618.9706]
Sat 07 Dec 2024 20:46:53 INFO  epoch 5 evaluating [time: 2.90s, valid_score: 0.884500]
Sat 07 Dec 2024 20:46:53 INFO  valid result: 
recall@5 : 0.894    recall@10 : 0.904    recall@101 : 1.0    ndcg@5 : 0.8812    ndcg@10 : 0.8845    ndcg@101 : 0.9004    mrr@5 : 0.8769    mrr@10 : 0.8782    mrr@101 : 0.88    
Sat 07 Dec 2024 20:46:53 INFO  Saving current best: saved/MBHT-retail_beh-Dec-07-2024_20-29-01.pth
Sat 07 Dec 2024 20:49:49 INFO  epoch 6 training [time: 175.49s, train loss: 1499.4900]
Sat 07 Dec 2024 20:49:52 INFO  epoch 6 evaluating [time: 2.88s, valid_score: 0.892900]
Sat 07 Dec 2024 20:49:52 INFO  valid result: 
recall@5 : 0.905    recall@10 : 0.9105    recall@101 : 1.0    ndcg@5 : 0.8911    ndcg@10 : 0.8929    ndcg@101 : 0.9076    mrr@5 : 0.8865    mrr@10 : 0.8872    mrr@101 : 0.8887    
Sat 07 Dec 2024 20:49:52 INFO  Saving current best: saved/MBHT-retail_beh-Dec-07-2024_20-29-01.pth
Sat 07 Dec 2024 20:52:47 INFO  epoch 7 training [time: 175.57s, train loss: 1403.7406]
Sat 07 Dec 2024 20:52:50 INFO  epoch 7 evaluating [time: 2.88s, valid_score: 0.892900]
Sat 07 Dec 2024 20:52:50 INFO  valid result: 
recall@5 : 0.906    recall@10 : 0.912    recall@101 : 1.0    ndcg@5 : 0.891    ndcg@10 : 0.8929    ndcg@101 : 0.9069    mrr@5 : 0.8858    mrr@10 : 0.8866    mrr@101 : 0.8879    
Sat 07 Dec 2024 20:55:46 INFO  epoch 8 training [time: 175.85s, train loss: 1321.5974]
Sat 07 Dec 2024 20:55:49 INFO  epoch 8 evaluating [time: 2.90s, valid_score: 0.896700]
Sat 07 Dec 2024 20:55:49 INFO  valid result: 
recall@5 : 0.9065    recall@10 : 0.9135    recall@101 : 1.0    ndcg@5 : 0.8944    ndcg@10 : 0.8967    ndcg@101 : 0.9111    mrr@5 : 0.8903    mrr@10 : 0.8912    mrr@101 : 0.8927    
Sat 07 Dec 2024 20:55:49 INFO  Saving current best: saved/MBHT-retail_beh-Dec-07-2024_20-29-01.pth
Sat 07 Dec 2024 20:58:44 INFO  epoch 9 training [time: 174.97s, train loss: 1266.9337]
Sat 07 Dec 2024 20:58:47 INFO  epoch 9 evaluating [time: 2.90s, valid_score: 0.898700]
Sat 07 Dec 2024 20:58:47 INFO  valid result: 
recall@5 : 0.908    recall@10 : 0.915    recall@101 : 1.0    ndcg@5 : 0.8964    ndcg@10 : 0.8987    ndcg@101 : 0.9123    mrr@5 : 0.8926    mrr@10 : 0.8935    mrr@101 : 0.8948    
Sat 07 Dec 2024 20:58:47 INFO  Saving current best: saved/MBHT-retail_beh-Dec-07-2024_20-29-01.pth
Sat 07 Dec 2024 21:01:43 INFO  epoch 10 training [time: 175.91s, train loss: 1200.9829]
Sat 07 Dec 2024 21:01:46 INFO  epoch 10 evaluating [time: 2.89s, valid_score: 0.895000]
Sat 07 Dec 2024 21:01:46 INFO  valid result: 
recall@5 : 0.904    recall@10 : 0.913    recall@101 : 1.0    ndcg@5 : 0.8921    ndcg@10 : 0.895    ndcg@101 : 0.9089    mrr@5 : 0.8881    mrr@10 : 0.8893    mrr@101 : 0.8906    
Sat 07 Dec 2024 21:04:41 INFO  epoch 11 training [time: 174.92s, train loss: 1150.9450]
Sat 07 Dec 2024 21:04:44 INFO  epoch 11 evaluating [time: 2.88s, valid_score: 0.896700]
Sat 07 Dec 2024 21:04:44 INFO  valid result: 
recall@5 : 0.905    recall@10 : 0.9115    recall@101 : 1.0    ndcg@5 : 0.8946    ndcg@10 : 0.8967    ndcg@101 : 0.9111    mrr@5 : 0.8911    mrr@10 : 0.892    mrr@101 : 0.8934    
Sat 07 Dec 2024 21:07:39 INFO  epoch 12 training [time: 174.81s, train loss: 1092.3154]
Sat 07 Dec 2024 21:07:41 INFO  epoch 12 evaluating [time: 2.87s, valid_score: 0.897400]
Sat 07 Dec 2024 21:07:41 INFO  valid result: 
recall@5 : 0.9095    recall@10 : 0.9145    recall@101 : 1.0    ndcg@5 : 0.8958    ndcg@10 : 0.8974    ndcg@101 : 0.911    mrr@5 : 0.8913    mrr@10 : 0.8919    mrr@101 : 0.8932    
Sat 07 Dec 2024 21:10:38 INFO  epoch 13 training [time: 176.31s, train loss: 1055.1184]
Sat 07 Dec 2024 21:10:41 INFO  epoch 13 evaluating [time: 2.94s, valid_score: 0.893500]
Sat 07 Dec 2024 21:10:41 INFO  valid result: 
recall@5 : 0.9035    recall@10 : 0.9105    recall@101 : 1.0    ndcg@5 : 0.8912    ndcg@10 : 0.8935    ndcg@101 : 0.9081    mrr@5 : 0.8871    mrr@10 : 0.8881    mrr@101 : 0.8896    
Sat 07 Dec 2024 21:13:38 INFO  epoch 14 training [time: 177.54s, train loss: 1015.1103]
Sat 07 Dec 2024 21:13:41 INFO  epoch 14 evaluating [time: 2.94s, valid_score: 0.892400]
Sat 07 Dec 2024 21:13:41 INFO  valid result: 
recall@5 : 0.9045    recall@10 : 0.91    recall@101 : 1.0    ndcg@5 : 0.8907    ndcg@10 : 0.8924    ndcg@101 : 0.9071    mrr@5 : 0.886    mrr@10 : 0.8868    mrr@101 : 0.8882    
Sat 07 Dec 2024 21:16:37 INFO  epoch 15 training [time: 175.64s, train loss: 977.4275]
Sat 07 Dec 2024 21:16:40 INFO  epoch 15 evaluating [time: 2.91s, valid_score: 0.894800]
Sat 07 Dec 2024 21:16:40 INFO  valid result: 
recall@5 : 0.906    recall@10 : 0.912    recall@101 : 1.0    ndcg@5 : 0.8929    ndcg@10 : 0.8948    ndcg@101 : 0.909    mrr@5 : 0.8886    mrr@10 : 0.8894    mrr@101 : 0.8908    
Sat 07 Dec 2024 21:19:35 INFO  epoch 16 training [time: 175.57s, train loss: 953.7390]
Sat 07 Dec 2024 21:19:38 INFO  epoch 16 evaluating [time: 2.89s, valid_score: 0.894500]
Sat 07 Dec 2024 21:19:38 INFO  valid result: 
recall@5 : 0.905    recall@10 : 0.9125    recall@101 : 1.0    ndcg@5 : 0.8921    ndcg@10 : 0.8945    ndcg@101 : 0.9085    mrr@5 : 0.8878    mrr@10 : 0.8887    mrr@101 : 0.89    
Sat 07 Dec 2024 21:22:34 INFO  epoch 17 training [time: 175.73s, train loss: 918.0428]
Sat 07 Dec 2024 21:22:37 INFO  epoch 17 evaluating [time: 2.90s, valid_score: 0.891100]
Sat 07 Dec 2024 21:22:37 INFO  valid result: 
recall@5 : 0.9025    recall@10 : 0.9095    recall@101 : 1.0    ndcg@5 : 0.8888    ndcg@10 : 0.8911    ndcg@101 : 0.9059    mrr@5 : 0.8842    mrr@10 : 0.8851    mrr@101 : 0.8867    
Sat 07 Dec 2024 21:25:31 INFO  epoch 18 training [time: 174.06s, train loss: 897.5474]
Sat 07 Dec 2024 21:25:34 INFO  epoch 18 evaluating [time: 2.89s, valid_score: 0.892100]
Sat 07 Dec 2024 21:25:34 INFO  valid result: 
recall@5 : 0.9035    recall@10 : 0.9105    recall@101 : 1.0    ndcg@5 : 0.8898    ndcg@10 : 0.8921    ndcg@101 : 0.9066    mrr@5 : 0.8852    mrr@10 : 0.8862    mrr@101 : 0.8877    
Sat 07 Dec 2024 21:28:31 INFO  epoch 19 training [time: 177.33s, train loss: 874.8527]
Sat 07 Dec 2024 21:28:34 INFO  epoch 19 evaluating [time: 3.00s, valid_score: 0.892800]
Sat 07 Dec 2024 21:28:34 INFO  valid result: 
recall@5 : 0.9025    recall@10 : 0.911    recall@101 : 1.0    ndcg@5 : 0.89    ndcg@10 : 0.8928    ndcg@101 : 0.9072    mrr@5 : 0.8858    mrr@10 : 0.887    mrr@101 : 0.8884    
Sat 07 Dec 2024 21:31:31 INFO  epoch 20 training [time: 177.30s, train loss: 851.0786]
Sat 07 Dec 2024 21:31:34 INFO  epoch 20 evaluating [time: 2.91s, valid_score: 0.889000]
Sat 07 Dec 2024 21:31:34 INFO  valid result: 
recall@5 : 0.901    recall@10 : 0.9065    recall@101 : 1.0    ndcg@5 : 0.8873    ndcg@10 : 0.889    ndcg@101 : 0.9044    mrr@5 : 0.8827    mrr@10 : 0.8834    mrr@101 : 0.885    
Sat 07 Dec 2024 21:31:34 INFO  Finished training, best eval result in epoch 9
Sat 07 Dec 2024 21:31:34 INFO  test result: {'recall@5': 0.908, 'recall@10': 0.915, 'recall@101': 1.0, 'ndcg@5': 0.8964, 'ndcg@10': 0.8987, 'ndcg@101': 0.9123, 'mrr@5': 0.8926, 'mrr@10': 0.8935, 'mrr@101': 0.8948}
