Sat 07 Dec 2024 16:36:28 INFO  PID: 246953
Sat 07 Dec 2024 16:36:28 INFO  Namespace(batch_size=2048, dataset='retail_beh', gpu_id=0, model='MBHT', valid_portion=0.1, validation=False)
Sat 07 Dec 2024 16:36:28 INFO  
General Hyper Parameters:
gpu_id = 0
use_gpu = True
seed = 2020
state = INFO
reproducibility = True
data_path = dataset/retail_beh
show_progress = True
save_dataset = False
save_dataloaders = False
benchmark_filename = ['train', 'test']

Training Hyper Parameters:
checkpoint_dir = saved
epochs = 300
train_batch_size = 64
learner = adam
learning_rate = 0.001
eval_step = 1
stopping_step = 10
clip_grad_norm = None
weight_decay = 0.0
loss_decimal_place = 4

Evaluation Hyper Parameters:
eval_args = {'mode': 'full', 'order': 'TO', 'split': {'RS': [0.8, 0.1, 0.1]}, 'group_by': 'user'}
metrics = ['Recall', 'NDCG', 'MRR']
topk = [5, 10, 101]
valid_metric = NDCG@10
valid_metric_bigger = True
eval_batch_size = 128
metric_decimal_place = 4

Dataset Hyper Parameters:
field_separator = 	
seq_separator =  
USER_ID_FIELD = session_id
ITEM_ID_FIELD = item_id
RATING_FIELD = rating
TIME_FIELD = timestamp
seq_len = None
LABEL_FIELD = label
threshold = None
NEG_PREFIX = neg_
load_col = None
unload_col = None
unused_col = None
additional_feat_suffix = None
rm_dup_inter = None
val_interval = None
filter_inter_by_user_or_item = True
user_inter_num_interval = [0,inf)
item_inter_num_interval = [0,inf)
alias_of_user_id = None
alias_of_item_id = ['item_id_list']
alias_of_entity_id = None
alias_of_relation_id = None
preload_weight = None
normalize_field = None
normalize_all = None
ITEM_LIST_LENGTH_FIELD = item_length
LIST_SUFFIX = _list
MAX_ITEM_LIST_LENGTH = 200
POSITION_FIELD = position_id
HEAD_ENTITY_ID_FIELD = head_id
TAIL_ENTITY_ID_FIELD = tail_id
RELATION_ID_FIELD = relation_id
ENTITY_ID_FIELD = entity_id

Other Hyper Parameters: 
neg_sampling = None
repeatable = True
n_layers = 2
n_heads = 2
hidden_size = 64
inner_size = 256
hidden_dropout_prob = 0.5
attn_dropout_prob = 0.5
hidden_act = gelu
layer_norm_eps = 1e-12
initializer_range = 0.02
mask_ratio = 0.2
loss_type = CE
customized_eval = 1
MODEL_TYPE = ModelType.SEQUENTIAL
hyper_len = 6
scales = [5, 4, 20]
enable_hg = 1
enable_ms = 1
abaltion = 
batch_size = 2048
MODEL_INPUT_TYPE = InputType.POINTWISE
eval_type = EvaluatorType.RANKING
device = cuda
train_neg_sample_args = {'strategy': 'none'}
eval_neg_sample_args = {'strategy': 'full', 'distribution': 'uniform'}


Sat 07 Dec 2024 16:36:29 INFO  retail_beh
The number of users: 30691
Average actions of users: 1.065167807103291
The number of items: 31240
Average actions of items: 3.388618223281849
The number of inters: 32690
The sparsity of the dataset: 99.99659048303167%
Remain Fields: ['session_id', 'item_id_list', 'item_type_list', 'item_id', 'item_length']
Sat 07 Dec 2024 16:36:30 INFO  MBHT(
  (type_embedding): Embedding(6, 64, padding_idx=0)
  (item_embedding): Embedding(31241, 64, padding_idx=0)
  (position_embedding): Embedding(201, 64)
  (trm_encoder): TransformerEncoder(
    (layer): ModuleList(
      (0-1): 2 x TransformerLayer(
        (multi_head_attention): MultiScaleAttention(
          (out_fc): Linear(in_features=260, out_features=200, bias=True)
          (attention1): LinearAttention(
            (E): Linear(in_features=200, out_features=5, bias=True)
            (F): Linear(in_features=200, out_features=5, bias=True)
            (W_V): Linear(in_features=64, out_features=64, bias=True)
            (W_K): Linear(in_features=64, out_features=64, bias=True)
            (W_Q): Linear(in_features=64, out_features=64, bias=True)
            (dense): Linear(in_features=64, out_features=64, bias=True)
            (attn_dropout): Dropout(p=0.5, inplace=False)
            (out_dropout): Dropout(p=0.5, inplace=False)
            (LayerNorm): LayerNorm((64,), eps=1e-12, elementwise_affine=True)
          )
          (attention2): MultiHeadAttention(
            (query): Linear(in_features=64, out_features=64, bias=True)
            (key): Linear(in_features=64, out_features=64, bias=True)
            (value): Linear(in_features=64, out_features=64, bias=True)
            (attn_dropout): Dropout(p=0.5, inplace=False)
            (dense): Linear(in_features=64, out_features=64, bias=True)
            (LayerNorm): LayerNorm((64,), eps=1e-12, elementwise_affine=True)
            (out_dropout): Dropout(p=0.5, inplace=False)
          )
        )
        (feed_forward): FeedForward(
          (dense_1): Linear(in_features=64, out_features=256, bias=True)
          (dense_2): Linear(in_features=256, out_features=64, bias=True)
          (LayerNorm): LayerNorm((64,), eps=1e-12, elementwise_affine=True)
          (dropout): Dropout(p=0.5, inplace=False)
        )
      )
    )
  )
  (hgnn_layer): HGNN(
    (hgc1): HGNN_conv()
    (hgc2): HGNN_conv()
    (out_fc): Linear(in_features=64, out_features=64, bias=True)
  )
  (LayerNorm): LayerNorm((64,), eps=1e-12, elementwise_affine=True)
  (dropout): Dropout(p=0.5, inplace=False)
  (hg_type_embedding): Embedding(6, 64, padding_idx=0)
)
Trainable parameters: 2276036
Sat 07 Dec 2024 16:36:37 INFO  epoch -1 evaluating [time: 6.78s, valid_score: 0.054900]
Sat 07 Dec 2024 16:36:37 INFO  valid result: 
recall@5 : 0.0625    recall@10 : 0.1245    recall@101 : 1.0    ndcg@5 : 0.0356    ndcg@10 : 0.0549    ndcg@101 : 0.2208    mrr@5 : 0.0271    mrr@10 : 0.0346    mrr@101 : 0.0609    
Sat 07 Dec 2024 16:42:17 INFO  epoch 0 training [time: 339.34s, train loss: 4528.8789]
Sat 07 Dec 2024 16:42:24 INFO  epoch 0 evaluating [time: 7.84s, valid_score: 0.676800]
Sat 07 Dec 2024 16:42:24 INFO  valid result: 
recall@5 : 0.7565    recall@10 : 0.827    recall@101 : 1.0    ndcg@5 : 0.6537    ndcg@10 : 0.6768    ndcg@101 : 0.7115    mrr@5 : 0.6196    mrr@10 : 0.6292    mrr@101 : 0.6356    
Sat 07 Dec 2024 16:42:25 INFO  Saving current best: saved/MBHT-retail_beh-Dec-07-2024_16-36-30.pth
Sat 07 Dec 2024 16:48:03 INFO  epoch 1 training [time: 338.31s, train loss: 3617.1582]
Sat 07 Dec 2024 16:48:10 INFO  epoch 1 evaluating [time: 7.42s, valid_score: 0.792500]
Sat 07 Dec 2024 16:48:10 INFO  valid result: 
recall@5 : 0.831    recall@10 : 0.861    recall@101 : 1.0    ndcg@5 : 0.7828    ndcg@10 : 0.7925    ndcg@101 : 0.8166    mrr@5 : 0.7667    mrr@10 : 0.7707    mrr@101 : 0.7737    
Sat 07 Dec 2024 16:48:11 INFO  Saving current best: saved/MBHT-retail_beh-Dec-07-2024_16-36-30.pth
Sat 07 Dec 2024 16:53:46 INFO  epoch 2 training [time: 335.11s, train loss: 2667.2281]
Sat 07 Dec 2024 16:53:52 INFO  epoch 2 evaluating [time: 6.77s, valid_score: 0.860100]
Sat 07 Dec 2024 16:53:52 INFO  valid result: 
recall@5 : 0.879    recall@10 : 0.889    recall@101 : 1.0    ndcg@5 : 0.8568    ndcg@10 : 0.8601    ndcg@101 : 0.879    mrr@5 : 0.8494    mrr@10 : 0.8507    mrr@101 : 0.853    
Sat 07 Dec 2024 16:53:53 INFO  Saving current best: saved/MBHT-retail_beh-Dec-07-2024_16-36-30.pth
Sat 07 Dec 2024 16:59:29 INFO  epoch 3 training [time: 336.09s, train loss: 2089.8741]
Sat 07 Dec 2024 16:59:36 INFO  epoch 3 evaluating [time: 7.42s, valid_score: 0.875900]
Sat 07 Dec 2024 16:59:36 INFO  valid result: 
recall@5 : 0.8905    recall@10 : 0.8965    recall@101 : 1.0    ndcg@5 : 0.8739    ndcg@10 : 0.8759    ndcg@101 : 0.8932    mrr@5 : 0.8684    mrr@10 : 0.8691    mrr@101 : 0.8711    
Sat 07 Dec 2024 16:59:36 INFO  Saving current best: saved/MBHT-retail_beh-Dec-07-2024_16-36-30.pth
Sat 07 Dec 2024 17:05:10 INFO  epoch 4 training [time: 333.74s, train loss: 1818.9281]
Sat 07 Dec 2024 17:05:18 INFO  epoch 4 evaluating [time: 7.79s, valid_score: 0.879000]
Sat 07 Dec 2024 17:05:18 INFO  valid result: 
recall@5 : 0.8925    recall@10 : 0.8985    recall@101 : 1.0    ndcg@5 : 0.877    ndcg@10 : 0.879    ndcg@101 : 0.8961    mrr@5 : 0.8718    mrr@10 : 0.8726    mrr@101 : 0.8746    
Sat 07 Dec 2024 17:05:18 INFO  Saving current best: saved/MBHT-retail_beh-Dec-07-2024_16-36-30.pth
Sat 07 Dec 2024 17:10:56 INFO  epoch 5 training [time: 337.92s, train loss: 1641.3383]
Sat 07 Dec 2024 17:11:03 INFO  epoch 5 evaluating [time: 7.60s, valid_score: 0.885600]
Sat 07 Dec 2024 17:11:03 INFO  valid result: 
recall@5 : 0.8975    recall@10 : 0.9055    recall@101 : 1.0    ndcg@5 : 0.883    ndcg@10 : 0.8856    ndcg@101 : 0.9025    mrr@5 : 0.8781    mrr@10 : 0.8793    mrr@101 : 0.8815    
Sat 07 Dec 2024 17:11:04 INFO  Saving current best: saved/MBHT-retail_beh-Dec-07-2024_16-36-30.pth
Sat 07 Dec 2024 17:16:40 INFO  epoch 6 training [time: 336.02s, train loss: 1521.3961]
Sat 07 Dec 2024 17:16:47 INFO  epoch 6 evaluating [time: 7.41s, valid_score: 0.895700]
Sat 07 Dec 2024 17:16:47 INFO  valid result: 
recall@5 : 0.9    recall@10 : 0.9135    recall@101 : 1.0    ndcg@5 : 0.8914    ndcg@10 : 0.8957    ndcg@101 : 0.912    mrr@5 : 0.8884    mrr@10 : 0.8902    mrr@101 : 0.8927    
Sat 07 Dec 2024 17:16:47 INFO  Saving current best: saved/MBHT-retail_beh-Dec-07-2024_16-36-30.pth
Sat 07 Dec 2024 17:22:30 INFO  epoch 7 training [time: 343.13s, train loss: 1423.6754]
Sat 07 Dec 2024 17:22:38 INFO  epoch 7 evaluating [time: 7.64s, valid_score: 0.894500]
Sat 07 Dec 2024 17:22:38 INFO  valid result: 
recall@5 : 0.909    recall@10 : 0.9135    recall@101 : 1.0    ndcg@5 : 0.8931    ndcg@10 : 0.8945    ndcg@101 : 0.9089    mrr@5 : 0.8878    mrr@10 : 0.8884    mrr@101 : 0.8899    
Sat 07 Dec 2024 17:28:13 INFO  epoch 8 training [time: 334.90s, train loss: 1340.0908]
Sat 07 Dec 2024 17:28:20 INFO  epoch 8 evaluating [time: 7.28s, valid_score: 0.898000]
Sat 07 Dec 2024 17:28:20 INFO  valid result: 
recall@5 : 0.9075    recall@10 : 0.915    recall@101 : 1.0    ndcg@5 : 0.8955    ndcg@10 : 0.898    ndcg@101 : 0.9133    mrr@5 : 0.8916    mrr@10 : 0.8926    mrr@101 : 0.8946    
Sat 07 Dec 2024 17:28:20 INFO  Saving current best: saved/MBHT-retail_beh-Dec-07-2024_16-36-30.pth
Sat 07 Dec 2024 17:33:57 INFO  epoch 9 training [time: 336.59s, train loss: 1282.8201]
Sat 07 Dec 2024 17:34:05 INFO  epoch 9 evaluating [time: 7.88s, valid_score: 0.896800]
Sat 07 Dec 2024 17:34:05 INFO  valid result: 
recall@5 : 0.906    recall@10 : 0.9145    recall@101 : 1.0    ndcg@5 : 0.894    ndcg@10 : 0.8968    ndcg@101 : 0.9112    mrr@5 : 0.89    mrr@10 : 0.8912    mrr@101 : 0.8929    
Sat 07 Dec 2024 17:39:42 INFO  epoch 10 training [time: 337.18s, train loss: 1215.5818]
Sat 07 Dec 2024 17:39:50 INFO  epoch 10 evaluating [time: 7.59s, valid_score: 0.893500]
Sat 07 Dec 2024 17:39:50 INFO  valid result: 
recall@5 : 0.9075    recall@10 : 0.914    recall@101 : 1.0    ndcg@5 : 0.8914    ndcg@10 : 0.8935    ndcg@101 : 0.9078    mrr@5 : 0.886    mrr@10 : 0.8869    mrr@101 : 0.8885    
Sat 07 Dec 2024 17:45:28 INFO  epoch 11 training [time: 338.31s, train loss: 1165.4068]
Sat 07 Dec 2024 17:45:36 INFO  epoch 11 evaluating [time: 7.66s, valid_score: 0.898400]
Sat 07 Dec 2024 17:45:36 INFO  valid result: 
recall@5 : 0.9085    recall@10 : 0.915    recall@101 : 1.0    ndcg@5 : 0.8962    ndcg@10 : 0.8984    ndcg@101 : 0.9126    mrr@5 : 0.8921    mrr@10 : 0.893    mrr@101 : 0.8946    
Sat 07 Dec 2024 17:45:36 INFO  Saving current best: saved/MBHT-retail_beh-Dec-07-2024_16-36-30.pth
Sat 07 Dec 2024 17:51:13 INFO  epoch 12 training [time: 337.16s, train loss: 1103.6175]
Sat 07 Dec 2024 17:51:21 INFO  epoch 12 evaluating [time: 7.67s, valid_score: 0.897200]
Sat 07 Dec 2024 17:51:21 INFO  valid result: 
recall@5 : 0.9065    recall@10 : 0.916    recall@101 : 1.0    ndcg@5 : 0.8941    ndcg@10 : 0.8972    ndcg@101 : 0.9111    mrr@5 : 0.8899    mrr@10 : 0.8913    mrr@101 : 0.8928    
Sat 07 Dec 2024 17:56:58 INFO  epoch 13 training [time: 337.88s, train loss: 1056.7610]
Sat 07 Dec 2024 17:57:06 INFO  epoch 13 evaluating [time: 7.36s, valid_score: 0.900500]
Sat 07 Dec 2024 17:57:06 INFO  valid result: 
recall@5 : 0.9105    recall@10 : 0.9165    recall@101 : 1.0    ndcg@5 : 0.8986    ndcg@10 : 0.9005    ndcg@101 : 0.9148    mrr@5 : 0.8946    mrr@10 : 0.8954    mrr@101 : 0.8971    
Sat 07 Dec 2024 17:57:06 INFO  Saving current best: saved/MBHT-retail_beh-Dec-07-2024_16-36-30.pth
Sat 07 Dec 2024 18:02:44 INFO  epoch 14 training [time: 338.39s, train loss: 1021.9794]
Sat 07 Dec 2024 18:02:52 INFO  epoch 14 evaluating [time: 7.83s, valid_score: 0.899800]
Sat 07 Dec 2024 18:02:52 INFO  valid result: 
recall@5 : 0.909    recall@10 : 0.92    recall@101 : 1.0    ndcg@5 : 0.8962    ndcg@10 : 0.8998    ndcg@101 : 0.9152    mrr@5 : 0.8919    mrr@10 : 0.8933    mrr@101 : 0.8959    
Sat 07 Dec 2024 18:08:31 INFO  epoch 15 training [time: 338.57s, train loss: 978.3652]
Sat 07 Dec 2024 18:08:38 INFO  epoch 15 evaluating [time: 7.72s, valid_score: 0.906300]
Sat 07 Dec 2024 18:08:38 INFO  valid result: 
recall@5 : 0.912    recall@10 : 0.9425    recall@101 : 1.0    ndcg@5 : 0.8965    ndcg@10 : 0.9063    ndcg@101 : 0.9167    mrr@5 : 0.8914    mrr@10 : 0.8954    mrr@101 : 0.8969    
Sat 07 Dec 2024 18:08:39 INFO  Saving current best: saved/MBHT-retail_beh-Dec-07-2024_16-36-30.pth
Sat 07 Dec 2024 18:14:16 INFO  epoch 16 training [time: 337.61s, train loss: 954.2286]
Sat 07 Dec 2024 18:14:24 INFO  epoch 16 evaluating [time: 7.21s, valid_score: 0.897800]
Sat 07 Dec 2024 18:14:24 INFO  valid result: 
recall@5 : 0.91    recall@10 : 0.9185    recall@101 : 1.0    ndcg@5 : 0.895    ndcg@10 : 0.8978    ndcg@101 : 0.9118    mrr@5 : 0.8899    mrr@10 : 0.8912    mrr@101 : 0.8929    
Sat 07 Dec 2024 18:20:02 INFO  epoch 17 training [time: 338.12s, train loss: 914.7700]
Sat 07 Dec 2024 18:20:09 INFO  epoch 17 evaluating [time: 7.55s, valid_score: 0.919300]
Sat 07 Dec 2024 18:20:09 INFO  valid result: 
recall@5 : 0.9335    recall@10 : 0.9415    recall@101 : 1.0    ndcg@5 : 0.9167    ndcg@10 : 0.9193    ndcg@101 : 0.9296    mrr@5 : 0.911    mrr@10 : 0.9121    mrr@101 : 0.9135    
Sat 07 Dec 2024 18:20:09 INFO  Saving current best: saved/MBHT-retail_beh-Dec-07-2024_16-36-30.pth
Sat 07 Dec 2024 18:25:45 INFO  epoch 18 training [time: 335.65s, train loss: 895.9390]
Sat 07 Dec 2024 18:25:52 INFO  epoch 18 evaluating [time: 7.33s, valid_score: 0.926000]
Sat 07 Dec 2024 18:25:52 INFO  valid result: 
recall@5 : 0.9365    recall@10 : 0.9455    recall@101 : 1.0    ndcg@5 : 0.923    ndcg@10 : 0.926    ndcg@101 : 0.9356    mrr@5 : 0.9185    mrr@10 : 0.9198    mrr@101 : 0.9211    
Sat 07 Dec 2024 18:25:52 INFO  Saving current best: saved/MBHT-retail_beh-Dec-07-2024_16-36-30.pth
Sat 07 Dec 2024 18:31:31 INFO  epoch 19 training [time: 338.78s, train loss: 876.6071]
Sat 07 Dec 2024 18:31:39 INFO  epoch 19 evaluating [time: 7.83s, valid_score: 0.924600]
Sat 07 Dec 2024 18:31:39 INFO  valid result: 
recall@5 : 0.9385    recall@10 : 0.9455    recall@101 : 1.0    ndcg@5 : 0.9222    ndcg@10 : 0.9246    ndcg@101 : 0.9343    mrr@5 : 0.9168    mrr@10 : 0.9177    mrr@101 : 0.919    
Sat 07 Dec 2024 18:37:16 INFO  epoch 20 training [time: 337.03s, train loss: 853.1411]
Sat 07 Dec 2024 18:37:24 INFO  epoch 20 evaluating [time: 7.55s, valid_score: 0.922800]
Sat 07 Dec 2024 18:37:24 INFO  valid result: 
recall@5 : 0.9345    recall@10 : 0.946    recall@101 : 1.0    ndcg@5 : 0.919    ndcg@10 : 0.9228    ndcg@101 : 0.9322    mrr@5 : 0.9137    mrr@10 : 0.9153    mrr@101 : 0.9165    
Sat 07 Dec 2024 18:42:59 INFO  epoch 21 training [time: 335.80s, train loss: 831.9847]
Sat 07 Dec 2024 18:43:07 INFO  epoch 21 evaluating [time: 7.76s, valid_score: 0.921900]
Sat 07 Dec 2024 18:43:07 INFO  valid result: 
recall@5 : 0.9315    recall@10 : 0.9425    recall@101 : 1.0    ndcg@5 : 0.9183    ndcg@10 : 0.9219    ndcg@101 : 0.9318    mrr@5 : 0.9138    mrr@10 : 0.9153    mrr@101 : 0.9165    
Sat 07 Dec 2024 18:48:47 INFO  epoch 22 training [time: 339.28s, train loss: 806.9145]
Sat 07 Dec 2024 18:48:54 INFO  epoch 22 evaluating [time: 7.55s, valid_score: 0.929700]
Sat 07 Dec 2024 18:48:54 INFO  valid result: 
recall@5 : 0.945    recall@10 : 0.9535    recall@101 : 1.0    ndcg@5 : 0.9269    ndcg@10 : 0.9297    ndcg@101 : 0.938    mrr@5 : 0.9208    mrr@10 : 0.922    mrr@101 : 0.9231    
Sat 07 Dec 2024 18:48:54 INFO  Saving current best: saved/MBHT-retail_beh-Dec-07-2024_16-36-30.pth
Sat 07 Dec 2024 18:54:33 INFO  epoch 23 training [time: 338.51s, train loss: 796.0778]
Sat 07 Dec 2024 18:54:40 INFO  epoch 23 evaluating [time: 7.36s, valid_score: 0.912200]
Sat 07 Dec 2024 18:54:40 INFO  valid result: 
recall@5 : 0.932    recall@10 : 0.944    recall@101 : 1.0    ndcg@5 : 0.9083    ndcg@10 : 0.9122    ndcg@101 : 0.9219    mrr@5 : 0.9001    mrr@10 : 0.9017    mrr@101 : 0.9029    
Sat 07 Dec 2024 19:00:16 INFO  epoch 24 training [time: 335.57s, train loss: 783.5547]
Sat 07 Dec 2024 19:00:24 INFO  epoch 24 evaluating [time: 7.81s, valid_score: 0.920200]
Sat 07 Dec 2024 19:00:24 INFO  valid result: 
recall@5 : 0.928    recall@10 : 0.945    recall@101 : 1.0    ndcg@5 : 0.9146    ndcg@10 : 0.9202    ndcg@101 : 0.9298    mrr@5 : 0.9101    mrr@10 : 0.9124    mrr@101 : 0.9137    
Sat 07 Dec 2024 19:06:03 INFO  epoch 25 training [time: 339.50s, train loss: 761.4410]
Sat 07 Dec 2024 19:06:10 INFO  epoch 25 evaluating [time: 7.48s, valid_score: 0.918400]
Sat 07 Dec 2024 19:06:10 INFO  valid result: 
recall@5 : 0.93    recall@10 : 0.9435    recall@101 : 1.0    ndcg@5 : 0.9142    ndcg@10 : 0.9184    ndcg@101 : 0.9282    mrr@5 : 0.9088    mrr@10 : 0.9105    mrr@101 : 0.9117    
Sat 07 Dec 2024 19:11:47 INFO  epoch 26 training [time: 336.51s, train loss: 743.3222]
Sat 07 Dec 2024 19:11:55 INFO  epoch 26 evaluating [time: 7.91s, valid_score: 0.916100]
Sat 07 Dec 2024 19:11:55 INFO  valid result: 
recall@5 : 0.9315    recall@10 : 0.938    recall@101 : 1.0    ndcg@5 : 0.914    ndcg@10 : 0.9161    ndcg@101 : 0.9271    mrr@5 : 0.9082    mrr@10 : 0.909    mrr@101 : 0.9105    
Sat 07 Dec 2024 19:17:32 INFO  epoch 27 training [time: 336.76s, train loss: 735.8201]
Sat 07 Dec 2024 19:17:39 INFO  epoch 27 evaluating [time: 7.45s, valid_score: 0.886200]
Sat 07 Dec 2024 19:17:39 INFO  valid result: 
recall@5 : 0.8985    recall@10 : 0.9085    recall@101 : 1.0    ndcg@5 : 0.883    ndcg@10 : 0.8862    ndcg@101 : 0.9027    mrr@5 : 0.8778    mrr@10 : 0.8792    mrr@101 : 0.8814    
Sat 07 Dec 2024 19:23:16 INFO  epoch 28 training [time: 336.98s, train loss: 724.3833]
Sat 07 Dec 2024 19:23:24 INFO  epoch 28 evaluating [time: 7.59s, valid_score: 0.897300]
Sat 07 Dec 2024 19:23:24 INFO  valid result: 
recall@5 : 0.926    recall@10 : 0.939    recall@101 : 1.0    ndcg@5 : 0.8932    ndcg@10 : 0.8973    ndcg@101 : 0.908    mrr@5 : 0.8824    mrr@10 : 0.8841    mrr@101 : 0.8855    
Sat 07 Dec 2024 19:29:00 INFO  epoch 29 training [time: 336.73s, train loss: 711.0470]
Sat 07 Dec 2024 19:29:08 INFO  epoch 29 evaluating [time: 8.07s, valid_score: 0.914300]
Sat 07 Dec 2024 19:29:08 INFO  valid result: 
recall@5 : 0.9295    recall@10 : 0.935    recall@101 : 1.0    ndcg@5 : 0.9125    ndcg@10 : 0.9143    ndcg@101 : 0.9255    mrr@5 : 0.9068    mrr@10 : 0.9075    mrr@101 : 0.9089    
Sat 07 Dec 2024 19:34:46 INFO  epoch 30 training [time: 337.99s, train loss: 700.6312]
Sat 07 Dec 2024 19:34:54 INFO  epoch 30 evaluating [time: 7.73s, valid_score: 0.889400]
Sat 07 Dec 2024 19:34:54 INFO  valid result: 
recall@5 : 0.9    recall@10 : 0.9125    recall@101 : 1.0    ndcg@5 : 0.8854    ndcg@10 : 0.8894    ndcg@101 : 0.9057    mrr@5 : 0.8805    mrr@10 : 0.8822    mrr@101 : 0.8846    
Sat 07 Dec 2024 19:40:35 INFO  epoch 31 training [time: 340.68s, train loss: 686.7653]
Sat 07 Dec 2024 19:40:43 INFO  epoch 31 evaluating [time: 7.67s, valid_score: 0.917200]
Sat 07 Dec 2024 19:40:43 INFO  valid result: 
recall@5 : 0.9315    recall@10 : 0.943    recall@101 : 1.0    ndcg@5 : 0.9134    ndcg@10 : 0.9172    ndcg@101 : 0.927    mrr@5 : 0.9073    mrr@10 : 0.9089    mrr@101 : 0.9101    
Sat 07 Dec 2024 19:46:23 INFO  epoch 32 training [time: 339.95s, train loss: 666.2737]
Sat 07 Dec 2024 19:46:30 INFO  epoch 32 evaluating [time: 7.80s, valid_score: 0.891100]
Sat 07 Dec 2024 19:46:30 INFO  valid result: 
recall@5 : 0.9025    recall@10 : 0.912    recall@101 : 1.0    ndcg@5 : 0.8881    ndcg@10 : 0.8911    ndcg@101 : 0.9071    mrr@5 : 0.8832    mrr@10 : 0.8845    mrr@101 : 0.8868    
Sat 07 Dec 2024 19:52:09 INFO  epoch 33 training [time: 338.28s, train loss: 671.0400]
Sat 07 Dec 2024 19:52:16 INFO  epoch 33 evaluating [time: 7.51s, valid_score: 0.896200]
Sat 07 Dec 2024 19:52:16 INFO  valid result: 
recall@5 : 0.905    recall@10 : 0.93    recall@101 : 1.0    ndcg@5 : 0.888    ndcg@10 : 0.8962    ndcg@101 : 0.9091    mrr@5 : 0.8823    mrr@10 : 0.8858    mrr@101 : 0.8878    
Sat 07 Dec 2024 19:52:16 INFO  Finished training, best eval result in epoch 22
Sat 07 Dec 2024 19:52:16 INFO  test result: {'recall@5': 0.945, 'recall@10': 0.9535, 'recall@101': 1.0, 'ndcg@5': 0.9269, 'ndcg@10': 0.9297, 'ndcg@101': 0.938, 'mrr@5': 0.9208, 'mrr@10': 0.922, 'mrr@101': 0.9231}
