Sat 07 Dec 2024 13:50:15 INFO  PID: 4171988
Sat 07 Dec 2024 13:50:15 INFO  Namespace(batch_size=2048, dataset='retail_beh', gpu_id=0, model='MBHT', valid_portion=0.1, validation=False)
Sat 07 Dec 2024 13:50:15 INFO  
General Hyper Parameters:
gpu_id = 0
use_gpu = True
seed = 2020
state = INFO
reproducibility = True
data_path = dataset/retail_beh
show_progress = True
save_dataset = False
save_dataloaders = False
benchmark_filename = ['train', 'test']

Training Hyper Parameters:
checkpoint_dir = saved
epochs = 300
train_batch_size = 64
learner = adam
learning_rate = 0.001
eval_step = 1
stopping_step = 10
clip_grad_norm = None
weight_decay = 0.0
loss_decimal_place = 4

Evaluation Hyper Parameters:
eval_args = {'mode': 'full', 'order': 'TO', 'split': {'RS': [0.8, 0.1, 0.1]}, 'group_by': 'user'}
metrics = ['Recall', 'NDCG', 'MRR']
topk = [5, 10, 101]
valid_metric = NDCG@10
valid_metric_bigger = True
eval_batch_size = 128
metric_decimal_place = 4

Dataset Hyper Parameters:
field_separator = 	
seq_separator =  
USER_ID_FIELD = session_id
ITEM_ID_FIELD = item_id
RATING_FIELD = rating
TIME_FIELD = timestamp
seq_len = None
LABEL_FIELD = label
threshold = None
NEG_PREFIX = neg_
load_col = None
unload_col = None
unused_col = None
additional_feat_suffix = None
rm_dup_inter = None
val_interval = None
filter_inter_by_user_or_item = True
user_inter_num_interval = [0,inf)
item_inter_num_interval = [0,inf)
alias_of_user_id = None
alias_of_item_id = ['item_id_list']
alias_of_entity_id = None
alias_of_relation_id = None
preload_weight = None
normalize_field = None
normalize_all = None
ITEM_LIST_LENGTH_FIELD = item_length
LIST_SUFFIX = _list
MAX_ITEM_LIST_LENGTH = 200
POSITION_FIELD = position_id
HEAD_ENTITY_ID_FIELD = head_id
TAIL_ENTITY_ID_FIELD = tail_id
RELATION_ID_FIELD = relation_id
ENTITY_ID_FIELD = entity_id

Other Hyper Parameters: 
neg_sampling = None
repeatable = True
n_layers = 2
n_heads = 2
hidden_size = 64
inner_size = 256
hidden_dropout_prob = 0.5
attn_dropout_prob = 0.5
hidden_act = gelu
layer_norm_eps = 1e-12
initializer_range = 0.02
mask_ratio = 0.2
loss_type = CE
customized_eval = 1
MODEL_TYPE = ModelType.SEQUENTIAL
hyper_len = 6
scales = [5, 4, 20]
enable_hg = 1
enable_ms = 1
abaltion = 
batch_size = 2048
MODEL_INPUT_TYPE = InputType.POINTWISE
eval_type = EvaluatorType.RANKING
device = cuda
train_neg_sample_args = {'strategy': 'none'}
eval_neg_sample_args = {'strategy': 'full', 'distribution': 'uniform'}


Sat 07 Dec 2024 13:50:16 INFO  retail_beh
The number of users: 30691
Average actions of users: 1.065167807103291
The number of items: 31240
Average actions of items: 3.388618223281849
The number of inters: 32690
The sparsity of the dataset: 99.99659048303167%
Remain Fields: ['session_id', 'item_id_list', 'item_type_list', 'item_id', 'item_length']
Sat 07 Dec 2024 13:50:18 INFO  MBHT(
  (type_embedding): Embedding(6, 64, padding_idx=0)
  (item_embedding): Embedding(31241, 64, padding_idx=0)
  (position_embedding): Embedding(201, 64)
  (trm_encoder): TransformerEncoder(
    (layer): ModuleList(
      (0-1): 2 x TransformerLayer(
        (multi_head_attention): MultiScaleAttention(
          (out_fc): Linear(in_features=260, out_features=200, bias=True)
          (attention1): LinearAttention(
            (E): Linear(in_features=200, out_features=5, bias=True)
            (F): Linear(in_features=200, out_features=5, bias=True)
            (W_V): Linear(in_features=64, out_features=64, bias=True)
            (W_K): Linear(in_features=64, out_features=64, bias=True)
            (W_Q): Linear(in_features=64, out_features=64, bias=True)
            (dense): Linear(in_features=64, out_features=64, bias=True)
            (attn_dropout): Dropout(p=0.5, inplace=False)
            (out_dropout): Dropout(p=0.5, inplace=False)
            (LayerNorm): LayerNorm((64,), eps=1e-12, elementwise_affine=True)
          )
          (attention2): MultiHeadAttention(
            (query): Linear(in_features=64, out_features=64, bias=True)
            (key): Linear(in_features=64, out_features=64, bias=True)
            (value): Linear(in_features=64, out_features=64, bias=True)
            (attn_dropout): Dropout(p=0.5, inplace=False)
            (dense): Linear(in_features=64, out_features=64, bias=True)
            (LayerNorm): LayerNorm((64,), eps=1e-12, elementwise_affine=True)
            (out_dropout): Dropout(p=0.5, inplace=False)
          )
        )
        (feed_forward): FeedForward(
          (dense_1): Linear(in_features=64, out_features=256, bias=True)
          (dense_2): Linear(in_features=256, out_features=64, bias=True)
          (LayerNorm): LayerNorm((64,), eps=1e-12, elementwise_affine=True)
          (dropout): Dropout(p=0.5, inplace=False)
        )
      )
    )
  )
  (hgnn_layer): HGNN(
    (hgc1): HGNN_conv()
    (hgc2): HGNN_conv()
    (out_fc): Linear(in_features=64, out_features=64, bias=True)
  )
  (LayerNorm): LayerNorm((64,), eps=1e-12, elementwise_affine=True)
  (dropout): Dropout(p=0.5, inplace=False)
  (hg_type_embedding): Embedding(6, 64, padding_idx=0)
)
Trainable parameters: 2276036
Sat 07 Dec 2024 13:50:22 INFO  epoch -1 evaluating [time: 3.59s, valid_score: 0.054900]
Sat 07 Dec 2024 13:50:22 INFO  valid result: 
recall@5 : 0.0625    recall@10 : 0.1245    recall@101 : 1.0    ndcg@5 : 0.0356    ndcg@10 : 0.0549    ndcg@101 : 0.2208    mrr@5 : 0.0271    mrr@10 : 0.0346    mrr@101 : 0.0609    
Sat 07 Dec 2024 13:53:15 INFO  epoch 0 training [time: 173.50s, train loss: 4537.5560]
Sat 07 Dec 2024 13:53:18 INFO  epoch 0 evaluating [time: 2.92s, valid_score: 0.552600]
Sat 07 Dec 2024 13:53:18 INFO  valid result: 
recall@5 : 0.629    recall@10 : 0.7195    recall@101 : 1.0    ndcg@5 : 0.5235    ndcg@10 : 0.5526    ndcg@101 : 0.609    mrr@5 : 0.4883    mrr@10 : 0.5002    mrr@101 : 0.5106    
Sat 07 Dec 2024 13:53:18 INFO  Saving current best: saved/MBHT-retail_beh-Dec-07-2024_13-50-18.pth
Sat 07 Dec 2024 13:56:11 INFO  epoch 1 training [time: 173.24s, train loss: 3644.0863]
Sat 07 Dec 2024 13:56:14 INFO  epoch 1 evaluating [time: 2.89s, valid_score: 0.780700]
Sat 07 Dec 2024 13:56:14 INFO  valid result: 
recall@5 : 0.8185    recall@10 : 0.849    recall@101 : 1.0    ndcg@5 : 0.7709    ndcg@10 : 0.7807    ndcg@101 : 0.8077    mrr@5 : 0.7547    mrr@10 : 0.7587    mrr@101 : 0.7625    
Sat 07 Dec 2024 13:56:14 INFO  Saving current best: saved/MBHT-retail_beh-Dec-07-2024_13-50-18.pth
Sat 07 Dec 2024 13:59:08 INFO  epoch 2 training [time: 173.25s, train loss: 2667.2435]
Sat 07 Dec 2024 13:59:10 INFO  epoch 2 evaluating [time: 2.94s, valid_score: 0.865000]
Sat 07 Dec 2024 13:59:10 INFO  valid result: 
recall@5 : 0.8845    recall@10 : 0.894    recall@101 : 1.0    ndcg@5 : 0.8619    ndcg@10 : 0.865    ndcg@101 : 0.8828    mrr@5 : 0.8542    mrr@10 : 0.8555    mrr@101 : 0.8575    
Sat 07 Dec 2024 13:59:11 INFO  Saving current best: saved/MBHT-retail_beh-Dec-07-2024_13-50-18.pth
Sat 07 Dec 2024 14:02:05 INFO  epoch 3 training [time: 174.14s, train loss: 2075.9052]
Sat 07 Dec 2024 14:02:08 INFO  epoch 3 evaluating [time: 2.89s, valid_score: 0.875900]
Sat 07 Dec 2024 14:02:08 INFO  valid result: 
recall@5 : 0.888    recall@10 : 0.898    recall@101 : 1.0    ndcg@5 : 0.8727    ndcg@10 : 0.8759    ndcg@101 : 0.8928    mrr@5 : 0.8675    mrr@10 : 0.8689    mrr@101 : 0.8707    
Sat 07 Dec 2024 14:02:08 INFO  Saving current best: saved/MBHT-retail_beh-Dec-07-2024_13-50-18.pth
Sat 07 Dec 2024 14:05:01 INFO  epoch 4 training [time: 173.53s, train loss: 1801.6691]
Sat 07 Dec 2024 14:05:04 INFO  epoch 4 evaluating [time: 2.82s, valid_score: 0.875800]
Sat 07 Dec 2024 14:05:04 INFO  valid result: 
recall@5 : 0.89    recall@10 : 0.897    recall@101 : 1.0    ndcg@5 : 0.8735    ndcg@10 : 0.8758    ndcg@101 : 0.8929    mrr@5 : 0.868    mrr@10 : 0.869    mrr@101 : 0.8709    
Sat 07 Dec 2024 14:07:58 INFO  epoch 5 training [time: 174.34s, train loss: 1623.5200]
Sat 07 Dec 2024 14:08:01 INFO  epoch 5 evaluating [time: 2.83s, valid_score: 0.888500]
Sat 07 Dec 2024 14:08:01 INFO  valid result: 
recall@5 : 0.899    recall@10 : 0.9075    recall@101 : 1.0    ndcg@5 : 0.8858    ndcg@10 : 0.8885    ndcg@101 : 0.9043    mrr@5 : 0.8813    mrr@10 : 0.8824    mrr@101 : 0.8843    
Sat 07 Dec 2024 14:08:01 INFO  Saving current best: saved/MBHT-retail_beh-Dec-07-2024_13-50-18.pth
Sat 07 Dec 2024 14:10:56 INFO  epoch 6 training [time: 174.53s, train loss: 1506.1976]
Sat 07 Dec 2024 14:10:59 INFO  epoch 6 evaluating [time: 2.85s, valid_score: 0.889700]
Sat 07 Dec 2024 14:10:59 INFO  valid result: 
recall@5 : 0.9025    recall@10 : 0.907    recall@101 : 1.0    ndcg@5 : 0.8883    ndcg@10 : 0.8897    ndcg@101 : 0.9054    mrr@5 : 0.8835    mrr@10 : 0.8841    mrr@101 : 0.8859    
Sat 07 Dec 2024 14:10:59 INFO  Saving current best: saved/MBHT-retail_beh-Dec-07-2024_13-50-18.pth
Sat 07 Dec 2024 14:13:55 INFO  epoch 7 training [time: 176.55s, train loss: 1410.9883]
Sat 07 Dec 2024 14:13:58 INFO  epoch 7 evaluating [time: 2.95s, valid_score: 0.891500]
Sat 07 Dec 2024 14:13:58 INFO  valid result: 
recall@5 : 0.9035    recall@10 : 0.9095    recall@101 : 1.0    ndcg@5 : 0.8895    ndcg@10 : 0.8915    ndcg@101 : 0.9066    mrr@5 : 0.8848    mrr@10 : 0.8856    mrr@101 : 0.8873    
Sat 07 Dec 2024 14:13:58 INFO  Saving current best: saved/MBHT-retail_beh-Dec-07-2024_13-50-18.pth
Sat 07 Dec 2024 14:16:56 INFO  epoch 8 training [time: 177.77s, train loss: 1327.8735]
Sat 07 Dec 2024 14:16:59 INFO  epoch 8 evaluating [time: 2.94s, valid_score: 0.895300]
Sat 07 Dec 2024 14:16:59 INFO  valid result: 
recall@5 : 0.9065    recall@10 : 0.9145    recall@101 : 1.0    ndcg@5 : 0.8928    ndcg@10 : 0.8953    ndcg@101 : 0.911    mrr@5 : 0.8882    mrr@10 : 0.8892    mrr@101 : 0.8914    
Sat 07 Dec 2024 14:16:59 INFO  Saving current best: saved/MBHT-retail_beh-Dec-07-2024_13-50-18.pth
Sat 07 Dec 2024 14:19:56 INFO  epoch 9 training [time: 176.69s, train loss: 1272.0480]
Sat 07 Dec 2024 14:19:59 INFO  epoch 9 evaluating [time: 2.96s, valid_score: 0.897400]
Sat 07 Dec 2024 14:19:59 INFO  valid result: 
recall@5 : 0.907    recall@10 : 0.9125    recall@101 : 1.0    ndcg@5 : 0.8957    ndcg@10 : 0.8974    ndcg@101 : 0.9122    mrr@5 : 0.8918    mrr@10 : 0.8926    mrr@101 : 0.8941    
Sat 07 Dec 2024 14:19:59 INFO  Saving current best: saved/MBHT-retail_beh-Dec-07-2024_13-50-18.pth
Sat 07 Dec 2024 14:22:55 INFO  epoch 10 training [time: 176.08s, train loss: 1203.2029]
Sat 07 Dec 2024 14:22:58 INFO  epoch 10 evaluating [time: 2.89s, valid_score: 0.892300]
Sat 07 Dec 2024 14:22:58 INFO  valid result: 
recall@5 : 0.9055    recall@10 : 0.9105    recall@101 : 1.0    ndcg@5 : 0.8906    ndcg@10 : 0.8923    ndcg@101 : 0.9069    mrr@5 : 0.8856    mrr@10 : 0.8864    mrr@101 : 0.8878    
Sat 07 Dec 2024 14:25:54 INFO  epoch 11 training [time: 176.11s, train loss: 1151.7053]
Sat 07 Dec 2024 14:25:57 INFO  epoch 11 evaluating [time: 2.89s, valid_score: 0.894100]
Sat 07 Dec 2024 14:25:57 INFO  valid result: 
recall@5 : 0.9055    recall@10 : 0.9125    recall@101 : 1.0    ndcg@5 : 0.8918    ndcg@10 : 0.8941    ndcg@101 : 0.9081    mrr@5 : 0.8872    mrr@10 : 0.8881    mrr@101 : 0.8895    
Sat 07 Dec 2024 14:28:52 INFO  epoch 12 training [time: 175.62s, train loss: 1092.9633]
Sat 07 Dec 2024 14:28:55 INFO  epoch 12 evaluating [time: 2.84s, valid_score: 0.896700]
Sat 07 Dec 2024 14:28:55 INFO  valid result: 
recall@5 : 0.9055    recall@10 : 0.9125    recall@101 : 1.0    ndcg@5 : 0.8944    ndcg@10 : 0.8967    ndcg@101 : 0.911    mrr@5 : 0.8906    mrr@10 : 0.8915    mrr@101 : 0.893    
Sat 07 Dec 2024 14:31:50 INFO  epoch 13 training [time: 174.69s, train loss: 1052.5908]
Sat 07 Dec 2024 14:31:53 INFO  epoch 13 evaluating [time: 2.85s, valid_score: 0.892400]
Sat 07 Dec 2024 14:31:53 INFO  valid result: 
recall@5 : 0.9035    recall@10 : 0.911    recall@101 : 1.0    ndcg@5 : 0.8899    ndcg@10 : 0.8924    ndcg@101 : 0.907    mrr@5 : 0.8854    mrr@10 : 0.8864    mrr@101 : 0.8878    
Sat 07 Dec 2024 14:34:48 INFO  epoch 14 training [time: 175.04s, train loss: 1014.1328]
Sat 07 Dec 2024 14:34:51 INFO  epoch 14 evaluating [time: 2.88s, valid_score: 0.891500]
Sat 07 Dec 2024 14:34:51 INFO  valid result: 
recall@5 : 0.9015    recall@10 : 0.911    recall@101 : 1.0    ndcg@5 : 0.8884    ndcg@10 : 0.8915    ndcg@101 : 0.9071    mrr@5 : 0.884    mrr@10 : 0.8853    mrr@101 : 0.8872    
Sat 07 Dec 2024 14:37:46 INFO  epoch 15 training [time: 175.02s, train loss: 975.5393]
Sat 07 Dec 2024 14:37:49 INFO  epoch 15 evaluating [time: 2.87s, valid_score: 0.895100]
Sat 07 Dec 2024 14:37:49 INFO  valid result: 
recall@5 : 0.9035    recall@10 : 0.911    recall@101 : 1.0    ndcg@5 : 0.8928    ndcg@10 : 0.8951    ndcg@101 : 0.9098    mrr@5 : 0.8891    mrr@10 : 0.8901    mrr@101 : 0.8916    
Sat 07 Dec 2024 14:40:45 INFO  epoch 16 training [time: 176.00s, train loss: 951.4109]
Sat 07 Dec 2024 14:40:48 INFO  epoch 16 evaluating [time: 2.96s, valid_score: 0.896300]
Sat 07 Dec 2024 14:40:48 INFO  valid result: 
recall@5 : 0.9065    recall@10 : 0.9135    recall@101 : 1.0    ndcg@5 : 0.8941    ndcg@10 : 0.8963    ndcg@101 : 0.9106    mrr@5 : 0.89    mrr@10 : 0.8909    mrr@101 : 0.8923    
Sat 07 Dec 2024 14:43:43 INFO  epoch 17 training [time: 174.99s, train loss: 914.9648]
Sat 07 Dec 2024 14:43:45 INFO  epoch 17 evaluating [time: 2.85s, valid_score: 0.893900]
Sat 07 Dec 2024 14:43:45 INFO  valid result: 
recall@5 : 0.907    recall@10 : 0.913    recall@101 : 1.0    ndcg@5 : 0.8919    ndcg@10 : 0.8939    ndcg@101 : 0.9078    mrr@5 : 0.8869    mrr@10 : 0.8877    mrr@101 : 0.889    
Sat 07 Dec 2024 14:46:38 INFO  epoch 18 training [time: 172.88s, train loss: 892.5291]
Sat 07 Dec 2024 14:46:41 INFO  epoch 18 evaluating [time: 2.85s, valid_score: 0.894400]
Sat 07 Dec 2024 14:46:41 INFO  valid result: 
recall@5 : 0.9045    recall@10 : 0.9135    recall@101 : 1.0    ndcg@5 : 0.8916    ndcg@10 : 0.8944    ndcg@101 : 0.9105    mrr@5 : 0.8873    mrr@10 : 0.8884    mrr@101 : 0.8909    
Sat 07 Dec 2024 14:49:36 INFO  epoch 19 training [time: 174.41s, train loss: 871.3948]
Sat 07 Dec 2024 14:49:38 INFO  epoch 19 evaluating [time: 2.89s, valid_score: 0.896100]
Sat 07 Dec 2024 14:49:38 INFO  valid result: 
recall@5 : 0.908    recall@10 : 0.912    recall@101 : 1.0    ndcg@5 : 0.8949    ndcg@10 : 0.8961    ndcg@101 : 0.9113    mrr@5 : 0.8906    mrr@10 : 0.891    mrr@101 : 0.8928    
Sat 07 Dec 2024 14:52:33 INFO  epoch 20 training [time: 174.84s, train loss: 844.8403]
Sat 07 Dec 2024 14:52:36 INFO  epoch 20 evaluating [time: 2.86s, valid_score: 0.889800]
Sat 07 Dec 2024 14:52:36 INFO  valid result: 
recall@5 : 0.904    recall@10 : 0.9095    recall@101 : 1.0    ndcg@5 : 0.888    ndcg@10 : 0.8898    ndcg@101 : 0.9043    mrr@5 : 0.8826    mrr@10 : 0.8834    mrr@101 : 0.8847    
Sat 07 Dec 2024 14:52:36 INFO  Finished training, best eval result in epoch 9
Sat 07 Dec 2024 14:52:36 INFO  test result: {'recall@5': 0.907, 'recall@10': 0.9125, 'recall@101': 1.0, 'ndcg@5': 0.8957, 'ndcg@10': 0.8974, 'ndcg@101': 0.9122, 'mrr@5': 0.8918, 'mrr@10': 0.8926, 'mrr@101': 0.8941}
