Sat 07 Dec 2024 22:50:15 INFO  PID: 247106
Sat 07 Dec 2024 22:50:15 INFO  Namespace(batch_size=2048, dataset='retail_beh', gpu_id=0, model='MBHT', valid_portion=0.1, validation=False)
Sat 07 Dec 2024 22:50:15 INFO  
General Hyper Parameters:
gpu_id = 0
use_gpu = True
seed = 2020
state = INFO
reproducibility = True
data_path = dataset/retail_beh
show_progress = True
save_dataset = False
save_dataloaders = False
benchmark_filename = ['train', 'test']

Training Hyper Parameters:
checkpoint_dir = saved
epochs = 300
train_batch_size = 64
learner = adam
learning_rate = 0.001
eval_step = 1
stopping_step = 10
clip_grad_norm = None
weight_decay = 0.0
loss_decimal_place = 4

Evaluation Hyper Parameters:
eval_args = {'mode': 'full', 'order': 'TO', 'split': {'RS': [0.8, 0.1, 0.1]}, 'group_by': 'user'}
metrics = ['Recall', 'NDCG', 'MRR']
topk = [5, 10, 101]
valid_metric = NDCG@10
valid_metric_bigger = True
eval_batch_size = 128
metric_decimal_place = 4

Dataset Hyper Parameters:
field_separator = 	
seq_separator =  
USER_ID_FIELD = session_id
ITEM_ID_FIELD = item_id
RATING_FIELD = rating
TIME_FIELD = timestamp
seq_len = None
LABEL_FIELD = label
threshold = None
NEG_PREFIX = neg_
load_col = None
unload_col = None
unused_col = None
additional_feat_suffix = None
rm_dup_inter = None
val_interval = None
filter_inter_by_user_or_item = True
user_inter_num_interval = [0,inf)
item_inter_num_interval = [0,inf)
alias_of_user_id = None
alias_of_item_id = ['item_id_list']
alias_of_entity_id = None
alias_of_relation_id = None
preload_weight = None
normalize_field = None
normalize_all = None
ITEM_LIST_LENGTH_FIELD = item_length
LIST_SUFFIX = _list
MAX_ITEM_LIST_LENGTH = 200
POSITION_FIELD = position_id
HEAD_ENTITY_ID_FIELD = head_id
TAIL_ENTITY_ID_FIELD = tail_id
RELATION_ID_FIELD = relation_id
ENTITY_ID_FIELD = entity_id

Other Hyper Parameters: 
neg_sampling = None
repeatable = True
n_layers = 2
n_heads = 2
hidden_size = 64
inner_size = 256
hidden_dropout_prob = 0.5
attn_dropout_prob = 0.5
hidden_act = gelu
layer_norm_eps = 1e-12
initializer_range = 0.02
mask_ratio = 0.2
loss_type = CE
customized_eval = 1
MODEL_TYPE = ModelType.SEQUENTIAL
hyper_len = 6
scales = [5, 4, 20]
enable_hg = 1
enable_ms = 1
abaltion = 
batch_size = 2048
MODEL_INPUT_TYPE = InputType.POINTWISE
eval_type = EvaluatorType.RANKING
device = cuda
train_neg_sample_args = {'strategy': 'none'}
eval_neg_sample_args = {'strategy': 'full', 'distribution': 'uniform'}


Sat 07 Dec 2024 22:50:16 INFO  retail_beh
The number of users: 30691
Average actions of users: 1.065167807103291
The number of items: 31240
Average actions of items: 3.388618223281849
The number of inters: 32690
The sparsity of the dataset: 99.99659048303167%
Remain Fields: ['session_id', 'item_id_list', 'item_type_list', 'item_id', 'item_length']
Sat 07 Dec 2024 22:50:17 INFO  MBHT(
  (type_embedding): Embedding(6, 64, padding_idx=0)
  (item_embedding): Embedding(31241, 64, padding_idx=0)
  (position_embedding): Embedding(201, 64)
  (trm_encoder): TransformerEncoder(
    (layer): ModuleList(
      (0-1): 2 x TransformerLayer(
        (multi_head_attention): MultiScaleAttention(
          (out_fc): Linear(in_features=260, out_features=200, bias=True)
          (attention1): LinearAttention(
            (E): Linear(in_features=200, out_features=5, bias=True)
            (F): Linear(in_features=200, out_features=5, bias=True)
            (W_V): Linear(in_features=64, out_features=64, bias=True)
            (W_K): Linear(in_features=64, out_features=64, bias=True)
            (W_Q): Linear(in_features=64, out_features=64, bias=True)
            (dense): Linear(in_features=64, out_features=64, bias=True)
            (attn_dropout): Dropout(p=0.5, inplace=False)
            (out_dropout): Dropout(p=0.5, inplace=False)
            (LayerNorm): LayerNorm((64,), eps=1e-12, elementwise_affine=True)
          )
          (attention2): MultiHeadAttention(
            (query): Linear(in_features=64, out_features=64, bias=True)
            (key): Linear(in_features=64, out_features=64, bias=True)
            (value): Linear(in_features=64, out_features=64, bias=True)
            (attn_dropout): Dropout(p=0.5, inplace=False)
            (dense): Linear(in_features=64, out_features=64, bias=True)
            (LayerNorm): LayerNorm((64,), eps=1e-12, elementwise_affine=True)
            (out_dropout): Dropout(p=0.5, inplace=False)
          )
        )
        (feed_forward): FeedForward(
          (dense_1): Linear(in_features=64, out_features=256, bias=True)
          (dense_2): Linear(in_features=256, out_features=64, bias=True)
          (LayerNorm): LayerNorm((64,), eps=1e-12, elementwise_affine=True)
          (dropout): Dropout(p=0.5, inplace=False)
        )
      )
    )
  )
  (hgnn_layer): HGNN(
    (hgc1): HGNN_conv()
    (hgc2): HGNN_conv()
    (out_fc): Linear(in_features=64, out_features=64, bias=True)
  )
  (LayerNorm): LayerNorm((64,), eps=1e-12, elementwise_affine=True)
  (dropout): Dropout(p=0.5, inplace=False)
  (hg_type_embedding): Embedding(6, 64, padding_idx=0)
)
Trainable parameters: 2276036
Sat 07 Dec 2024 22:50:25 INFO  epoch -1 evaluating [time: 6.89s, valid_score: 0.054900]
Sat 07 Dec 2024 22:50:25 INFO  valid result: 
recall@5 : 0.0625    recall@10 : 0.1245    recall@101 : 1.0    ndcg@5 : 0.0356    ndcg@10 : 0.0549    ndcg@101 : 0.2208    mrr@5 : 0.0271    mrr@10 : 0.0346    mrr@101 : 0.0609    
Sat 07 Dec 2024 22:56:06 INFO  epoch 0 training [time: 341.55s, train loss: 4531.2516]
Sat 07 Dec 2024 22:56:15 INFO  epoch 0 evaluating [time: 8.60s, valid_score: 0.681800]
Sat 07 Dec 2024 22:56:15 INFO  valid result: 
recall@5 : 0.751    recall@10 : 0.822    recall@101 : 1.0    ndcg@5 : 0.6587    ndcg@10 : 0.6818    ndcg@101 : 0.7172    mrr@5 : 0.6278    mrr@10 : 0.6375    mrr@101 : 0.6438    
Sat 07 Dec 2024 22:56:15 INFO  Saving current best: saved/MBHT-retail_beh-Dec-07-2024_22-50-17.pth
Sat 07 Dec 2024 23:01:58 INFO  epoch 1 training [time: 343.01s, train loss: 3622.8082]
Sat 07 Dec 2024 23:02:05 INFO  epoch 1 evaluating [time: 7.47s, valid_score: 0.781000]
Sat 07 Dec 2024 23:02:05 INFO  valid result: 
recall@5 : 0.822    recall@10 : 0.8535    recall@101 : 1.0    ndcg@5 : 0.7708    ndcg@10 : 0.781    ndcg@101 : 0.8063    mrr@5 : 0.7535    mrr@10 : 0.7577    mrr@101 : 0.7609    
Sat 07 Dec 2024 23:02:06 INFO  Saving current best: saved/MBHT-retail_beh-Dec-07-2024_22-50-17.pth
Sat 07 Dec 2024 23:07:55 INFO  epoch 2 training [time: 349.48s, train loss: 2663.4537]
Sat 07 Dec 2024 23:08:03 INFO  epoch 2 evaluating [time: 7.96s, valid_score: 0.862900]
Sat 07 Dec 2024 23:08:03 INFO  valid result: 
recall@5 : 0.8775    recall@10 : 0.892    recall@101 : 1.0    ndcg@5 : 0.8582    ndcg@10 : 0.8629    ndcg@101 : 0.8811    mrr@5 : 0.8517    mrr@10 : 0.8536    mrr@101 : 0.8557    
Sat 07 Dec 2024 23:08:03 INFO  Saving current best: saved/MBHT-retail_beh-Dec-07-2024_22-50-17.pth
Sat 07 Dec 2024 23:13:51 INFO  epoch 3 training [time: 347.65s, train loss: 2080.4771]
Sat 07 Dec 2024 23:13:59 INFO  epoch 3 evaluating [time: 7.67s, valid_score: 0.879200]
Sat 07 Dec 2024 23:13:59 INFO  valid result: 
recall@5 : 0.8925    recall@10 : 0.9025    recall@101 : 1.0    ndcg@5 : 0.876    ndcg@10 : 0.8792    ndcg@101 : 0.8952    mrr@5 : 0.8704    mrr@10 : 0.8718    mrr@101 : 0.8734    
Sat 07 Dec 2024 23:13:59 INFO  Saving current best: saved/MBHT-retail_beh-Dec-07-2024_22-50-17.pth
Sat 07 Dec 2024 23:19:45 INFO  epoch 4 training [time: 345.83s, train loss: 1806.6051]
Sat 07 Dec 2024 23:19:52 INFO  epoch 4 evaluating [time: 7.28s, valid_score: 0.876900]
Sat 07 Dec 2024 23:19:52 INFO  valid result: 
recall@5 : 0.889    recall@10 : 0.8965    recall@101 : 1.0    ndcg@5 : 0.8745    ndcg@10 : 0.8769    ndcg@101 : 0.8942    mrr@5 : 0.8697    mrr@10 : 0.8706    mrr@101 : 0.8726    
Sat 07 Dec 2024 23:25:32 INFO  epoch 5 training [time: 339.93s, train loss: 1629.9758]
Sat 07 Dec 2024 23:25:40 INFO  epoch 5 evaluating [time: 7.75s, valid_score: 0.894700]
Sat 07 Dec 2024 23:25:40 INFO  valid result: 
recall@5 : 0.905    recall@10 : 0.9085    recall@101 : 1.0    ndcg@5 : 0.8935    ndcg@10 : 0.8947    ndcg@101 : 0.9097    mrr@5 : 0.8896    mrr@10 : 0.8901    mrr@101 : 0.8917    
Sat 07 Dec 2024 23:25:40 INFO  Saving current best: saved/MBHT-retail_beh-Dec-07-2024_22-50-17.pth
Sat 07 Dec 2024 23:31:21 INFO  epoch 6 training [time: 341.64s, train loss: 1512.2757]
Sat 07 Dec 2024 23:31:29 INFO  epoch 6 evaluating [time: 7.79s, valid_score: 0.894400]
Sat 07 Dec 2024 23:31:29 INFO  valid result: 
recall@5 : 0.903    recall@10 : 0.91    recall@101 : 1.0    ndcg@5 : 0.8922    ndcg@10 : 0.8944    ndcg@101 : 0.9089    mrr@5 : 0.8885    mrr@10 : 0.8894    mrr@101 : 0.8908    
Sat 07 Dec 2024 23:37:12 INFO  epoch 7 training [time: 343.14s, train loss: 1417.7085]
Sat 07 Dec 2024 23:37:20 INFO  epoch 7 evaluating [time: 7.37s, valid_score: 0.895400]
Sat 07 Dec 2024 23:37:20 INFO  valid result: 
recall@5 : 0.9055    recall@10 : 0.9095    recall@101 : 1.0    ndcg@5 : 0.894    ndcg@10 : 0.8954    ndcg@101 : 0.91    mrr@5 : 0.8902    mrr@10 : 0.8908    mrr@101 : 0.8922    
Sat 07 Dec 2024 23:37:20 INFO  Saving current best: saved/MBHT-retail_beh-Dec-07-2024_22-50-17.pth
Sat 07 Dec 2024 23:43:01 INFO  epoch 8 training [time: 341.34s, train loss: 1335.4814]
Sat 07 Dec 2024 23:43:09 INFO  epoch 8 evaluating [time: 7.80s, valid_score: 0.897300]
Sat 07 Dec 2024 23:43:09 INFO  valid result: 
recall@5 : 0.907    recall@10 : 0.9115    recall@101 : 1.0    ndcg@5 : 0.8958    ndcg@10 : 0.8973    ndcg@101 : 0.9115    mrr@5 : 0.8921    mrr@10 : 0.8927    mrr@101 : 0.894    
Sat 07 Dec 2024 23:43:09 INFO  Saving current best: saved/MBHT-retail_beh-Dec-07-2024_22-50-17.pth
Sat 07 Dec 2024 23:48:52 INFO  epoch 9 training [time: 342.91s, train loss: 1279.7902]
Sat 07 Dec 2024 23:49:00 INFO  epoch 9 evaluating [time: 7.40s, valid_score: 0.898900]
Sat 07 Dec 2024 23:49:00 INFO  valid result: 
recall@5 : 0.909    recall@10 : 0.9135    recall@101 : 1.0    ndcg@5 : 0.8974    ndcg@10 : 0.8989    ndcg@101 : 0.9126    mrr@5 : 0.8935    mrr@10 : 0.8941    mrr@101 : 0.8954    
Sat 07 Dec 2024 23:49:00 INFO  Saving current best: saved/MBHT-retail_beh-Dec-07-2024_22-50-17.pth
Sat 07 Dec 2024 23:54:43 INFO  epoch 10 training [time: 342.90s, train loss: 1214.9433]
Sat 07 Dec 2024 23:54:50 INFO  epoch 10 evaluating [time: 7.56s, valid_score: 0.896900]
Sat 07 Dec 2024 23:54:50 INFO  valid result: 
recall@5 : 0.904    recall@10 : 0.9115    recall@101 : 1.0    ndcg@5 : 0.8944    ndcg@10 : 0.8969    ndcg@101 : 0.9112    mrr@5 : 0.8912    mrr@10 : 0.8922    mrr@101 : 0.8936    
Sun 08 Dec 2024 00:00:30 INFO  epoch 11 training [time: 339.43s, train loss: 1165.6829]
Sun 08 Dec 2024 00:00:37 INFO  epoch 11 evaluating [time: 7.66s, valid_score: 0.897600]
Sun 08 Dec 2024 00:00:37 INFO  valid result: 
recall@5 : 0.907    recall@10 : 0.913    recall@101 : 1.0    ndcg@5 : 0.8957    ndcg@10 : 0.8976    ndcg@101 : 0.9115    mrr@5 : 0.8918    mrr@10 : 0.8927    mrr@101 : 0.8939    
Sun 08 Dec 2024 00:06:17 INFO  epoch 12 training [time: 340.04s, train loss: 1107.9729]
Sun 08 Dec 2024 00:06:25 INFO  epoch 12 evaluating [time: 7.75s, valid_score: 0.898600]
Sun 08 Dec 2024 00:06:25 INFO  valid result: 
recall@5 : 0.9065    recall@10 : 0.911    recall@101 : 1.0    ndcg@5 : 0.8972    ndcg@10 : 0.8986    ndcg@101 : 0.9131    mrr@5 : 0.8941    mrr@10 : 0.8947    mrr@101 : 0.8961    
Sun 08 Dec 2024 00:12:10 INFO  epoch 13 training [time: 344.49s, train loss: 1063.8747]
Sun 08 Dec 2024 00:12:17 INFO  epoch 13 evaluating [time: 7.60s, valid_score: 0.895700]
Sun 08 Dec 2024 00:12:17 INFO  valid result: 
recall@5 : 0.905    recall@10 : 0.9115    recall@101 : 1.0    ndcg@5 : 0.8936    ndcg@10 : 0.8957    ndcg@101 : 0.9099    mrr@5 : 0.8897    mrr@10 : 0.8905    mrr@101 : 0.8919    
Sun 08 Dec 2024 00:17:51 INFO  epoch 14 training [time: 333.40s, train loss: 1022.0512]
Sun 08 Dec 2024 00:17:58 INFO  epoch 14 evaluating [time: 7.60s, valid_score: 0.894800]
Sun 08 Dec 2024 00:17:58 INFO  valid result: 
recall@5 : 0.9075    recall@10 : 0.9115    recall@101 : 1.0    ndcg@5 : 0.8935    ndcg@10 : 0.8948    ndcg@101 : 0.9092    mrr@5 : 0.8888    mrr@10 : 0.8894    mrr@101 : 0.8908    
Sun 08 Dec 2024 00:23:36 INFO  epoch 15 training [time: 337.52s, train loss: 984.9249]
Sun 08 Dec 2024 00:23:43 INFO  epoch 15 evaluating [time: 7.75s, valid_score: 0.896400]
Sun 08 Dec 2024 00:23:43 INFO  valid result: 
recall@5 : 0.907    recall@10 : 0.9125    recall@101 : 1.0    ndcg@5 : 0.8946    ndcg@10 : 0.8964    ndcg@101 : 0.9104    mrr@5 : 0.8905    mrr@10 : 0.8912    mrr@101 : 0.8925    
Sun 08 Dec 2024 00:29:19 INFO  epoch 16 training [time: 335.57s, train loss: 960.7387]
Sun 08 Dec 2024 00:29:26 INFO  epoch 16 evaluating [time: 7.54s, valid_score: 0.895400]
Sun 08 Dec 2024 00:29:26 INFO  valid result: 
recall@5 : 0.906    recall@10 : 0.91    recall@101 : 1.0    ndcg@5 : 0.8941    ndcg@10 : 0.8954    ndcg@101 : 0.9101    mrr@5 : 0.8901    mrr@10 : 0.8906    mrr@101 : 0.8921    
Sun 08 Dec 2024 00:35:04 INFO  epoch 17 training [time: 337.39s, train loss: 920.2071]
Sun 08 Dec 2024 00:35:11 INFO  epoch 17 evaluating [time: 7.44s, valid_score: 0.895100]
Sun 08 Dec 2024 00:35:11 INFO  valid result: 
recall@5 : 0.906    recall@10 : 0.9105    recall@101 : 1.0    ndcg@5 : 0.8937    ndcg@10 : 0.8951    ndcg@101 : 0.91    mrr@5 : 0.8895    mrr@10 : 0.8901    mrr@101 : 0.8917    
Sun 08 Dec 2024 00:40:50 INFO  epoch 18 training [time: 338.21s, train loss: 901.3764]
Sun 08 Dec 2024 00:40:57 INFO  epoch 18 evaluating [time: 7.53s, valid_score: 0.893200]
Sun 08 Dec 2024 00:40:57 INFO  valid result: 
recall@5 : 0.904    recall@10 : 0.9105    recall@101 : 1.0    ndcg@5 : 0.891    ndcg@10 : 0.8932    ndcg@101 : 0.9075    mrr@5 : 0.8867    mrr@10 : 0.8876    mrr@101 : 0.8889    
Sun 08 Dec 2024 00:46:32 INFO  epoch 19 training [time: 334.77s, train loss: 875.7665]
Sun 08 Dec 2024 00:46:40 INFO  epoch 19 evaluating [time: 7.77s, valid_score: 0.893500]
Sun 08 Dec 2024 00:46:40 INFO  valid result: 
recall@5 : 0.904    recall@10 : 0.9105    recall@101 : 1.0    ndcg@5 : 0.8914    ndcg@10 : 0.8935    ndcg@101 : 0.9079    mrr@5 : 0.8872    mrr@10 : 0.8881    mrr@101 : 0.8894    
Sun 08 Dec 2024 00:52:15 INFO  epoch 20 training [time: 335.05s, train loss: 854.0735]
Sun 08 Dec 2024 00:52:22 INFO  epoch 20 evaluating [time: 7.48s, valid_score: 0.890300]
Sun 08 Dec 2024 00:52:22 INFO  valid result: 
recall@5 : 0.8995    recall@10 : 0.9075    recall@101 : 1.0    ndcg@5 : 0.8878    ndcg@10 : 0.8903    ndcg@101 : 0.9057    mrr@5 : 0.8838    mrr@10 : 0.8848    mrr@101 : 0.8865    
Sun 08 Dec 2024 00:52:22 INFO  Finished training, best eval result in epoch 9
Sun 08 Dec 2024 00:52:22 INFO  test result: {'recall@5': 0.909, 'recall@10': 0.9135, 'recall@101': 1.0, 'ndcg@5': 0.8974, 'ndcg@10': 0.8989, 'ndcg@101': 0.9126, 'mrr@5': 0.8935, 'mrr@10': 0.8941, 'mrr@101': 0.8954}
