Tue 03 Dec 2024 16:10:34 INFO  PID: 3274645
Tue 03 Dec 2024 16:10:34 INFO  Namespace(batch_size=2048, dataset='retail_beh', gpu_id=0, model='MBHT', valid_portion=0.1, validation=False)
Tue 03 Dec 2024 16:10:34 INFO  
General Hyper Parameters:
gpu_id = 0
use_gpu = True
seed = 2020
state = INFO
reproducibility = True
data_path = dataset/retail_beh
show_progress = True
save_dataset = False
save_dataloaders = False
benchmark_filename = ['train', 'test']

Training Hyper Parameters:
checkpoint_dir = saved
epochs = 300
train_batch_size = 64
learner = adam
learning_rate = 0.001
eval_step = 1
stopping_step = 10
clip_grad_norm = None
weight_decay = 0.0
loss_decimal_place = 4

Evaluation Hyper Parameters:
eval_args = {'mode': 'full', 'order': 'TO', 'split': {'RS': [0.8, 0.1, 0.1]}, 'group_by': 'user'}
metrics = ['Recall', 'NDCG', 'MRR']
topk = [5, 10, 101]
valid_metric = NDCG@10
valid_metric_bigger = True
eval_batch_size = 128
metric_decimal_place = 4

Dataset Hyper Parameters:
field_separator = 	
seq_separator =  
USER_ID_FIELD = session_id
ITEM_ID_FIELD = item_id
RATING_FIELD = rating
TIME_FIELD = timestamp
seq_len = None
LABEL_FIELD = label
threshold = None
NEG_PREFIX = neg_
load_col = None
unload_col = None
unused_col = None
additional_feat_suffix = None
rm_dup_inter = None
val_interval = None
filter_inter_by_user_or_item = True
user_inter_num_interval = [0,inf)
item_inter_num_interval = [0,inf)
alias_of_user_id = None
alias_of_item_id = ['item_id_list']
alias_of_entity_id = None
alias_of_relation_id = None
preload_weight = None
normalize_field = None
normalize_all = None
ITEM_LIST_LENGTH_FIELD = item_length
LIST_SUFFIX = _list
MAX_ITEM_LIST_LENGTH = 200
POSITION_FIELD = position_id
HEAD_ENTITY_ID_FIELD = head_id
TAIL_ENTITY_ID_FIELD = tail_id
RELATION_ID_FIELD = relation_id
ENTITY_ID_FIELD = entity_id

Other Hyper Parameters: 
neg_sampling = None
repeatable = True
n_layers = 2
n_heads = 2
hidden_size = 64
inner_size = 256
hidden_dropout_prob = 0.5
attn_dropout_prob = 0.5
hidden_act = gelu
layer_norm_eps = 1e-12
initializer_range = 0.02
mask_ratio = 0.2
loss_type = CE
customized_eval = 1
MODEL_TYPE = ModelType.SEQUENTIAL
hyper_len = 6
scales = [5, 4, 20]
enable_hg = 1
enable_ms = 1
abaltion = 
batch_size = 2048
MODEL_INPUT_TYPE = InputType.POINTWISE
eval_type = EvaluatorType.RANKING
device = cuda
train_neg_sample_args = {'strategy': 'none'}
eval_neg_sample_args = {'strategy': 'full', 'distribution': 'uniform'}


Tue 03 Dec 2024 16:10:35 INFO  retail_beh
The number of users: 30691
Average actions of users: 1.065167807103291
The number of items: 31240
Average actions of items: 3.388618223281849
The number of inters: 32690
The sparsity of the dataset: 99.99659048303167%
Remain Fields: ['session_id', 'item_id_list', 'item_type_list', 'item_id', 'item_length']
Tue 03 Dec 2024 16:10:36 INFO  MBHT(
  (type_embedding): Embedding(6, 64, padding_idx=0)
  (item_embedding): Embedding(31241, 64, padding_idx=0)
  (position_embedding): Embedding(201, 64)
  (trm_encoder): TransformerEncoder(
    (layer): ModuleList(
      (0-1): 2 x TransformerLayer(
        (multi_head_attention): MultiScaleAttention(
          (out_fc): Linear(in_features=260, out_features=200, bias=True)
          (attention1): LinearAttention(
            (E): Linear(in_features=200, out_features=5, bias=True)
            (F): Linear(in_features=200, out_features=5, bias=True)
            (W_V): Linear(in_features=64, out_features=64, bias=True)
            (W_K): Linear(in_features=64, out_features=64, bias=True)
            (W_Q): Linear(in_features=64, out_features=64, bias=True)
            (dense): Linear(in_features=64, out_features=64, bias=True)
            (attn_dropout): Dropout(p=0.5, inplace=False)
            (out_dropout): Dropout(p=0.5, inplace=False)
            (LayerNorm): LayerNorm((64,), eps=1e-12, elementwise_affine=True)
          )
          (attention2): MultiHeadAttention(
            (query): Linear(in_features=64, out_features=64, bias=True)
            (key): Linear(in_features=64, out_features=64, bias=True)
            (value): Linear(in_features=64, out_features=64, bias=True)
            (attn_dropout): Dropout(p=0.5, inplace=False)
            (dense): Linear(in_features=64, out_features=64, bias=True)
            (LayerNorm): LayerNorm((64,), eps=1e-12, elementwise_affine=True)
            (out_dropout): Dropout(p=0.5, inplace=False)
          )
        )
        (feed_forward): FeedForward(
          (dense_1): Linear(in_features=64, out_features=256, bias=True)
          (dense_2): Linear(in_features=256, out_features=64, bias=True)
          (LayerNorm): LayerNorm((64,), eps=1e-12, elementwise_affine=True)
          (dropout): Dropout(p=0.5, inplace=False)
        )
      )
    )
  )
  (hgnn_layer): HGNN(
    (hgc1): HGNN_conv()
    (hgc2): HGNN_conv()
    (out_fc): Linear(in_features=64, out_features=64, bias=True)
  )
  (LayerNorm): LayerNorm((64,), eps=1e-12, elementwise_affine=True)
  (dropout): Dropout(p=0.5, inplace=False)
  (hg_type_embedding): Embedding(6, 64, padding_idx=0)
)
Trainable parameters: 2276036
Tue 03 Dec 2024 16:10:40 INFO  epoch -1 evaluating [time: 3.50s, valid_score: 0.274400]
Tue 03 Dec 2024 16:10:40 INFO  valid result: 
recall@5 : 0.325    recall@10 : 0.4175    recall@101 : 1.0    ndcg@5 : 0.2447    ndcg@10 : 0.2744    ndcg@101 : 0.3807    mrr@5 : 0.2181    mrr@10 : 0.2302    mrr@101 : 0.2458    
Tue 03 Dec 2024 16:13:33 INFO  epoch 0 training [time: 172.18s, train loss: 4482.5970]
Tue 03 Dec 2024 16:13:35 INFO  epoch 0 evaluating [time: 2.87s, valid_score: 0.723000]
Tue 03 Dec 2024 16:13:35 INFO  valid result: 
recall@5 : 0.7935    recall@10 : 0.8505    recall@101 : 1.0    ndcg@5 : 0.7045    ndcg@10 : 0.723    ndcg@101 : 0.7533    mrr@5 : 0.6746    mrr@10 : 0.6824    mrr@101 : 0.6881    
Tue 03 Dec 2024 16:13:35 INFO  Saving current best: saved/MBHT-retail_beh-Dec-03-2024_16-10-36.pth
Tue 03 Dec 2024 16:16:30 INFO  epoch 1 training [time: 174.28s, train loss: 3494.6054]
Tue 03 Dec 2024 16:16:33 INFO  epoch 1 evaluating [time: 2.88s, valid_score: 0.822200]
Tue 03 Dec 2024 16:16:33 INFO  valid result: 
recall@5 : 0.8515    recall@10 : 0.8715    recall@101 : 1.0    ndcg@5 : 0.8158    ndcg@10 : 0.8222    ndcg@101 : 0.8447    mrr@5 : 0.8038    mrr@10 : 0.8065    mrr@101 : 0.8093    
Tue 03 Dec 2024 16:16:33 INFO  Saving current best: saved/MBHT-retail_beh-Dec-03-2024_16-10-36.pth
Tue 03 Dec 2024 16:19:27 INFO  epoch 2 training [time: 174.67s, train loss: 2565.2179]
Tue 03 Dec 2024 16:19:30 INFO  epoch 2 evaluating [time: 2.96s, valid_score: 0.869200]
Tue 03 Dec 2024 16:19:30 INFO  valid result: 
recall@5 : 0.8845    recall@10 : 0.8955    recall@101 : 1.0    ndcg@5 : 0.8658    ndcg@10 : 0.8692    ndcg@101 : 0.8866    mrr@5 : 0.8594    mrr@10 : 0.8608    mrr@101 : 0.8627    
Tue 03 Dec 2024 16:19:30 INFO  Saving current best: saved/MBHT-retail_beh-Dec-03-2024_16-10-36.pth
Tue 03 Dec 2024 16:22:28 INFO  epoch 3 training [time: 177.11s, train loss: 2027.9796]
Tue 03 Dec 2024 16:22:30 INFO  epoch 3 evaluating [time: 2.95s, valid_score: 0.881600]
Tue 03 Dec 2024 16:22:30 INFO  valid result: 
recall@5 : 0.893    recall@10 : 0.9005    recall@101 : 1.0    ndcg@5 : 0.8792    ndcg@10 : 0.8816    ndcg@101 : 0.8979    mrr@5 : 0.8745    mrr@10 : 0.8755    mrr@101 : 0.8772    
Tue 03 Dec 2024 16:22:31 INFO  Saving current best: saved/MBHT-retail_beh-Dec-03-2024_16-10-36.pth
Tue 03 Dec 2024 16:25:27 INFO  epoch 4 training [time: 176.74s, train loss: 1769.5432]
Tue 03 Dec 2024 16:25:30 INFO  epoch 4 evaluating [time: 2.95s, valid_score: 0.886900]
Tue 03 Dec 2024 16:25:30 INFO  valid result: 
recall@5 : 0.9    recall@10 : 0.906    recall@101 : 1.0    ndcg@5 : 0.885    ndcg@10 : 0.8869    ndcg@101 : 0.9022    mrr@5 : 0.88    mrr@10 : 0.8808    mrr@101 : 0.8823    
Tue 03 Dec 2024 16:25:30 INFO  Saving current best: saved/MBHT-retail_beh-Dec-03-2024_16-10-36.pth
Tue 03 Dec 2024 16:28:26 INFO  epoch 5 training [time: 175.69s, train loss: 1604.5497]
Tue 03 Dec 2024 16:28:29 INFO  epoch 5 evaluating [time: 2.88s, valid_score: 0.895800]
Tue 03 Dec 2024 16:28:29 INFO  valid result: 
recall@5 : 0.9055    recall@10 : 0.9115    recall@101 : 1.0    ndcg@5 : 0.8939    ndcg@10 : 0.8958    ndcg@101 : 0.91    mrr@5 : 0.8901    mrr@10 : 0.8909    mrr@101 : 0.8922    
Tue 03 Dec 2024 16:28:29 INFO  Saving current best: saved/MBHT-retail_beh-Dec-03-2024_16-10-36.pth
Tue 03 Dec 2024 16:31:24 INFO  epoch 6 training [time: 175.39s, train loss: 1495.0354]
Tue 03 Dec 2024 16:31:27 INFO  epoch 6 evaluating [time: 2.97s, valid_score: 0.891600]
Tue 03 Dec 2024 16:31:27 INFO  valid result: 
recall@5 : 0.8995    recall@10 : 0.905    recall@101 : 1.0    ndcg@5 : 0.8898    ndcg@10 : 0.8916    ndcg@101 : 0.9074    mrr@5 : 0.8866    mrr@10 : 0.8873    mrr@101 : 0.8891    
Tue 03 Dec 2024 16:34:24 INFO  epoch 7 training [time: 176.44s, train loss: 1405.4507]
Tue 03 Dec 2024 16:34:27 INFO  epoch 7 evaluating [time: 2.93s, valid_score: 0.889600]
Tue 03 Dec 2024 16:34:27 INFO  valid result: 
recall@5 : 0.898    recall@10 : 0.905    recall@101 : 1.0    ndcg@5 : 0.8873    ndcg@10 : 0.8896    ndcg@101 : 0.9052    mrr@5 : 0.8838    mrr@10 : 0.8847    mrr@101 : 0.8863    
Tue 03 Dec 2024 16:37:24 INFO  epoch 8 training [time: 177.44s, train loss: 1324.5490]
Tue 03 Dec 2024 16:37:27 INFO  epoch 8 evaluating [time: 2.92s, valid_score: 0.891300]
Tue 03 Dec 2024 16:37:27 INFO  valid result: 
recall@5 : 0.901    recall@10 : 0.9065    recall@101 : 1.0    ndcg@5 : 0.8895    ndcg@10 : 0.8913    ndcg@101 : 0.9066    mrr@5 : 0.8857    mrr@10 : 0.8864    mrr@101 : 0.888    
Tue 03 Dec 2024 16:40:22 INFO  epoch 9 training [time: 174.62s, train loss: 1271.3694]
Tue 03 Dec 2024 16:40:25 INFO  epoch 9 evaluating [time: 2.89s, valid_score: 0.893200]
Tue 03 Dec 2024 16:40:25 INFO  valid result: 
recall@5 : 0.9045    recall@10 : 0.912    recall@101 : 1.0    ndcg@5 : 0.8909    ndcg@10 : 0.8932    ndcg@101 : 0.9073    mrr@5 : 0.8864    mrr@10 : 0.8873    mrr@101 : 0.8886    
Tue 03 Dec 2024 16:43:20 INFO  epoch 10 training [time: 174.97s, train loss: 1206.4162]
Tue 03 Dec 2024 16:43:23 INFO  epoch 10 evaluating [time: 2.96s, valid_score: 0.892500]
Tue 03 Dec 2024 16:43:23 INFO  valid result: 
recall@5 : 0.901    recall@10 : 0.91    recall@101 : 1.0    ndcg@5 : 0.8894    ndcg@10 : 0.8925    ndcg@101 : 0.907    mrr@5 : 0.8855    mrr@10 : 0.8869    mrr@101 : 0.8883    
Tue 03 Dec 2024 16:46:19 INFO  epoch 11 training [time: 176.46s, train loss: 1159.3496]
Tue 03 Dec 2024 16:46:22 INFO  epoch 11 evaluating [time: 2.87s, valid_score: 0.894800]
Tue 03 Dec 2024 16:46:22 INFO  valid result: 
recall@5 : 0.9035    recall@10 : 0.91    recall@101 : 1.0    ndcg@5 : 0.8927    ndcg@10 : 0.8948    ndcg@101 : 0.9093    mrr@5 : 0.889    mrr@10 : 0.8899    mrr@101 : 0.8913    
Tue 03 Dec 2024 16:49:17 INFO  epoch 12 training [time: 175.60s, train loss: 1100.8937]
Tue 03 Dec 2024 16:49:20 INFO  epoch 12 evaluating [time: 2.97s, valid_score: 0.893000]
Tue 03 Dec 2024 16:49:20 INFO  valid result: 
recall@5 : 0.905    recall@10 : 0.9115    recall@101 : 1.0    ndcg@5 : 0.8909    ndcg@10 : 0.893    ndcg@101 : 0.9073    mrr@5 : 0.8861    mrr@10 : 0.887    mrr@101 : 0.8884    
Tue 03 Dec 2024 16:52:18 INFO  epoch 13 training [time: 177.76s, train loss: 1061.2918]
Tue 03 Dec 2024 16:52:21 INFO  epoch 13 evaluating [time: 2.95s, valid_score: 0.888800]
Tue 03 Dec 2024 16:52:21 INFO  valid result: 
recall@5 : 0.898    recall@10 : 0.906    recall@101 : 1.0    ndcg@5 : 0.8862    ndcg@10 : 0.8888    ndcg@101 : 0.904    mrr@5 : 0.8822    mrr@10 : 0.8833    mrr@101 : 0.8848    
Tue 03 Dec 2024 16:55:19 INFO  epoch 14 training [time: 178.22s, train loss: 1020.9486]
Tue 03 Dec 2024 16:55:22 INFO  epoch 14 evaluating [time: 2.91s, valid_score: 0.891300]
Tue 03 Dec 2024 16:55:22 INFO  valid result: 
recall@5 : 0.905    recall@10 : 0.9125    recall@101 : 1.0    ndcg@5 : 0.8889    ndcg@10 : 0.8913    ndcg@101 : 0.9052    mrr@5 : 0.8836    mrr@10 : 0.8846    mrr@101 : 0.8858    
Tue 03 Dec 2024 16:58:18 INFO  epoch 15 training [time: 176.01s, train loss: 978.0955]
Tue 03 Dec 2024 16:58:21 INFO  epoch 15 evaluating [time: 2.96s, valid_score: 0.893000]
Tue 03 Dec 2024 16:58:21 INFO  valid result: 
recall@5 : 0.9045    recall@10 : 0.912    recall@101 : 1.0    ndcg@5 : 0.8905    ndcg@10 : 0.893    ndcg@101 : 0.9071    mrr@5 : 0.8858    mrr@10 : 0.8869    mrr@101 : 0.8882    
Tue 03 Dec 2024 17:01:17 INFO  epoch 16 training [time: 175.63s, train loss: 957.0567]
Tue 03 Dec 2024 17:01:20 INFO  epoch 16 evaluating [time: 2.92s, valid_score: 0.892300]
Tue 03 Dec 2024 17:01:20 INFO  valid result: 
recall@5 : 0.902    recall@10 : 0.9105    recall@101 : 1.0    ndcg@5 : 0.8895    ndcg@10 : 0.8923    ndcg@101 : 0.9068    mrr@5 : 0.8853    mrr@10 : 0.8865    mrr@101 : 0.8879    
Tue 03 Dec 2024 17:01:20 INFO  Finished training, best eval result in epoch 5
Tue 03 Dec 2024 17:01:20 INFO  test result: {'recall@5': 0.9055, 'recall@10': 0.9115, 'recall@101': 1.0, 'ndcg@5': 0.8939, 'ndcg@10': 0.8958, 'ndcg@101': 0.91, 'mrr@5': 0.8901, 'mrr@10': 0.8909, 'mrr@101': 0.8922}

input_emb = item_emb + type_embedding