Thu 05 Dec 2024 20:28:54 INFO  PID: 3748162
Thu 05 Dec 2024 20:28:54 INFO  Namespace(batch_size=2048, dataset='retail_beh', gpu_id=0, model='MBHT', valid_portion=0.1, validation=False)
Thu 05 Dec 2024 20:28:54 INFO  
General Hyper Parameters:
gpu_id = 0
use_gpu = True
seed = 2020
state = INFO
reproducibility = True
data_path = dataset/retail_beh
show_progress = True
save_dataset = False
save_dataloaders = False
benchmark_filename = ['train', 'test']

Training Hyper Parameters:
checkpoint_dir = saved
epochs = 300
train_batch_size = 64
learner = adam
learning_rate = 0.001
eval_step = 1
stopping_step = 10
clip_grad_norm = None
weight_decay = 0.0
loss_decimal_place = 4

Evaluation Hyper Parameters:
eval_args = {'mode': 'full', 'order': 'TO', 'split': {'RS': [0.8, 0.1, 0.1]}, 'group_by': 'user'}
metrics = ['Recall', 'NDCG', 'MRR']
topk = [5, 10, 101]
valid_metric = NDCG@10
valid_metric_bigger = True
eval_batch_size = 128
metric_decimal_place = 4

Dataset Hyper Parameters:
field_separator = 	
seq_separator =  
USER_ID_FIELD = session_id
ITEM_ID_FIELD = item_id
RATING_FIELD = rating
TIME_FIELD = timestamp
seq_len = None
LABEL_FIELD = label
threshold = None
NEG_PREFIX = neg_
load_col = None
unload_col = None
unused_col = None
additional_feat_suffix = None
rm_dup_inter = None
val_interval = None
filter_inter_by_user_or_item = True
user_inter_num_interval = [0,inf)
item_inter_num_interval = [0,inf)
alias_of_user_id = None
alias_of_item_id = ['item_id_list']
alias_of_entity_id = None
alias_of_relation_id = None
preload_weight = None
normalize_field = None
normalize_all = None
ITEM_LIST_LENGTH_FIELD = item_length
LIST_SUFFIX = _list
MAX_ITEM_LIST_LENGTH = 200
POSITION_FIELD = position_id
HEAD_ENTITY_ID_FIELD = head_id
TAIL_ENTITY_ID_FIELD = tail_id
RELATION_ID_FIELD = relation_id
ENTITY_ID_FIELD = entity_id

Other Hyper Parameters: 
neg_sampling = None
repeatable = True
n_layers = 2
n_heads = 2
hidden_size = 64
inner_size = 256
hidden_dropout_prob = 0.5
attn_dropout_prob = 0.5
hidden_act = gelu
layer_norm_eps = 1e-12
initializer_range = 0.02
mask_ratio = 0.2
loss_type = CE
customized_eval = 1
MODEL_TYPE = ModelType.SEQUENTIAL
hyper_len = 6
scales = [5, 4, 20]
enable_hg = 1
enable_ms = 1
abaltion = 
batch_size = 2048
MODEL_INPUT_TYPE = InputType.POINTWISE
eval_type = EvaluatorType.RANKING
device = cuda
train_neg_sample_args = {'strategy': 'none'}
eval_neg_sample_args = {'strategy': 'full', 'distribution': 'uniform'}


Thu 05 Dec 2024 20:28:55 INFO  retail_beh
The number of users: 30691
Average actions of users: 1.065167807103291
The number of items: 31240
Average actions of items: 3.388618223281849
The number of inters: 32690
The sparsity of the dataset: 99.99659048303167%
Remain Fields: ['session_id', 'item_id_list', 'item_type_list', 'item_id', 'item_length']
Thu 05 Dec 2024 20:28:57 INFO  MBHT(
  (type_embedding): Embedding(6, 64, padding_idx=0)
  (item_embedding): Embedding(31241, 64, padding_idx=0)
  (position_embedding): Embedding(201, 64)
  (trm_encoder): TransformerEncoder(
    (layer): ModuleList(
      (0-1): 2 x TransformerLayer(
        (multi_head_attention): MultiScaleAttention(
          (out_fc): Linear(in_features=260, out_features=200, bias=True)
          (attention1): LinearAttention(
            (E): Linear(in_features=200, out_features=5, bias=True)
            (F): Linear(in_features=200, out_features=5, bias=True)
            (W_V): Linear(in_features=64, out_features=64, bias=True)
            (W_K): Linear(in_features=64, out_features=64, bias=True)
            (W_Q): Linear(in_features=64, out_features=64, bias=True)
            (dense): Linear(in_features=64, out_features=64, bias=True)
            (attn_dropout): Dropout(p=0.5, inplace=False)
            (out_dropout): Dropout(p=0.5, inplace=False)
            (LayerNorm): LayerNorm((64,), eps=1e-12, elementwise_affine=True)
          )
          (attention2): MultiHeadAttention(
            (query): Linear(in_features=64, out_features=64, bias=True)
            (key): Linear(in_features=64, out_features=64, bias=True)
            (value): Linear(in_features=64, out_features=64, bias=True)
            (attn_dropout): Dropout(p=0.5, inplace=False)
            (dense): Linear(in_features=64, out_features=64, bias=True)
            (LayerNorm): LayerNorm((64,), eps=1e-12, elementwise_affine=True)
            (out_dropout): Dropout(p=0.5, inplace=False)
          )
        )
        (feed_forward): FeedForward(
          (dense_1): Linear(in_features=64, out_features=256, bias=True)
          (dense_2): Linear(in_features=256, out_features=64, bias=True)
          (LayerNorm): LayerNorm((64,), eps=1e-12, elementwise_affine=True)
          (dropout): Dropout(p=0.5, inplace=False)
        )
      )
    )
  )
  (hgnn_layer): HGNN(
    (hgc1): HGNN_conv()
    (hgc2): HGNN_conv()
    (out_fc): Linear(in_features=64, out_features=64, bias=True)
  )
  (LayerNorm): LayerNorm((64,), eps=1e-12, elementwise_affine=True)
  (dropout): Dropout(p=0.5, inplace=False)
  (hg_type_embedding): Embedding(6, 64, padding_idx=0)
)
Trainable parameters: 2276036
Thu 05 Dec 2024 20:29:01 INFO  epoch -1 evaluating [time: 3.63s, valid_score: 0.054900]
Thu 05 Dec 2024 20:29:01 INFO  valid result: 
recall@5 : 0.0625    recall@10 : 0.1245    recall@101 : 1.0    ndcg@5 : 0.0356    ndcg@10 : 0.0549    ndcg@101 : 0.2208    mrr@5 : 0.0271    mrr@10 : 0.0346    mrr@101 : 0.0609    
Thu 05 Dec 2024 20:31:54 INFO  epoch 0 training [time: 173.71s, train loss: 4535.9885]
Thu 05 Dec 2024 20:31:57 INFO  epoch 0 evaluating [time: 2.93s, valid_score: 0.615900]
Thu 05 Dec 2024 20:31:57 INFO  valid result: 
recall@5 : 0.685    recall@10 : 0.76    recall@101 : 1.0    ndcg@5 : 0.5915    ndcg@10 : 0.6159    ndcg@101 : 0.6643    mrr@5 : 0.5603    mrr@10 : 0.5705    mrr@101 : 0.5794    
Thu 05 Dec 2024 20:31:57 INFO  Saving current best: saved/MBHT-retail_beh-Dec-05-2024_20-28-57.pth
Thu 05 Dec 2024 20:34:55 INFO  epoch 1 training [time: 177.58s, train loss: 3637.0913]
Thu 05 Dec 2024 20:34:58 INFO  epoch 1 evaluating [time: 2.94s, valid_score: 0.790000]
Thu 05 Dec 2024 20:34:58 INFO  valid result: 
recall@5 : 0.8235    recall@10 : 0.854    recall@101 : 1.0    ndcg@5 : 0.78    ndcg@10 : 0.79    ndcg@101 : 0.8159    mrr@5 : 0.7653    mrr@10 : 0.7695    mrr@101 : 0.773    
Thu 05 Dec 2024 20:34:58 INFO  Saving current best: saved/MBHT-retail_beh-Dec-05-2024_20-28-57.pth
Thu 05 Dec 2024 20:37:54 INFO  epoch 2 training [time: 175.99s, train loss: 2666.3339]
Thu 05 Dec 2024 20:37:57 INFO  epoch 2 evaluating [time: 2.94s, valid_score: 0.865800]
Thu 05 Dec 2024 20:37:57 INFO  valid result: 
recall@5 : 0.8855    recall@10 : 0.8935    recall@101 : 1.0    ndcg@5 : 0.8633    ndcg@10 : 0.8658    ndcg@101 : 0.8842    mrr@5 : 0.8558    mrr@10 : 0.8568    mrr@101 : 0.859    
Thu 05 Dec 2024 20:37:57 INFO  Saving current best: saved/MBHT-retail_beh-Dec-05-2024_20-28-57.pth
Thu 05 Dec 2024 20:40:53 INFO  epoch 3 training [time: 175.65s, train loss: 2078.4607]
Thu 05 Dec 2024 20:40:56 INFO  epoch 3 evaluating [time: 2.94s, valid_score: 0.873900]
Thu 05 Dec 2024 20:40:56 INFO  valid result: 
recall@5 : 0.8855    recall@10 : 0.897    recall@101 : 1.0    ndcg@5 : 0.8702    ndcg@10 : 0.8739    ndcg@101 : 0.8909    mrr@5 : 0.865    mrr@10 : 0.8666    mrr@101 : 0.8684    
Thu 05 Dec 2024 20:40:56 INFO  Saving current best: saved/MBHT-retail_beh-Dec-05-2024_20-28-57.pth
Thu 05 Dec 2024 20:43:51 INFO  epoch 4 training [time: 175.66s, train loss: 1804.7274]
Thu 05 Dec 2024 20:43:54 INFO  epoch 4 evaluating [time: 2.96s, valid_score: 0.881400]
Thu 05 Dec 2024 20:43:54 INFO  valid result: 
recall@5 : 0.8955    recall@10 : 0.902    recall@101 : 1.0    ndcg@5 : 0.8794    ndcg@10 : 0.8814    ndcg@101 : 0.8978    mrr@5 : 0.874    mrr@10 : 0.8748    mrr@101 : 0.8767    
Thu 05 Dec 2024 20:43:54 INFO  Saving current best: saved/MBHT-retail_beh-Dec-05-2024_20-28-57.pth
Thu 05 Dec 2024 20:46:50 INFO  epoch 5 training [time: 175.55s, train loss: 1626.0910]
Thu 05 Dec 2024 20:46:53 INFO  epoch 5 evaluating [time: 2.89s, valid_score: 0.887700]
Thu 05 Dec 2024 20:46:53 INFO  valid result: 
recall@5 : 0.897    recall@10 : 0.906    recall@101 : 1.0    ndcg@5 : 0.8848    ndcg@10 : 0.8877    ndcg@101 : 0.9034    mrr@5 : 0.8806    mrr@10 : 0.8818    mrr@101 : 0.8836    
Thu 05 Dec 2024 20:46:53 INFO  Saving current best: saved/MBHT-retail_beh-Dec-05-2024_20-28-57.pth
Thu 05 Dec 2024 20:49:49 INFO  epoch 6 training [time: 176.23s, train loss: 1508.4816]
Thu 05 Dec 2024 20:49:52 INFO  epoch 6 evaluating [time: 2.94s, valid_score: 0.894500]
Thu 05 Dec 2024 20:49:52 INFO  valid result: 
recall@5 : 0.906    recall@10 : 0.911    recall@101 : 1.0    ndcg@5 : 0.8929    ndcg@10 : 0.8945    ndcg@101 : 0.9093    mrr@5 : 0.8884    mrr@10 : 0.8891    mrr@101 : 0.8907    
Thu 05 Dec 2024 20:49:52 INFO  Saving current best: saved/MBHT-retail_beh-Dec-05-2024_20-28-57.pth
Thu 05 Dec 2024 20:52:50 INFO  epoch 7 training [time: 177.35s, train loss: 1412.9951]
Thu 05 Dec 2024 20:52:53 INFO  epoch 7 evaluating [time: 2.93s, valid_score: 0.903700]
Thu 05 Dec 2024 20:52:53 INFO  valid result: 
recall@5 : 0.9115    recall@10 : 0.9385    recall@101 : 1.0    ndcg@5 : 0.895    ndcg@10 : 0.9037    ndcg@101 : 0.9142    mrr@5 : 0.8895    mrr@10 : 0.8931    mrr@101 : 0.8943    
Thu 05 Dec 2024 20:52:53 INFO  Saving current best: saved/MBHT-retail_beh-Dec-05-2024_20-28-57.pth
Thu 05 Dec 2024 20:55:49 INFO  epoch 8 training [time: 176.65s, train loss: 1332.7445]
Thu 05 Dec 2024 20:55:52 INFO  epoch 8 evaluating [time: 2.85s, valid_score: 0.894600]
Thu 05 Dec 2024 20:55:52 INFO  valid result: 
recall@5 : 0.9075    recall@10 : 0.913    recall@101 : 1.0    ndcg@5 : 0.8929    ndcg@10 : 0.8946    ndcg@101 : 0.9096    mrr@5 : 0.8879    mrr@10 : 0.8886    mrr@101 : 0.8904    
Thu 05 Dec 2024 20:58:48 INFO  epoch 9 training [time: 175.43s, train loss: 1278.4153]
Thu 05 Dec 2024 20:58:50 INFO  epoch 9 evaluating [time: 2.92s, valid_score: 0.900000]
Thu 05 Dec 2024 20:58:50 INFO  valid result: 
recall@5 : 0.909    recall@10 : 0.9155    recall@101 : 1.0    ndcg@5 : 0.8979    ndcg@10 : 0.9    ndcg@101 : 0.9137    mrr@5 : 0.8942    mrr@10 : 0.895    mrr@101 : 0.8963    
Thu 05 Dec 2024 21:01:47 INFO  epoch 10 training [time: 176.49s, train loss: 1209.7684]
Thu 05 Dec 2024 21:01:50 INFO  epoch 10 evaluating [time: 2.94s, valid_score: 0.893000]
Thu 05 Dec 2024 21:01:50 INFO  valid result: 
recall@5 : 0.905    recall@10 : 0.913    recall@101 : 1.0    ndcg@5 : 0.8902    ndcg@10 : 0.893    ndcg@101 : 0.9071    mrr@5 : 0.8853    mrr@10 : 0.8865    mrr@101 : 0.8879    
Thu 05 Dec 2024 21:04:46 INFO  epoch 11 training [time: 176.09s, train loss: 1159.0898]
Thu 05 Dec 2024 21:04:49 INFO  epoch 11 evaluating [time: 2.88s, valid_score: 0.893400]
Thu 05 Dec 2024 21:04:49 INFO  valid result: 
recall@5 : 0.904    recall@10 : 0.9125    recall@101 : 1.0    ndcg@5 : 0.8907    ndcg@10 : 0.8934    ndcg@101 : 0.9074    mrr@5 : 0.8862    mrr@10 : 0.8873    mrr@101 : 0.8886    
Thu 05 Dec 2024 21:07:46 INFO  epoch 12 training [time: 176.90s, train loss: 1101.6216]
Thu 05 Dec 2024 21:07:49 INFO  epoch 12 evaluating [time: 2.91s, valid_score: 0.894700]
Thu 05 Dec 2024 21:07:49 INFO  valid result: 
recall@5 : 0.9065    recall@10 : 0.911    recall@101 : 1.0    ndcg@5 : 0.8932    ndcg@10 : 0.8947    ndcg@101 : 0.9092    mrr@5 : 0.8888    mrr@10 : 0.8894    mrr@101 : 0.8909    
Thu 05 Dec 2024 21:10:45 INFO  epoch 13 training [time: 176.48s, train loss: 1059.0312]
Thu 05 Dec 2024 21:10:48 INFO  epoch 13 evaluating [time: 2.90s, valid_score: 0.894400]
Thu 05 Dec 2024 21:10:48 INFO  valid result: 
recall@5 : 0.907    recall@10 : 0.911    recall@101 : 1.0    ndcg@5 : 0.8931    ndcg@10 : 0.8944    ndcg@101 : 0.9087    mrr@5 : 0.8885    mrr@10 : 0.889    mrr@101 : 0.8904    
Thu 05 Dec 2024 21:13:44 INFO  epoch 14 training [time: 175.65s, train loss: 1022.6933]
Thu 05 Dec 2024 21:13:47 INFO  epoch 14 evaluating [time: 2.88s, valid_score: 0.893000]
Thu 05 Dec 2024 21:13:47 INFO  valid result: 
recall@5 : 0.903    recall@10 : 0.912    recall@101 : 1.0    ndcg@5 : 0.8901    ndcg@10 : 0.893    ndcg@101 : 0.9073    mrr@5 : 0.8858    mrr@10 : 0.887    mrr@101 : 0.8884    
Thu 05 Dec 2024 21:16:42 INFO  epoch 15 training [time: 175.32s, train loss: 980.1064]
Thu 05 Dec 2024 21:16:45 INFO  epoch 15 evaluating [time: 2.93s, valid_score: 0.894400]
Thu 05 Dec 2024 21:16:45 INFO  valid result: 
recall@5 : 0.904    recall@10 : 0.9105    recall@101 : 1.0    ndcg@5 : 0.8922    ndcg@10 : 0.8944    ndcg@101 : 0.9089    mrr@5 : 0.8883    mrr@10 : 0.8892    mrr@101 : 0.8907    
Thu 05 Dec 2024 21:19:42 INFO  epoch 16 training [time: 176.82s, train loss: 956.5097]
Thu 05 Dec 2024 21:19:45 INFO  epoch 16 evaluating [time: 2.93s, valid_score: 0.895800]
Thu 05 Dec 2024 21:19:45 INFO  valid result: 
recall@5 : 0.9045    recall@10 : 0.912    recall@101 : 1.0    ndcg@5 : 0.8935    ndcg@10 : 0.8958    ndcg@101 : 0.91    mrr@5 : 0.8898    mrr@10 : 0.8907    mrr@101 : 0.8921    
Thu 05 Dec 2024 21:22:39 INFO  epoch 17 training [time: 174.58s, train loss: 920.3781]
Thu 05 Dec 2024 21:22:42 INFO  epoch 17 evaluating [time: 2.85s, valid_score: 0.893300]
Thu 05 Dec 2024 21:22:42 INFO  valid result: 
recall@5 : 0.903    recall@10 : 0.9135    recall@101 : 1.0    ndcg@5 : 0.8898    ndcg@10 : 0.8933    ndcg@101 : 0.9074    mrr@5 : 0.8854    mrr@10 : 0.8869    mrr@101 : 0.8883    
Thu 05 Dec 2024 21:25:36 INFO  epoch 18 training [time: 173.66s, train loss: 897.7870]
Thu 05 Dec 2024 21:25:39 INFO  epoch 18 evaluating [time: 2.97s, valid_score: 0.891100]
Thu 05 Dec 2024 21:25:39 INFO  valid result: 
recall@5 : 0.9025    recall@10 : 0.9095    recall@101 : 1.0    ndcg@5 : 0.8888    ndcg@10 : 0.8911    ndcg@101 : 0.9058    mrr@5 : 0.8841    mrr@10 : 0.8851    mrr@101 : 0.8866    
Thu 05 Dec 2024 21:25:39 INFO  Finished training, best eval result in epoch 7
Thu 05 Dec 2024 21:25:39 INFO  test result: {'recall@5': 0.9115, 'recall@10': 0.9385, 'recall@101': 1.0, 'ndcg@5': 0.895, 'ndcg@10': 0.9037, 'ndcg@101': 0.9142, 'mrr@5': 0.8895, 'mrr@10': 0.8931, 'mrr@101': 0.8943}
