Fri 06 Dec 2024 22:00:30 INFO  PID: 4006197
Fri 06 Dec 2024 22:00:30 INFO  Namespace(batch_size=2048, dataset='retail_beh', gpu_id=0, model='MBHT', valid_portion=0.1, validation=False)
Fri 06 Dec 2024 22:00:30 INFO  
General Hyper Parameters:
gpu_id = 0
use_gpu = True
seed = 2020
state = INFO
reproducibility = True
data_path = dataset/retail_beh
show_progress = True
save_dataset = False
save_dataloaders = False
benchmark_filename = ['train', 'test']

Training Hyper Parameters:
checkpoint_dir = saved
epochs = 300
train_batch_size = 64
learner = adam
learning_rate = 0.001
eval_step = 1
stopping_step = 10
clip_grad_norm = None
weight_decay = 0.0
loss_decimal_place = 4

Evaluation Hyper Parameters:
eval_args = {'mode': 'full', 'order': 'TO', 'split': {'RS': [0.8, 0.1, 0.1]}, 'group_by': 'user'}
metrics = ['Recall', 'NDCG', 'MRR']
topk = [5, 10, 101]
valid_metric = NDCG@10
valid_metric_bigger = True
eval_batch_size = 128
metric_decimal_place = 4

Dataset Hyper Parameters:
field_separator = 	
seq_separator =  
USER_ID_FIELD = session_id
ITEM_ID_FIELD = item_id
RATING_FIELD = rating
TIME_FIELD = timestamp
seq_len = None
LABEL_FIELD = label
threshold = None
NEG_PREFIX = neg_
load_col = None
unload_col = None
unused_col = None
additional_feat_suffix = None
rm_dup_inter = None
val_interval = None
filter_inter_by_user_or_item = True
user_inter_num_interval = [0,inf)
item_inter_num_interval = [0,inf)
alias_of_user_id = None
alias_of_item_id = ['item_id_list']
alias_of_entity_id = None
alias_of_relation_id = None
preload_weight = None
normalize_field = None
normalize_all = None
ITEM_LIST_LENGTH_FIELD = item_length
LIST_SUFFIX = _list
MAX_ITEM_LIST_LENGTH = 200
POSITION_FIELD = position_id
HEAD_ENTITY_ID_FIELD = head_id
TAIL_ENTITY_ID_FIELD = tail_id
RELATION_ID_FIELD = relation_id
ENTITY_ID_FIELD = entity_id

Other Hyper Parameters: 
neg_sampling = None
repeatable = True
n_layers = 2
n_heads = 2
hidden_size = 64
inner_size = 256
hidden_dropout_prob = 0.5
attn_dropout_prob = 0.5
hidden_act = gelu
layer_norm_eps = 1e-12
initializer_range = 0.02
mask_ratio = 0.2
loss_type = CE
customized_eval = 1
MODEL_TYPE = ModelType.SEQUENTIAL
hyper_len = 6
scales = [5, 4, 20]
enable_hg = 1
enable_ms = 1
abaltion = 
batch_size = 2048
MODEL_INPUT_TYPE = InputType.POINTWISE
eval_type = EvaluatorType.RANKING
device = cuda
train_neg_sample_args = {'strategy': 'none'}
eval_neg_sample_args = {'strategy': 'full', 'distribution': 'uniform'}


Fri 06 Dec 2024 22:00:31 INFO  retail_beh
The number of users: 30691
Average actions of users: 1.065167807103291
The number of items: 31240
Average actions of items: 3.388618223281849
The number of inters: 32690
The sparsity of the dataset: 99.99659048303167%
Remain Fields: ['session_id', 'item_id_list', 'item_type_list', 'item_id', 'item_length']
Fri 06 Dec 2024 22:00:32 INFO  MBHT(
  (type_embedding): Embedding(6, 64, padding_idx=0)
  (item_embedding): Embedding(31241, 64, padding_idx=0)
  (position_embedding): Embedding(201, 64)
  (trm_encoder): TransformerEncoder(
    (layer): ModuleList(
      (0-1): 2 x TransformerLayer(
        (multi_head_attention): MultiScaleAttention(
          (out_fc): Linear(in_features=260, out_features=200, bias=True)
          (attention1): LinearAttention(
            (E): Linear(in_features=200, out_features=5, bias=True)
            (F): Linear(in_features=200, out_features=5, bias=True)
            (W_V): Linear(in_features=64, out_features=64, bias=True)
            (W_K): Linear(in_features=64, out_features=64, bias=True)
            (W_Q): Linear(in_features=64, out_features=64, bias=True)
            (dense): Linear(in_features=64, out_features=64, bias=True)
            (attn_dropout): Dropout(p=0.5, inplace=False)
            (out_dropout): Dropout(p=0.5, inplace=False)
            (LayerNorm): LayerNorm((64,), eps=1e-12, elementwise_affine=True)
          )
          (attention2): MultiHeadAttention(
            (query): Linear(in_features=64, out_features=64, bias=True)
            (key): Linear(in_features=64, out_features=64, bias=True)
            (value): Linear(in_features=64, out_features=64, bias=True)
            (attn_dropout): Dropout(p=0.5, inplace=False)
            (dense): Linear(in_features=64, out_features=64, bias=True)
            (LayerNorm): LayerNorm((64,), eps=1e-12, elementwise_affine=True)
            (out_dropout): Dropout(p=0.5, inplace=False)
          )
        )
        (feed_forward): FeedForward(
          (dense_1): Linear(in_features=64, out_features=256, bias=True)
          (dense_2): Linear(in_features=256, out_features=64, bias=True)
          (LayerNorm): LayerNorm((64,), eps=1e-12, elementwise_affine=True)
          (dropout): Dropout(p=0.5, inplace=False)
        )
      )
    )
  )
  (hgnn_layer): HGNN(
    (hgc1): HGNN_conv()
    (hgc2): HGNN_conv()
    (out_fc): Linear(in_features=64, out_features=64, bias=True)
  )
  (LayerNorm): LayerNorm((64,), eps=1e-12, elementwise_affine=True)
  (dropout): Dropout(p=0.5, inplace=False)
  (hg_type_embedding): Embedding(6, 64, padding_idx=0)
)
Trainable parameters: 2276036
Fri 06 Dec 2024 22:00:36 INFO  epoch -1 evaluating [time: 3.60s, valid_score: 0.054900]
Fri 06 Dec 2024 22:00:36 INFO  valid result: 
recall@5 : 0.0625    recall@10 : 0.1245    recall@101 : 1.0    ndcg@5 : 0.0356    ndcg@10 : 0.0549    ndcg@101 : 0.2208    mrr@5 : 0.0271    mrr@10 : 0.0346    mrr@101 : 0.0609    
Fri 06 Dec 2024 22:03:31 INFO  epoch 0 training [time: 174.29s, train loss: 4537.4543]
Fri 06 Dec 2024 22:03:34 INFO  epoch 0 evaluating [time: 2.95s, valid_score: 0.590600]
Fri 06 Dec 2024 22:03:34 INFO  valid result: 
recall@5 : 0.6635    recall@10 : 0.751    recall@101 : 1.0    ndcg@5 : 0.562    ndcg@10 : 0.5906    ndcg@101 : 0.6409    mrr@5 : 0.5282    mrr@10 : 0.5402    mrr@101 : 0.5495    
Fri 06 Dec 2024 22:03:34 INFO  Saving current best: saved/MBHT-retail_beh-Dec-06-2024_22-00-32.pth
Fri 06 Dec 2024 22:06:28 INFO  epoch 1 training [time: 174.93s, train loss: 3648.9741]
Fri 06 Dec 2024 22:06:31 INFO  epoch 1 evaluating [time: 2.90s, valid_score: 0.791700]
Fri 06 Dec 2024 22:06:31 INFO  valid result: 
recall@5 : 0.8285    recall@10 : 0.8585    recall@101 : 1.0    ndcg@5 : 0.7819    ndcg@10 : 0.7917    ndcg@101 : 0.8164    mrr@5 : 0.7662    mrr@10 : 0.7703    mrr@101 : 0.7735    
Fri 06 Dec 2024 22:06:31 INFO  Saving current best: saved/MBHT-retail_beh-Dec-06-2024_22-00-32.pth
Fri 06 Dec 2024 22:09:26 INFO  epoch 2 training [time: 174.83s, train loss: 2669.7263]
Fri 06 Dec 2024 22:09:29 INFO  epoch 2 evaluating [time: 2.87s, valid_score: 0.863100]
Fri 06 Dec 2024 22:09:29 INFO  valid result: 
recall@5 : 0.883    recall@10 : 0.8915    recall@101 : 1.0    ndcg@5 : 0.8604    ndcg@10 : 0.8631    ndcg@101 : 0.8817    mrr@5 : 0.8527    mrr@10 : 0.8538    mrr@101 : 0.856    
Fri 06 Dec 2024 22:09:29 INFO  Saving current best: saved/MBHT-retail_beh-Dec-06-2024_22-00-32.pth
Fri 06 Dec 2024 22:12:25 INFO  epoch 3 training [time: 175.48s, train loss: 2074.4509]
Fri 06 Dec 2024 22:12:28 INFO  epoch 3 evaluating [time: 2.88s, valid_score: 0.881200]
Fri 06 Dec 2024 22:12:28 INFO  valid result: 
recall@5 : 0.8935    recall@10 : 0.902    recall@101 : 1.0    ndcg@5 : 0.8784    ndcg@10 : 0.8812    ndcg@101 : 0.8974    mrr@5 : 0.8733    mrr@10 : 0.8745    mrr@101 : 0.8762    
Fri 06 Dec 2024 22:12:28 INFO  Saving current best: saved/MBHT-retail_beh-Dec-06-2024_22-00-32.pth
Fri 06 Dec 2024 22:15:22 INFO  epoch 4 training [time: 174.45s, train loss: 1793.7377]
Fri 06 Dec 2024 22:15:25 INFO  epoch 4 evaluating [time: 2.88s, valid_score: 0.883400]
Fri 06 Dec 2024 22:15:25 INFO  valid result: 
recall@5 : 0.8955    recall@10 : 0.9045    recall@101 : 1.0    ndcg@5 : 0.8806    ndcg@10 : 0.8834    ndcg@101 : 0.8991    mrr@5 : 0.8756    mrr@10 : 0.8768    mrr@101 : 0.8784    
Fri 06 Dec 2024 22:15:25 INFO  Saving current best: saved/MBHT-retail_beh-Dec-06-2024_22-00-32.pth
Fri 06 Dec 2024 22:18:20 INFO  epoch 5 training [time: 175.06s, train loss: 1613.6975]
Fri 06 Dec 2024 22:18:23 INFO  epoch 5 evaluating [time: 2.87s, valid_score: 0.893300]
Fri 06 Dec 2024 22:18:23 INFO  valid result: 
recall@5 : 0.9025    recall@10 : 0.9125    recall@101 : 1.0    ndcg@5 : 0.8901    ndcg@10 : 0.8933    ndcg@101 : 0.9073    mrr@5 : 0.8859    mrr@10 : 0.8872    mrr@101 : 0.8885    
Fri 06 Dec 2024 22:18:23 INFO  Saving current best: saved/MBHT-retail_beh-Dec-06-2024_22-00-32.pth
Fri 06 Dec 2024 22:21:19 INFO  epoch 6 training [time: 176.08s, train loss: 1496.6274]
Fri 06 Dec 2024 22:21:22 INFO  epoch 6 evaluating [time: 2.88s, valid_score: 0.898200]
Fri 06 Dec 2024 22:21:22 INFO  valid result: 
recall@5 : 0.9085    recall@10 : 0.9145    recall@101 : 1.0    ndcg@5 : 0.8963    ndcg@10 : 0.8982    ndcg@101 : 0.9119    mrr@5 : 0.8921    mrr@10 : 0.893    mrr@101 : 0.8942    
Fri 06 Dec 2024 22:21:22 INFO  Saving current best: saved/MBHT-retail_beh-Dec-06-2024_22-00-32.pth
Fri 06 Dec 2024 22:24:20 INFO  epoch 7 training [time: 178.10s, train loss: 1401.7585]
Fri 06 Dec 2024 22:24:23 INFO  epoch 7 evaluating [time: 2.93s, valid_score: 0.898200]
Fri 06 Dec 2024 22:24:23 INFO  valid result: 
recall@5 : 0.9075    recall@10 : 0.9135    recall@101 : 1.0    ndcg@5 : 0.8963    ndcg@10 : 0.8982    ndcg@101 : 0.9121    mrr@5 : 0.8925    mrr@10 : 0.8933    mrr@101 : 0.8946    
Fri 06 Dec 2024 22:27:20 INFO  epoch 8 training [time: 177.02s, train loss: 1318.8456]
Fri 06 Dec 2024 22:27:23 INFO  epoch 8 evaluating [time: 2.96s, valid_score: 0.898000]
Fri 06 Dec 2024 22:27:23 INFO  valid result: 
recall@5 : 0.9085    recall@10 : 0.914    recall@101 : 1.0    ndcg@5 : 0.8962    ndcg@10 : 0.898    ndcg@101 : 0.9119    mrr@5 : 0.8921    mrr@10 : 0.8928    mrr@101 : 0.8942    
Fri 06 Dec 2024 22:30:19 INFO  epoch 9 training [time: 176.12s, train loss: 1264.8901]
Fri 06 Dec 2024 22:30:22 INFO  epoch 9 evaluating [time: 2.88s, valid_score: 0.897000]
Fri 06 Dec 2024 22:30:22 INFO  valid result: 
recall@5 : 0.9095    recall@10 : 0.9125    recall@101 : 1.0    ndcg@5 : 0.896    ndcg@10 : 0.897    ndcg@101 : 0.9112    mrr@5 : 0.8915    mrr@10 : 0.8919    mrr@101 : 0.8933    
Fri 06 Dec 2024 22:33:18 INFO  epoch 10 training [time: 175.49s, train loss: 1195.6110]
Fri 06 Dec 2024 22:33:21 INFO  epoch 10 evaluating [time: 2.91s, valid_score: 0.893300]
Fri 06 Dec 2024 22:33:21 INFO  valid result: 
recall@5 : 0.906    recall@10 : 0.912    recall@101 : 1.0    ndcg@5 : 0.8913    ndcg@10 : 0.8933    ndcg@101 : 0.9074    mrr@5 : 0.8864    mrr@10 : 0.8872    mrr@101 : 0.8885    
Fri 06 Dec 2024 22:36:16 INFO  epoch 11 training [time: 175.33s, train loss: 1146.5670]
Fri 06 Dec 2024 22:36:19 INFO  epoch 11 evaluating [time: 2.84s, valid_score: 0.894800]
Fri 06 Dec 2024 22:36:19 INFO  valid result: 
recall@5 : 0.9055    recall@10 : 0.913    recall@101 : 1.0    ndcg@5 : 0.8923    ndcg@10 : 0.8948    ndcg@101 : 0.9086    mrr@5 : 0.8878    mrr@10 : 0.8889    mrr@101 : 0.8902    
Fri 06 Dec 2024 22:39:14 INFO  epoch 12 training [time: 175.33s, train loss: 1087.5428]
Fri 06 Dec 2024 22:39:17 INFO  epoch 12 evaluating [time: 2.93s, valid_score: 0.896100]
Fri 06 Dec 2024 22:39:17 INFO  valid result: 
recall@5 : 0.907    recall@10 : 0.9145    recall@101 : 1.0    ndcg@5 : 0.8937    ndcg@10 : 0.8961    ndcg@101 : 0.9097    mrr@5 : 0.8892    mrr@10 : 0.8902    mrr@101 : 0.8914    
Fri 06 Dec 2024 22:42:14 INFO  epoch 13 training [time: 177.19s, train loss: 1047.2555]
Fri 06 Dec 2024 22:42:17 INFO  epoch 13 evaluating [time: 2.92s, valid_score: 0.893200]
Fri 06 Dec 2024 22:42:17 INFO  valid result: 
recall@5 : 0.903    recall@10 : 0.9125    recall@101 : 1.0    ndcg@5 : 0.8901    ndcg@10 : 0.8932    ndcg@101 : 0.9072    mrr@5 : 0.8857    mrr@10 : 0.887    mrr@101 : 0.8883    
Fri 06 Dec 2024 22:45:14 INFO  epoch 14 training [time: 176.58s, train loss: 1008.5167]
Fri 06 Dec 2024 22:45:17 INFO  epoch 14 evaluating [time: 2.88s, valid_score: 0.893600]
Fri 06 Dec 2024 22:45:17 INFO  valid result: 
recall@5 : 0.903    recall@10 : 0.9095    recall@101 : 1.0    ndcg@5 : 0.8916    ndcg@10 : 0.8936    ndcg@101 : 0.9085    mrr@5 : 0.8877    mrr@10 : 0.8885    mrr@101 : 0.8901    
Fri 06 Dec 2024 22:48:14 INFO  epoch 15 training [time: 176.94s, train loss: 969.0884]
Fri 06 Dec 2024 22:48:17 INFO  epoch 15 evaluating [time: 2.95s, valid_score: 0.895400]
Fri 06 Dec 2024 22:48:17 INFO  valid result: 
recall@5 : 0.9035    recall@10 : 0.913    recall@101 : 1.0    ndcg@5 : 0.8924    ndcg@10 : 0.8954    ndcg@101 : 0.9094    mrr@5 : 0.8887    mrr@10 : 0.8899    mrr@101 : 0.8913    
Fri 06 Dec 2024 22:51:16 INFO  epoch 16 training [time: 179.16s, train loss: 944.7154]
Fri 06 Dec 2024 22:51:19 INFO  epoch 16 evaluating [time: 2.92s, valid_score: 0.897000]
Fri 06 Dec 2024 22:51:19 INFO  valid result: 
recall@5 : 0.906    recall@10 : 0.9125    recall@101 : 1.0    ndcg@5 : 0.8949    ndcg@10 : 0.897    ndcg@101 : 0.9111    mrr@5 : 0.8912    mrr@10 : 0.892    mrr@101 : 0.8934    
Fri 06 Dec 2024 22:54:17 INFO  epoch 17 training [time: 178.35s, train loss: 907.8864]
Fri 06 Dec 2024 22:54:20 INFO  epoch 17 evaluating [time: 2.88s, valid_score: 0.895300]
Fri 06 Dec 2024 22:54:20 INFO  valid result: 
recall@5 : 0.9035    recall@10 : 0.9125    recall@101 : 1.0    ndcg@5 : 0.8924    ndcg@10 : 0.8953    ndcg@101 : 0.9094    mrr@5 : 0.8886    mrr@10 : 0.8898    mrr@101 : 0.8912    
Fri 06 Dec 2024 22:54:20 INFO  Finished training, best eval result in epoch 6
Fri 06 Dec 2024 22:54:20 INFO  test result: {'recall@5': 0.9085, 'recall@10': 0.9145, 'recall@101': 1.0, 'ndcg@5': 0.8963, 'ndcg@10': 0.8982, 'ndcg@101': 0.9119, 'mrr@5': 0.8921, 'mrr@10': 0.893, 'mrr@101': 0.8942}
