Fri 06 Dec 2024 20:39:45 INFO  PID: 3984800
Fri 06 Dec 2024 20:39:45 INFO  Namespace(batch_size=2048, dataset='retail_beh', gpu_id=0, model='MBHT', valid_portion=0.1, validation=False)
Fri 06 Dec 2024 20:39:45 INFO  
General Hyper Parameters:
gpu_id = 0
use_gpu = True
seed = 2020
state = INFO
reproducibility = True
data_path = dataset/retail_beh
show_progress = True
save_dataset = False
save_dataloaders = False
benchmark_filename = ['train', 'test']

Training Hyper Parameters:
checkpoint_dir = saved
epochs = 300
train_batch_size = 64
learner = adam
learning_rate = 0.001
eval_step = 1
stopping_step = 10
clip_grad_norm = None
weight_decay = 0.0
loss_decimal_place = 4

Evaluation Hyper Parameters:
eval_args = {'mode': 'full', 'order': 'TO', 'split': {'RS': [0.8, 0.1, 0.1]}, 'group_by': 'user'}
metrics = ['Recall', 'NDCG', 'MRR']
topk = [5, 10, 101]
valid_metric = NDCG@10
valid_metric_bigger = True
eval_batch_size = 128
metric_decimal_place = 4

Dataset Hyper Parameters:
field_separator = 	
seq_separator =  
USER_ID_FIELD = session_id
ITEM_ID_FIELD = item_id
RATING_FIELD = rating
TIME_FIELD = timestamp
seq_len = None
LABEL_FIELD = label
threshold = None
NEG_PREFIX = neg_
load_col = None
unload_col = None
unused_col = None
additional_feat_suffix = None
rm_dup_inter = None
val_interval = None
filter_inter_by_user_or_item = True
user_inter_num_interval = [0,inf)
item_inter_num_interval = [0,inf)
alias_of_user_id = None
alias_of_item_id = ['item_id_list']
alias_of_entity_id = None
alias_of_relation_id = None
preload_weight = None
normalize_field = None
normalize_all = None
ITEM_LIST_LENGTH_FIELD = item_length
LIST_SUFFIX = _list
MAX_ITEM_LIST_LENGTH = 200
POSITION_FIELD = position_id
HEAD_ENTITY_ID_FIELD = head_id
TAIL_ENTITY_ID_FIELD = tail_id
RELATION_ID_FIELD = relation_id
ENTITY_ID_FIELD = entity_id

Other Hyper Parameters: 
neg_sampling = None
repeatable = True
n_layers = 2
n_heads = 2
hidden_size = 64
inner_size = 256
hidden_dropout_prob = 0.5
attn_dropout_prob = 0.5
hidden_act = gelu
layer_norm_eps = 1e-12
initializer_range = 0.02
mask_ratio = 0.2
loss_type = CE
customized_eval = 1
MODEL_TYPE = ModelType.SEQUENTIAL
hyper_len = 6
scales = [5, 4, 20]
enable_hg = 1
enable_ms = 1
abaltion = 
batch_size = 2048
MODEL_INPUT_TYPE = InputType.POINTWISE
eval_type = EvaluatorType.RANKING
device = cuda
train_neg_sample_args = {'strategy': 'none'}
eval_neg_sample_args = {'strategy': 'full', 'distribution': 'uniform'}


Fri 06 Dec 2024 20:39:45 INFO  retail_beh
The number of users: 30691
Average actions of users: 1.065167807103291
The number of items: 31240
Average actions of items: 3.388618223281849
The number of inters: 32690
The sparsity of the dataset: 99.99659048303167%
Remain Fields: ['session_id', 'item_id_list', 'item_type_list', 'item_id', 'item_length']
Fri 06 Dec 2024 20:39:47 INFO  MBHT(
  (type_embedding): Embedding(6, 64, padding_idx=0)
  (item_embedding): Embedding(31241, 64, padding_idx=0)
  (position_embedding): Embedding(201, 64)
  (trm_encoder): TransformerEncoder(
    (layer): ModuleList(
      (0-1): 2 x TransformerLayer(
        (multi_head_attention): MultiScaleAttention(
          (out_fc): Linear(in_features=260, out_features=200, bias=True)
          (attention1): LinearAttention(
            (E): Linear(in_features=200, out_features=5, bias=True)
            (F): Linear(in_features=200, out_features=5, bias=True)
            (W_V): Linear(in_features=64, out_features=64, bias=True)
            (W_K): Linear(in_features=64, out_features=64, bias=True)
            (W_Q): Linear(in_features=64, out_features=64, bias=True)
            (dense): Linear(in_features=64, out_features=64, bias=True)
            (attn_dropout): Dropout(p=0.5, inplace=False)
            (out_dropout): Dropout(p=0.5, inplace=False)
            (LayerNorm): LayerNorm((64,), eps=1e-12, elementwise_affine=True)
          )
          (attention2): MultiHeadAttention(
            (query): Linear(in_features=64, out_features=64, bias=True)
            (key): Linear(in_features=64, out_features=64, bias=True)
            (value): Linear(in_features=64, out_features=64, bias=True)
            (attn_dropout): Dropout(p=0.5, inplace=False)
            (dense): Linear(in_features=64, out_features=64, bias=True)
            (LayerNorm): LayerNorm((64,), eps=1e-12, elementwise_affine=True)
            (out_dropout): Dropout(p=0.5, inplace=False)
          )
        )
        (feed_forward): FeedForward(
          (dense_1): Linear(in_features=64, out_features=256, bias=True)
          (dense_2): Linear(in_features=256, out_features=64, bias=True)
          (LayerNorm): LayerNorm((64,), eps=1e-12, elementwise_affine=True)
          (dropout): Dropout(p=0.5, inplace=False)
        )
      )
    )
  )
  (hgnn_layer): HGNN(
    (hgc1): HGNN_conv()
    (hgc2): HGNN_conv()
    (out_fc): Linear(in_features=64, out_features=64, bias=True)
  )
  (LayerNorm): LayerNorm((64,), eps=1e-12, elementwise_affine=True)
  (dropout): Dropout(p=0.5, inplace=False)
  (hg_type_embedding): Embedding(6, 64, padding_idx=0)
)
Trainable parameters: 2276036
Fri 06 Dec 2024 20:39:51 INFO  epoch -1 evaluating [time: 3.57s, valid_score: 0.054900]
Fri 06 Dec 2024 20:39:51 INFO  valid result: 
recall@5 : 0.0625    recall@10 : 0.1245    recall@101 : 1.0    ndcg@5 : 0.0356    ndcg@10 : 0.0549    ndcg@101 : 0.2209    mrr@5 : 0.0271    mrr@10 : 0.0346    mrr@101 : 0.0609    
Fri 06 Dec 2024 20:42:42 INFO  epoch 0 training [time: 170.52s, train loss: 4541.4599]
Fri 06 Dec 2024 20:42:45 INFO  epoch 0 evaluating [time: 2.85s, valid_score: 0.560600]
Fri 06 Dec 2024 20:42:45 INFO  valid result: 
recall@5 : 0.636    recall@10 : 0.714    recall@101 : 1.0    ndcg@5 : 0.5351    ndcg@10 : 0.5606    ndcg@101 : 0.6181    mrr@5 : 0.5015    mrr@10 : 0.5122    mrr@101 : 0.5227    
Fri 06 Dec 2024 20:42:45 INFO  Saving current best: saved/MBHT-retail_beh-Dec-06-2024_20-39-47.pth
Fri 06 Dec 2024 20:45:36 INFO  epoch 1 training [time: 171.67s, train loss: 3672.4556]
Fri 06 Dec 2024 20:45:39 INFO  epoch 1 evaluating [time: 2.82s, valid_score: 0.801800]
Fri 06 Dec 2024 20:45:39 INFO  valid result: 
recall@5 : 0.838    recall@10 : 0.862    recall@101 : 1.0    ndcg@5 : 0.794    ndcg@10 : 0.8018    ndcg@101 : 0.8261    mrr@5 : 0.7792    mrr@10 : 0.7824    mrr@101 : 0.7856    
Fri 06 Dec 2024 20:45:39 INFO  Saving current best: saved/MBHT-retail_beh-Dec-06-2024_20-39-47.pth
Fri 06 Dec 2024 20:48:32 INFO  epoch 2 training [time: 172.65s, train loss: 2692.6194]
Fri 06 Dec 2024 20:48:35 INFO  epoch 2 evaluating [time: 2.95s, valid_score: 0.868200]
Fri 06 Dec 2024 20:48:35 INFO  valid result: 
recall@5 : 0.8845    recall@10 : 0.8935    recall@101 : 1.0    ndcg@5 : 0.8653    ndcg@10 : 0.8682    ndcg@101 : 0.8868    mrr@5 : 0.8587    mrr@10 : 0.86    mrr@101 : 0.8623    
Fri 06 Dec 2024 20:48:35 INFO  Saving current best: saved/MBHT-retail_beh-Dec-06-2024_20-39-47.pth
Fri 06 Dec 2024 20:51:30 INFO  epoch 3 training [time: 174.76s, train loss: 2090.6854]
Fri 06 Dec 2024 20:51:32 INFO  epoch 3 evaluating [time: 2.82s, valid_score: 0.883700]
Fri 06 Dec 2024 20:51:32 INFO  valid result: 
recall@5 : 0.895    recall@10 : 0.9045    recall@101 : 1.0    ndcg@5 : 0.8806    ndcg@10 : 0.8837    ndcg@101 : 0.8999    mrr@5 : 0.8757    mrr@10 : 0.877    mrr@101 : 0.8789    
Fri 06 Dec 2024 20:51:33 INFO  Saving current best: saved/MBHT-retail_beh-Dec-06-2024_20-39-47.pth
Fri 06 Dec 2024 20:54:27 INFO  epoch 4 training [time: 174.29s, train loss: 1803.4242]
Fri 06 Dec 2024 20:54:30 INFO  epoch 4 evaluating [time: 2.89s, valid_score: 0.886500]
Fri 06 Dec 2024 20:54:30 INFO  valid result: 
recall@5 : 0.898    recall@10 : 0.9055    recall@101 : 1.0    ndcg@5 : 0.8841    ndcg@10 : 0.8865    ndcg@101 : 0.902    mrr@5 : 0.8794    mrr@10 : 0.8804    mrr@101 : 0.882    
Fri 06 Dec 2024 20:54:30 INFO  Saving current best: saved/MBHT-retail_beh-Dec-06-2024_20-39-47.pth
Fri 06 Dec 2024 20:57:24 INFO  epoch 5 training [time: 174.14s, train loss: 1621.5314]
Fri 06 Dec 2024 20:57:27 INFO  epoch 5 evaluating [time: 2.91s, valid_score: 0.895000]
Fri 06 Dec 2024 20:57:27 INFO  valid result: 
recall@5 : 0.9045    recall@10 : 0.9125    recall@101 : 1.0    ndcg@5 : 0.8924    ndcg@10 : 0.895    ndcg@101 : 0.9092    mrr@5 : 0.8883    mrr@10 : 0.8894    mrr@101 : 0.8908    
Fri 06 Dec 2024 20:57:27 INFO  Saving current best: saved/MBHT-retail_beh-Dec-06-2024_20-39-47.pth
Fri 06 Dec 2024 21:00:21 INFO  epoch 6 training [time: 174.55s, train loss: 1506.1463]
Fri 06 Dec 2024 21:00:24 INFO  epoch 6 evaluating [time: 2.87s, valid_score: 0.899700]
Fri 06 Dec 2024 21:00:24 INFO  valid result: 
recall@5 : 0.907    recall@10 : 0.9125    recall@101 : 1.0    ndcg@5 : 0.8979    ndcg@10 : 0.8997    ndcg@101 : 0.914    mrr@5 : 0.8948    mrr@10 : 0.8956    mrr@101 : 0.8971    
Fri 06 Dec 2024 21:00:24 INFO  Saving current best: saved/MBHT-retail_beh-Dec-06-2024_20-39-47.pth
Fri 06 Dec 2024 21:03:18 INFO  epoch 7 training [time: 174.07s, train loss: 1408.7293]
Fri 06 Dec 2024 21:03:21 INFO  epoch 7 evaluating [time: 2.87s, valid_score: 0.896200]
Fri 06 Dec 2024 21:03:21 INFO  valid result: 
recall@5 : 0.907    recall@10 : 0.914    recall@101 : 1.0    ndcg@5 : 0.8939    ndcg@10 : 0.8962    ndcg@101 : 0.9101    mrr@5 : 0.8895    mrr@10 : 0.8904    mrr@101 : 0.8918    
Fri 06 Dec 2024 21:06:16 INFO  epoch 8 training [time: 174.88s, train loss: 1326.1844]
Fri 06 Dec 2024 21:06:19 INFO  epoch 8 evaluating [time: 2.91s, valid_score: 0.897100]
Fri 06 Dec 2024 21:06:19 INFO  valid result: 
recall@5 : 0.908    recall@10 : 0.9115    recall@101 : 1.0    ndcg@5 : 0.8959    ndcg@10 : 0.8971    ndcg@101 : 0.9115    mrr@5 : 0.8918    mrr@10 : 0.8923    mrr@101 : 0.8937    
Fri 06 Dec 2024 21:09:14 INFO  epoch 9 training [time: 175.32s, train loss: 1273.0841]
Fri 06 Dec 2024 21:09:17 INFO  epoch 9 evaluating [time: 2.87s, valid_score: 0.897300]
Fri 06 Dec 2024 21:09:17 INFO  valid result: 
recall@5 : 0.9075    recall@10 : 0.914    recall@101 : 1.0    ndcg@5 : 0.8952    ndcg@10 : 0.8973    ndcg@101 : 0.911    mrr@5 : 0.891    mrr@10 : 0.8919    mrr@101 : 0.8931    
Fri 06 Dec 2024 21:12:11 INFO  epoch 10 training [time: 173.50s, train loss: 1201.2139]
Fri 06 Dec 2024 21:12:14 INFO  epoch 10 evaluating [time: 2.87s, valid_score: 0.893100]
Fri 06 Dec 2024 21:12:14 INFO  valid result: 
recall@5 : 0.905    recall@10 : 0.912    recall@101 : 1.0    ndcg@5 : 0.8909    ndcg@10 : 0.8931    ndcg@101 : 0.9073    mrr@5 : 0.8861    mrr@10 : 0.887    mrr@101 : 0.8884    
Fri 06 Dec 2024 21:15:07 INFO  epoch 11 training [time: 173.07s, train loss: 1151.0895]
Fri 06 Dec 2024 21:15:10 INFO  epoch 11 evaluating [time: 2.88s, valid_score: 0.895300]
Fri 06 Dec 2024 21:15:10 INFO  valid result: 
recall@5 : 0.9045    recall@10 : 0.9125    recall@101 : 1.0    ndcg@5 : 0.8926    ndcg@10 : 0.8953    ndcg@101 : 0.9093    mrr@5 : 0.8886    mrr@10 : 0.8897    mrr@101 : 0.891    
Fri 06 Dec 2024 21:18:04 INFO  epoch 12 training [time: 173.88s, train loss: 1091.2993]
Fri 06 Dec 2024 21:18:06 INFO  epoch 12 evaluating [time: 2.85s, valid_score: 0.897500]
Fri 06 Dec 2024 21:18:06 INFO  valid result: 
recall@5 : 0.908    recall@10 : 0.911    recall@101 : 1.0    ndcg@5 : 0.8965    ndcg@10 : 0.8975    ndcg@101 : 0.912    mrr@5 : 0.8926    mrr@10 : 0.893    mrr@101 : 0.8945    
Fri 06 Dec 2024 21:21:00 INFO  epoch 13 training [time: 173.11s, train loss: 1052.6045]
Fri 06 Dec 2024 21:21:02 INFO  epoch 13 evaluating [time: 2.84s, valid_score: 0.892300]
Fri 06 Dec 2024 21:21:02 INFO  valid result: 
recall@5 : 0.9025    recall@10 : 0.909    recall@101 : 1.0    ndcg@5 : 0.8902    ndcg@10 : 0.8923    ndcg@101 : 0.9071    mrr@5 : 0.8861    mrr@10 : 0.8869    mrr@101 : 0.8884    
Fri 06 Dec 2024 21:23:56 INFO  epoch 14 training [time: 173.88s, train loss: 1012.5860]
Fri 06 Dec 2024 21:23:59 INFO  epoch 14 evaluating [time: 2.88s, valid_score: 0.892600]
Fri 06 Dec 2024 21:23:59 INFO  valid result: 
recall@5 : 0.9025    recall@10 : 0.9105    recall@101 : 1.0    ndcg@5 : 0.89    ndcg@10 : 0.8926    ndcg@101 : 0.9072    mrr@5 : 0.8858    mrr@10 : 0.8869    mrr@101 : 0.8884    
Fri 06 Dec 2024 21:26:55 INFO  epoch 15 training [time: 175.77s, train loss: 975.6466]
Fri 06 Dec 2024 21:26:58 INFO  epoch 15 evaluating [time: 2.88s, valid_score: 0.893500]
Fri 06 Dec 2024 21:26:58 INFO  valid result: 
recall@5 : 0.9015    recall@10 : 0.9095    recall@101 : 1.0    ndcg@5 : 0.8909    ndcg@10 : 0.8935    ndcg@101 : 0.9085    mrr@5 : 0.8874    mrr@10 : 0.8884    mrr@101 : 0.8901    
Fri 06 Dec 2024 21:29:54 INFO  epoch 16 training [time: 176.16s, train loss: 951.6075]
Fri 06 Dec 2024 21:29:57 INFO  epoch 16 evaluating [time: 2.90s, valid_score: 0.893300]
Fri 06 Dec 2024 21:29:57 INFO  valid result: 
recall@5 : 0.9065    recall@10 : 0.9125    recall@101 : 1.0    ndcg@5 : 0.8913    ndcg@10 : 0.8933    ndcg@101 : 0.9073    mrr@5 : 0.8863    mrr@10 : 0.887    mrr@101 : 0.8884    
Fri 06 Dec 2024 21:32:53 INFO  epoch 17 training [time: 175.78s, train loss: 915.5407]
Fri 06 Dec 2024 21:32:56 INFO  epoch 17 evaluating [time: 2.90s, valid_score: 0.894200]
Fri 06 Dec 2024 21:32:56 INFO  valid result: 
recall@5 : 0.906    recall@10 : 0.911    recall@101 : 1.0    ndcg@5 : 0.8926    ndcg@10 : 0.8942    ndcg@101 : 0.9086    mrr@5 : 0.8881    mrr@10 : 0.8888    mrr@101 : 0.8902    
Fri 06 Dec 2024 21:32:56 INFO  Finished training, best eval result in epoch 6
Fri 06 Dec 2024 21:32:56 INFO  test result: {'recall@5': 0.907, 'recall@10': 0.9125, 'recall@101': 1.0, 'ndcg@5': 0.8979, 'ndcg@10': 0.8997, 'ndcg@101': 0.914, 'mrr@5': 0.8948, 'mrr@10': 0.8956, 'mrr@101': 0.8971}
