Wed 27 Nov 2024 19:30:03 INFO  PID: 235640
Wed 27 Nov 2024 19:30:03 INFO  Namespace(batch_size=2048, dataset='retail_beh', gpu_id=0, model='MBHT', valid_portion=0.1, validation=False)
Wed 27 Nov 2024 19:30:03 INFO  
General Hyper Parameters:
gpu_id = 0
use_gpu = True
seed = 2020
state = INFO
reproducibility = True
data_path = dataset/retail_beh
show_progress = True
save_dataset = False
save_dataloaders = False
benchmark_filename = ['train', 'test']

Training Hyper Parameters:
checkpoint_dir = saved
epochs = 300
train_batch_size = 64
learner = adam
learning_rate = 0.001
eval_step = 1
stopping_step = 10
clip_grad_norm = None
weight_decay = 0.0
loss_decimal_place = 4

Evaluation Hyper Parameters:
eval_args = {'mode': 'full', 'order': 'TO', 'split': {'RS': [0.8, 0.1, 0.1]}, 'group_by': 'user'}
metrics = ['Recall', 'NDCG', 'MRR']
topk = [5, 10, 101]
valid_metric = NDCG@10
valid_metric_bigger = True
eval_batch_size = 128
metric_decimal_place = 4

Dataset Hyper Parameters:
field_separator = 	
seq_separator =  
USER_ID_FIELD = session_id
ITEM_ID_FIELD = item_id
RATING_FIELD = rating
TIME_FIELD = timestamp
seq_len = None
LABEL_FIELD = label
threshold = None
NEG_PREFIX = neg_
load_col = None
unload_col = None
unused_col = None
additional_feat_suffix = None
rm_dup_inter = None
val_interval = None
filter_inter_by_user_or_item = True
user_inter_num_interval = [0,inf)
item_inter_num_interval = [0,inf)
alias_of_user_id = None
alias_of_item_id = ['item_id_list']
alias_of_entity_id = None
alias_of_relation_id = None
preload_weight = None
normalize_field = None
normalize_all = None
ITEM_LIST_LENGTH_FIELD = item_length
LIST_SUFFIX = _list
MAX_ITEM_LIST_LENGTH = 200
POSITION_FIELD = position_id
HEAD_ENTITY_ID_FIELD = head_id
TAIL_ENTITY_ID_FIELD = tail_id
RELATION_ID_FIELD = relation_id
ENTITY_ID_FIELD = entity_id

Other Hyper Parameters: 
neg_sampling = None
repeatable = True
n_layers = 2
n_heads = 2
hidden_size = 64
inner_size = 256
hidden_dropout_prob = 0.5
attn_dropout_prob = 0.5
hidden_act = gelu
layer_norm_eps = 1e-12
initializer_range = 0.02
mask_ratio = 0.2
loss_type = CE
customized_eval = 1
MODEL_TYPE = ModelType.SEQUENTIAL
hyper_len = 6
scales = [5, 4, 20]
enable_hg = 1
enable_ms = 1
abaltion = 
batch_size = 2048
MODEL_INPUT_TYPE = InputType.POINTWISE
eval_type = EvaluatorType.RANKING
device = cuda
train_neg_sample_args = {'strategy': 'none'}
eval_neg_sample_args = {'strategy': 'full', 'distribution': 'uniform'}


Wed 27 Nov 2024 19:30:04 INFO  retail_beh
The number of users: 30691
Average actions of users: 1.065167807103291
The number of items: 31240
Average actions of items: 3.388618223281849
The number of inters: 32690
The sparsity of the dataset: 99.99659048303167%
Remain Fields: ['session_id', 'item_id_list', 'item_type_list', 'item_id', 'item_length']
Wed 27 Nov 2024 19:30:05 INFO  MBHT(
  (type_embedding): Embedding(6, 64, padding_idx=0)
  (item_embedding): Embedding(31241, 64, padding_idx=0)
  (position_embedding): Embedding(201, 64)
  (trm_encoder): TransformerEncoder(
    (layer): ModuleList(
      (0-1): 2 x TransformerLayer(
        (multi_head_attention): MultiScaleAttention(
          (out_fc): Linear(in_features=260, out_features=200, bias=True)
          (attention1): LinearAttention(
            (E): Linear(in_features=200, out_features=5, bias=True)
            (F): Linear(in_features=200, out_features=5, bias=True)
            (W_V): Linear(in_features=64, out_features=64, bias=True)
            (W_K): Linear(in_features=64, out_features=64, bias=True)
            (W_Q): Linear(in_features=64, out_features=64, bias=True)
            (dense): Linear(in_features=64, out_features=64, bias=True)
            (attn_dropout): Dropout(p=0.5, inplace=False)
            (out_dropout): Dropout(p=0.5, inplace=False)
            (LayerNorm): LayerNorm((64,), eps=1e-12, elementwise_affine=True)
          )
          (attention2): MultiHeadAttention(
            (query): Linear(in_features=64, out_features=64, bias=True)
            (key): Linear(in_features=64, out_features=64, bias=True)
            (value): Linear(in_features=64, out_features=64, bias=True)
            (attn_dropout): Dropout(p=0.5, inplace=False)
            (dense): Linear(in_features=64, out_features=64, bias=True)
            (LayerNorm): LayerNorm((64,), eps=1e-12, elementwise_affine=True)
            (out_dropout): Dropout(p=0.5, inplace=False)
          )
        )
        (feed_forward): FeedForward(
          (dense_1): Linear(in_features=64, out_features=256, bias=True)
          (dense_2): Linear(in_features=256, out_features=64, bias=True)
          (LayerNorm): LayerNorm((64,), eps=1e-12, elementwise_affine=True)
          (dropout): Dropout(p=0.5, inplace=False)
        )
      )
    )
  )
  (hgnn_layer): HGNN(
    (hgc1): HGNN_conv()
    (hgc2): HGNN_conv()
    (out_fc): Linear(in_features=64, out_features=64, bias=True)
  )
  (LayerNorm): LayerNorm((64,), eps=1e-12, elementwise_affine=True)
  (dropout): Dropout(p=0.5, inplace=False)
  (hg_type_embedding): Embedding(6, 64, padding_idx=0)
)
Trainable parameters: 2276036
Wed 27 Nov 2024 19:30:15 INFO  epoch -1 evaluating [time: 8.67s, valid_score: 0.054900]
Wed 27 Nov 2024 19:30:15 INFO  valid result: 
recall@5 : 0.0625    recall@10 : 0.1245    recall@101 : 1.0    ndcg@5 : 0.0356    ndcg@10 : 0.0549    ndcg@101 : 0.2208    mrr@5 : 0.0271    mrr@10 : 0.0346    mrr@101 : 0.0609    
Wed 27 Nov 2024 19:36:30 INFO  epoch 0 training [time: 375.25s, train loss: 4532.5825]
Wed 27 Nov 2024 19:36:39 INFO  epoch 0 evaluating [time: 8.63s, valid_score: 0.671300]
Wed 27 Nov 2024 19:36:39 INFO  valid result: 
recall@5 : 0.755    recall@10 : 0.8165    recall@101 : 1.0    ndcg@5 : 0.6513    ndcg@10 : 0.6713    ndcg@101 : 0.7081    mrr@5 : 0.6165    mrr@10 : 0.6249    mrr@101 : 0.6316    
Wed 27 Nov 2024 19:36:39 INFO  Saving current best: saved/MBHT-retail_beh-Nov-27-2024_19-30-05.pth
Wed 27 Nov 2024 19:43:01 INFO  epoch 1 training [time: 382.28s, train loss: 3623.9682]
Wed 27 Nov 2024 19:43:10 INFO  epoch 1 evaluating [time: 8.73s, valid_score: 0.782300]
Wed 27 Nov 2024 19:43:10 INFO  valid result: 
recall@5 : 0.8175    recall@10 : 0.849    recall@101 : 1.0    ndcg@5 : 0.7719    ndcg@10 : 0.7823    ndcg@101 : 0.8088    mrr@5 : 0.7566    mrr@10 : 0.761    mrr@101 : 0.7645    
Wed 27 Nov 2024 19:43:10 INFO  Saving current best: saved/MBHT-retail_beh-Nov-27-2024_19-30-05.pth
Wed 27 Nov 2024 19:49:31 INFO  epoch 2 training [time: 381.05s, train loss: 2662.7433]
Wed 27 Nov 2024 19:49:39 INFO  epoch 2 evaluating [time: 8.54s, valid_score: 0.865100]
Wed 27 Nov 2024 19:49:39 INFO  valid result: 
recall@5 : 0.878    recall@10 : 0.895    recall@101 : 1.0    ndcg@5 : 0.8596    ndcg@10 : 0.8651    ndcg@101 : 0.8826    mrr@5 : 0.8534    mrr@10 : 0.8557    mrr@101 : 0.8576    
Wed 27 Nov 2024 19:49:40 INFO  Saving current best: saved/MBHT-retail_beh-Nov-27-2024_19-30-05.pth
Wed 27 Nov 2024 19:56:01 INFO  epoch 3 training [time: 381.08s, train loss: 2077.3053]
Wed 27 Nov 2024 19:56:09 INFO  epoch 3 evaluating [time: 8.45s, valid_score: 0.881500]
Wed 27 Nov 2024 19:56:09 INFO  valid result: 
recall@5 : 0.895    recall@10 : 0.9005    recall@101 : 1.0    ndcg@5 : 0.8796    ndcg@10 : 0.8815    ndcg@101 : 0.898    mrr@5 : 0.8744    mrr@10 : 0.8752    mrr@101 : 0.877    
Wed 27 Nov 2024 19:56:09 INFO  Saving current best: saved/MBHT-retail_beh-Nov-27-2024_19-30-05.pth
Wed 27 Nov 2024 20:02:32 INFO  epoch 4 training [time: 383.09s, train loss: 1804.7550]
Wed 27 Nov 2024 20:02:41 INFO  epoch 4 evaluating [time: 8.35s, valid_score: 0.876800]
Wed 27 Nov 2024 20:02:41 INFO  valid result: 
recall@5 : 0.89    recall@10 : 0.8985    recall@101 : 1.0    ndcg@5 : 0.8741    ndcg@10 : 0.8768    ndcg@101 : 0.8936    mrr@5 : 0.8687    mrr@10 : 0.8699    mrr@101 : 0.8717    
Wed 27 Nov 2024 20:09:03 INFO  epoch 5 training [time: 382.34s, train loss: 1628.4197]
Wed 27 Nov 2024 20:09:11 INFO  epoch 5 evaluating [time: 8.19s, valid_score: 0.890800]
Wed 27 Nov 2024 20:09:11 INFO  valid result: 
recall@5 : 0.9005    recall@10 : 0.9055    recall@101 : 1.0    ndcg@5 : 0.8892    ndcg@10 : 0.8908    ndcg@101 : 0.9066    mrr@5 : 0.8853    mrr@10 : 0.886    mrr@101 : 0.8879    
Wed 27 Nov 2024 20:09:12 INFO  Saving current best: saved/MBHT-retail_beh-Nov-27-2024_19-30-05.pth
Wed 27 Nov 2024 20:15:36 INFO  epoch 6 training [time: 384.88s, train loss: 1509.9361]
Wed 27 Nov 2024 20:15:45 INFO  epoch 6 evaluating [time: 8.51s, valid_score: 0.896300]
Wed 27 Nov 2024 20:15:45 INFO  valid result: 
recall@5 : 0.9065    recall@10 : 0.912    recall@101 : 1.0    ndcg@5 : 0.8945    ndcg@10 : 0.8963    ndcg@101 : 0.9106    mrr@5 : 0.8904    mrr@10 : 0.8913    mrr@101 : 0.8927    
Wed 27 Nov 2024 20:15:45 INFO  Saving current best: saved/MBHT-retail_beh-Nov-27-2024_19-30-05.pth
Wed 27 Nov 2024 20:22:08 INFO  epoch 7 training [time: 382.78s, train loss: 1412.8399]
Wed 27 Nov 2024 20:22:16 INFO  epoch 7 evaluating [time: 8.40s, valid_score: 0.897000]
Wed 27 Nov 2024 20:22:16 INFO  valid result: 
recall@5 : 0.9045    recall@10 : 0.9135    recall@101 : 1.0    ndcg@5 : 0.8941    ndcg@10 : 0.897    ndcg@101 : 0.9107    mrr@5 : 0.8906    mrr@10 : 0.8918    mrr@101 : 0.893    
Wed 27 Nov 2024 20:22:17 INFO  Saving current best: saved/MBHT-retail_beh-Nov-27-2024_19-30-05.pth
Wed 27 Nov 2024 20:28:43 INFO  epoch 8 training [time: 386.35s, train loss: 1331.1157]
Wed 27 Nov 2024 20:28:51 INFO  epoch 8 evaluating [time: 8.49s, valid_score: 0.895700]
Wed 27 Nov 2024 20:28:51 INFO  valid result: 
recall@5 : 0.9065    recall@10 : 0.9105    recall@101 : 1.0    ndcg@5 : 0.8943    ndcg@10 : 0.8957    ndcg@101 : 0.9101    mrr@5 : 0.8902    mrr@10 : 0.8908    mrr@101 : 0.8922    
Wed 27 Nov 2024 20:35:18 INFO  epoch 9 training [time: 386.95s, train loss: 1273.1191]
Wed 27 Nov 2024 20:35:27 INFO  epoch 9 evaluating [time: 8.31s, valid_score: 0.898000]
Wed 27 Nov 2024 20:35:27 INFO  valid result: 
recall@5 : 0.9075    recall@10 : 0.9135    recall@101 : 1.0    ndcg@5 : 0.8961    ndcg@10 : 0.898    ndcg@101 : 0.9118    mrr@5 : 0.8923    mrr@10 : 0.8931    mrr@101 : 0.8943    
Wed 27 Nov 2024 20:35:27 INFO  Saving current best: saved/MBHT-retail_beh-Nov-27-2024_19-30-05.pth
Wed 27 Nov 2024 20:41:34 INFO  epoch 10 training [time: 367.50s, train loss: 1206.6481]
Wed 27 Nov 2024 20:41:42 INFO  epoch 10 evaluating [time: 7.78s, valid_score: 0.895300]
Wed 27 Nov 2024 20:41:42 INFO  valid result: 
recall@5 : 0.9065    recall@10 : 0.911    recall@101 : 1.0    ndcg@5 : 0.8938    ndcg@10 : 0.8953    ndcg@101 : 0.9098    mrr@5 : 0.8894    mrr@10 : 0.8901    mrr@101 : 0.8916    
Wed 27 Nov 2024 20:47:28 INFO  epoch 11 training [time: 345.77s, train loss: 1158.4862]
Wed 27 Nov 2024 20:47:36 INFO  epoch 11 evaluating [time: 7.75s, valid_score: 0.896000]
Wed 27 Nov 2024 20:47:36 INFO  valid result: 
recall@5 : 0.903    recall@10 : 0.913    recall@101 : 1.0    ndcg@5 : 0.8927    ndcg@10 : 0.896    ndcg@101 : 0.9099    mrr@5 : 0.8892    mrr@10 : 0.8906    mrr@101 : 0.8919    
Wed 27 Nov 2024 20:53:22 INFO  epoch 12 training [time: 346.81s, train loss: 1097.3445]
Wed 27 Nov 2024 20:53:30 INFO  epoch 12 evaluating [time: 7.78s, valid_score: 0.895300]
Wed 27 Nov 2024 20:53:30 INFO  valid result: 
recall@5 : 0.9025    recall@10 : 0.911    recall@101 : 1.0    ndcg@5 : 0.8926    ndcg@10 : 0.8953    ndcg@101 : 0.9099    mrr@5 : 0.8892    mrr@10 : 0.8903    mrr@101 : 0.8919    
Wed 27 Nov 2024 20:59:13 INFO  epoch 13 training [time: 342.36s, train loss: 1054.6143]
Wed 27 Nov 2024 20:59:20 INFO  epoch 13 evaluating [time: 7.37s, valid_score: 0.893400]
Wed 27 Nov 2024 20:59:20 INFO  valid result: 
recall@5 : 0.902    recall@10 : 0.9085    recall@101 : 1.0    ndcg@5 : 0.8913    ndcg@10 : 0.8934    ndcg@101 : 0.9085    mrr@5 : 0.8877    mrr@10 : 0.8886    mrr@101 : 0.8903    
Wed 27 Nov 2024 21:05:03 INFO  epoch 14 training [time: 343.17s, train loss: 1012.8118]
Wed 27 Nov 2024 21:05:10 INFO  epoch 14 evaluating [time: 7.31s, valid_score: 0.892200]
Wed 27 Nov 2024 21:05:10 INFO  valid result: 
recall@5 : 0.9045    recall@10 : 0.911    recall@101 : 1.0    ndcg@5 : 0.8901    ndcg@10 : 0.8922    ndcg@101 : 0.9067    mrr@5 : 0.8853    mrr@10 : 0.8861    mrr@101 : 0.8876    
Wed 27 Nov 2024 21:10:54 INFO  epoch 15 training [time: 343.81s, train loss: 972.8786]
Wed 27 Nov 2024 21:11:02 INFO  epoch 15 evaluating [time: 7.99s, valid_score: 0.890700]
Wed 27 Nov 2024 21:11:02 INFO  valid result: 
recall@5 : 0.9015    recall@10 : 0.9075    recall@101 : 1.0    ndcg@5 : 0.8887    ndcg@10 : 0.8907    ndcg@101 : 0.906    mrr@5 : 0.8844    mrr@10 : 0.8853    mrr@101 : 0.8869    
Wed 27 Nov 2024 21:16:45 INFO  epoch 16 training [time: 342.84s, train loss: 948.4039]
Wed 27 Nov 2024 21:16:53 INFO  epoch 16 evaluating [time: 7.89s, valid_score: 0.894000]
Wed 27 Nov 2024 21:16:53 INFO  valid result: 
recall@5 : 0.9025    recall@10 : 0.9105    recall@101 : 1.0    ndcg@5 : 0.8914    ndcg@10 : 0.894    ndcg@101 : 0.9088    mrr@5 : 0.8876    mrr@10 : 0.8887    mrr@101 : 0.8903    
Wed 27 Nov 2024 21:22:37 INFO  epoch 17 training [time: 344.40s, train loss: 907.6726]
Wed 27 Nov 2024 21:22:45 INFO  epoch 17 evaluating [time: 7.74s, valid_score: 0.891700]
Wed 27 Nov 2024 21:22:45 INFO  valid result: 
recall@5 : 0.8995    recall@10 : 0.909    recall@101 : 1.0    ndcg@5 : 0.8885    ndcg@10 : 0.8917    ndcg@101 : 0.9065    mrr@5 : 0.8848    mrr@10 : 0.8862    mrr@101 : 0.8877    
Wed 27 Nov 2024 21:28:29 INFO  epoch 18 training [time: 343.51s, train loss: 890.8856]
Wed 27 Nov 2024 21:28:36 INFO  epoch 18 evaluating [time: 7.64s, valid_score: 0.892400]
Wed 27 Nov 2024 21:28:36 INFO  valid result: 
recall@5 : 0.9015    recall@10 : 0.9075    recall@101 : 1.0    ndcg@5 : 0.8905    ndcg@10 : 0.8924    ndcg@101 : 0.9077    mrr@5 : 0.8867    mrr@10 : 0.8875    mrr@101 : 0.8892    
Wed 27 Nov 2024 21:34:19 INFO  epoch 19 training [time: 342.46s, train loss: 864.2674]
Wed 27 Nov 2024 21:34:26 INFO  epoch 19 evaluating [time: 7.45s, valid_score: 0.890300]
Wed 27 Nov 2024 21:34:26 INFO  valid result: 
recall@5 : 0.9    recall@10 : 0.907    recall@101 : 1.0    ndcg@5 : 0.8879    ndcg@10 : 0.8903    ndcg@101 : 0.9054    mrr@5 : 0.8839    mrr@10 : 0.8849    mrr@101 : 0.8864    
Wed 27 Nov 2024 21:40:09 INFO  epoch 20 training [time: 342.55s, train loss: 844.1261]
Wed 27 Nov 2024 21:40:17 INFO  epoch 20 evaluating [time: 7.96s, valid_score: 0.889300]
Wed 27 Nov 2024 21:40:17 INFO  valid result: 
recall@5 : 0.9    recall@10 : 0.907    recall@101 : 1.0    ndcg@5 : 0.887    ndcg@10 : 0.8893    ndcg@101 : 0.9046    mrr@5 : 0.8825    mrr@10 : 0.8836    mrr@101 : 0.8852    
Wed 27 Nov 2024 21:40:17 INFO  Finished training, best eval result in epoch 9
Wed 27 Nov 2024 21:40:17 INFO  test result: {'recall@5': 0.9075, 'recall@10': 0.9135, 'recall@101': 1.0, 'ndcg@5': 0.8961, 'ndcg@10': 0.898, 'ndcg@101': 0.9118, 'mrr@5': 0.8923, 'mrr@10': 0.8931, 'mrr@101': 0.8943}
