Wed 27 Nov 2024 17:38:02 INFO  PID: 235475
Wed 27 Nov 2024 17:38:02 INFO  Namespace(batch_size=1024, dataset='retail_beh', gpu_id=0, model='MBHT', valid_portion=0.1, validation=False)
Wed 27 Nov 2024 17:38:02 INFO  
General Hyper Parameters:
gpu_id = 0
use_gpu = True
seed = 2020
state = INFO
reproducibility = True
data_path = dataset/retail_beh
show_progress = True
save_dataset = False
save_dataloaders = False
benchmark_filename = ['train', 'test']

Training Hyper Parameters:
checkpoint_dir = saved
epochs = 300
train_batch_size = 64
learner = adam
learning_rate = 0.001
eval_step = 1
stopping_step = 10
clip_grad_norm = None
weight_decay = 0.0
loss_decimal_place = 4

Evaluation Hyper Parameters:
eval_args = {'mode': 'full', 'order': 'TO', 'split': {'RS': [0.8, 0.1, 0.1]}, 'group_by': 'user'}
metrics = ['Recall', 'NDCG', 'MRR']
topk = [5, 10, 101]
valid_metric = NDCG@10
valid_metric_bigger = True
eval_batch_size = 128
metric_decimal_place = 4

Dataset Hyper Parameters:
field_separator = 	
seq_separator =  
USER_ID_FIELD = session_id
ITEM_ID_FIELD = item_id
RATING_FIELD = rating
TIME_FIELD = timestamp
seq_len = None
LABEL_FIELD = label
threshold = None
NEG_PREFIX = neg_
load_col = None
unload_col = None
unused_col = None
additional_feat_suffix = None
rm_dup_inter = None
val_interval = None
filter_inter_by_user_or_item = True
user_inter_num_interval = [0,inf)
item_inter_num_interval = [0,inf)
alias_of_user_id = None
alias_of_item_id = ['item_id_list']
alias_of_entity_id = None
alias_of_relation_id = None
preload_weight = None
normalize_field = None
normalize_all = None
ITEM_LIST_LENGTH_FIELD = item_length
LIST_SUFFIX = _list
MAX_ITEM_LIST_LENGTH = 200
POSITION_FIELD = position_id
HEAD_ENTITY_ID_FIELD = head_id
TAIL_ENTITY_ID_FIELD = tail_id
RELATION_ID_FIELD = relation_id
ENTITY_ID_FIELD = entity_id

Other Hyper Parameters: 
neg_sampling = None
repeatable = True
n_layers = 2
n_heads = 2
hidden_size = 64
inner_size = 256
hidden_dropout_prob = 0.5
attn_dropout_prob = 0.5
hidden_act = gelu
layer_norm_eps = 1e-12
initializer_range = 0.02
mask_ratio = 0.2
loss_type = CE
customized_eval = 1
MODEL_TYPE = ModelType.SEQUENTIAL
hyper_len = 6
scales = [5, 4, 20]
enable_hg = 1
enable_ms = 1
abaltion = 
batch_size = 1024
MODEL_INPUT_TYPE = InputType.POINTWISE
eval_type = EvaluatorType.RANKING
device = cuda
train_neg_sample_args = {'strategy': 'none'}
eval_neg_sample_args = {'strategy': 'full', 'distribution': 'uniform'}


Wed 27 Nov 2024 17:38:03 INFO  retail_beh
The number of users: 30691
Average actions of users: 1.065167807103291
The number of items: 31240
Average actions of items: 3.388618223281849
The number of inters: 32690
The sparsity of the dataset: 99.99659048303167%
Remain Fields: ['session_id', 'item_id_list', 'item_type_list', 'item_id', 'item_length']
Wed 27 Nov 2024 17:38:04 INFO  MBHT(
  (type_embedding): Embedding(6, 64, padding_idx=0)
  (item_embedding): Embedding(31241, 64, padding_idx=0)
  (position_embedding): Embedding(201, 64)
  (trm_encoder): TransformerEncoder(
    (layer): ModuleList(
      (0-1): 2 x TransformerLayer(
        (multi_head_attention): MultiScaleAttention(
          (out_fc): Linear(in_features=260, out_features=200, bias=True)
          (attention1): LinearAttention(
            (E): Linear(in_features=200, out_features=5, bias=True)
            (F): Linear(in_features=200, out_features=5, bias=True)
            (W_V): Linear(in_features=64, out_features=64, bias=True)
            (W_K): Linear(in_features=64, out_features=64, bias=True)
            (W_Q): Linear(in_features=64, out_features=64, bias=True)
            (dense): Linear(in_features=64, out_features=64, bias=True)
            (attn_dropout): Dropout(p=0.5, inplace=False)
            (out_dropout): Dropout(p=0.5, inplace=False)
            (LayerNorm): LayerNorm((64,), eps=1e-12, elementwise_affine=True)
          )
          (attention2): MultiHeadAttention(
            (query): Linear(in_features=64, out_features=64, bias=True)
            (key): Linear(in_features=64, out_features=64, bias=True)
            (value): Linear(in_features=64, out_features=64, bias=True)
            (attn_dropout): Dropout(p=0.5, inplace=False)
            (dense): Linear(in_features=64, out_features=64, bias=True)
            (LayerNorm): LayerNorm((64,), eps=1e-12, elementwise_affine=True)
            (out_dropout): Dropout(p=0.5, inplace=False)
          )
        )
        (feed_forward): FeedForward(
          (dense_1): Linear(in_features=64, out_features=256, bias=True)
          (dense_2): Linear(in_features=256, out_features=64, bias=True)
          (LayerNorm): LayerNorm((64,), eps=1e-12, elementwise_affine=True)
          (dropout): Dropout(p=0.5, inplace=False)
        )
      )
    )
  )
  (hgnn_layer): HGNN(
    (hgc1): HGNN_conv()
    (hgc2): HGNN_conv()
    (out_fc): Linear(in_features=64, out_features=64, bias=True)
  )
  (LayerNorm): LayerNorm((64,), eps=1e-12, elementwise_affine=True)
  (dropout): Dropout(p=0.5, inplace=False)
  (hg_type_embedding): Embedding(6, 64, padding_idx=0)
)
Trainable parameters: 2276036
Wed 27 Nov 2024 17:38:10 INFO  epoch -1 evaluating [time: 6.12s, valid_score: 0.054900]
Wed 27 Nov 2024 17:38:10 INFO  valid result: 
recall@5 : 0.0625    recall@10 : 0.1245    recall@101 : 1.0    ndcg@5 : 0.0356    ndcg@10 : 0.0549    ndcg@101 : 0.2208    mrr@5 : 0.0271    mrr@10 : 0.0346    mrr@101 : 0.0609    
Wed 27 Nov 2024 17:43:47 INFO  epoch 0 training [time: 336.20s, train loss: 4529.5361]
Wed 27 Nov 2024 17:43:54 INFO  epoch 0 evaluating [time: 7.52s, valid_score: 0.694100]
Wed 27 Nov 2024 17:43:54 INFO  valid result: 
recall@5 : 0.761    recall@10 : 0.8325    recall@101 : 1.0    ndcg@5 : 0.6708    ndcg@10 : 0.6941    ndcg@101 : 0.7278    mrr@5 : 0.6406    mrr@10 : 0.6503    mrr@101 : 0.6565    
Wed 27 Nov 2024 17:43:54 INFO  Saving current best: saved/MBHT-retail_beh-Nov-27-2024_17-38-04.pth
Wed 27 Nov 2024 17:49:44 INFO  epoch 1 training [time: 349.99s, train loss: 3607.9801]
Wed 27 Nov 2024 17:49:51 INFO  epoch 1 evaluating [time: 7.13s, valid_score: 0.773400]
Wed 27 Nov 2024 17:49:51 INFO  valid result: 
recall@5 : 0.811    recall@10 : 0.8455    recall@101 : 1.0    ndcg@5 : 0.7619    ndcg@10 : 0.7734    ndcg@101 : 0.8006    mrr@5 : 0.7455    mrr@10 : 0.7504    mrr@101 : 0.7541    
Wed 27 Nov 2024 17:49:52 INFO  Saving current best: saved/MBHT-retail_beh-Nov-27-2024_17-38-04.pth
Wed 27 Nov 2024 17:55:34 INFO  epoch 2 training [time: 342.25s, train loss: 2654.6202]
Wed 27 Nov 2024 17:55:41 INFO  epoch 2 evaluating [time: 7.31s, valid_score: 0.864700]
Wed 27 Nov 2024 17:55:41 INFO  valid result: 
recall@5 : 0.8815    recall@10 : 0.898    recall@101 : 1.0    ndcg@5 : 0.8592    ndcg@10 : 0.8647    ndcg@101 : 0.8817    mrr@5 : 0.8518    mrr@10 : 0.8542    mrr@101 : 0.856    
Wed 27 Nov 2024 17:55:41 INFO  Saving current best: saved/MBHT-retail_beh-Nov-27-2024_17-38-04.pth
Wed 27 Nov 2024 18:01:32 INFO  epoch 3 training [time: 351.08s, train loss: 2079.2277]
Wed 27 Nov 2024 18:01:40 INFO  epoch 3 evaluating [time: 7.73s, valid_score: 0.880000]
Wed 27 Nov 2024 18:01:40 INFO  valid result: 
recall@5 : 0.894    recall@10 : 0.9035    recall@101 : 1.0    ndcg@5 : 0.8769    ndcg@10 : 0.88    ndcg@101 : 0.8958    mrr@5 : 0.8711    mrr@10 : 0.8724    mrr@101 : 0.8741    
Wed 27 Nov 2024 18:01:40 INFO  Saving current best: saved/MBHT-retail_beh-Nov-27-2024_17-38-04.pth
Wed 27 Nov 2024 18:07:25 INFO  epoch 4 training [time: 344.57s, train loss: 1806.5509]
Wed 27 Nov 2024 18:07:33 INFO  epoch 4 evaluating [time: 8.23s, valid_score: 0.877500]
Wed 27 Nov 2024 18:07:33 INFO  valid result: 
recall@5 : 0.8885    recall@10 : 0.898    recall@101 : 1.0    ndcg@5 : 0.8744    ndcg@10 : 0.8775    ndcg@101 : 0.8943    mrr@5 : 0.8697    mrr@10 : 0.8709    mrr@101 : 0.8727    
Wed 27 Nov 2024 18:13:09 INFO  epoch 5 training [time: 336.19s, train loss: 1627.8596]
Wed 27 Nov 2024 18:13:16 INFO  epoch 5 evaluating [time: 7.24s, valid_score: 0.893500]
Wed 27 Nov 2024 18:13:16 INFO  valid result: 
recall@5 : 0.9035    recall@10 : 0.907    recall@101 : 1.0    ndcg@5 : 0.8924    ndcg@10 : 0.8935    ndcg@101 : 0.9087    mrr@5 : 0.8886    mrr@10 : 0.8891    mrr@101 : 0.8906    
Wed 27 Nov 2024 18:13:17 INFO  Saving current best: saved/MBHT-retail_beh-Nov-27-2024_17-38-04.pth
Wed 27 Nov 2024 18:19:03 INFO  epoch 6 training [time: 346.26s, train loss: 1508.1956]
Wed 27 Nov 2024 18:19:10 INFO  epoch 6 evaluating [time: 7.39s, valid_score: 0.893900]
Wed 27 Nov 2024 18:19:10 INFO  valid result: 
recall@5 : 0.905    recall@10 : 0.9075    recall@101 : 1.0    ndcg@5 : 0.8931    ndcg@10 : 0.8939    ndcg@101 : 0.9088    mrr@5 : 0.8891    mrr@10 : 0.8894    mrr@101 : 0.8909    
Wed 27 Nov 2024 18:19:10 INFO  Saving current best: saved/MBHT-retail_beh-Nov-27-2024_17-38-04.pth
Wed 27 Nov 2024 18:24:54 INFO  epoch 7 training [time: 343.60s, train loss: 1412.3531]
Wed 27 Nov 2024 18:25:02 INFO  epoch 7 evaluating [time: 7.98s, valid_score: 0.892500]
Wed 27 Nov 2024 18:25:02 INFO  valid result: 
recall@5 : 0.9    recall@10 : 0.9065    recall@101 : 1.0    ndcg@5 : 0.8904    ndcg@10 : 0.8925    ndcg@101 : 0.9078    mrr@5 : 0.8872    mrr@10 : 0.8881    mrr@101 : 0.8896    
Wed 27 Nov 2024 18:30:48 INFO  epoch 8 training [time: 345.48s, train loss: 1329.4470]
Wed 27 Nov 2024 18:30:55 INFO  epoch 8 evaluating [time: 7.79s, valid_score: 0.894800]
Wed 27 Nov 2024 18:30:55 INFO  valid result: 
recall@5 : 0.9045    recall@10 : 0.91    recall@101 : 1.0    ndcg@5 : 0.893    ndcg@10 : 0.8948    ndcg@101 : 0.9094    mrr@5 : 0.8892    mrr@10 : 0.8899    mrr@101 : 0.8914    
Wed 27 Nov 2024 18:30:55 INFO  Saving current best: saved/MBHT-retail_beh-Nov-27-2024_17-38-04.pth
Wed 27 Nov 2024 18:36:44 INFO  epoch 9 training [time: 348.29s, train loss: 1270.1115]
Wed 27 Nov 2024 18:36:51 INFO  epoch 9 evaluating [time: 7.59s, valid_score: 0.897500]
Wed 27 Nov 2024 18:36:51 INFO  valid result: 
recall@5 : 0.9055    recall@10 : 0.911    recall@101 : 1.0    ndcg@5 : 0.8957    ndcg@10 : 0.8975    ndcg@101 : 0.9119    mrr@5 : 0.8924    mrr@10 : 0.8932    mrr@101 : 0.8946    
Wed 27 Nov 2024 18:36:52 INFO  Saving current best: saved/MBHT-retail_beh-Nov-27-2024_17-38-04.pth
Wed 27 Nov 2024 18:42:49 INFO  epoch 10 training [time: 357.33s, train loss: 1205.8281]
Wed 27 Nov 2024 18:42:57 INFO  epoch 10 evaluating [time: 8.20s, valid_score: 0.895300]
Wed 27 Nov 2024 18:42:57 INFO  valid result: 
recall@5 : 0.9045    recall@10 : 0.9095    recall@101 : 1.0    ndcg@5 : 0.8937    ndcg@10 : 0.8953    ndcg@101 : 0.9099    mrr@5 : 0.8901    mrr@10 : 0.8907    mrr@101 : 0.8922    
Wed 27 Nov 2024 18:48:53 INFO  epoch 11 training [time: 355.57s, train loss: 1157.7845]
Wed 27 Nov 2024 18:49:01 INFO  epoch 11 evaluating [time: 7.86s, valid_score: 0.897600]
Wed 27 Nov 2024 18:49:01 INFO  valid result: 
recall@5 : 0.9075    recall@10 : 0.9125    recall@101 : 1.0    ndcg@5 : 0.896    ndcg@10 : 0.8976    ndcg@101 : 0.9117    mrr@5 : 0.8922    mrr@10 : 0.8928    mrr@101 : 0.8942    
Wed 27 Nov 2024 18:49:01 INFO  Saving current best: saved/MBHT-retail_beh-Nov-27-2024_17-38-04.pth
Wed 27 Nov 2024 18:55:11 INFO  epoch 12 training [time: 370.70s, train loss: 1097.1904]
Wed 27 Nov 2024 18:55:19 INFO  epoch 12 evaluating [time: 7.65s, valid_score: 0.896700]
Wed 27 Nov 2024 18:55:19 INFO  valid result: 
recall@5 : 0.9045    recall@10 : 0.911    recall@101 : 1.0    ndcg@5 : 0.8945    ndcg@10 : 0.8967    ndcg@101 : 0.9112    mrr@5 : 0.8911    mrr@10 : 0.8921    mrr@101 : 0.8935    
Wed 27 Nov 2024 19:01:07 INFO  epoch 13 training [time: 347.87s, train loss: 1054.4551]
Wed 27 Nov 2024 19:01:14 INFO  epoch 13 evaluating [time: 7.54s, valid_score: 0.896000]
Wed 27 Nov 2024 19:01:14 INFO  valid result: 
recall@5 : 0.907    recall@10 : 0.911    recall@101 : 1.0    ndcg@5 : 0.8947    ndcg@10 : 0.896    ndcg@101 : 0.9104    mrr@5 : 0.8905    mrr@10 : 0.8911    mrr@101 : 0.8925    
Wed 27 Nov 2024 19:07:02 INFO  epoch 14 training [time: 347.34s, train loss: 1013.3662]
Wed 27 Nov 2024 19:07:10 INFO  epoch 14 evaluating [time: 7.74s, valid_score: 0.895800]
Wed 27 Nov 2024 19:07:10 INFO  valid result: 
recall@5 : 0.9075    recall@10 : 0.9115    recall@101 : 1.0    ndcg@5 : 0.8946    ndcg@10 : 0.8958    ndcg@101 : 0.9101    mrr@5 : 0.8902    mrr@10 : 0.8908    mrr@101 : 0.8922    
Wed 27 Nov 2024 19:12:58 INFO  epoch 15 training [time: 348.77s, train loss: 972.4538]
Wed 27 Nov 2024 19:13:06 INFO  epoch 15 evaluating [time: 7.90s, valid_score: 0.893200]
Wed 27 Nov 2024 19:13:06 INFO  valid result: 
recall@5 : 0.9035    recall@10 : 0.9095    recall@101 : 1.0    ndcg@5 : 0.8912    ndcg@10 : 0.8932    ndcg@101 : 0.908    mrr@5 : 0.8872    mrr@10 : 0.888    mrr@101 : 0.8896    
