Fri 06 Dec 2024 17:21:45 INFO  PID: 245509
Fri 06 Dec 2024 17:21:45 INFO  Namespace(batch_size=1024, dataset='retail_beh', gpu_id=0, model='MBHT', valid_portion=0.1, validation=False)
Fri 06 Dec 2024 17:21:45 INFO  
General Hyper Parameters:
gpu_id = 0
use_gpu = True
seed = 2020
state = INFO
reproducibility = True
data_path = dataset/retail_beh
show_progress = True
save_dataset = False
save_dataloaders = False
benchmark_filename = ['train', 'test']

Training Hyper Parameters:
checkpoint_dir = saved
epochs = 300
train_batch_size = 64
learner = adam
learning_rate = 0.001
eval_step = 1
stopping_step = 10
clip_grad_norm = None
weight_decay = 0.0
loss_decimal_place = 4

Evaluation Hyper Parameters:
eval_args = {'mode': 'full', 'order': 'TO', 'split': {'RS': [0.8, 0.1, 0.1]}, 'group_by': 'user'}
metrics = ['Recall', 'NDCG', 'MRR']
topk = [5, 10, 101]
valid_metric = NDCG@10
valid_metric_bigger = True
eval_batch_size = 128
metric_decimal_place = 4

Dataset Hyper Parameters:
field_separator = 	
seq_separator =  
USER_ID_FIELD = session_id
ITEM_ID_FIELD = item_id
RATING_FIELD = rating
TIME_FIELD = timestamp
seq_len = None
LABEL_FIELD = label
threshold = None
NEG_PREFIX = neg_
load_col = None
unload_col = None
unused_col = None
additional_feat_suffix = None
rm_dup_inter = None
val_interval = None
filter_inter_by_user_or_item = True
user_inter_num_interval = [0,inf)
item_inter_num_interval = [0,inf)
alias_of_user_id = None
alias_of_item_id = ['item_id_list']
alias_of_entity_id = None
alias_of_relation_id = None
preload_weight = None
normalize_field = None
normalize_all = None
ITEM_LIST_LENGTH_FIELD = item_length
LIST_SUFFIX = _list
MAX_ITEM_LIST_LENGTH = 200
POSITION_FIELD = position_id
HEAD_ENTITY_ID_FIELD = head_id
TAIL_ENTITY_ID_FIELD = tail_id
RELATION_ID_FIELD = relation_id
ENTITY_ID_FIELD = entity_id

Other Hyper Parameters: 
neg_sampling = None
repeatable = True
n_layers = 2
n_heads = 2
hidden_size = 64
inner_size = 256
hidden_dropout_prob = 0.5
attn_dropout_prob = 0.5
hidden_act = gelu
layer_norm_eps = 1e-12
initializer_range = 0.02
mask_ratio = 0.2
loss_type = CE
customized_eval = 1
MODEL_TYPE = ModelType.SEQUENTIAL
hyper_len = 6
scales = [5, 4, 20]
enable_hg = 1
enable_ms = 1
abaltion = 
batch_size = 1024
MODEL_INPUT_TYPE = InputType.POINTWISE
eval_type = EvaluatorType.RANKING
device = cuda
train_neg_sample_args = {'strategy': 'none'}
eval_neg_sample_args = {'strategy': 'full', 'distribution': 'uniform'}


Fri 06 Dec 2024 17:21:45 INFO  retail_beh
The number of users: 30691
Average actions of users: 1.065167807103291
The number of items: 31240
Average actions of items: 3.388618223281849
The number of inters: 32690
The sparsity of the dataset: 99.99659048303167%
Remain Fields: ['session_id', 'item_id_list', 'item_type_list', 'item_id', 'item_length']
Fri 06 Dec 2024 17:21:46 INFO  MBHT(
  (type_embedding): Embedding(6, 64, padding_idx=0)
  (item_embedding): Embedding(31241, 64, padding_idx=0)
  (position_embedding): Embedding(201, 64)
  (trm_encoder): TransformerEncoder(
    (layer): ModuleList(
      (0-1): 2 x TransformerLayer(
        (multi_head_attention): MultiScaleAttention(
          (out_fc): Linear(in_features=260, out_features=200, bias=True)
          (attention1): LinearAttention(
            (E): Linear(in_features=200, out_features=5, bias=True)
            (F): Linear(in_features=200, out_features=5, bias=True)
            (W_V): Linear(in_features=64, out_features=64, bias=True)
            (W_K): Linear(in_features=64, out_features=64, bias=True)
            (W_Q): Linear(in_features=64, out_features=64, bias=True)
            (dense): Linear(in_features=64, out_features=64, bias=True)
            (attn_dropout): Dropout(p=0.5, inplace=False)
            (out_dropout): Dropout(p=0.5, inplace=False)
            (LayerNorm): LayerNorm((64,), eps=1e-12, elementwise_affine=True)
          )
          (attention2): MultiHeadAttention(
            (query): Linear(in_features=64, out_features=64, bias=True)
            (key): Linear(in_features=64, out_features=64, bias=True)
            (value): Linear(in_features=64, out_features=64, bias=True)
            (attn_dropout): Dropout(p=0.5, inplace=False)
            (dense): Linear(in_features=64, out_features=64, bias=True)
            (LayerNorm): LayerNorm((64,), eps=1e-12, elementwise_affine=True)
            (out_dropout): Dropout(p=0.5, inplace=False)
          )
        )
        (feed_forward): FeedForward(
          (dense_1): Linear(in_features=64, out_features=256, bias=True)
          (dense_2): Linear(in_features=256, out_features=64, bias=True)
          (LayerNorm): LayerNorm((64,), eps=1e-12, elementwise_affine=True)
          (dropout): Dropout(p=0.5, inplace=False)
        )
      )
    )
  )
  (hgnn_layer): HGNN(
    (hgc1): HGNN_conv()
    (hgc2): HGNN_conv()
    (out_fc): Linear(in_features=64, out_features=64, bias=True)
  )
  (LayerNorm): LayerNorm((64,), eps=1e-12, elementwise_affine=True)
  (dropout): Dropout(p=0.5, inplace=False)
  (hg_type_embedding): Embedding(6, 64, padding_idx=0)
)
Trainable parameters: 2276036
Fri 06 Dec 2024 17:21:54 INFO  epoch -1 evaluating [time: 6.39s, valid_score: 0.054900]
Fri 06 Dec 2024 17:21:54 INFO  valid result: 
recall@5 : 0.0625    recall@10 : 0.1245    recall@101 : 1.0    ndcg@5 : 0.0356    ndcg@10 : 0.0549    ndcg@101 : 0.2208    mrr@5 : 0.0271    mrr@10 : 0.0346    mrr@101 : 0.0609    
