Fri 29 Nov 2024 16:16:50 INFO  PID: 2405932
Fri 29 Nov 2024 16:16:50 INFO  Namespace(batch_size=2048, dataset='retail_beh', gpu_id=0, model='MBHT', valid_portion=0.1, validation=False)
Fri 29 Nov 2024 16:16:50 INFO  
General Hyper Parameters:
gpu_id = 0
use_gpu = True
seed = 2020
state = INFO
reproducibility = True
data_path = dataset/retail_beh
show_progress = True
save_dataset = False
save_dataloaders = False
benchmark_filename = ['train', 'test']

Training Hyper Parameters:
checkpoint_dir = saved
epochs = 300
train_batch_size = 64
learner = adam
learning_rate = 0.001
eval_step = 1
stopping_step = 10
clip_grad_norm = None
weight_decay = 0.0
loss_decimal_place = 4

Evaluation Hyper Parameters:
eval_args = {'mode': 'full', 'order': 'TO', 'split': {'RS': [0.8, 0.1, 0.1]}, 'group_by': 'user'}
metrics = ['Recall', 'NDCG', 'MRR']
topk = [5, 10, 101]
valid_metric = NDCG@10
valid_metric_bigger = True
eval_batch_size = 128
metric_decimal_place = 4

Dataset Hyper Parameters:
field_separator = 	
seq_separator =  
USER_ID_FIELD = session_id
ITEM_ID_FIELD = item_id
RATING_FIELD = rating
TIME_FIELD = timestamp
seq_len = None
LABEL_FIELD = label
threshold = None
NEG_PREFIX = neg_
load_col = None
unload_col = None
unused_col = None
additional_feat_suffix = None
rm_dup_inter = None
val_interval = None
filter_inter_by_user_or_item = True
user_inter_num_interval = [0,inf)
item_inter_num_interval = [0,inf)
alias_of_user_id = None
alias_of_item_id = ['item_id_list']
alias_of_entity_id = None
alias_of_relation_id = None
preload_weight = None
normalize_field = None
normalize_all = None
ITEM_LIST_LENGTH_FIELD = item_length
LIST_SUFFIX = _list
MAX_ITEM_LIST_LENGTH = 200
POSITION_FIELD = position_id
HEAD_ENTITY_ID_FIELD = head_id
TAIL_ENTITY_ID_FIELD = tail_id
RELATION_ID_FIELD = relation_id
ENTITY_ID_FIELD = entity_id

Other Hyper Parameters: 
neg_sampling = None
repeatable = True
n_layers = 2
n_heads = 2
hidden_size = 64
inner_size = 256
hidden_dropout_prob = 0.5
attn_dropout_prob = 0.5
hidden_act = gelu
layer_norm_eps = 1e-12
initializer_range = 0.02
mask_ratio = 0.2
loss_type = CE
customized_eval = 1
MODEL_TYPE = ModelType.SEQUENTIAL
hyper_len = 6
scales = [5, 4, 20]
enable_hg = 1
enable_ms = 1
abaltion = 
batch_size = 2048
MODEL_INPUT_TYPE = InputType.POINTWISE
eval_type = EvaluatorType.RANKING
device = cuda
train_neg_sample_args = {'strategy': 'none'}
eval_neg_sample_args = {'strategy': 'full', 'distribution': 'uniform'}


Fri 29 Nov 2024 16:16:50 INFO  retail_beh
The number of users: 30691
Average actions of users: 1.065167807103291
The number of items: 31240
Average actions of items: 3.388618223281849
The number of inters: 32690
The sparsity of the dataset: 99.99659048303167%
Remain Fields: ['session_id', 'item_id_list', 'item_type_list', 'item_id', 'item_length']
Fri 29 Nov 2024 16:16:52 INFO  MBHT(
  (type_embedding): Embedding(6, 64, padding_idx=0)
  (item_embedding): Embedding(31241, 64, padding_idx=0)
  (position_embedding): Embedding(201, 64)
  (trm_encoder): TransformerEncoder(
    (layer): ModuleList(
      (0-1): 2 x TransformerLayer(
        (multi_head_attention): MultiScaleAttention(
          (out_fc): Linear(in_features=260, out_features=200, bias=True)
          (attention1): LinearAttention(
            (E): Linear(in_features=200, out_features=5, bias=True)
            (F): Linear(in_features=200, out_features=5, bias=True)
            (W_V): Linear(in_features=64, out_features=64, bias=True)
            (W_K): Linear(in_features=64, out_features=64, bias=True)
            (W_Q): Linear(in_features=64, out_features=64, bias=True)
            (dense): Linear(in_features=64, out_features=64, bias=True)
            (attn_dropout): Dropout(p=0.5, inplace=False)
            (out_dropout): Dropout(p=0.5, inplace=False)
            (LayerNorm): LayerNorm((64,), eps=1e-12, elementwise_affine=True)
          )
          (attention2): MultiHeadAttention(
            (query): Linear(in_features=64, out_features=64, bias=True)
            (key): Linear(in_features=64, out_features=64, bias=True)
            (value): Linear(in_features=64, out_features=64, bias=True)
            (attn_dropout): Dropout(p=0.5, inplace=False)
            (dense): Linear(in_features=64, out_features=64, bias=True)
            (LayerNorm): LayerNorm((64,), eps=1e-12, elementwise_affine=True)
            (out_dropout): Dropout(p=0.5, inplace=False)
          )
        )
        (feed_forward): FeedForward(
          (dense_1): Linear(in_features=64, out_features=256, bias=True)
          (dense_2): Linear(in_features=256, out_features=64, bias=True)
          (LayerNorm): LayerNorm((64,), eps=1e-12, elementwise_affine=True)
          (dropout): Dropout(p=0.5, inplace=False)
        )
      )
    )
  )
  (hgnn_layer): HGNN(
    (hgc1): HGNN_conv()
    (hgc2): HGNN_conv()
    (out_fc): Linear(in_features=64, out_features=64, bias=True)
  )
  (LayerNorm): LayerNorm((64,), eps=1e-12, elementwise_affine=True)
  (dropout): Dropout(p=0.5, inplace=False)
  (hg_type_embedding): Embedding(6, 64, padding_idx=0)
)
Trainable parameters: 2276036
Fri 29 Nov 2024 16:16:56 INFO  epoch -1 evaluating [time: 3.55s, valid_score: 0.054900]
Fri 29 Nov 2024 16:16:56 INFO  valid result: 
recall@5 : 0.0625    recall@10 : 0.1245    recall@101 : 1.0    ndcg@5 : 0.0356    ndcg@10 : 0.0549    ndcg@101 : 0.2208    mrr@5 : 0.0271    mrr@10 : 0.0346    mrr@101 : 0.0609    
Fri 29 Nov 2024 16:19:49 INFO  epoch 0 training [time: 172.34s, train loss: 4535.3921]
Fri 29 Nov 2024 16:19:52 INFO  epoch 0 evaluating [time: 2.92s, valid_score: 0.557600]
Fri 29 Nov 2024 16:19:52 INFO  valid result: 
recall@5 : 0.6395    recall@10 : 0.7175    recall@101 : 1.0    ndcg@5 : 0.5322    ndcg@10 : 0.5576    ndcg@101 : 0.6149    mrr@5 : 0.4964    mrr@10 : 0.5069    mrr@101 : 0.5175    
Fri 29 Nov 2024 16:19:52 INFO  Saving current best: saved/MBHT-retail_beh-Nov-29-2024_16-16-52.pth
Fri 29 Nov 2024 16:22:45 INFO  epoch 1 training [time: 172.96s, train loss: 3642.2174]
Fri 29 Nov 2024 16:22:47 INFO  epoch 1 evaluating [time: 2.84s, valid_score: 0.785000]
Fri 29 Nov 2024 16:22:47 INFO  valid result: 
recall@5 : 0.824    recall@10 : 0.849    recall@101 : 1.0    ndcg@5 : 0.7769    ndcg@10 : 0.785    ndcg@101 : 0.812    mrr@5 : 0.7611    mrr@10 : 0.7645    mrr@101 : 0.7683    
Fri 29 Nov 2024 16:22:47 INFO  Saving current best: saved/MBHT-retail_beh-Nov-29-2024_16-16-52.pth
Fri 29 Nov 2024 16:25:41 INFO  epoch 2 training [time: 173.57s, train loss: 2670.2227]
Fri 29 Nov 2024 16:25:44 INFO  epoch 2 evaluating [time: 2.92s, valid_score: 0.866300]
Fri 29 Nov 2024 16:25:44 INFO  valid result: 
recall@5 : 0.8845    recall@10 : 0.8935    recall@101 : 1.0    ndcg@5 : 0.8633    ndcg@10 : 0.8663    ndcg@101 : 0.8843    mrr@5 : 0.8562    mrr@10 : 0.8574    mrr@101 : 0.8595    
Fri 29 Nov 2024 16:25:44 INFO  Saving current best: saved/MBHT-retail_beh-Nov-29-2024_16-16-52.pth
Fri 29 Nov 2024 16:28:38 INFO  epoch 3 training [time: 174.07s, train loss: 2081.1443]
Fri 29 Nov 2024 16:28:41 INFO  epoch 3 evaluating [time: 2.91s, valid_score: 0.882300]
Fri 29 Nov 2024 16:28:41 INFO  valid result: 
recall@5 : 0.895    recall@10 : 0.902    recall@101 : 1.0    ndcg@5 : 0.88    ndcg@10 : 0.8823    ndcg@101 : 0.8988    mrr@5 : 0.875    mrr@10 : 0.876    mrr@101 : 0.8778    
Fri 29 Nov 2024 16:28:41 INFO  Saving current best: saved/MBHT-retail_beh-Nov-29-2024_16-16-52.pth
Fri 29 Nov 2024 16:31:36 INFO  epoch 4 training [time: 174.87s, train loss: 1804.9953]
Fri 29 Nov 2024 16:31:39 INFO  epoch 4 evaluating [time: 2.90s, valid_score: 0.874000]
Fri 29 Nov 2024 16:31:39 INFO  valid result: 
recall@5 : 0.886    recall@10 : 0.8945    recall@101 : 1.0    ndcg@5 : 0.8711    ndcg@10 : 0.874    ndcg@101 : 0.8917    mrr@5 : 0.8661    mrr@10 : 0.8673    mrr@101 : 0.8694    
Fri 29 Nov 2024 16:34:35 INFO  epoch 5 training [time: 176.42s, train loss: 1622.2055]
Fri 29 Nov 2024 16:34:38 INFO  epoch 5 evaluating [time: 2.90s, valid_score: 0.884900]
Fri 29 Nov 2024 16:34:38 INFO  valid result: 
recall@5 : 0.8965    recall@10 : 0.9015    recall@101 : 1.0    ndcg@5 : 0.8832    ndcg@10 : 0.8849    ndcg@101 : 0.9013    mrr@5 : 0.8788    mrr@10 : 0.8795    mrr@101 : 0.8813    
Fri 29 Nov 2024 16:34:38 INFO  Saving current best: saved/MBHT-retail_beh-Nov-29-2024_16-16-52.pth
Fri 29 Nov 2024 16:37:35 INFO  epoch 6 training [time: 176.31s, train loss: 1507.6423]
Fri 29 Nov 2024 16:37:37 INFO  epoch 6 evaluating [time: 2.92s, valid_score: 0.895200]
Fri 29 Nov 2024 16:37:37 INFO  valid result: 
recall@5 : 0.9055    recall@10 : 0.912    recall@101 : 1.0    ndcg@5 : 0.8931    ndcg@10 : 0.8952    ndcg@101 : 0.9098    mrr@5 : 0.8889    mrr@10 : 0.8898    mrr@101 : 0.8913    
Fri 29 Nov 2024 16:37:38 INFO  Saving current best: saved/MBHT-retail_beh-Nov-29-2024_16-16-52.pth
Fri 29 Nov 2024 16:40:33 INFO  epoch 7 training [time: 175.67s, train loss: 1411.2988]
Fri 29 Nov 2024 16:40:36 INFO  epoch 7 evaluating [time: 2.90s, valid_score: 0.891400]
Fri 29 Nov 2024 16:40:36 INFO  valid result: 
recall@5 : 0.9045    recall@10 : 0.911    recall@101 : 1.0    ndcg@5 : 0.8892    ndcg@10 : 0.8914    ndcg@101 : 0.906    mrr@5 : 0.8841    mrr@10 : 0.885    mrr@101 : 0.8865    
Fri 29 Nov 2024 16:43:32 INFO  epoch 8 training [time: 175.74s, train loss: 1329.1143]
Fri 29 Nov 2024 16:43:35 INFO  epoch 8 evaluating [time: 2.83s, valid_score: 0.895600]
Fri 29 Nov 2024 16:43:35 INFO  valid result: 
recall@5 : 0.908    recall@10 : 0.916    recall@101 : 1.0    ndcg@5 : 0.8931    ndcg@10 : 0.8956    ndcg@101 : 0.9112    mrr@5 : 0.888    mrr@10 : 0.889    mrr@101 : 0.8914    
Fri 29 Nov 2024 16:43:35 INFO  Saving current best: saved/MBHT-retail_beh-Nov-29-2024_16-16-52.pth
Fri 29 Nov 2024 16:46:28 INFO  epoch 9 training [time: 173.68s, train loss: 1275.9154]
Fri 29 Nov 2024 16:46:31 INFO  epoch 9 evaluating [time: 2.88s, valid_score: 0.892800]
Fri 29 Nov 2024 16:46:31 INFO  valid result: 
recall@5 : 0.9045    recall@10 : 0.9105    recall@101 : 1.0    ndcg@5 : 0.8908    ndcg@10 : 0.8928    ndcg@101 : 0.9074    mrr@5 : 0.8862    mrr@10 : 0.8871    mrr@101 : 0.8885    
Fri 29 Nov 2024 16:49:27 INFO  epoch 10 training [time: 175.69s, train loss: 1206.9749]
Fri 29 Nov 2024 16:49:30 INFO  epoch 10 evaluating [time: 2.91s, valid_score: 0.893500]
Fri 29 Nov 2024 16:49:30 INFO  valid result: 
recall@5 : 0.905    recall@10 : 0.913    recall@101 : 1.0    ndcg@5 : 0.891    ndcg@10 : 0.8935    ndcg@101 : 0.9098    mrr@5 : 0.8862    mrr@10 : 0.8873    mrr@101 : 0.8898    
Fri 29 Nov 2024 16:52:26 INFO  epoch 11 training [time: 176.21s, train loss: 1156.6956]
Fri 29 Nov 2024 16:52:29 INFO  epoch 11 evaluating [time: 2.91s, valid_score: 0.891700]
Fri 29 Nov 2024 16:52:29 INFO  valid result: 
recall@5 : 0.9045    recall@10 : 0.91    recall@101 : 1.0    ndcg@5 : 0.8899    ndcg@10 : 0.8917    ndcg@101 : 0.9064    mrr@5 : 0.885    mrr@10 : 0.8857    mrr@101 : 0.8873    
Fri 29 Nov 2024 16:55:23 INFO  epoch 12 training [time: 174.13s, train loss: 1096.4106]
Fri 29 Nov 2024 16:55:26 INFO  epoch 12 evaluating [time: 2.89s, valid_score: 0.895800]
Fri 29 Nov 2024 16:55:26 INFO  valid result: 
recall@5 : 0.907    recall@10 : 0.9125    recall@101 : 1.0    ndcg@5 : 0.894    ndcg@10 : 0.8958    ndcg@101 : 0.91    mrr@5 : 0.8896    mrr@10 : 0.8904    mrr@101 : 0.8918    
Fri 29 Nov 2024 16:55:26 INFO  Saving current best: saved/MBHT-retail_beh-Nov-29-2024_16-16-52.pth
Fri 29 Nov 2024 16:58:22 INFO  epoch 13 training [time: 176.27s, train loss: 1057.0951]
Fri 29 Nov 2024 16:58:25 INFO  epoch 13 evaluating [time: 2.89s, valid_score: 0.899000]
Fri 29 Nov 2024 16:58:25 INFO  valid result: 
recall@5 : 0.905    recall@10 : 0.933    recall@101 : 1.0    ndcg@5 : 0.8902    ndcg@10 : 0.899    ndcg@101 : 0.9107    mrr@5 : 0.8852    mrr@10 : 0.8887    mrr@101 : 0.8902    
Fri 29 Nov 2024 16:58:25 INFO  Saving current best: saved/MBHT-retail_beh-Nov-29-2024_16-16-52.pth
Fri 29 Nov 2024 17:01:22 INFO  epoch 14 training [time: 176.41s, train loss: 1017.3977]
Fri 29 Nov 2024 17:01:25 INFO  epoch 14 evaluating [time: 2.87s, valid_score: 0.894100]
Fri 29 Nov 2024 17:01:25 INFO  valid result: 
recall@5 : 0.903    recall@10 : 0.9165    recall@101 : 1.0    ndcg@5 : 0.8899    ndcg@10 : 0.8941    ndcg@101 : 0.9099    mrr@5 : 0.8854    mrr@10 : 0.8871    mrr@101 : 0.8897    
Fri 29 Nov 2024 17:04:20 INFO  epoch 15 training [time: 175.30s, train loss: 980.8814]
Fri 29 Nov 2024 17:04:23 INFO  epoch 15 evaluating [time: 2.93s, valid_score: 0.891800]
Fri 29 Nov 2024 17:04:23 INFO  valid result: 
recall@5 : 0.904    recall@10 : 0.91    recall@101 : 1.0    ndcg@5 : 0.8899    ndcg@10 : 0.8918    ndcg@101 : 0.9078    mrr@5 : 0.8851    mrr@10 : 0.886    mrr@101 : 0.888    
Fri 29 Nov 2024 17:07:17 INFO  epoch 16 training [time: 174.34s, train loss: 952.7198]
Fri 29 Nov 2024 17:07:20 INFO  epoch 16 evaluating [time: 2.84s, valid_score: 0.892000]
Fri 29 Nov 2024 17:07:20 INFO  valid result: 
recall@5 : 0.902    recall@10 : 0.911    recall@101 : 1.0    ndcg@5 : 0.8891    ndcg@10 : 0.892    ndcg@101 : 0.907    mrr@5 : 0.8848    mrr@10 : 0.886    mrr@101 : 0.8876    
Fri 29 Nov 2024 17:10:15 INFO  epoch 17 training [time: 175.05s, train loss: 918.2353]
Fri 29 Nov 2024 17:10:18 INFO  epoch 17 evaluating [time: 2.92s, valid_score: 0.890300]
Fri 29 Nov 2024 17:10:18 INFO  valid result: 
recall@5 : 0.905    recall@10 : 0.9095    recall@101 : 1.0    ndcg@5 : 0.8888    ndcg@10 : 0.8903    ndcg@101 : 0.9057    mrr@5 : 0.8834    mrr@10 : 0.884    mrr@101 : 0.8858    
Fri 29 Nov 2024 17:13:15 INFO  epoch 18 training [time: 176.49s, train loss: 898.0113]
Fri 29 Nov 2024 17:13:17 INFO  epoch 18 evaluating [time: 2.84s, valid_score: 0.897900]
Fri 29 Nov 2024 17:13:17 INFO  valid result: 
recall@5 : 0.9105    recall@10 : 0.926    recall@101 : 1.0    ndcg@5 : 0.893    ndcg@10 : 0.8979    ndcg@101 : 0.9113    mrr@5 : 0.8871    mrr@10 : 0.8891    mrr@101 : 0.8911    
Fri 29 Nov 2024 17:16:15 INFO  epoch 19 training [time: 177.26s, train loss: 876.7770]
Fri 29 Nov 2024 17:16:18 INFO  epoch 19 evaluating [time: 2.93s, valid_score: 0.893900]
Fri 29 Nov 2024 17:16:18 INFO  valid result: 
recall@5 : 0.9055    recall@10 : 0.913    recall@101 : 1.0    ndcg@5 : 0.8915    ndcg@10 : 0.8939    ndcg@101 : 0.9097    mrr@5 : 0.8868    mrr@10 : 0.8878    mrr@101 : 0.89    
Fri 29 Nov 2024 17:19:15 INFO  epoch 20 training [time: 177.12s, train loss: 851.3055]
Fri 29 Nov 2024 17:19:18 INFO  epoch 20 evaluating [time: 2.93s, valid_score: 0.889000]
Fri 29 Nov 2024 17:19:18 INFO  valid result: 
recall@5 : 0.9015    recall@10 : 0.9115    recall@101 : 1.0    ndcg@5 : 0.8858    ndcg@10 : 0.889    ndcg@101 : 0.9031    mrr@5 : 0.8805    mrr@10 : 0.8818    mrr@101 : 0.8831    
Fri 29 Nov 2024 17:22:15 INFO  epoch 21 training [time: 176.92s, train loss: 832.0351]
Fri 29 Nov 2024 17:22:18 INFO  epoch 21 evaluating [time: 2.92s, valid_score: 0.891000]
Fri 29 Nov 2024 17:22:18 INFO  valid result: 
recall@5 : 0.906    recall@10 : 0.9085    recall@101 : 1.0    ndcg@5 : 0.8902    ndcg@10 : 0.891    ndcg@101 : 0.9077    mrr@5 : 0.8849    mrr@10 : 0.8852    mrr@101 : 0.8877    
Fri 29 Nov 2024 17:25:14 INFO  epoch 22 training [time: 176.87s, train loss: 813.2967]
Fri 29 Nov 2024 17:25:17 INFO  epoch 22 evaluating [time: 2.91s, valid_score: 0.887900]
Fri 29 Nov 2024 17:25:17 INFO  valid result: 
recall@5 : 0.898    recall@10 : 0.9085    recall@101 : 1.0    ndcg@5 : 0.8845    ndcg@10 : 0.8879    ndcg@101 : 0.9033    mrr@5 : 0.8799    mrr@10 : 0.8813    mrr@101 : 0.8831    
Fri 29 Nov 2024 17:28:15 INFO  epoch 23 training [time: 177.28s, train loss: 798.1573]
Fri 29 Nov 2024 17:28:17 INFO  epoch 23 evaluating [time: 2.90s, valid_score: 0.888400]
Fri 29 Nov 2024 17:28:17 INFO  valid result: 
recall@5 : 0.9    recall@10 : 0.9075    recall@101 : 1.0    ndcg@5 : 0.8859    ndcg@10 : 0.8884    ndcg@101 : 0.9034    mrr@5 : 0.8811    mrr@10 : 0.8822    mrr@101 : 0.8837    
Fri 29 Nov 2024 17:31:13 INFO  epoch 24 training [time: 175.93s, train loss: 789.6921]
Fri 29 Nov 2024 17:31:16 INFO  epoch 24 evaluating [time: 2.92s, valid_score: 0.885400]
Fri 29 Nov 2024 17:31:16 INFO  valid result: 
recall@5 : 0.898    recall@10 : 0.9065    recall@101 : 1.0    ndcg@5 : 0.8826    ndcg@10 : 0.8854    ndcg@101 : 0.9007    mrr@5 : 0.8774    mrr@10 : 0.8786    mrr@101 : 0.8802    
Fri 29 Nov 2024 17:31:16 INFO  Finished training, best eval result in epoch 13
Fri 29 Nov 2024 17:31:16 INFO  test result: {'recall@5': 0.905, 'recall@10': 0.933, 'recall@101': 1.0, 'ndcg@5': 0.8902, 'ndcg@10': 0.899, 'ndcg@101': 0.9107, 'mrr@5': 0.8852, 'mrr@10': 0.8887, 'mrr@101': 0.8902}

TransformerEncoder mish