Sun 08 Dec 2024 14:56:35 INFO  PID: 299332
Sun 08 Dec 2024 14:56:35 INFO  Namespace(batch_size=2048, dataset='retail_beh', gpu_id=0, model='MBHT', valid_portion=0.1, validation=False)
Sun 08 Dec 2024 14:56:35 INFO  
General Hyper Parameters:
gpu_id = 0
use_gpu = True
seed = 2020
state = INFO
reproducibility = True
data_path = dataset/retail_beh
show_progress = True
save_dataset = False
save_dataloaders = False
benchmark_filename = ['train', 'test']

Training Hyper Parameters:
checkpoint_dir = saved
epochs = 300
train_batch_size = 64
learner = adam
learning_rate = 0.001
eval_step = 1
stopping_step = 10
clip_grad_norm = None
weight_decay = 0.0
loss_decimal_place = 4

Evaluation Hyper Parameters:
eval_args = {'mode': 'full', 'order': 'TO', 'split': {'RS': [0.8, 0.1, 0.1]}, 'group_by': 'user'}
metrics = ['Recall', 'NDCG', 'MRR']
topk = [5, 10, 101]
valid_metric = NDCG@10
valid_metric_bigger = True
eval_batch_size = 128
metric_decimal_place = 4

Dataset Hyper Parameters:
field_separator = 	
seq_separator =  
USER_ID_FIELD = session_id
ITEM_ID_FIELD = item_id
RATING_FIELD = rating
TIME_FIELD = timestamp
seq_len = None
LABEL_FIELD = label
threshold = None
NEG_PREFIX = neg_
load_col = None
unload_col = None
unused_col = None
additional_feat_suffix = None
rm_dup_inter = None
val_interval = None
filter_inter_by_user_or_item = True
user_inter_num_interval = [0,inf)
item_inter_num_interval = [0,inf)
alias_of_user_id = None
alias_of_item_id = ['item_id_list']
alias_of_entity_id = None
alias_of_relation_id = None
preload_weight = None
normalize_field = None
normalize_all = None
ITEM_LIST_LENGTH_FIELD = item_length
LIST_SUFFIX = _list
MAX_ITEM_LIST_LENGTH = 200
POSITION_FIELD = position_id
HEAD_ENTITY_ID_FIELD = head_id
TAIL_ENTITY_ID_FIELD = tail_id
RELATION_ID_FIELD = relation_id
ENTITY_ID_FIELD = entity_id

Other Hyper Parameters: 
neg_sampling = None
repeatable = True
n_layers = 2
n_heads = 2
hidden_size = 64
inner_size = 256
hidden_dropout_prob = 0.5
attn_dropout_prob = 0.5
hidden_act = gelu
layer_norm_eps = 1e-12
initializer_range = 0.02
mask_ratio = 0.2
loss_type = CE
customized_eval = 1
MODEL_TYPE = ModelType.SEQUENTIAL
hyper_len = 6
scales = [5, 4, 20, 40]
enable_hg = 1
enable_ms = 1
abaltion = 
batch_size = 2048
MODEL_INPUT_TYPE = InputType.POINTWISE
eval_type = EvaluatorType.RANKING
device = cuda
train_neg_sample_args = {'strategy': 'none'}
eval_neg_sample_args = {'strategy': 'full', 'distribution': 'uniform'}


Sun 08 Dec 2024 14:56:35 INFO  retail_beh
The number of users: 30691
Average actions of users: 1.065167807103291
The number of items: 31240
Average actions of items: 3.388618223281849
The number of inters: 32690
The sparsity of the dataset: 99.99659048303167%
Remain Fields: ['session_id', 'item_id_list', 'item_type_list', 'item_id', 'item_length']
Sun 08 Dec 2024 14:56:37 INFO  MBHT(
  (type_embedding): Embedding(6, 64, padding_idx=0)
  (item_embedding): Embedding(31241, 64, padding_idx=0)
  (position_embedding): Embedding(201, 64)
  (trm_encoder): TransformerEncoder(
    (layer): ModuleList(
      (0-1): 2 x TransformerLayer(
        (multi_head_attention): MultiScaleAttention(
          (out_fc): Linear(in_features=265, out_features=200, bias=True)
          (attention1): LinearAttention(
            (E): Linear(in_features=200, out_features=5, bias=True)
            (F): Linear(in_features=200, out_features=5, bias=True)
            (W_V): Linear(in_features=64, out_features=64, bias=True)
            (W_K): Linear(in_features=64, out_features=64, bias=True)
            (W_Q): Linear(in_features=64, out_features=64, bias=True)
            (dense): Linear(in_features=64, out_features=64, bias=True)
            (attn_dropout): Dropout(p=0.5, inplace=False)
            (out_dropout): Dropout(p=0.5, inplace=False)
            (LayerNorm): LayerNorm((64,), eps=1e-12, elementwise_affine=True)
          )
          (attention2): MultiHeadAttention(
            (query): Linear(in_features=64, out_features=64, bias=True)
            (key): Linear(in_features=64, out_features=64, bias=True)
            (value): Linear(in_features=64, out_features=64, bias=True)
            (attn_dropout): Dropout(p=0.5, inplace=False)
            (dense): Linear(in_features=64, out_features=64, bias=True)
            (LayerNorm): LayerNorm((64,), eps=1e-12, elementwise_affine=True)
            (out_dropout): Dropout(p=0.5, inplace=False)
          )
        )
        (feed_forward): FeedForward(
          (dense_1): Linear(in_features=64, out_features=256, bias=True)
          (dense_2): Linear(in_features=256, out_features=64, bias=True)
          (LayerNorm): LayerNorm((64,), eps=1e-12, elementwise_affine=True)
          (dropout): Dropout(p=0.5, inplace=False)
        )
      )
    )
  )
  (hgnn_layer): HGNN(
    (hgc1): HGNN_conv()
    (hgc2): HGNN_conv()
    (out_fc): Linear(in_features=64, out_features=64, bias=True)
  )
  (LayerNorm): LayerNorm((64,), eps=1e-12, elementwise_affine=True)
  (dropout): Dropout(p=0.5, inplace=False)
  (hg_type_embedding): Embedding(6, 64, padding_idx=0)
)
Trainable parameters: 2278036
Sun 08 Dec 2024 14:56:41 INFO  epoch -1 evaluating [time: 3.58s, valid_score: 0.125100]
Sun 08 Dec 2024 14:56:41 INFO  valid result: 
recall@5 : 0.1395    recall@10 : 0.224    recall@101 : 1.0    ndcg@5 : 0.0982    ndcg@10 : 0.1251    ndcg@101 : 0.2703    mrr@5 : 0.0846    mrr@10 : 0.0955    mrr@101 : 0.1171    
Sun 08 Dec 2024 14:59:35 INFO  epoch 0 training [time: 174.13s, train loss: 4477.6634]
Sun 08 Dec 2024 14:59:38 INFO  epoch 0 evaluating [time: 2.87s, valid_score: 0.657900]
Sun 08 Dec 2024 14:59:38 INFO  valid result: 
recall@5 : 0.7335    recall@10 : 0.8105    recall@101 : 1.0    ndcg@5 : 0.6328    ndcg@10 : 0.6579    ndcg@101 : 0.6963    mrr@5 : 0.5992    mrr@10 : 0.6096    mrr@101 : 0.6168    
Sun 08 Dec 2024 14:59:38 INFO  Saving current best: saved/MBHT-retail_beh-Dec-08-2024_14-56-37.pth
Sun 08 Dec 2024 15:02:35 INFO  epoch 1 training [time: 176.67s, train loss: 3501.0075]
Sun 08 Dec 2024 15:02:38 INFO  epoch 1 evaluating [time: 2.93s, valid_score: 0.824100]
Sun 08 Dec 2024 15:02:38 INFO  valid result: 
recall@5 : 0.857    recall@10 : 0.878    recall@101 : 1.0    ndcg@5 : 0.8173    ndcg@10 : 0.8241    ndcg@101 : 0.8456    mrr@5 : 0.8041    mrr@10 : 0.8069    mrr@101 : 0.8097    
Sun 08 Dec 2024 15:02:38 INFO  Saving current best: saved/MBHT-retail_beh-Dec-08-2024_14-56-37.pth
Sun 08 Dec 2024 15:05:32 INFO  epoch 2 training [time: 173.78s, train loss: 2598.0230]
Sun 08 Dec 2024 15:05:34 INFO  epoch 2 evaluating [time: 2.88s, valid_score: 0.866700]
Sun 08 Dec 2024 15:05:34 INFO  valid result: 
recall@5 : 0.885    recall@10 : 0.895    recall@101 : 1.0    ndcg@5 : 0.8635    ndcg@10 : 0.8667    ndcg@101 : 0.8843    mrr@5 : 0.8563    mrr@10 : 0.8576    mrr@101 : 0.8596    
Sun 08 Dec 2024 15:05:34 INFO  Saving current best: saved/MBHT-retail_beh-Dec-08-2024_14-56-37.pth
Sun 08 Dec 2024 15:08:29 INFO  epoch 3 training [time: 174.46s, train loss: 2058.4169]
Sun 08 Dec 2024 15:08:32 INFO  epoch 3 evaluating [time: 2.89s, valid_score: 0.886000]
Sun 08 Dec 2024 15:08:32 INFO  valid result: 
recall@5 : 0.895    recall@10 : 0.9035    recall@101 : 1.0    ndcg@5 : 0.8832    ndcg@10 : 0.886    ndcg@101 : 0.9023    mrr@5 : 0.8792    mrr@10 : 0.8804    mrr@101 : 0.8823    
Sun 08 Dec 2024 15:08:32 INFO  Saving current best: saved/MBHT-retail_beh-Dec-08-2024_14-56-37.pth
Sun 08 Dec 2024 15:11:28 INFO  epoch 4 training [time: 175.76s, train loss: 1782.1694]
Sun 08 Dec 2024 15:11:31 INFO  epoch 4 evaluating [time: 2.89s, valid_score: 0.892100]
Sun 08 Dec 2024 15:11:31 INFO  valid result: 
recall@5 : 0.9005    recall@10 : 0.906    recall@101 : 1.0    ndcg@5 : 0.8902    ndcg@10 : 0.8921    ndcg@101 : 0.9082    mrr@5 : 0.8868    mrr@10 : 0.8876    mrr@101 : 0.8895    
Sun 08 Dec 2024 15:11:31 INFO  Saving current best: saved/MBHT-retail_beh-Dec-08-2024_14-56-37.pth
Sun 08 Dec 2024 15:14:26 INFO  epoch 5 training [time: 175.47s, train loss: 1628.3916]
Sun 08 Dec 2024 15:14:29 INFO  epoch 5 evaluating [time: 2.94s, valid_score: 0.894100]
Sun 08 Dec 2024 15:14:29 INFO  valid result: 
recall@5 : 0.9015    recall@10 : 0.909    recall@101 : 1.0    ndcg@5 : 0.8918    ndcg@10 : 0.8941    ndcg@101 : 0.9093    mrr@5 : 0.8885    mrr@10 : 0.8894    mrr@101 : 0.8911    
Sun 08 Dec 2024 15:14:29 INFO  Saving current best: saved/MBHT-retail_beh-Dec-08-2024_14-56-37.pth
Sun 08 Dec 2024 15:17:26 INFO  epoch 6 training [time: 177.33s, train loss: 1511.1610]
Sun 08 Dec 2024 15:17:29 INFO  epoch 6 evaluating [time: 2.90s, valid_score: 0.895500]
Sun 08 Dec 2024 15:17:29 INFO  valid result: 
recall@5 : 0.904    recall@10 : 0.9105    recall@101 : 1.0    ndcg@5 : 0.8934    ndcg@10 : 0.8955    ndcg@101 : 0.9112    mrr@5 : 0.8899    mrr@10 : 0.8908    mrr@101 : 0.8927    
Sun 08 Dec 2024 15:17:29 INFO  Saving current best: saved/MBHT-retail_beh-Dec-08-2024_14-56-37.pth
Sun 08 Dec 2024 15:20:27 INFO  epoch 7 training [time: 177.83s, train loss: 1424.4269]
Sun 08 Dec 2024 15:20:30 INFO  epoch 7 evaluating [time: 2.95s, valid_score: 0.896400]
Sun 08 Dec 2024 15:20:30 INFO  valid result: 
recall@5 : 0.9065    recall@10 : 0.9125    recall@101 : 1.0    ndcg@5 : 0.8944    ndcg@10 : 0.8964    ndcg@101 : 0.9136    mrr@5 : 0.8904    mrr@10 : 0.8912    mrr@101 : 0.8941    
Sun 08 Dec 2024 15:20:30 INFO  Saving current best: saved/MBHT-retail_beh-Dec-08-2024_14-56-37.pth
Sun 08 Dec 2024 15:23:27 INFO  epoch 8 training [time: 176.63s, train loss: 1344.0023]
Sun 08 Dec 2024 15:23:30 INFO  epoch 8 evaluating [time: 2.89s, valid_score: 0.926700]
Sun 08 Dec 2024 15:23:30 INFO  valid result: 
recall@5 : 0.9365    recall@10 : 0.945    recall@101 : 1.0    ndcg@5 : 0.9239    ndcg@10 : 0.9267    ndcg@101 : 0.9365    mrr@5 : 0.9197    mrr@10 : 0.9209    mrr@101 : 0.9222    
Sun 08 Dec 2024 15:23:30 INFO  Saving current best: saved/MBHT-retail_beh-Dec-08-2024_14-56-37.pth
Sun 08 Dec 2024 15:26:25 INFO  epoch 9 training [time: 175.23s, train loss: 1275.3469]
Sun 08 Dec 2024 15:26:28 INFO  epoch 9 evaluating [time: 2.93s, valid_score: 0.930200]
Sun 08 Dec 2024 15:26:28 INFO  valid result: 
recall@5 : 0.9395    recall@10 : 0.9475    recall@101 : 1.0    ndcg@5 : 0.9275    ndcg@10 : 0.9302    ndcg@101 : 0.9393    mrr@5 : 0.9235    mrr@10 : 0.9247    mrr@101 : 0.9258    
Sun 08 Dec 2024 15:26:28 INFO  Saving current best: saved/MBHT-retail_beh-Dec-08-2024_14-56-37.pth
Sun 08 Dec 2024 15:29:25 INFO  epoch 10 training [time: 176.39s, train loss: 1206.2293]
Sun 08 Dec 2024 15:29:28 INFO  epoch 10 evaluating [time: 2.91s, valid_score: 0.933900]
Sun 08 Dec 2024 15:29:28 INFO  valid result: 
recall@5 : 0.9405    recall@10 : 0.948    recall@101 : 1.0    ndcg@5 : 0.9314    ndcg@10 : 0.9339    ndcg@101 : 0.9434    mrr@5 : 0.9284    mrr@10 : 0.9294    mrr@101 : 0.9308    
Sun 08 Dec 2024 15:29:28 INFO  Saving current best: saved/MBHT-retail_beh-Dec-08-2024_14-56-37.pth
Sun 08 Dec 2024 15:32:24 INFO  epoch 11 training [time: 176.65s, train loss: 1156.6939]
Sun 08 Dec 2024 15:32:27 INFO  epoch 11 evaluating [time: 2.86s, valid_score: 0.920900]
Sun 08 Dec 2024 15:32:27 INFO  valid result: 
recall@5 : 0.9415    recall@10 : 0.9485    recall@101 : 1.0    ndcg@5 : 0.9186    ndcg@10 : 0.9209    ndcg@101 : 0.9304    mrr@5 : 0.9107    mrr@10 : 0.9116    mrr@101 : 0.9131    
Sun 08 Dec 2024 15:35:22 INFO  epoch 12 training [time: 175.29s, train loss: 1104.2385]
Sun 08 Dec 2024 15:35:25 INFO  epoch 12 evaluating [time: 2.86s, valid_score: 0.928500]
Sun 08 Dec 2024 15:35:25 INFO  valid result: 
recall@5 : 0.9425    recall@10 : 0.9475    recall@101 : 1.0    ndcg@5 : 0.9269    ndcg@10 : 0.9285    ndcg@101 : 0.9381    mrr@5 : 0.9217    mrr@10 : 0.9224    mrr@101 : 0.9237    
Sun 08 Dec 2024 15:38:18 INFO  epoch 13 training [time: 173.04s, train loss: 1071.1823]
Sun 08 Dec 2024 15:38:21 INFO  epoch 13 evaluating [time: 2.88s, valid_score: 0.910300]
Sun 08 Dec 2024 15:38:21 INFO  valid result: 
recall@5 : 0.9275    recall@10 : 0.9345    recall@101 : 1.0    ndcg@5 : 0.908    ndcg@10 : 0.9103    ndcg@101 : 0.9221    mrr@5 : 0.9012    mrr@10 : 0.9022    mrr@101 : 0.9038    
Sun 08 Dec 2024 15:41:17 INFO  epoch 14 training [time: 175.82s, train loss: 1021.9921]
Sun 08 Dec 2024 15:41:20 INFO  epoch 14 evaluating [time: 2.95s, valid_score: 0.925400]
Sun 08 Dec 2024 15:41:20 INFO  valid result: 
recall@5 : 0.936    recall@10 : 0.942    recall@101 : 1.0    ndcg@5 : 0.9234    ndcg@10 : 0.9254    ndcg@101 : 0.936    mrr@5 : 0.9192    mrr@10 : 0.9201    mrr@101 : 0.9216    
Sun 08 Dec 2024 15:44:18 INFO  epoch 15 training [time: 178.03s, train loss: 971.7767]
Sun 08 Dec 2024 15:44:21 INFO  epoch 15 evaluating [time: 2.89s, valid_score: 0.928300]
Sun 08 Dec 2024 15:44:21 INFO  valid result: 
recall@5 : 0.943    recall@10 : 0.9525    recall@101 : 1.0    ndcg@5 : 0.9253    ndcg@10 : 0.9283    ndcg@101 : 0.9369    mrr@5 : 0.9192    mrr@10 : 0.9205    mrr@101 : 0.9217    
Sun 08 Dec 2024 15:47:17 INFO  epoch 16 training [time: 176.44s, train loss: 952.0793]
Sun 08 Dec 2024 15:47:20 INFO  epoch 16 evaluating [time: 2.89s, valid_score: 0.898300]
Sun 08 Dec 2024 15:47:20 INFO  valid result: 
recall@5 : 0.9085    recall@10 : 0.915    recall@101 : 1.0    ndcg@5 : 0.8961    ndcg@10 : 0.8983    ndcg@101 : 0.9145    mrr@5 : 0.892    mrr@10 : 0.8929    mrr@101 : 0.8955    
Sun 08 Dec 2024 15:50:18 INFO  epoch 17 training [time: 177.42s, train loss: 916.7311]
Sun 08 Dec 2024 15:50:21 INFO  epoch 17 evaluating [time: 2.87s, valid_score: 0.905300]
Sun 08 Dec 2024 15:50:21 INFO  valid result: 
recall@5 : 0.914    recall@10 : 0.931    recall@101 : 1.0    ndcg@5 : 0.8998    ndcg@10 : 0.9053    ndcg@101 : 0.9189    mrr@5 : 0.895    mrr@10 : 0.8973    mrr@101 : 0.8998    
Sun 08 Dec 2024 15:53:18 INFO  epoch 18 training [time: 177.32s, train loss: 885.8518]
Sun 08 Dec 2024 15:53:21 INFO  epoch 18 evaluating [time: 2.85s, valid_score: 0.920500]
Sun 08 Dec 2024 15:53:21 INFO  valid result: 
recall@5 : 0.932    recall@10 : 0.9405    recall@101 : 1.0    ndcg@5 : 0.9177    ndcg@10 : 0.9205    ndcg@101 : 0.9311    mrr@5 : 0.9129    mrr@10 : 0.9141    mrr@101 : 0.9155    
Sun 08 Dec 2024 15:56:19 INFO  epoch 19 training [time: 178.06s, train loss: 867.0930]
Sun 08 Dec 2024 15:56:22 INFO  epoch 19 evaluating [time: 2.94s, valid_score: 0.917100]
Sun 08 Dec 2024 15:56:22 INFO  valid result: 
recall@5 : 0.9425    recall@10 : 0.95    recall@101 : 1.0    ndcg@5 : 0.9146    ndcg@10 : 0.9171    ndcg@101 : 0.9261    mrr@5 : 0.9055    mrr@10 : 0.9065    mrr@101 : 0.9078    
Sun 08 Dec 2024 15:59:19 INFO  epoch 20 training [time: 176.90s, train loss: 841.3853]
Sun 08 Dec 2024 15:59:22 INFO  epoch 20 evaluating [time: 2.95s, valid_score: 0.900600]
Sun 08 Dec 2024 15:59:22 INFO  valid result: 
recall@5 : 0.9075    recall@10 : 0.9195    recall@101 : 1.0    ndcg@5 : 0.8967    ndcg@10 : 0.9006    ndcg@101 : 0.9152    mrr@5 : 0.8931    mrr@10 : 0.8947    mrr@101 : 0.8967    
Sun 08 Dec 2024 16:02:18 INFO  epoch 21 training [time: 176.61s, train loss: 813.9197]
Sun 08 Dec 2024 16:02:21 INFO  epoch 21 evaluating [time: 2.90s, valid_score: 0.925900]
Sun 08 Dec 2024 16:02:21 INFO  valid result: 
recall@5 : 0.9385    recall@10 : 0.9455    recall@101 : 1.0    ndcg@5 : 0.9236    ndcg@10 : 0.9259    ndcg@101 : 0.9358    mrr@5 : 0.9186    mrr@10 : 0.9195    mrr@101 : 0.921    
Sun 08 Dec 2024 16:02:21 INFO  Finished training, best eval result in epoch 10
Sun 08 Dec 2024 16:02:21 INFO  test result: {'recall@5': 0.9405, 'recall@10': 0.948, 'recall@101': 1.0, 'ndcg@5': 0.9314, 'ndcg@10': 0.9339, 'ndcg@101': 0.9434, 'mrr@5': 0.9284, 'mrr@10': 0.9294, 'mrr@101': 0.9308}
