Sat 07 Dec 2024 11:40:33 INFO  PID: 4132787
Sat 07 Dec 2024 11:40:33 INFO  Namespace(batch_size=2048, dataset='retail_beh', gpu_id=0, model='MBHT', valid_portion=0.1, validation=False)
Sat 07 Dec 2024 11:40:33 INFO  
General Hyper Parameters:
gpu_id = 0
use_gpu = True
seed = 2020
state = INFO
reproducibility = True
data_path = dataset/retail_beh
show_progress = True
save_dataset = False
save_dataloaders = False
benchmark_filename = ['train', 'test']

Training Hyper Parameters:
checkpoint_dir = saved
epochs = 300
train_batch_size = 64
learner = adam
learning_rate = 0.001
eval_step = 1
stopping_step = 10
clip_grad_norm = None
weight_decay = 0.0
loss_decimal_place = 4

Evaluation Hyper Parameters:
eval_args = {'mode': 'full', 'order': 'TO', 'split': {'RS': [0.8, 0.1, 0.1]}, 'group_by': 'user'}
metrics = ['Recall', 'NDCG', 'MRR']
topk = [5, 10, 101]
valid_metric = NDCG@10
valid_metric_bigger = True
eval_batch_size = 128
metric_decimal_place = 4

Dataset Hyper Parameters:
field_separator = 	
seq_separator =  
USER_ID_FIELD = session_id
ITEM_ID_FIELD = item_id
RATING_FIELD = rating
TIME_FIELD = timestamp
seq_len = None
LABEL_FIELD = label
threshold = None
NEG_PREFIX = neg_
load_col = None
unload_col = None
unused_col = None
additional_feat_suffix = None
rm_dup_inter = None
val_interval = None
filter_inter_by_user_or_item = True
user_inter_num_interval = [0,inf)
item_inter_num_interval = [0,inf)
alias_of_user_id = None
alias_of_item_id = ['item_id_list']
alias_of_entity_id = None
alias_of_relation_id = None
preload_weight = None
normalize_field = None
normalize_all = None
ITEM_LIST_LENGTH_FIELD = item_length
LIST_SUFFIX = _list
MAX_ITEM_LIST_LENGTH = 200
POSITION_FIELD = position_id
HEAD_ENTITY_ID_FIELD = head_id
TAIL_ENTITY_ID_FIELD = tail_id
RELATION_ID_FIELD = relation_id
ENTITY_ID_FIELD = entity_id

Other Hyper Parameters: 
neg_sampling = None
repeatable = True
n_layers = 2
n_heads = 2
hidden_size = 64
inner_size = 256
hidden_dropout_prob = 0.5
attn_dropout_prob = 0.5
hidden_act = gelu
layer_norm_eps = 1e-12
initializer_range = 0.02
mask_ratio = 0.2
loss_type = CE
customized_eval = 1
MODEL_TYPE = ModelType.SEQUENTIAL
hyper_len = 6
scales = [5, 4, 20]
enable_hg = 1
enable_ms = 1
abaltion = 
batch_size = 2048
MODEL_INPUT_TYPE = InputType.POINTWISE
eval_type = EvaluatorType.RANKING
device = cuda
train_neg_sample_args = {'strategy': 'none'}
eval_neg_sample_args = {'strategy': 'full', 'distribution': 'uniform'}


Sat 07 Dec 2024 11:40:34 INFO  retail_beh
The number of users: 30691
Average actions of users: 1.065167807103291
The number of items: 31240
Average actions of items: 3.388618223281849
The number of inters: 32690
The sparsity of the dataset: 99.99659048303167%
Remain Fields: ['session_id', 'item_id_list', 'item_type_list', 'item_id', 'item_length']
Sat 07 Dec 2024 11:40:35 INFO  MBHT(
  (type_embedding): Embedding(6, 64, padding_idx=0)
  (item_embedding): Embedding(31241, 64, padding_idx=0)
  (position_embedding): Embedding(201, 64)
  (trm_encoder): TransformerEncoder(
    (layer): ModuleList(
      (0-1): 2 x TransformerLayer(
        (multi_head_attention): MultiScaleAttention(
          (out_fc): Linear(in_features=260, out_features=200, bias=True)
          (attention1): LinearAttention(
            (E): Linear(in_features=200, out_features=5, bias=True)
            (F): Linear(in_features=200, out_features=5, bias=True)
            (W_V): Linear(in_features=64, out_features=64, bias=True)
            (W_K): Linear(in_features=64, out_features=64, bias=True)
            (W_Q): Linear(in_features=64, out_features=64, bias=True)
            (dense): Linear(in_features=64, out_features=64, bias=True)
            (attn_dropout): Dropout(p=0.5, inplace=False)
            (out_dropout): Dropout(p=0.5, inplace=False)
            (LayerNorm): LayerNorm((64,), eps=1e-12, elementwise_affine=True)
          )
          (attention2): MultiHeadAttention(
            (query): Linear(in_features=64, out_features=64, bias=True)
            (key): Linear(in_features=64, out_features=64, bias=True)
            (value): Linear(in_features=64, out_features=64, bias=True)
            (attn_dropout): Dropout(p=0.5, inplace=False)
            (dense): Linear(in_features=64, out_features=64, bias=True)
            (LayerNorm): LayerNorm((64,), eps=1e-12, elementwise_affine=True)
            (out_dropout): Dropout(p=0.5, inplace=False)
          )
        )
        (feed_forward): FeedForward(
          (dense_1): Linear(in_features=64, out_features=256, bias=True)
          (dense_2): Linear(in_features=256, out_features=64, bias=True)
          (LayerNorm): LayerNorm((64,), eps=1e-12, elementwise_affine=True)
          (dropout): Dropout(p=0.5, inplace=False)
        )
      )
    )
  )
  (hgnn_layer): HGNN(
    (hgc1): HGNN_conv()
    (hgc2): HGNN_conv()
    (out_fc): Linear(in_features=64, out_features=64, bias=True)
  )
  (LayerNorm): LayerNorm((64,), eps=1e-12, elementwise_affine=True)
  (dropout): Dropout(p=0.5, inplace=False)
  (hg_type_embedding): Embedding(6, 64, padding_idx=0)
)
Trainable parameters: 2276036
Sat 07 Dec 2024 11:40:39 INFO  epoch -1 evaluating [time: 3.58s, valid_score: 0.054900]
Sat 07 Dec 2024 11:40:39 INFO  valid result: 
recall@5 : 0.0625    recall@10 : 0.1245    recall@101 : 1.0    ndcg@5 : 0.0356    ndcg@10 : 0.0549    ndcg@101 : 0.2208    mrr@5 : 0.0271    mrr@10 : 0.0346    mrr@101 : 0.0609    
Sat 07 Dec 2024 11:43:33 INFO  epoch 0 training [time: 173.96s, train loss: 4537.1776]
Sat 07 Dec 2024 11:43:36 INFO  epoch 0 evaluating [time: 2.88s, valid_score: 0.639100]
Sat 07 Dec 2024 11:43:36 INFO  valid result: 
recall@5 : 0.7135    recall@10 : 0.784    recall@101 : 1.0    ndcg@5 : 0.6166    ndcg@10 : 0.6391    ndcg@101 : 0.6827    mrr@5 : 0.5843    mrr@10 : 0.5934    mrr@101 : 0.6015    
Sat 07 Dec 2024 11:43:36 INFO  Saving current best: saved/MBHT-retail_beh-Dec-07-2024_11-40-35.pth
Sat 07 Dec 2024 11:46:33 INFO  epoch 1 training [time: 176.33s, train loss: 3660.8617]
Sat 07 Dec 2024 11:46:35 INFO  epoch 1 evaluating [time: 2.92s, valid_score: 0.797100]
Sat 07 Dec 2024 11:46:35 INFO  valid result: 
recall@5 : 0.832    recall@10 : 0.8595    recall@101 : 1.0    ndcg@5 : 0.7881    ndcg@10 : 0.7971    ndcg@101 : 0.822    mrr@5 : 0.7733    mrr@10 : 0.7771    mrr@101 : 0.7804    
Sat 07 Dec 2024 11:46:36 INFO  Saving current best: saved/MBHT-retail_beh-Dec-07-2024_11-40-35.pth
Sat 07 Dec 2024 11:49:33 INFO  epoch 2 training [time: 177.23s, train loss: 2680.7712]
Sat 07 Dec 2024 11:49:36 INFO  epoch 2 evaluating [time: 2.92s, valid_score: 0.869100]
Sat 07 Dec 2024 11:49:36 INFO  valid result: 
recall@5 : 0.888    recall@10 : 0.894    recall@101 : 1.0    ndcg@5 : 0.8671    ndcg@10 : 0.8691    ndcg@101 : 0.8875    mrr@5 : 0.86    mrr@10 : 0.8609    mrr@101 : 0.8631    
Sat 07 Dec 2024 11:49:36 INFO  Saving current best: saved/MBHT-retail_beh-Dec-07-2024_11-40-35.pth
Sat 07 Dec 2024 11:52:33 INFO  epoch 3 training [time: 177.17s, train loss: 2083.0286]
Sat 07 Dec 2024 11:52:36 INFO  epoch 3 evaluating [time: 2.98s, valid_score: 0.878000]
Sat 07 Dec 2024 11:52:36 INFO  valid result: 
recall@5 : 0.889    recall@10 : 0.8985    recall@101 : 1.0    ndcg@5 : 0.8749    ndcg@10 : 0.878    ndcg@101 : 0.8949    mrr@5 : 0.8702    mrr@10 : 0.8715    mrr@101 : 0.8734    
Sat 07 Dec 2024 11:52:36 INFO  Saving current best: saved/MBHT-retail_beh-Dec-07-2024_11-40-35.pth
Sat 07 Dec 2024 11:55:34 INFO  epoch 4 training [time: 177.83s, train loss: 1802.2928]
Sat 07 Dec 2024 11:55:37 INFO  epoch 4 evaluating [time: 2.89s, valid_score: 0.881900]
Sat 07 Dec 2024 11:55:37 INFO  valid result: 
recall@5 : 0.8915    recall@10 : 0.901    recall@101 : 1.0    ndcg@5 : 0.8788    ndcg@10 : 0.8819    ndcg@101 : 0.8986    mrr@5 : 0.8745    mrr@10 : 0.8758    mrr@101 : 0.8778    
Sat 07 Dec 2024 11:55:37 INFO  Saving current best: saved/MBHT-retail_beh-Dec-07-2024_11-40-35.pth
Sat 07 Dec 2024 11:58:33 INFO  epoch 5 training [time: 175.76s, train loss: 1621.2112]
Sat 07 Dec 2024 11:58:35 INFO  epoch 5 evaluating [time: 2.86s, valid_score: 0.887100]
Sat 07 Dec 2024 11:58:35 INFO  valid result: 
recall@5 : 0.897    recall@10 : 0.905    recall@101 : 1.0    ndcg@5 : 0.8845    ndcg@10 : 0.8871    ndcg@101 : 0.9031    mrr@5 : 0.8803    mrr@10 : 0.8814    mrr@101 : 0.8833    
Sat 07 Dec 2024 11:58:36 INFO  Saving current best: saved/MBHT-retail_beh-Dec-07-2024_11-40-35.pth
Sat 07 Dec 2024 12:01:31 INFO  epoch 6 training [time: 175.05s, train loss: 1501.6047]
Sat 07 Dec 2024 12:01:34 INFO  epoch 6 evaluating [time: 2.90s, valid_score: 0.891600]
Sat 07 Dec 2024 12:01:34 INFO  valid result: 
recall@5 : 0.902    recall@10 : 0.9105    recall@101 : 1.0    ndcg@5 : 0.8889    ndcg@10 : 0.8916    ndcg@101 : 0.9062    mrr@5 : 0.8845    mrr@10 : 0.8856    mrr@101 : 0.8871    
Sat 07 Dec 2024 12:01:34 INFO  Saving current best: saved/MBHT-retail_beh-Dec-07-2024_11-40-35.pth
Sat 07 Dec 2024 12:04:30 INFO  epoch 7 training [time: 176.13s, train loss: 1406.3494]
Sat 07 Dec 2024 12:04:33 INFO  epoch 7 evaluating [time: 2.86s, valid_score: 0.892800]
Sat 07 Dec 2024 12:04:33 INFO  valid result: 
recall@5 : 0.9045    recall@10 : 0.91    recall@101 : 1.0    ndcg@5 : 0.891    ndcg@10 : 0.8928    ndcg@101 : 0.9075    mrr@5 : 0.8864    mrr@10 : 0.8872    mrr@101 : 0.8887    
Sat 07 Dec 2024 12:04:33 INFO  Saving current best: saved/MBHT-retail_beh-Dec-07-2024_11-40-35.pth
Sat 07 Dec 2024 12:07:30 INFO  epoch 8 training [time: 177.52s, train loss: 1319.9226]
Sat 07 Dec 2024 12:07:33 INFO  epoch 8 evaluating [time: 2.94s, valid_score: 0.895900]
Sat 07 Dec 2024 12:07:33 INFO  valid result: 
recall@5 : 0.907    recall@10 : 0.9145    recall@101 : 1.0    ndcg@5 : 0.8935    ndcg@10 : 0.8959    ndcg@101 : 0.9097    mrr@5 : 0.8889    mrr@10 : 0.8899    mrr@101 : 0.8912    
Sat 07 Dec 2024 12:07:33 INFO  Saving current best: saved/MBHT-retail_beh-Dec-07-2024_11-40-35.pth
Sat 07 Dec 2024 12:10:31 INFO  epoch 9 training [time: 177.43s, train loss: 1264.0143]
Sat 07 Dec 2024 12:10:34 INFO  epoch 9 evaluating [time: 2.96s, valid_score: 0.897500]
Sat 07 Dec 2024 12:10:34 INFO  valid result: 
recall@5 : 0.909    recall@10 : 0.9135    recall@101 : 1.0    ndcg@5 : 0.896    ndcg@10 : 0.8975    ndcg@101 : 0.9114    mrr@5 : 0.8916    mrr@10 : 0.8923    mrr@101 : 0.8936    
Sat 07 Dec 2024 12:10:34 INFO  Saving current best: saved/MBHT-retail_beh-Dec-07-2024_11-40-35.pth
Sat 07 Dec 2024 12:13:32 INFO  epoch 10 training [time: 178.13s, train loss: 1194.2483]
Sat 07 Dec 2024 12:13:35 INFO  epoch 10 evaluating [time: 2.89s, valid_score: 0.892600]
Sat 07 Dec 2024 12:13:35 INFO  valid result: 
recall@5 : 0.904    recall@10 : 0.912    recall@101 : 1.0    ndcg@5 : 0.8899    ndcg@10 : 0.8926    ndcg@101 : 0.9067    mrr@5 : 0.8851    mrr@10 : 0.8863    mrr@101 : 0.8877    
Sat 07 Dec 2024 12:16:30 INFO  epoch 11 training [time: 175.20s, train loss: 1143.8209]
Sat 07 Dec 2024 12:16:33 INFO  epoch 11 evaluating [time: 2.87s, valid_score: 0.893200]
Sat 07 Dec 2024 12:16:33 INFO  valid result: 
recall@5 : 0.9045    recall@10 : 0.91    recall@101 : 1.0    ndcg@5 : 0.8914    ndcg@10 : 0.8932    ndcg@101 : 0.908    mrr@5 : 0.887    mrr@10 : 0.8878    mrr@101 : 0.8893    
Sat 07 Dec 2024 12:19:29 INFO  epoch 12 training [time: 175.81s, train loss: 1086.9782]
Sat 07 Dec 2024 12:19:32 INFO  epoch 12 evaluating [time: 2.95s, valid_score: 0.894300]
Sat 07 Dec 2024 12:19:32 INFO  valid result: 
recall@5 : 0.905    recall@10 : 0.9115    recall@101 : 1.0    ndcg@5 : 0.8923    ndcg@10 : 0.8943    ndcg@101 : 0.9086    mrr@5 : 0.8879    mrr@10 : 0.8888    mrr@101 : 0.8902    
Sat 07 Dec 2024 12:22:30 INFO  epoch 13 training [time: 178.61s, train loss: 1046.6202]
Sat 07 Dec 2024 12:22:33 INFO  epoch 13 evaluating [time: 2.93s, valid_score: 0.891800]
Sat 07 Dec 2024 12:22:33 INFO  valid result: 
recall@5 : 0.9055    recall@10 : 0.9115    recall@101 : 1.0    ndcg@5 : 0.8898    ndcg@10 : 0.8918    ndcg@101 : 0.9059    mrr@5 : 0.8845    mrr@10 : 0.8854    mrr@101 : 0.8867    
Sat 07 Dec 2024 12:25:30 INFO  epoch 14 training [time: 176.93s, train loss: 1010.3119]
Sat 07 Dec 2024 12:25:33 INFO  epoch 14 evaluating [time: 2.95s, valid_score: 0.893000]
Sat 07 Dec 2024 12:25:33 INFO  valid result: 
recall@5 : 0.905    recall@10 : 0.9115    recall@101 : 1.0    ndcg@5 : 0.891    ndcg@10 : 0.893    ndcg@101 : 0.9073    mrr@5 : 0.8863    mrr@10 : 0.8871    mrr@101 : 0.8885    
Sat 07 Dec 2024 12:28:29 INFO  epoch 15 training [time: 176.29s, train loss: 971.2423]
Sat 07 Dec 2024 12:28:32 INFO  epoch 15 evaluating [time: 2.91s, valid_score: 0.895500]
Sat 07 Dec 2024 12:28:32 INFO  valid result: 
recall@5 : 0.902    recall@10 : 0.914    recall@101 : 1.0    ndcg@5 : 0.8915    ndcg@10 : 0.8955    ndcg@101 : 0.9093    mrr@5 : 0.888    mrr@10 : 0.8897    mrr@101 : 0.8911    
Sat 07 Dec 2024 12:31:29 INFO  epoch 16 training [time: 177.13s, train loss: 948.8104]
Sat 07 Dec 2024 12:31:32 INFO  epoch 16 evaluating [time: 2.88s, valid_score: 0.892700]
Sat 07 Dec 2024 12:31:32 INFO  valid result: 
recall@5 : 0.904    recall@10 : 0.913    recall@101 : 1.0    ndcg@5 : 0.8897    ndcg@10 : 0.8927    ndcg@101 : 0.9065    mrr@5 : 0.885    mrr@10 : 0.8862    mrr@101 : 0.8874    
Sat 07 Dec 2024 12:34:29 INFO  epoch 17 training [time: 176.53s, train loss: 913.0558]
Sat 07 Dec 2024 12:34:32 INFO  epoch 17 evaluating [time: 2.89s, valid_score: 0.891700]
Sat 07 Dec 2024 12:34:32 INFO  valid result: 
recall@5 : 0.902    recall@10 : 0.9115    recall@101 : 1.0    ndcg@5 : 0.8886    ndcg@10 : 0.8917    ndcg@101 : 0.906    mrr@5 : 0.8841    mrr@10 : 0.8854    mrr@101 : 0.8868    
Sat 07 Dec 2024 12:37:28 INFO  epoch 18 training [time: 176.74s, train loss: 892.1491]
Sat 07 Dec 2024 12:37:31 INFO  epoch 18 evaluating [time: 2.87s, valid_score: 0.888600]
Sat 07 Dec 2024 12:37:31 INFO  valid result: 
recall@5 : 0.901    recall@10 : 0.907    recall@101 : 1.0    ndcg@5 : 0.8866    ndcg@10 : 0.8886    ndcg@101 : 0.9039    mrr@5 : 0.8818    mrr@10 : 0.8826    mrr@101 : 0.8843    
Sat 07 Dec 2024 12:40:28 INFO  epoch 19 training [time: 176.83s, train loss: 870.7804]
Sat 07 Dec 2024 12:40:31 INFO  epoch 19 evaluating [time: 2.94s, valid_score: 0.892400]
Sat 07 Dec 2024 12:40:31 INFO  valid result: 
recall@5 : 0.904    recall@10 : 0.9095    recall@101 : 1.0    ndcg@5 : 0.8906    ndcg@10 : 0.8924    ndcg@101 : 0.9071    mrr@5 : 0.8861    mrr@10 : 0.8869    mrr@101 : 0.8883    
Sat 07 Dec 2024 12:43:28 INFO  epoch 20 training [time: 176.61s, train loss: 844.5029]
Sat 07 Dec 2024 12:43:31 INFO  epoch 20 evaluating [time: 2.88s, valid_score: 0.890000]
Sat 07 Dec 2024 12:43:31 INFO  valid result: 
recall@5 : 0.8995    recall@10 : 0.9065    recall@101 : 1.0    ndcg@5 : 0.8877    ndcg@10 : 0.89    ndcg@101 : 0.9053    mrr@5 : 0.8837    mrr@10 : 0.8846    mrr@101 : 0.8863    
Sat 07 Dec 2024 12:43:31 INFO  Finished training, best eval result in epoch 9
Sat 07 Dec 2024 12:43:31 INFO  test result: {'recall@5': 0.909, 'recall@10': 0.9135, 'recall@101': 1.0, 'ndcg@5': 0.896, 'ndcg@10': 0.8975, 'ndcg@101': 0.9114, 'mrr@5': 0.8916, 'mrr@10': 0.8923, 'mrr@101': 0.8936}

adagelu