Thu 28 Nov 2024 22:15:51 INFO  PID: 2219689
Thu 28 Nov 2024 22:15:51 INFO  Namespace(batch_size=2048, dataset='retail_beh', gpu_id=0, model='MBHT', valid_portion=0.1, validation=False)
Thu 28 Nov 2024 22:15:51 INFO  
General Hyper Parameters:
gpu_id = 0
use_gpu = True
seed = 2020
state = INFO
reproducibility = True
data_path = dataset/retail_beh
show_progress = True
save_dataset = False
save_dataloaders = False
benchmark_filename = ['train', 'test']

Training Hyper Parameters:
checkpoint_dir = saved
epochs = 300
train_batch_size = 64
learner = adam
learning_rate = 0.001
eval_step = 1
stopping_step = 10
clip_grad_norm = None
weight_decay = 0.0
loss_decimal_place = 4

Evaluation Hyper Parameters:
eval_args = {'mode': 'full', 'order': 'TO', 'split': {'RS': [0.8, 0.1, 0.1]}, 'group_by': 'user'}
metrics = ['Recall', 'NDCG', 'MRR']
topk = [5, 10, 101]
valid_metric = NDCG@10
valid_metric_bigger = True
eval_batch_size = 128
metric_decimal_place = 4

Dataset Hyper Parameters:
field_separator = 	
seq_separator =  
USER_ID_FIELD = session_id
ITEM_ID_FIELD = item_id
RATING_FIELD = rating
TIME_FIELD = timestamp
seq_len = None
LABEL_FIELD = label
threshold = None
NEG_PREFIX = neg_
load_col = None
unload_col = None
unused_col = None
additional_feat_suffix = None
rm_dup_inter = None
val_interval = None
filter_inter_by_user_or_item = True
user_inter_num_interval = [0,inf)
item_inter_num_interval = [0,inf)
alias_of_user_id = None
alias_of_item_id = ['item_id_list']
alias_of_entity_id = None
alias_of_relation_id = None
preload_weight = None
normalize_field = None
normalize_all = None
ITEM_LIST_LENGTH_FIELD = item_length
LIST_SUFFIX = _list
MAX_ITEM_LIST_LENGTH = 200
POSITION_FIELD = position_id
HEAD_ENTITY_ID_FIELD = head_id
TAIL_ENTITY_ID_FIELD = tail_id
RELATION_ID_FIELD = relation_id
ENTITY_ID_FIELD = entity_id

Other Hyper Parameters: 
neg_sampling = None
repeatable = True
n_layers = 2
n_heads = 2
hidden_size = 64
inner_size = 256
hidden_dropout_prob = 0.5
attn_dropout_prob = 0.5
hidden_act = gelu
layer_norm_eps = 1e-12
initializer_range = 0.02
mask_ratio = 0.2
loss_type = CE
customized_eval = 1
MODEL_TYPE = ModelType.SEQUENTIAL
hyper_len = 6
scales = [5, 4, 20]
enable_hg = 1
enable_ms = 1
abaltion = 
batch_size = 2048
MODEL_INPUT_TYPE = InputType.POINTWISE
eval_type = EvaluatorType.RANKING
device = cuda
train_neg_sample_args = {'strategy': 'none'}
eval_neg_sample_args = {'strategy': 'full', 'distribution': 'uniform'}


Thu 28 Nov 2024 22:15:52 INFO  retail_beh
The number of users: 30691
Average actions of users: 1.065167807103291
The number of items: 31240
Average actions of items: 3.388618223281849
The number of inters: 32690
The sparsity of the dataset: 99.99659048303167%
Remain Fields: ['session_id', 'item_id_list', 'item_type_list', 'item_id', 'item_length']
Thu 28 Nov 2024 22:15:53 INFO  MBHT(
  (type_embedding): Embedding(6, 64, padding_idx=0)
  (item_embedding): Embedding(31241, 64, padding_idx=0)
  (position_embedding): Embedding(201, 64)
  (trm_encoder): TransformerEncoder(
    (layer): ModuleList(
      (0-1): 2 x TransformerLayer(
        (multi_head_attention): MultiScaleAttention(
          (out_fc): Linear(in_features=260, out_features=200, bias=True)
          (attention1): LinearAttention(
            (E): Linear(in_features=200, out_features=5, bias=True)
            (F): Linear(in_features=200, out_features=5, bias=True)
            (W_V): Linear(in_features=64, out_features=64, bias=True)
            (W_K): Linear(in_features=64, out_features=64, bias=True)
            (W_Q): Linear(in_features=64, out_features=64, bias=True)
            (dense): Linear(in_features=64, out_features=64, bias=True)
            (attn_dropout): Dropout(p=0.5, inplace=False)
            (out_dropout): Dropout(p=0.5, inplace=False)
            (LayerNorm): LayerNorm((64,), eps=1e-12, elementwise_affine=True)
          )
          (attention2): MultiHeadAttention(
            (query): Linear(in_features=64, out_features=64, bias=True)
            (key): Linear(in_features=64, out_features=64, bias=True)
            (value): Linear(in_features=64, out_features=64, bias=True)
            (attn_dropout): Dropout(p=0.5, inplace=False)
            (dense): Linear(in_features=64, out_features=64, bias=True)
            (LayerNorm): LayerNorm((64,), eps=1e-12, elementwise_affine=True)
            (out_dropout): Dropout(p=0.5, inplace=False)
          )
        )
        (feed_forward): FeedForward(
          (dense_1): Linear(in_features=64, out_features=256, bias=True)
          (dense_2): Linear(in_features=256, out_features=64, bias=True)
          (LayerNorm): LayerNorm((64,), eps=1e-12, elementwise_affine=True)
          (dropout): Dropout(p=0.5, inplace=False)
        )
      )
    )
  )
  (hgnn_layer): HGNN(
    (hgc1): HGNN_conv()
    (hgc2): HGNN_conv()
    (out_fc): Linear(in_features=64, out_features=64, bias=True)
  )
  (LayerNorm): LayerNorm((64,), eps=1e-12, elementwise_affine=True)
  (dropout): Dropout(p=0.5, inplace=False)
  (hg_type_embedding): Embedding(6, 64, padding_idx=0)
)
Trainable parameters: 2276036
Thu 28 Nov 2024 22:15:57 INFO  epoch -1 evaluating [time: 3.59s, valid_score: 0.054900]
Thu 28 Nov 2024 22:15:57 INFO  valid result: 
recall@5 : 0.0625    recall@10 : 0.1245    recall@101 : 1.0    ndcg@5 : 0.0356    ndcg@10 : 0.0549    ndcg@101 : 0.2208    mrr@5 : 0.0271    mrr@10 : 0.0346    mrr@101 : 0.0609    
Thu 28 Nov 2024 22:18:50 INFO  epoch 0 training [time: 172.97s, train loss: 4535.5571]
Thu 28 Nov 2024 22:18:53 INFO  epoch 0 evaluating [time: 2.88s, valid_score: 0.566900]
Thu 28 Nov 2024 22:18:53 INFO  valid result: 
recall@5 : 0.645    recall@10 : 0.7195    recall@101 : 1.0    ndcg@5 : 0.543    ndcg@10 : 0.5669    ndcg@101 : 0.6242    mrr@5 : 0.5091    mrr@10 : 0.5188    mrr@101 : 0.5298    
Thu 28 Nov 2024 22:18:53 INFO  Saving current best: saved/MBHT-retail_beh-Nov-28-2024_22-15-53.pth
Thu 28 Nov 2024 22:21:45 INFO  epoch 1 training [time: 171.91s, train loss: 3643.1866]
Thu 28 Nov 2024 22:21:48 INFO  epoch 1 evaluating [time: 2.83s, valid_score: 0.781400]
Thu 28 Nov 2024 22:21:48 INFO  valid result: 
recall@5 : 0.823    recall@10 : 0.846    recall@101 : 1.0    ndcg@5 : 0.7738    ndcg@10 : 0.7814    ndcg@101 : 0.8093    mrr@5 : 0.7572    mrr@10 : 0.7605    mrr@101 : 0.7644    
Thu 28 Nov 2024 22:21:48 INFO  Saving current best: saved/MBHT-retail_beh-Nov-28-2024_22-15-53.pth
Thu 28 Nov 2024 22:24:40 INFO  epoch 2 training [time: 172.44s, train loss: 2666.8109]
Thu 28 Nov 2024 22:24:43 INFO  epoch 2 evaluating [time: 2.90s, valid_score: 0.866000]
Thu 28 Nov 2024 22:24:43 INFO  valid result: 
recall@5 : 0.8855    recall@10 : 0.893    recall@101 : 1.0    ndcg@5 : 0.8635    ndcg@10 : 0.866    ndcg@101 : 0.8848    mrr@5 : 0.8562    mrr@10 : 0.8572    mrr@101 : 0.8595    
Thu 28 Nov 2024 22:24:43 INFO  Saving current best: saved/MBHT-retail_beh-Nov-28-2024_22-15-53.pth
Thu 28 Nov 2024 22:27:38 INFO  epoch 3 training [time: 174.73s, train loss: 2075.5425]
Thu 28 Nov 2024 22:27:41 INFO  epoch 3 evaluating [time: 2.92s, valid_score: 0.876700]
Thu 28 Nov 2024 22:27:41 INFO  valid result: 
recall@5 : 0.8905    recall@10 : 0.901    recall@101 : 1.0    ndcg@5 : 0.8734    ndcg@10 : 0.8767    ndcg@101 : 0.8931    mrr@5 : 0.8676    mrr@10 : 0.869    mrr@101 : 0.8708    
Thu 28 Nov 2024 22:27:41 INFO  Saving current best: saved/MBHT-retail_beh-Nov-28-2024_22-15-53.pth
Thu 28 Nov 2024 22:30:36 INFO  epoch 4 training [time: 175.30s, train loss: 1799.2265]
Thu 28 Nov 2024 22:30:39 INFO  epoch 4 evaluating [time: 2.96s, valid_score: 0.876600]
Thu 28 Nov 2024 22:30:39 INFO  valid result: 
recall@5 : 0.8905    recall@10 : 0.9005    recall@101 : 1.0    ndcg@5 : 0.8734    ndcg@10 : 0.8766    ndcg@101 : 0.8931    mrr@5 : 0.8677    mrr@10 : 0.869    mrr@101 : 0.8708    
Thu 28 Nov 2024 22:33:33 INFO  epoch 5 training [time: 173.36s, train loss: 1619.0302]
Thu 28 Nov 2024 22:33:36 INFO  epoch 5 evaluating [time: 2.83s, valid_score: 0.888500]
Thu 28 Nov 2024 22:33:36 INFO  valid result: 
recall@5 : 0.8995    recall@10 : 0.909    recall@101 : 1.0    ndcg@5 : 0.8854    ndcg@10 : 0.8885    ndcg@101 : 0.9033    mrr@5 : 0.8806    mrr@10 : 0.8819    mrr@101 : 0.8835    
Thu 28 Nov 2024 22:33:36 INFO  Saving current best: saved/MBHT-retail_beh-Nov-28-2024_22-15-53.pth
Thu 28 Nov 2024 22:36:30 INFO  epoch 6 training [time: 174.55s, train loss: 1502.5776]
Thu 28 Nov 2024 22:36:33 INFO  epoch 6 evaluating [time: 2.92s, valid_score: 0.895200]
Thu 28 Nov 2024 22:36:33 INFO  valid result: 
recall@5 : 0.907    recall@10 : 0.913    recall@101 : 1.0    ndcg@5 : 0.8932    ndcg@10 : 0.8952    ndcg@101 : 0.9092    mrr@5 : 0.8886    mrr@10 : 0.8894    mrr@101 : 0.8907    
Thu 28 Nov 2024 22:36:33 INFO  Saving current best: saved/MBHT-retail_beh-Nov-28-2024_22-15-53.pth
Thu 28 Nov 2024 22:39:29 INFO  epoch 7 training [time: 175.38s, train loss: 1405.5270]
Thu 28 Nov 2024 22:39:32 INFO  epoch 7 evaluating [time: 2.88s, valid_score: 0.892000]
Thu 28 Nov 2024 22:39:32 INFO  valid result: 
recall@5 : 0.903    recall@10 : 0.9105    recall@101 : 1.0    ndcg@5 : 0.8896    ndcg@10 : 0.892    ndcg@101 : 0.9068    mrr@5 : 0.885    mrr@10 : 0.8861    mrr@101 : 0.8876    
Thu 28 Nov 2024 22:42:25 INFO  epoch 8 training [time: 173.36s, train loss: 1325.2307]
Thu 28 Nov 2024 22:42:28 INFO  epoch 8 evaluating [time: 2.88s, valid_score: 0.897400]
Thu 28 Nov 2024 22:42:28 INFO  valid result: 
recall@5 : 0.909    recall@10 : 0.9135    recall@101 : 1.0    ndcg@5 : 0.8959    ndcg@10 : 0.8974    ndcg@101 : 0.913    mrr@5 : 0.8915    mrr@10 : 0.8921    mrr@101 : 0.8943    
Thu 28 Nov 2024 22:42:28 INFO  Saving current best: saved/MBHT-retail_beh-Nov-28-2024_22-15-53.pth
Thu 28 Nov 2024 22:45:23 INFO  epoch 9 training [time: 175.21s, train loss: 1268.3900]
Thu 28 Nov 2024 22:45:26 INFO  epoch 9 evaluating [time: 2.92s, valid_score: 0.894300]
Thu 28 Nov 2024 22:45:26 INFO  valid result: 
recall@5 : 0.907    recall@10 : 0.915    recall@101 : 1.0    ndcg@5 : 0.8917    ndcg@10 : 0.8943    ndcg@101 : 0.9079    mrr@5 : 0.8867    mrr@10 : 0.8877    mrr@101 : 0.889    
Thu 28 Nov 2024 22:48:19 INFO  epoch 10 training [time: 173.22s, train loss: 1197.3607]
Thu 28 Nov 2024 22:48:22 INFO  epoch 10 evaluating [time: 2.95s, valid_score: 0.893200]
Thu 28 Nov 2024 22:48:22 INFO  valid result: 
recall@5 : 0.905    recall@10 : 0.9115    recall@101 : 1.0    ndcg@5 : 0.891    ndcg@10 : 0.8932    ndcg@101 : 0.9076    mrr@5 : 0.8863    mrr@10 : 0.8873    mrr@101 : 0.8887    
Thu 28 Nov 2024 22:51:18 INFO  epoch 11 training [time: 175.45s, train loss: 1146.0267]
Thu 28 Nov 2024 22:51:21 INFO  epoch 11 evaluating [time: 2.91s, valid_score: 0.893700]
Thu 28 Nov 2024 22:51:21 INFO  valid result: 
recall@5 : 0.9055    recall@10 : 0.9115    recall@101 : 1.0    ndcg@5 : 0.8917    ndcg@10 : 0.8937    ndcg@101 : 0.9081    mrr@5 : 0.887    mrr@10 : 0.8879    mrr@101 : 0.8894    
Thu 28 Nov 2024 22:54:16 INFO  epoch 12 training [time: 175.48s, train loss: 1088.8784]
Thu 28 Nov 2024 22:54:19 INFO  epoch 12 evaluating [time: 2.92s, valid_score: 0.897000]
Thu 28 Nov 2024 22:54:19 INFO  valid result: 
recall@5 : 0.9055    recall@10 : 0.914    recall@101 : 1.0    ndcg@5 : 0.8942    ndcg@10 : 0.897    ndcg@101 : 0.9109    mrr@5 : 0.8904    mrr@10 : 0.8916    mrr@101 : 0.893    
Thu 28 Nov 2024 22:57:14 INFO  epoch 13 training [time: 175.23s, train loss: 1048.2986]
Thu 28 Nov 2024 22:57:17 INFO  epoch 13 evaluating [time: 2.93s, valid_score: 0.892300]
Thu 28 Nov 2024 22:57:17 INFO  valid result: 
recall@5 : 0.9    recall@10 : 0.9115    recall@101 : 1.0    ndcg@5 : 0.8886    ndcg@10 : 0.8923    ndcg@101 : 0.9069    mrr@5 : 0.8847    mrr@10 : 0.8863    mrr@101 : 0.8878    
Thu 28 Nov 2024 23:00:12 INFO  epoch 14 training [time: 174.60s, train loss: 1009.5247]
Thu 28 Nov 2024 23:00:15 INFO  epoch 14 evaluating [time: 2.88s, valid_score: 0.893500]
Thu 28 Nov 2024 23:00:15 INFO  valid result: 
recall@5 : 0.9035    recall@10 : 0.909    recall@101 : 1.0    ndcg@5 : 0.8918    ndcg@10 : 0.8935    ndcg@101 : 0.9086    mrr@5 : 0.8878    mrr@10 : 0.8885    mrr@101 : 0.8902    
Thu 28 Nov 2024 23:03:09 INFO  epoch 15 training [time: 174.83s, train loss: 974.5342]
Thu 28 Nov 2024 23:03:12 INFO  epoch 15 evaluating [time: 2.85s, valid_score: 0.893300]
Thu 28 Nov 2024 23:03:12 INFO  valid result: 
recall@5 : 0.9005    recall@10 : 0.9105    recall@101 : 1.0    ndcg@5 : 0.89    ndcg@10 : 0.8933    ndcg@101 : 0.9081    mrr@5 : 0.8866    mrr@10 : 0.8879    mrr@101 : 0.8896    
Thu 28 Nov 2024 23:06:07 INFO  epoch 16 training [time: 174.99s, train loss: 948.8130]
Thu 28 Nov 2024 23:06:10 INFO  epoch 16 evaluating [time: 2.96s, valid_score: 0.891300]
Thu 28 Nov 2024 23:06:10 INFO  valid result: 
recall@5 : 0.903    recall@10 : 0.9095    recall@101 : 1.0    ndcg@5 : 0.8892    ndcg@10 : 0.8913    ndcg@101 : 0.9063    mrr@5 : 0.8846    mrr@10 : 0.8855    mrr@101 : 0.8871    
Thu 28 Nov 2024 23:09:03 INFO  epoch 17 training [time: 172.99s, train loss: 913.2485]
Thu 28 Nov 2024 23:09:06 INFO  epoch 17 evaluating [time: 2.85s, valid_score: 0.893800]
Thu 28 Nov 2024 23:09:06 INFO  valid result: 
recall@5 : 0.9045    recall@10 : 0.91    recall@101 : 1.0    ndcg@5 : 0.892    ndcg@10 : 0.8938    ndcg@101 : 0.9085    mrr@5 : 0.8878    mrr@10 : 0.8886    mrr@101 : 0.8901    
Thu 28 Nov 2024 23:12:02 INFO  epoch 18 training [time: 175.58s, train loss: 893.6257]
Thu 28 Nov 2024 23:12:05 INFO  epoch 18 evaluating [time: 2.94s, valid_score: 0.892700]
Thu 28 Nov 2024 23:12:05 INFO  valid result: 
recall@5 : 0.9035    recall@10 : 0.9105    recall@101 : 1.0    ndcg@5 : 0.8903    ndcg@10 : 0.8927    ndcg@101 : 0.9073    mrr@5 : 0.886    mrr@10 : 0.887    mrr@101 : 0.8885    
Thu 28 Nov 2024 23:14:59 INFO  epoch 19 training [time: 174.44s, train loss: 871.5847]
Thu 28 Nov 2024 23:15:02 INFO  epoch 19 evaluating [time: 2.91s, valid_score: 0.892700]
Thu 28 Nov 2024 23:15:02 INFO  valid result: 
recall@5 : 0.902    recall@10 : 0.91    recall@101 : 1.0    ndcg@5 : 0.8901    ndcg@10 : 0.8927    ndcg@101 : 0.9073    mrr@5 : 0.8861    mrr@10 : 0.8872    mrr@101 : 0.8887    
Thu 28 Nov 2024 23:15:02 INFO  Finished training, best eval result in epoch 8
Thu 28 Nov 2024 23:15:02 INFO  test result: {'recall@5': 0.909, 'recall@10': 0.9135, 'recall@101': 1.0, 'ndcg@5': 0.8959, 'ndcg@10': 0.8974, 'ndcg@101': 0.913, 'mrr@5': 0.8915, 'mrr@10': 0.8921, 'mrr@101': 0.8943}

original