Sun 08 Dec 2024 14:20:20 INFO  PID: 247387
Sun 08 Dec 2024 14:20:20 INFO  Namespace(batch_size=2048, dataset='retail_beh', gpu_id=0, model='MBHT', valid_portion=0.1, validation=False)
Sun 08 Dec 2024 14:20:20 INFO  
General Hyper Parameters:
gpu_id = 0
use_gpu = True
seed = 2020
state = INFO
reproducibility = True
data_path = dataset/retail_beh
show_progress = True
save_dataset = False
save_dataloaders = False
benchmark_filename = ['train', 'test']

Training Hyper Parameters:
checkpoint_dir = saved
epochs = 300
train_batch_size = 64
learner = adam
learning_rate = 0.001
eval_step = 1
stopping_step = 10
clip_grad_norm = None
weight_decay = 0.0
loss_decimal_place = 4

Evaluation Hyper Parameters:
eval_args = {'mode': 'full', 'order': 'TO', 'split': {'RS': [0.8, 0.1, 0.1]}, 'group_by': 'user'}
metrics = ['Recall', 'NDCG', 'MRR']
topk = [5, 10, 101]
valid_metric = NDCG@10
valid_metric_bigger = True
eval_batch_size = 128
metric_decimal_place = 4

Dataset Hyper Parameters:
field_separator = 	
seq_separator =  
USER_ID_FIELD = session_id
ITEM_ID_FIELD = item_id
RATING_FIELD = rating
TIME_FIELD = timestamp
seq_len = None
LABEL_FIELD = label
threshold = None
NEG_PREFIX = neg_
load_col = None
unload_col = None
unused_col = None
additional_feat_suffix = None
rm_dup_inter = None
val_interval = None
filter_inter_by_user_or_item = True
user_inter_num_interval = [0,inf)
item_inter_num_interval = [0,inf)
alias_of_user_id = None
alias_of_item_id = ['item_id_list']
alias_of_entity_id = None
alias_of_relation_id = None
preload_weight = None
normalize_field = None
normalize_all = None
ITEM_LIST_LENGTH_FIELD = item_length
LIST_SUFFIX = _list
MAX_ITEM_LIST_LENGTH = 200
POSITION_FIELD = position_id
HEAD_ENTITY_ID_FIELD = head_id
TAIL_ENTITY_ID_FIELD = tail_id
RELATION_ID_FIELD = relation_id
ENTITY_ID_FIELD = entity_id

Other Hyper Parameters: 
neg_sampling = None
repeatable = True
n_layers = 2
n_heads = 2
hidden_size = 64
inner_size = 256
hidden_dropout_prob = 0.5
attn_dropout_prob = 0.5
hidden_act = gelu
layer_norm_eps = 1e-12
initializer_range = 0.02
mask_ratio = 0.2
loss_type = CE
customized_eval = 1
MODEL_TYPE = ModelType.SEQUENTIAL
hyper_len = 6
scales = [5, 4, 20]
enable_hg = 1
enable_ms = 1
abaltion = 
batch_size = 2048
MODEL_INPUT_TYPE = InputType.POINTWISE
eval_type = EvaluatorType.RANKING
device = cuda
train_neg_sample_args = {'strategy': 'none'}
eval_neg_sample_args = {'strategy': 'full', 'distribution': 'uniform'}


Sun 08 Dec 2024 14:20:21 INFO  retail_beh
The number of users: 30691
Average actions of users: 1.065167807103291
The number of items: 31240
Average actions of items: 3.388618223281849
The number of inters: 32690
The sparsity of the dataset: 99.99659048303167%
Remain Fields: ['session_id', 'item_id_list', 'item_type_list', 'item_id', 'item_length']
Sun 08 Dec 2024 14:20:22 INFO  MBHT(
  (type_embedding): Embedding(6, 64, padding_idx=0)
  (item_embedding): Embedding(31241, 64, padding_idx=0)
  (position_embedding): Embedding(201, 64)
  (trm_encoder): TransformerEncoder(
    (layer): ModuleList(
      (0-1): 2 x TransformerLayer(
        (multi_head_attention): MultiScaleAttention(
          (out_fc): Linear(in_features=260, out_features=200, bias=True)
          (attention1): LinearAttention(
            (E): Linear(in_features=200, out_features=5, bias=True)
            (F): Linear(in_features=200, out_features=5, bias=True)
            (W_V): Linear(in_features=64, out_features=64, bias=True)
            (W_K): Linear(in_features=64, out_features=64, bias=True)
            (W_Q): Linear(in_features=64, out_features=64, bias=True)
            (dense): Linear(in_features=64, out_features=64, bias=True)
            (attn_dropout): Dropout(p=0.5, inplace=False)
            (out_dropout): Dropout(p=0.5, inplace=False)
            (LayerNorm): LayerNorm((64,), eps=1e-12, elementwise_affine=True)
          )
          (attention2): MultiHeadAttention(
            (query): Linear(in_features=64, out_features=64, bias=True)
            (key): Linear(in_features=64, out_features=64, bias=True)
            (value): Linear(in_features=64, out_features=64, bias=True)
            (attn_dropout): Dropout(p=0.5, inplace=False)
            (dense): Linear(in_features=64, out_features=64, bias=True)
            (LayerNorm): LayerNorm((64,), eps=1e-12, elementwise_affine=True)
            (out_dropout): Dropout(p=0.5, inplace=False)
          )
        )
        (feed_forward): FeedForward(
          (dense_1): Linear(in_features=64, out_features=256, bias=True)
          (dense_2): Linear(in_features=256, out_features=64, bias=True)
          (LayerNorm): LayerNorm((64,), eps=1e-12, elementwise_affine=True)
          (dropout): Dropout(p=0.5, inplace=False)
        )
      )
    )
  )
  (hgnn_layer): HGNN(
    (hgc1): HGNN_conv()
    (hgc2): HGNN_conv()
    (out_fc): Linear(in_features=64, out_features=64, bias=True)
  )
  (LayerNorm): LayerNorm((64,), eps=1e-12, elementwise_affine=True)
  (dropout): Dropout(p=0.5, inplace=False)
  (hg_type_embedding): Embedding(6, 64, padding_idx=0)
)
Trainable parameters: 2276036
Sun 08 Dec 2024 14:20:29 INFO  epoch -1 evaluating [time: 6.67s, valid_score: 0.054900]
Sun 08 Dec 2024 14:20:29 INFO  valid result: 
recall@5 : 0.0625    recall@10 : 0.1245    recall@101 : 1.0    ndcg@5 : 0.0356    ndcg@10 : 0.0549    ndcg@101 : 0.2208    mrr@5 : 0.0271    mrr@10 : 0.0346    mrr@101 : 0.0609    
Sun 08 Dec 2024 14:26:03 INFO  epoch 0 training [time: 334.71s, train loss: 4526.4175]
Sun 08 Dec 2024 14:26:11 INFO  epoch 0 evaluating [time: 7.82s, valid_score: 0.687000]
Sun 08 Dec 2024 14:26:11 INFO  valid result: 
recall@5 : 0.7595    recall@10 : 0.827    recall@101 : 1.0    ndcg@5 : 0.6652    ndcg@10 : 0.687    ndcg@101 : 0.7217    mrr@5 : 0.6338    mrr@10 : 0.6428    mrr@101 : 0.6491    
Sun 08 Dec 2024 14:26:11 INFO  Saving current best: saved/MBHT-retail_beh-Dec-08-2024_14-20-22.pth
Sun 08 Dec 2024 14:31:50 INFO  epoch 1 training [time: 338.12s, train loss: 3608.5308]
Sun 08 Dec 2024 14:31:57 INFO  epoch 1 evaluating [time: 7.41s, valid_score: 0.787600]
Sun 08 Dec 2024 14:31:57 INFO  valid result: 
recall@5 : 0.833    recall@10 : 0.8555    recall@101 : 1.0    ndcg@5 : 0.7801    ndcg@10 : 0.7876    ndcg@101 : 0.8128    mrr@5 : 0.7624    mrr@10 : 0.7657    mrr@101 : 0.7689    
Sun 08 Dec 2024 14:31:57 INFO  Saving current best: saved/MBHT-retail_beh-Dec-08-2024_14-20-22.pth
Sun 08 Dec 2024 14:37:44 INFO  epoch 2 training [time: 347.06s, train loss: 2654.8220]
Sun 08 Dec 2024 14:37:52 INFO  epoch 2 evaluating [time: 7.70s, valid_score: 0.860600]
Sun 08 Dec 2024 14:37:52 INFO  valid result: 
recall@5 : 0.879    recall@10 : 0.8905    recall@101 : 1.0    ndcg@5 : 0.8568    ndcg@10 : 0.8606    ndcg@101 : 0.8792    mrr@5 : 0.8494    mrr@10 : 0.851    mrr@101 : 0.8532    
Sun 08 Dec 2024 14:37:52 INFO  Saving current best: saved/MBHT-retail_beh-Dec-08-2024_14-20-22.pth
Sun 08 Dec 2024 14:43:48 INFO  epoch 3 training [time: 356.12s, train loss: 2075.0783]
Sun 08 Dec 2024 14:43:56 INFO  epoch 3 evaluating [time: 8.01s, valid_score: 0.882100]
Sun 08 Dec 2024 14:43:56 INFO  valid result: 
recall@5 : 0.893    recall@10 : 0.901    recall@101 : 1.0    ndcg@5 : 0.8795    ndcg@10 : 0.8821    ndcg@101 : 0.8986    mrr@5 : 0.8749    mrr@10 : 0.876    mrr@101 : 0.8778    
Sun 08 Dec 2024 14:43:56 INFO  Saving current best: saved/MBHT-retail_beh-Dec-08-2024_14-20-22.pth
Sun 08 Dec 2024 14:50:00 INFO  epoch 4 training [time: 363.52s, train loss: 1800.2503]
Sun 08 Dec 2024 14:50:08 INFO  epoch 4 evaluating [time: 7.89s, valid_score: 0.875700]
Sun 08 Dec 2024 14:50:08 INFO  valid result: 
recall@5 : 0.888    recall@10 : 0.896    recall@101 : 1.0    ndcg@5 : 0.8731    ndcg@10 : 0.8757    ndcg@101 : 0.8929    mrr@5 : 0.8682    mrr@10 : 0.8692    mrr@101 : 0.8711    
Sun 08 Dec 2024 14:56:19 INFO  epoch 5 training [time: 371.28s, train loss: 1625.3415]
Sun 08 Dec 2024 14:56:27 INFO  epoch 5 evaluating [time: 7.88s, valid_score: 0.894100]
Sun 08 Dec 2024 14:56:27 INFO  valid result: 
recall@5 : 0.9035    recall@10 : 0.9105    recall@101 : 1.0    ndcg@5 : 0.8918    ndcg@10 : 0.8941    ndcg@101 : 0.9085    mrr@5 : 0.8878    mrr@10 : 0.8888    mrr@101 : 0.8902    
Sun 08 Dec 2024 14:56:27 INFO  Saving current best: saved/MBHT-retail_beh-Dec-08-2024_14-20-22.pth
Sun 08 Dec 2024 15:02:26 INFO  epoch 6 training [time: 358.65s, train loss: 1507.1798]
Sun 08 Dec 2024 15:02:33 INFO  epoch 6 evaluating [time: 7.68s, valid_score: 0.893400]
Sun 08 Dec 2024 15:02:33 INFO  valid result: 
recall@5 : 0.901    recall@10 : 0.9105    recall@101 : 1.0    ndcg@5 : 0.8903    ndcg@10 : 0.8934    ndcg@101 : 0.9078    mrr@5 : 0.8868    mrr@10 : 0.888    mrr@101 : 0.8894    
Sun 08 Dec 2024 15:08:24 INFO  epoch 7 training [time: 350.30s, train loss: 1411.3572]
Sun 08 Dec 2024 15:08:32 INFO  epoch 7 evaluating [time: 8.54s, valid_score: 0.895000]
Sun 08 Dec 2024 15:08:32 INFO  valid result: 
recall@5 : 0.9015    recall@10 : 0.911    recall@101 : 1.0    ndcg@5 : 0.8919    ndcg@10 : 0.895    ndcg@101 : 0.9094    mrr@5 : 0.8887    mrr@10 : 0.89    mrr@101 : 0.8914    
Sun 08 Dec 2024 15:08:32 INFO  Saving current best: saved/MBHT-retail_beh-Dec-08-2024_14-20-22.pth
Sun 08 Dec 2024 15:14:12 INFO  epoch 8 training [time: 339.65s, train loss: 1327.5856]
Sun 08 Dec 2024 15:14:20 INFO  epoch 8 evaluating [time: 7.60s, valid_score: 0.894800]
Sun 08 Dec 2024 15:14:20 INFO  valid result: 
recall@5 : 0.9045    recall@10 : 0.9115    recall@101 : 1.0    ndcg@5 : 0.8925    ndcg@10 : 0.8948    ndcg@101 : 0.9091    mrr@5 : 0.8885    mrr@10 : 0.8894    mrr@101 : 0.8909    
Sun 08 Dec 2024 15:20:03 INFO  epoch 9 training [time: 343.63s, train loss: 1269.8931]
Sun 08 Dec 2024 15:20:11 INFO  epoch 9 evaluating [time: 7.86s, valid_score: 0.893100]
Sun 08 Dec 2024 15:20:11 INFO  valid result: 
recall@5 : 0.905    recall@10 : 0.9115    recall@101 : 1.0    ndcg@5 : 0.891    ndcg@10 : 0.8931    ndcg@101 : 0.9074    mrr@5 : 0.8863    mrr@10 : 0.8872    mrr@101 : 0.8886    
Sun 08 Dec 2024 15:26:01 INFO  epoch 10 training [time: 349.68s, train loss: 1203.4691]
Sun 08 Dec 2024 15:26:09 INFO  epoch 10 evaluating [time: 7.84s, valid_score: 0.894600]
Sun 08 Dec 2024 15:26:09 INFO  valid result: 
recall@5 : 0.904    recall@10 : 0.912    recall@101 : 1.0    ndcg@5 : 0.8919    ndcg@10 : 0.8946    ndcg@101 : 0.9088    mrr@5 : 0.888    mrr@10 : 0.889    mrr@101 : 0.8904    
Sun 08 Dec 2024 15:32:13 INFO  epoch 11 training [time: 364.40s, train loss: 1153.6549]
Sun 08 Dec 2024 15:32:21 INFO  epoch 11 evaluating [time: 8.32s, valid_score: 0.900100]
Sun 08 Dec 2024 15:32:21 INFO  valid result: 
recall@5 : 0.908    recall@10 : 0.9195    recall@101 : 1.0    ndcg@5 : 0.8963    ndcg@10 : 0.9001    ndcg@101 : 0.913    mrr@5 : 0.8925    mrr@10 : 0.894    mrr@101 : 0.8953    
Sun 08 Dec 2024 15:32:22 INFO  Saving current best: saved/MBHT-retail_beh-Dec-08-2024_14-20-22.pth
Sun 08 Dec 2024 15:38:47 INFO  epoch 12 training [time: 385.58s, train loss: 1089.3076]
Sun 08 Dec 2024 15:38:56 INFO  epoch 12 evaluating [time: 8.61s, valid_score: 0.896300]
Sun 08 Dec 2024 15:38:56 INFO  valid result: 
recall@5 : 0.909    recall@10 : 0.9145    recall@101 : 1.0    ndcg@5 : 0.8944    ndcg@10 : 0.8963    ndcg@101 : 0.9106    mrr@5 : 0.8896    mrr@10 : 0.8904    mrr@101 : 0.892    
Sun 08 Dec 2024 15:45:39 INFO  epoch 13 training [time: 403.49s, train loss: 1047.0933]
Sun 08 Dec 2024 15:45:48 INFO  epoch 13 evaluating [time: 8.22s, valid_score: 0.893600]
Sun 08 Dec 2024 15:45:48 INFO  valid result: 
recall@5 : 0.9035    recall@10 : 0.91    recall@101 : 1.0    ndcg@5 : 0.8915    ndcg@10 : 0.8936    ndcg@101 : 0.9082    mrr@5 : 0.8874    mrr@10 : 0.8883    mrr@101 : 0.8898    
Sun 08 Dec 2024 15:52:26 INFO  epoch 14 training [time: 398.82s, train loss: 1007.4863]
Sun 08 Dec 2024 15:52:35 INFO  epoch 14 evaluating [time: 8.68s, valid_score: 0.896600]
Sun 08 Dec 2024 15:52:35 INFO  valid result: 
recall@5 : 0.91    recall@10 : 0.9175    recall@101 : 1.0    ndcg@5 : 0.8942    ndcg@10 : 0.8966    ndcg@101 : 0.91    mrr@5 : 0.8889    mrr@10 : 0.89    mrr@101 : 0.8913    
Sun 08 Dec 2024 15:59:26 INFO  epoch 15 training [time: 410.65s, train loss: 967.6799]
Sun 08 Dec 2024 15:59:35 INFO  epoch 15 evaluating [time: 8.80s, valid_score: 0.895300]
Sun 08 Dec 2024 15:59:35 INFO  valid result: 
recall@5 : 0.903    recall@10 : 0.9125    recall@101 : 1.0    ndcg@5 : 0.8922    ndcg@10 : 0.8953    ndcg@101 : 0.9093    mrr@5 : 0.8886    mrr@10 : 0.8899    mrr@101 : 0.8912    
Sun 08 Dec 2024 16:06:25 INFO  epoch 16 training [time: 410.62s, train loss: 944.2085]
Sun 08 Dec 2024 16:06:34 INFO  epoch 16 evaluating [time: 9.06s, valid_score: 0.897100]
Sun 08 Dec 2024 16:06:34 INFO  valid result: 
recall@5 : 0.9095    recall@10 : 0.9165    recall@101 : 1.0    ndcg@5 : 0.8948    ndcg@10 : 0.8971    ndcg@101 : 0.9108    mrr@5 : 0.8899    mrr@10 : 0.8908    mrr@101 : 0.8923    
Sun 08 Dec 2024 16:12:59 INFO  epoch 17 training [time: 384.52s, train loss: 904.6771]
Sun 08 Dec 2024 16:13:07 INFO  epoch 17 evaluating [time: 7.83s, valid_score: 0.891900]
Sun 08 Dec 2024 16:13:07 INFO  valid result: 
recall@5 : 0.903    recall@10 : 0.9125    recall@101 : 1.0    ndcg@5 : 0.8889    ndcg@10 : 0.8919    ndcg@101 : 0.9067    mrr@5 : 0.8841    mrr@10 : 0.8854    mrr@101 : 0.8871    
Sun 08 Dec 2024 16:19:02 INFO  epoch 18 training [time: 355.40s, train loss: 887.8831]
Sun 08 Dec 2024 16:19:10 INFO  epoch 18 evaluating [time: 7.70s, valid_score: 0.892800]
Sun 08 Dec 2024 16:19:10 INFO  valid result: 
recall@5 : 0.9025    recall@10 : 0.9125    recall@101 : 1.0    ndcg@5 : 0.8896    ndcg@10 : 0.8928    ndcg@101 : 0.9069    mrr@5 : 0.8853    mrr@10 : 0.8866    mrr@101 : 0.888    
Sun 08 Dec 2024 16:25:09 INFO  epoch 19 training [time: 359.45s, train loss: 862.1381]
Sun 08 Dec 2024 16:25:17 INFO  epoch 19 evaluating [time: 8.18s, valid_score: 0.893600]
Sun 08 Dec 2024 16:25:17 INFO  valid result: 
recall@5 : 0.905    recall@10 : 0.9175    recall@101 : 1.0    ndcg@5 : 0.8895    ndcg@10 : 0.8936    ndcg@101 : 0.9073    mrr@5 : 0.8843    mrr@10 : 0.886    mrr@101 : 0.8876    
Sun 08 Dec 2024 16:31:20 INFO  epoch 20 training [time: 363.12s, train loss: 841.7022]
Sun 08 Dec 2024 16:31:28 INFO  epoch 20 evaluating [time: 7.52s, valid_score: 0.895200]
Sun 08 Dec 2024 16:31:28 INFO  valid result: 
recall@5 : 0.907    recall@10 : 0.9145    recall@101 : 1.0    ndcg@5 : 0.8928    ndcg@10 : 0.8952    ndcg@101 : 0.9093    mrr@5 : 0.8881    mrr@10 : 0.8891    mrr@101 : 0.8906    
Sun 08 Dec 2024 16:37:28 INFO  epoch 21 training [time: 359.89s, train loss: 820.9374]
Sun 08 Dec 2024 16:37:36 INFO  epoch 21 evaluating [time: 7.99s, valid_score: 0.892000]
Sun 08 Dec 2024 16:37:36 INFO  valid result: 
recall@5 : 0.9    recall@10 : 0.9095    recall@101 : 1.0    ndcg@5 : 0.8889    ndcg@10 : 0.892    ndcg@101 : 0.907    mrr@5 : 0.8851    mrr@10 : 0.8864    mrr@101 : 0.888    
Sun 08 Dec 2024 16:43:43 INFO  epoch 22 training [time: 366.89s, train loss: 798.4500]
Sun 08 Dec 2024 16:43:51 INFO  epoch 22 evaluating [time: 8.18s, valid_score: 0.902300]
Sun 08 Dec 2024 16:43:51 INFO  valid result: 
recall@5 : 0.9155    recall@10 : 0.927    recall@101 : 1.0    ndcg@5 : 0.8986    ndcg@10 : 0.9023    ndcg@101 : 0.9158    mrr@5 : 0.893    mrr@10 : 0.8945    mrr@101 : 0.8966    
Sun 08 Dec 2024 16:43:51 INFO  Saving current best: saved/MBHT-retail_beh-Dec-08-2024_14-20-22.pth
Sun 08 Dec 2024 16:50:33 INFO  epoch 23 training [time: 401.60s, train loss: 783.5754]
Sun 08 Dec 2024 16:50:42 INFO  epoch 23 evaluating [time: 8.93s, valid_score: 0.893300]
Sun 08 Dec 2024 16:50:42 INFO  valid result: 
recall@5 : 0.901    recall@10 : 0.912    recall@101 : 1.0    ndcg@5 : 0.8897    ndcg@10 : 0.8933    ndcg@101 : 0.908    mrr@5 : 0.8859    mrr@10 : 0.8874    mrr@101 : 0.889    
Sun 08 Dec 2024 16:57:20 INFO  epoch 24 training [time: 398.02s, train loss: 775.4418]
Sun 08 Dec 2024 16:57:28 INFO  epoch 24 evaluating [time: 8.25s, valid_score: 0.888400]
Sun 08 Dec 2024 16:57:28 INFO  valid result: 
recall@5 : 0.8995    recall@10 : 0.9065    recall@101 : 1.0    ndcg@5 : 0.8862    ndcg@10 : 0.8884    ndcg@101 : 0.904    mrr@5 : 0.8818    mrr@10 : 0.8827    mrr@101 : 0.8844    
Sun 08 Dec 2024 17:04:00 INFO  epoch 25 training [time: 391.96s, train loss: 751.5964]
Sun 08 Dec 2024 17:04:08 INFO  epoch 25 evaluating [time: 7.98s, valid_score: 0.895100]
Sun 08 Dec 2024 17:04:08 INFO  valid result: 
recall@5 : 0.9035    recall@10 : 0.9175    recall@101 : 1.0    ndcg@5 : 0.8907    ndcg@10 : 0.8951    ndcg@101 : 0.9103    mrr@5 : 0.8864    mrr@10 : 0.8882    mrr@101 : 0.8905    
Sun 08 Dec 2024 17:09:56 INFO  epoch 26 training [time: 348.32s, train loss: 733.6942]
Sun 08 Dec 2024 17:10:04 INFO  epoch 26 evaluating [time: 7.86s, valid_score: 0.888500]
Sun 08 Dec 2024 17:10:04 INFO  valid result: 
recall@5 : 0.8975    recall@10 : 0.9065    recall@101 : 1.0    ndcg@5 : 0.8855    ndcg@10 : 0.8885    ndcg@101 : 0.9039    mrr@5 : 0.8815    mrr@10 : 0.8827    mrr@101 : 0.8844    
Sun 08 Dec 2024 17:15:51 INFO  epoch 27 training [time: 347.29s, train loss: 726.8371]
Sun 08 Dec 2024 17:16:00 INFO  epoch 27 evaluating [time: 8.82s, valid_score: 0.887900]
Sun 08 Dec 2024 17:16:00 INFO  valid result: 
recall@5 : 0.8965    recall@10 : 0.9065    recall@101 : 1.0    ndcg@5 : 0.8846    ndcg@10 : 0.8879    ndcg@101 : 0.9031    mrr@5 : 0.8806    mrr@10 : 0.882    mrr@101 : 0.8836    
Sun 08 Dec 2024 17:22:21 INFO  epoch 28 training [time: 381.04s, train loss: 715.9989]
Sun 08 Dec 2024 17:22:29 INFO  epoch 28 evaluating [time: 7.80s, valid_score: 0.889400]
Sun 08 Dec 2024 17:22:29 INFO  valid result: 
recall@5 : 0.899    recall@10 : 0.906    recall@101 : 1.0    ndcg@5 : 0.887    ndcg@10 : 0.8894    ndcg@101 : 0.9048    mrr@5 : 0.883    mrr@10 : 0.8841    mrr@101 : 0.8857    
Sun 08 Dec 2024 17:28:23 INFO  epoch 29 training [time: 354.17s, train loss: 705.6983]
Sun 08 Dec 2024 17:28:31 INFO  epoch 29 evaluating [time: 8.06s, valid_score: 0.889500]
Sun 08 Dec 2024 17:28:31 INFO  valid result: 
recall@5 : 0.898    recall@10 : 0.906    recall@101 : 1.0    ndcg@5 : 0.8869    ndcg@10 : 0.8895    ndcg@101 : 0.9049    mrr@5 : 0.8832    mrr@10 : 0.8843    mrr@101 : 0.8859    
Sun 08 Dec 2024 17:34:25 INFO  epoch 30 training [time: 354.01s, train loss: 694.0783]
Sun 08 Dec 2024 17:34:33 INFO  epoch 30 evaluating [time: 7.58s, valid_score: 0.891100]
Sun 08 Dec 2024 17:34:33 INFO  valid result: 
recall@5 : 0.899    recall@10 : 0.909    recall@101 : 1.0    ndcg@5 : 0.8877    ndcg@10 : 0.8911    ndcg@101 : 0.9059    mrr@5 : 0.884    mrr@10 : 0.8854    mrr@101 : 0.8869    
Sun 08 Dec 2024 17:40:33 INFO  epoch 31 training [time: 359.78s, train loss: 679.5887]
Sun 08 Dec 2024 17:40:41 INFO  epoch 31 evaluating [time: 8.80s, valid_score: 0.890800]
Sun 08 Dec 2024 17:40:41 INFO  valid result: 
recall@5 : 0.9    recall@10 : 0.909    recall@101 : 1.0    ndcg@5 : 0.8879    ndcg@10 : 0.8908    ndcg@101 : 0.9056    mrr@5 : 0.8838    mrr@10 : 0.885    mrr@101 : 0.8865    
Sun 08 Dec 2024 17:47:23 INFO  epoch 32 training [time: 401.73s, train loss: 659.8933]
Sun 08 Dec 2024 17:47:31 INFO  epoch 32 evaluating [time: 7.81s, valid_score: 0.887900]
Sun 08 Dec 2024 17:47:31 INFO  valid result: 
recall@5 : 0.8995    recall@10 : 0.9075    recall@101 : 1.0    ndcg@5 : 0.8853    ndcg@10 : 0.8879    ndcg@101 : 0.903    mrr@5 : 0.8805    mrr@10 : 0.8816    mrr@101 : 0.8831    
Sun 08 Dec 2024 17:53:23 INFO  epoch 33 training [time: 351.95s, train loss: 664.1771]
Sun 08 Dec 2024 17:53:31 INFO  epoch 33 evaluating [time: 7.70s, valid_score: 0.892200]
Sun 08 Dec 2024 17:53:31 INFO  valid result: 
recall@5 : 0.901    recall@10 : 0.9095    recall@101 : 1.0    ndcg@5 : 0.8894    ndcg@10 : 0.8922    ndcg@101 : 0.9067    mrr@5 : 0.8856    mrr@10 : 0.8867    mrr@101 : 0.8881    
Sun 08 Dec 2024 17:53:31 INFO  Finished training, best eval result in epoch 22
Sun 08 Dec 2024 17:53:31 INFO  test result: {'recall@5': 0.9155, 'recall@10': 0.927, 'recall@101': 1.0, 'ndcg@5': 0.8986, 'ndcg@10': 0.9023, 'ndcg@101': 0.9158, 'mrr@5': 0.893, 'mrr@10': 0.8945, 'mrr@101': 0.8966}
