Sat 07 Dec 2024 22:40:01 INFO  PID: 132135
Sat 07 Dec 2024 22:40:01 INFO  Namespace(batch_size=2048, dataset='retail_beh', gpu_id=0, model='MBHT', valid_portion=0.1, validation=False)
Sat 07 Dec 2024 22:40:01 INFO  
General Hyper Parameters:
gpu_id = 0
use_gpu = True
seed = 2020
state = INFO
reproducibility = True
data_path = dataset/retail_beh
show_progress = True
save_dataset = False
save_dataloaders = False
benchmark_filename = ['train', 'test']

Training Hyper Parameters:
checkpoint_dir = saved
epochs = 300
train_batch_size = 64
learner = adam
learning_rate = 0.001
eval_step = 1
stopping_step = 10
clip_grad_norm = None
weight_decay = 0.0
loss_decimal_place = 4

Evaluation Hyper Parameters:
eval_args = {'mode': 'full', 'order': 'TO', 'split': {'RS': [0.8, 0.1, 0.1]}, 'group_by': 'user'}
metrics = ['Recall', 'NDCG', 'MRR']
topk = [5, 10, 101]
valid_metric = NDCG@10
valid_metric_bigger = True
eval_batch_size = 128
metric_decimal_place = 4

Dataset Hyper Parameters:
field_separator = 	
seq_separator =  
USER_ID_FIELD = session_id
ITEM_ID_FIELD = item_id
RATING_FIELD = rating
TIME_FIELD = timestamp
seq_len = None
LABEL_FIELD = label
threshold = None
NEG_PREFIX = neg_
load_col = None
unload_col = None
unused_col = None
additional_feat_suffix = None
rm_dup_inter = None
val_interval = None
filter_inter_by_user_or_item = True
user_inter_num_interval = [0,inf)
item_inter_num_interval = [0,inf)
alias_of_user_id = None
alias_of_item_id = ['item_id_list']
alias_of_entity_id = None
alias_of_relation_id = None
preload_weight = None
normalize_field = None
normalize_all = None
ITEM_LIST_LENGTH_FIELD = item_length
LIST_SUFFIX = _list
MAX_ITEM_LIST_LENGTH = 200
POSITION_FIELD = position_id
HEAD_ENTITY_ID_FIELD = head_id
TAIL_ENTITY_ID_FIELD = tail_id
RELATION_ID_FIELD = relation_id
ENTITY_ID_FIELD = entity_id

Other Hyper Parameters: 
neg_sampling = None
repeatable = True
n_layers = 2
n_heads = 2
hidden_size = 64
inner_size = 256
hidden_dropout_prob = 0.5
attn_dropout_prob = 0.5
hidden_act = gelu
layer_norm_eps = 1e-12
initializer_range = 0.02
mask_ratio = 0.2
loss_type = CE
customized_eval = 1
MODEL_TYPE = ModelType.SEQUENTIAL
hyper_len = 6
scales = [5, 4, 20]
enable_hg = 1
enable_ms = 1
abaltion = 
batch_size = 2048
MODEL_INPUT_TYPE = InputType.POINTWISE
eval_type = EvaluatorType.RANKING
device = cuda
train_neg_sample_args = {'strategy': 'none'}
eval_neg_sample_args = {'strategy': 'full', 'distribution': 'uniform'}


Sat 07 Dec 2024 22:40:01 INFO  retail_beh
The number of users: 30691
Average actions of users: 1.065167807103291
The number of items: 31240
Average actions of items: 3.388618223281849
The number of inters: 32690
The sparsity of the dataset: 99.99659048303167%
Remain Fields: ['session_id', 'item_id_list', 'item_type_list', 'item_id', 'item_length']
Sat 07 Dec 2024 22:40:03 INFO  MBHT(
  (type_embedding): Embedding(6, 64, padding_idx=0)
  (item_embedding): Embedding(31241, 64, padding_idx=0)
  (position_embedding): Embedding(201, 64)
  (trm_encoder): TransformerEncoder(
    (layer): ModuleList(
      (0-1): 2 x TransformerLayer(
        (multi_head_attention): MultiScaleAttention(
          (out_fc): Linear(in_features=260, out_features=200, bias=True)
          (attention1): LinearAttention(
            (E): Linear(in_features=200, out_features=5, bias=True)
            (F): Linear(in_features=200, out_features=5, bias=True)
            (W_V): Linear(in_features=64, out_features=64, bias=True)
            (W_K): Linear(in_features=64, out_features=64, bias=True)
            (W_Q): Linear(in_features=64, out_features=64, bias=True)
            (dense): Linear(in_features=64, out_features=64, bias=True)
            (attn_dropout): Dropout(p=0.5, inplace=False)
            (out_dropout): Dropout(p=0.5, inplace=False)
            (LayerNorm): LayerNorm((64,), eps=1e-12, elementwise_affine=True)
          )
          (attention2): MultiHeadAttention(
            (query): Linear(in_features=64, out_features=64, bias=True)
            (key): Linear(in_features=64, out_features=64, bias=True)
            (value): Linear(in_features=64, out_features=64, bias=True)
            (attn_dropout): Dropout(p=0.5, inplace=False)
            (dense): Linear(in_features=64, out_features=64, bias=True)
            (LayerNorm): LayerNorm((64,), eps=1e-12, elementwise_affine=True)
            (out_dropout): Dropout(p=0.5, inplace=False)
          )
        )
        (feed_forward): FeedForward(
          (dense_1): Linear(in_features=64, out_features=256, bias=True)
          (dense_2): Linear(in_features=256, out_features=64, bias=True)
          (LayerNorm): LayerNorm((64,), eps=1e-12, elementwise_affine=True)
          (dropout): Dropout(p=0.5, inplace=False)
        )
      )
    )
  )
  (hgnn_layer): HGNN(
    (hgc1): HGNN_conv()
    (hgc2): HGNN_conv()
    (out_fc): Linear(in_features=64, out_features=64, bias=True)
  )
  (LayerNorm): LayerNorm((64,), eps=1e-12, elementwise_affine=True)
  (dropout): Dropout(p=0.5, inplace=False)
  (hg_type_embedding): Embedding(6, 64, padding_idx=0)
)
Trainable parameters: 2276036
Sat 07 Dec 2024 22:40:07 INFO  epoch -1 evaluating [time: 3.59s, valid_score: 0.054900]
Sat 07 Dec 2024 22:40:07 INFO  valid result: 
recall@5 : 0.0625    recall@10 : 0.1245    recall@101 : 1.0    ndcg@5 : 0.0356    ndcg@10 : 0.0549    ndcg@101 : 0.2208    mrr@5 : 0.0271    mrr@10 : 0.0346    mrr@101 : 0.0609    
Sat 07 Dec 2024 22:42:57 INFO  epoch 0 training [time: 169.71s, train loss: 4535.6059]
Sat 07 Dec 2024 22:43:00 INFO  epoch 0 evaluating [time: 2.86s, valid_score: 0.653400]
Sat 07 Dec 2024 22:43:00 INFO  valid result: 
recall@5 : 0.7225    recall@10 : 0.796    recall@101 : 1.0    ndcg@5 : 0.6296    ndcg@10 : 0.6534    ndcg@101 : 0.6942    mrr@5 : 0.5986    mrr@10 : 0.6085    mrr@101 : 0.6159    
Sat 07 Dec 2024 22:43:00 INFO  Saving current best: saved/MBHT-retail_beh-Dec-07-2024_22-40-03.pth
Sat 07 Dec 2024 22:45:50 INFO  epoch 1 training [time: 170.90s, train loss: 3644.5631]
Sat 07 Dec 2024 22:45:53 INFO  epoch 1 evaluating [time: 2.87s, valid_score: 0.783700]
Sat 07 Dec 2024 22:45:53 INFO  valid result: 
recall@5 : 0.8225    recall@10 : 0.8515    recall@101 : 1.0    ndcg@5 : 0.7742    ndcg@10 : 0.7837    ndcg@101 : 0.81    mrr@5 : 0.758    mrr@10 : 0.762    mrr@101 : 0.7655    
Sat 07 Dec 2024 22:45:53 INFO  Saving current best: saved/MBHT-retail_beh-Dec-07-2024_22-40-03.pth
Sat 07 Dec 2024 22:48:46 INFO  epoch 2 training [time: 172.22s, train loss: 2668.9556]
Sat 07 Dec 2024 22:48:48 INFO  epoch 2 evaluating [time: 2.83s, valid_score: 0.862500]
Sat 07 Dec 2024 22:48:48 INFO  valid result: 
recall@5 : 0.8835    recall@10 : 0.8905    recall@101 : 1.0    ndcg@5 : 0.8602    ndcg@10 : 0.8625    ndcg@101 : 0.8812    mrr@5 : 0.8523    mrr@10 : 0.8533    mrr@101 : 0.8555    
Sat 07 Dec 2024 22:48:49 INFO  Saving current best: saved/MBHT-retail_beh-Dec-07-2024_22-40-03.pth
Sat 07 Dec 2024 22:51:41 INFO  epoch 3 training [time: 172.01s, train loss: 2076.3488]
Sat 07 Dec 2024 22:51:43 INFO  epoch 3 evaluating [time: 2.86s, valid_score: 0.878500]
Sat 07 Dec 2024 22:51:43 INFO  valid result: 
recall@5 : 0.8915    recall@10 : 0.8995    recall@101 : 1.0    ndcg@5 : 0.8758    ndcg@10 : 0.8785    ndcg@101 : 0.8953    mrr@5 : 0.8706    mrr@10 : 0.8717    mrr@101 : 0.8736    
Sat 07 Dec 2024 22:51:44 INFO  Saving current best: saved/MBHT-retail_beh-Dec-07-2024_22-40-03.pth
Sat 07 Dec 2024 22:54:37 INFO  epoch 4 training [time: 173.25s, train loss: 1796.4896]
Sat 07 Dec 2024 22:54:40 INFO  epoch 4 evaluating [time: 2.92s, valid_score: 0.883100]
Sat 07 Dec 2024 22:54:40 INFO  valid result: 
recall@5 : 0.892    recall@10 : 0.9025    recall@101 : 1.0    ndcg@5 : 0.8796    ndcg@10 : 0.8831    ndcg@101 : 0.8994    mrr@5 : 0.8754    mrr@10 : 0.8769    mrr@101 : 0.8788    
Sat 07 Dec 2024 22:54:40 INFO  Saving current best: saved/MBHT-retail_beh-Dec-07-2024_22-40-03.pth
Sat 07 Dec 2024 22:57:32 INFO  epoch 5 training [time: 172.43s, train loss: 1616.6067]
Sat 07 Dec 2024 22:57:35 INFO  epoch 5 evaluating [time: 2.87s, valid_score: 0.891200]
Sat 07 Dec 2024 22:57:35 INFO  valid result: 
recall@5 : 0.901    recall@10 : 0.9095    recall@101 : 1.0    ndcg@5 : 0.8884    ndcg@10 : 0.8912    ndcg@101 : 0.906    mrr@5 : 0.8842    mrr@10 : 0.8854    mrr@101 : 0.887    
Sat 07 Dec 2024 22:57:35 INFO  Saving current best: saved/MBHT-retail_beh-Dec-07-2024_22-40-03.pth
Sat 07 Dec 2024 23:00:28 INFO  epoch 6 training [time: 172.87s, train loss: 1499.4389]
Sat 07 Dec 2024 23:00:31 INFO  epoch 6 evaluating [time: 2.88s, valid_score: 0.895200]
Sat 07 Dec 2024 23:00:31 INFO  valid result: 
recall@5 : 0.9055    recall@10 : 0.9105    recall@101 : 1.0    ndcg@5 : 0.8936    ndcg@10 : 0.8952    ndcg@101 : 0.9099    mrr@5 : 0.8896    mrr@10 : 0.8903    mrr@101 : 0.8919    
Sat 07 Dec 2024 23:00:31 INFO  Saving current best: saved/MBHT-retail_beh-Dec-07-2024_22-40-03.pth
Sat 07 Dec 2024 23:03:24 INFO  epoch 7 training [time: 173.10s, train loss: 1404.5582]
Sat 07 Dec 2024 23:03:27 INFO  epoch 7 evaluating [time: 2.86s, valid_score: 0.896700]
Sat 07 Dec 2024 23:03:27 INFO  valid result: 
recall@5 : 0.9085    recall@10 : 0.911    recall@101 : 1.0    ndcg@5 : 0.8959    ndcg@10 : 0.8967    ndcg@101 : 0.9114    mrr@5 : 0.8917    mrr@10 : 0.892    mrr@101 : 0.8936    
Sat 07 Dec 2024 23:03:27 INFO  Saving current best: saved/MBHT-retail_beh-Dec-07-2024_22-40-03.pth
Sat 07 Dec 2024 23:06:22 INFO  epoch 8 training [time: 174.93s, train loss: 1321.6837]
Sat 07 Dec 2024 23:06:25 INFO  epoch 8 evaluating [time: 2.85s, valid_score: 0.894300]
Sat 07 Dec 2024 23:06:25 INFO  valid result: 
recall@5 : 0.906    recall@10 : 0.913    recall@101 : 1.0    ndcg@5 : 0.892    ndcg@10 : 0.8943    ndcg@101 : 0.9086    mrr@5 : 0.8873    mrr@10 : 0.8882    mrr@101 : 0.8898    
Sat 07 Dec 2024 23:09:17 INFO  epoch 9 training [time: 171.86s, train loss: 1267.7319]
Sat 07 Dec 2024 23:09:19 INFO  epoch 9 evaluating [time: 2.81s, valid_score: 0.898200]
Sat 07 Dec 2024 23:09:19 INFO  valid result: 
recall@5 : 0.9095    recall@10 : 0.914    recall@101 : 1.0    ndcg@5 : 0.8967    ndcg@10 : 0.8982    ndcg@101 : 0.9121    mrr@5 : 0.8923    mrr@10 : 0.893    mrr@101 : 0.8943    
Sat 07 Dec 2024 23:09:20 INFO  Saving current best: saved/MBHT-retail_beh-Dec-07-2024_22-40-03.pth
Sat 07 Dec 2024 23:12:13 INFO  epoch 10 training [time: 173.79s, train loss: 1198.2135]
Sat 07 Dec 2024 23:12:16 INFO  epoch 10 evaluating [time: 2.90s, valid_score: 0.893800]
Sat 07 Dec 2024 23:12:16 INFO  valid result: 
recall@5 : 0.9065    recall@10 : 0.913    recall@101 : 1.0    ndcg@5 : 0.8918    ndcg@10 : 0.8938    ndcg@101 : 0.9079    mrr@5 : 0.8868    mrr@10 : 0.8876    mrr@101 : 0.8891    
Sat 07 Dec 2024 23:15:11 INFO  epoch 11 training [time: 174.83s, train loss: 1148.4349]
Sat 07 Dec 2024 23:15:14 INFO  epoch 11 evaluating [time: 2.84s, valid_score: 0.893000]
Sat 07 Dec 2024 23:15:14 INFO  valid result: 
recall@5 : 0.9055    recall@10 : 0.9125    recall@101 : 1.0    ndcg@5 : 0.8906    ndcg@10 : 0.893    ndcg@101 : 0.9071    mrr@5 : 0.8856    mrr@10 : 0.8866    mrr@101 : 0.888    
Sat 07 Dec 2024 23:18:08 INFO  epoch 12 training [time: 174.14s, train loss: 1090.7072]
Sat 07 Dec 2024 23:18:11 INFO  epoch 12 evaluating [time: 2.93s, valid_score: 0.897300]
Sat 07 Dec 2024 23:18:11 INFO  valid result: 
recall@5 : 0.909    recall@10 : 0.915    recall@101 : 1.0    ndcg@5 : 0.8953    ndcg@10 : 0.8973    ndcg@101 : 0.9108    mrr@5 : 0.8907    mrr@10 : 0.8915    mrr@101 : 0.8928    
Sat 07 Dec 2024 23:21:06 INFO  epoch 13 training [time: 174.66s, train loss: 1050.6378]
Sat 07 Dec 2024 23:21:09 INFO  epoch 13 evaluating [time: 2.92s, valid_score: 0.891900]
Sat 07 Dec 2024 23:21:09 INFO  valid result: 
recall@5 : 0.904    recall@10 : 0.9135    recall@101 : 1.0    ndcg@5 : 0.8888    ndcg@10 : 0.8919    ndcg@101 : 0.9059    mrr@5 : 0.8836    mrr@10 : 0.885    mrr@101 : 0.8864    
Sat 07 Dec 2024 23:24:05 INFO  epoch 14 training [time: 176.07s, train loss: 1012.9560]
Sat 07 Dec 2024 23:24:08 INFO  epoch 14 evaluating [time: 2.92s, valid_score: 0.892400]
Sat 07 Dec 2024 23:24:08 INFO  valid result: 
recall@5 : 0.905    recall@10 : 0.913    recall@101 : 1.0    ndcg@5 : 0.8897    ndcg@10 : 0.8924    ndcg@101 : 0.9063    mrr@5 : 0.8845    mrr@10 : 0.8856    mrr@101 : 0.8869    
Sat 07 Dec 2024 23:27:01 INFO  epoch 15 training [time: 173.53s, train loss: 973.0921]
Sat 07 Dec 2024 23:27:04 INFO  epoch 15 evaluating [time: 2.80s, valid_score: 0.896100]
Sat 07 Dec 2024 23:27:04 INFO  valid result: 
recall@5 : 0.9085    recall@10 : 0.914    recall@101 : 1.0    ndcg@5 : 0.8942    ndcg@10 : 0.8961    ndcg@101 : 0.9099    mrr@5 : 0.8895    mrr@10 : 0.8903    mrr@101 : 0.8916    
Sat 07 Dec 2024 23:29:54 INFO  epoch 16 training [time: 169.77s, train loss: 951.5723]
Sat 07 Dec 2024 23:29:56 INFO  epoch 16 evaluating [time: 2.79s, valid_score: 0.896900]
Sat 07 Dec 2024 23:29:56 INFO  valid result: 
recall@5 : 0.91    recall@10 : 0.917    recall@101 : 1.0    ndcg@5 : 0.8946    ndcg@10 : 0.8969    ndcg@101 : 0.9101    mrr@5 : 0.8895    mrr@10 : 0.8904    mrr@101 : 0.8916    
Sat 07 Dec 2024 23:32:49 INFO  epoch 17 training [time: 172.97s, train loss: 915.9795]
Sat 07 Dec 2024 23:32:52 INFO  epoch 17 evaluating [time: 2.81s, valid_score: 0.893300]
Sat 07 Dec 2024 23:32:52 INFO  valid result: 
recall@5 : 0.906    recall@10 : 0.912    recall@101 : 1.0    ndcg@5 : 0.8913    ndcg@10 : 0.8933    ndcg@101 : 0.9077    mrr@5 : 0.8864    mrr@10 : 0.8872    mrr@101 : 0.8887    
Sat 07 Dec 2024 23:35:47 INFO  epoch 18 training [time: 174.44s, train loss: 892.4245]
Sat 07 Dec 2024 23:35:50 INFO  epoch 18 evaluating [time: 2.91s, valid_score: 0.892700]
Sat 07 Dec 2024 23:35:50 INFO  valid result: 
recall@5 : 0.902    recall@10 : 0.911    recall@101 : 1.0    ndcg@5 : 0.8898    ndcg@10 : 0.8927    ndcg@101 : 0.9072    mrr@5 : 0.8856    mrr@10 : 0.8869    mrr@101 : 0.8884    
Sat 07 Dec 2024 23:38:44 INFO  epoch 19 training [time: 174.27s, train loss: 870.6183]
Sat 07 Dec 2024 23:38:47 INFO  epoch 19 evaluating [time: 2.91s, valid_score: 0.893100]
Sat 07 Dec 2024 23:38:47 INFO  valid result: 
recall@5 : 0.905    recall@10 : 0.9125    recall@101 : 1.0    ndcg@5 : 0.8906    ndcg@10 : 0.8931    ndcg@101 : 0.9071    mrr@5 : 0.8858    mrr@10 : 0.8868    mrr@101 : 0.8882    
Sat 07 Dec 2024 23:41:42 INFO  epoch 20 training [time: 174.87s, train loss: 844.2652]
Sat 07 Dec 2024 23:41:45 INFO  epoch 20 evaluating [time: 2.90s, valid_score: 0.892800]
Sat 07 Dec 2024 23:41:45 INFO  valid result: 
recall@5 : 0.9035    recall@10 : 0.9115    recall@101 : 1.0    ndcg@5 : 0.8902    ndcg@10 : 0.8928    ndcg@101 : 0.9071    mrr@5 : 0.8858    mrr@10 : 0.8869    mrr@101 : 0.8882    
Sat 07 Dec 2024 23:41:45 INFO  Finished training, best eval result in epoch 9
Sat 07 Dec 2024 23:41:45 INFO  test result: {'recall@5': 0.9095, 'recall@10': 0.914, 'recall@101': 1.0, 'ndcg@5': 0.8967, 'ndcg@10': 0.8982, 'ndcg@101': 0.9121, 'mrr@5': 0.8923, 'mrr@10': 0.893, 'mrr@101': 0.8943}
