Fri 29 Nov 2024 19:33:28 INFO  PID: 2443847
Fri 29 Nov 2024 19:33:28 INFO  Namespace(batch_size=2048, dataset='retail_beh', gpu_id=0, model='MBHT', valid_portion=0.1, validation=False)
Fri 29 Nov 2024 19:33:28 INFO  
General Hyper Parameters:
gpu_id = 0
use_gpu = True
seed = 2020
state = INFO
reproducibility = True
data_path = dataset/retail_beh
show_progress = True
save_dataset = False
save_dataloaders = False
benchmark_filename = ['train', 'test']

Training Hyper Parameters:
checkpoint_dir = saved
epochs = 300
train_batch_size = 64
learner = adam
learning_rate = 0.001
eval_step = 1
stopping_step = 10
clip_grad_norm = None
weight_decay = 0.0
loss_decimal_place = 4

Evaluation Hyper Parameters:
eval_args = {'mode': 'full', 'order': 'TO', 'split': {'RS': [0.8, 0.1, 0.1]}, 'group_by': 'user'}
metrics = ['Recall', 'NDCG', 'MRR']
topk = [5, 10, 101]
valid_metric = NDCG@10
valid_metric_bigger = True
eval_batch_size = 128
metric_decimal_place = 4

Dataset Hyper Parameters:
field_separator = 	
seq_separator =  
USER_ID_FIELD = session_id
ITEM_ID_FIELD = item_id
RATING_FIELD = rating
TIME_FIELD = timestamp
seq_len = None
LABEL_FIELD = label
threshold = None
NEG_PREFIX = neg_
load_col = None
unload_col = None
unused_col = None
additional_feat_suffix = None
rm_dup_inter = None
val_interval = None
filter_inter_by_user_or_item = True
user_inter_num_interval = [0,inf)
item_inter_num_interval = [0,inf)
alias_of_user_id = None
alias_of_item_id = ['item_id_list']
alias_of_entity_id = None
alias_of_relation_id = None
preload_weight = None
normalize_field = None
normalize_all = None
ITEM_LIST_LENGTH_FIELD = item_length
LIST_SUFFIX = _list
MAX_ITEM_LIST_LENGTH = 200
POSITION_FIELD = position_id
HEAD_ENTITY_ID_FIELD = head_id
TAIL_ENTITY_ID_FIELD = tail_id
RELATION_ID_FIELD = relation_id
ENTITY_ID_FIELD = entity_id

Other Hyper Parameters: 
neg_sampling = None
repeatable = True
n_layers = 2
n_heads = 2
hidden_size = 64
inner_size = 256
hidden_dropout_prob = 0.5
attn_dropout_prob = 0.5
hidden_act = gelu
layer_norm_eps = 1e-12
initializer_range = 0.02
mask_ratio = 0.2
loss_type = CE
customized_eval = 1
MODEL_TYPE = ModelType.SEQUENTIAL
hyper_len = 6
scales = [5, 4, 20]
enable_hg = 1
enable_ms = 1
abaltion = 
batch_size = 2048
MODEL_INPUT_TYPE = InputType.POINTWISE
eval_type = EvaluatorType.RANKING
device = cuda
train_neg_sample_args = {'strategy': 'none'}
eval_neg_sample_args = {'strategy': 'full', 'distribution': 'uniform'}


Fri 29 Nov 2024 19:33:28 INFO  retail_beh
The number of users: 30691
Average actions of users: 1.065167807103291
The number of items: 31240
Average actions of items: 3.388618223281849
The number of inters: 32690
The sparsity of the dataset: 99.99659048303167%
Remain Fields: ['session_id', 'item_id_list', 'item_type_list', 'item_id', 'item_length']
Fri 29 Nov 2024 19:33:30 INFO  MBHT(
  (type_embedding): Embedding(6, 64, padding_idx=0)
  (item_embedding): Embedding(31241, 64, padding_idx=0)
  (position_embedding): Embedding(201, 64)
  (trm_encoder): TransformerEncoder(
    (layer): ModuleList(
      (0-1): 2 x TransformerLayer(
        (multi_head_attention): MultiScaleAttention(
          (out_fc): Linear(in_features=260, out_features=200, bias=True)
          (attention1): LinearAttention(
            (E): Linear(in_features=200, out_features=5, bias=True)
            (F): Linear(in_features=200, out_features=5, bias=True)
            (W_V): Linear(in_features=64, out_features=64, bias=True)
            (W_K): Linear(in_features=64, out_features=64, bias=True)
            (W_Q): Linear(in_features=64, out_features=64, bias=True)
            (dense): Linear(in_features=64, out_features=64, bias=True)
            (attn_dropout): Dropout(p=0.5, inplace=False)
            (out_dropout): Dropout(p=0.5, inplace=False)
            (LayerNorm): LayerNorm((64,), eps=1e-12, elementwise_affine=True)
          )
          (attention2): MultiHeadAttention(
            (query): Linear(in_features=64, out_features=64, bias=True)
            (key): Linear(in_features=64, out_features=64, bias=True)
            (value): Linear(in_features=64, out_features=64, bias=True)
            (attn_dropout): Dropout(p=0.5, inplace=False)
            (dense): Linear(in_features=64, out_features=64, bias=True)
            (LayerNorm): LayerNorm((64,), eps=1e-12, elementwise_affine=True)
            (out_dropout): Dropout(p=0.5, inplace=False)
          )
        )
        (feed_forward): FeedForward(
          (dense_1): Linear(in_features=64, out_features=256, bias=True)
          (dense_2): Linear(in_features=256, out_features=64, bias=True)
          (LayerNorm): LayerNorm((64,), eps=1e-12, elementwise_affine=True)
          (dropout): Dropout(p=0.5, inplace=False)
        )
      )
    )
  )
  (hgnn_layer): HGNN(
    (hgc1): HGNN_conv()
    (hgc2): HGNN_conv()
    (out_fc): Linear(in_features=64, out_features=64, bias=True)
  )
  (LayerNorm): LayerNorm((64,), eps=1e-12, elementwise_affine=True)
  (dropout): Dropout(p=0.5, inplace=False)
  (hg_type_embedding): Embedding(6, 64, padding_idx=0)
)
Trainable parameters: 2276036
Fri 29 Nov 2024 19:33:34 INFO  epoch -1 evaluating [time: 3.60s, valid_score: 0.054900]
Fri 29 Nov 2024 19:33:34 INFO  valid result: 
recall@5 : 0.0625    recall@10 : 0.1245    recall@101 : 1.0    ndcg@5 : 0.0356    ndcg@10 : 0.0549    ndcg@101 : 0.2208    mrr@5 : 0.0271    mrr@10 : 0.0346    mrr@101 : 0.0609    
Fri 29 Nov 2024 19:36:27 INFO  epoch 0 training [time: 172.87s, train loss: 4537.3769]
Fri 29 Nov 2024 19:36:30 INFO  epoch 0 evaluating [time: 2.84s, valid_score: 0.574200]
Fri 29 Nov 2024 19:36:30 INFO  valid result: 
recall@5 : 0.6555    recall@10 : 0.733    recall@101 : 1.0    ndcg@5 : 0.5493    ndcg@10 : 0.5742    ndcg@101 : 0.6283    mrr@5 : 0.5139    mrr@10 : 0.5241    mrr@101 : 0.5342    
Fri 29 Nov 2024 19:36:30 INFO  Saving current best: saved/MBHT-retail_beh-Nov-29-2024_19-33-30.pth
Fri 29 Nov 2024 19:39:22 INFO  epoch 1 training [time: 172.35s, train loss: 3665.1660]
Fri 29 Nov 2024 19:39:25 INFO  epoch 1 evaluating [time: 2.84s, valid_score: 0.781400]
Fri 29 Nov 2024 19:39:25 INFO  valid result: 
recall@5 : 0.8195    recall@10 : 0.8485    recall@101 : 1.0    ndcg@5 : 0.772    ndcg@10 : 0.7814    ndcg@101 : 0.8084    mrr@5 : 0.7559    mrr@10 : 0.7599    mrr@101 : 0.7635    
Fri 29 Nov 2024 19:39:25 INFO  Saving current best: saved/MBHT-retail_beh-Nov-29-2024_19-33-30.pth
Fri 29 Nov 2024 19:42:19 INFO  epoch 2 training [time: 173.95s, train loss: 2683.9371]
Fri 29 Nov 2024 19:42:22 INFO  epoch 2 evaluating [time: 2.90s, valid_score: 0.864500]
Fri 29 Nov 2024 19:42:22 INFO  valid result: 
recall@5 : 0.884    recall@10 : 0.892    recall@101 : 1.0    ndcg@5 : 0.8619    ndcg@10 : 0.8645    ndcg@101 : 0.8833    mrr@5 : 0.8544    mrr@10 : 0.8555    mrr@101 : 0.8578    
Fri 29 Nov 2024 19:42:22 INFO  Saving current best: saved/MBHT-retail_beh-Nov-29-2024_19-33-30.pth
Fri 29 Nov 2024 19:45:17 INFO  epoch 3 training [time: 175.40s, train loss: 2085.6277]
Fri 29 Nov 2024 19:45:20 INFO  epoch 3 evaluating [time: 2.87s, valid_score: 0.876900]
Fri 29 Nov 2024 19:45:20 INFO  valid result: 
recall@5 : 0.887    recall@10 : 0.8975    recall@101 : 1.0    ndcg@5 : 0.8735    ndcg@10 : 0.8769    ndcg@101 : 0.894    mrr@5 : 0.8689    mrr@10 : 0.8704    mrr@101 : 0.8723    
Fri 29 Nov 2024 19:45:20 INFO  Saving current best: saved/MBHT-retail_beh-Nov-29-2024_19-33-30.pth
Fri 29 Nov 2024 19:48:15 INFO  epoch 4 training [time: 174.57s, train loss: 1804.2490]
Fri 29 Nov 2024 19:48:18 INFO  epoch 4 evaluating [time: 2.93s, valid_score: 0.883000]
Fri 29 Nov 2024 19:48:18 INFO  valid result: 
recall@5 : 0.8935    recall@10 : 0.904    recall@101 : 1.0    ndcg@5 : 0.8796    ndcg@10 : 0.883    ndcg@101 : 0.8989    mrr@5 : 0.875    mrr@10 : 0.8764    mrr@101 : 0.8781    
Fri 29 Nov 2024 19:48:18 INFO  Saving current best: saved/MBHT-retail_beh-Nov-29-2024_19-33-30.pth
Fri 29 Nov 2024 19:51:12 INFO  epoch 5 training [time: 174.00s, train loss: 1624.5310]
Fri 29 Nov 2024 19:51:15 INFO  epoch 5 evaluating [time: 2.83s, valid_score: 0.888200]
Fri 29 Nov 2024 19:51:15 INFO  valid result: 
recall@5 : 0.8995    recall@10 : 0.9085    recall@101 : 1.0    ndcg@5 : 0.8852    ndcg@10 : 0.8882    ndcg@101 : 0.9035    mrr@5 : 0.8804    mrr@10 : 0.8816    mrr@101 : 0.8833    
Fri 29 Nov 2024 19:51:15 INFO  Saving current best: saved/MBHT-retail_beh-Nov-29-2024_19-33-30.pth
Fri 29 Nov 2024 19:54:09 INFO  epoch 6 training [time: 174.34s, train loss: 1503.8626]
Fri 29 Nov 2024 19:54:12 INFO  epoch 6 evaluating [time: 2.95s, valid_score: 0.898100]
Fri 29 Nov 2024 19:54:12 INFO  valid result: 
recall@5 : 0.908    recall@10 : 0.914    recall@101 : 1.0    ndcg@5 : 0.8962    ndcg@10 : 0.8981    ndcg@101 : 0.9118    mrr@5 : 0.8922    mrr@10 : 0.893    mrr@101 : 0.8942    
Fri 29 Nov 2024 19:54:12 INFO  Saving current best: saved/MBHT-retail_beh-Nov-29-2024_19-33-30.pth
Fri 29 Nov 2024 19:57:08 INFO  epoch 7 training [time: 175.39s, train loss: 1409.9433]
Fri 29 Nov 2024 19:57:11 INFO  epoch 7 evaluating [time: 2.93s, valid_score: 0.895700]
Fri 29 Nov 2024 19:57:11 INFO  valid result: 
recall@5 : 0.9055    recall@10 : 0.9135    recall@101 : 1.0    ndcg@5 : 0.8931    ndcg@10 : 0.8957    ndcg@101 : 0.9096    mrr@5 : 0.889    mrr@10 : 0.89    mrr@101 : 0.8913    
Fri 29 Nov 2024 20:00:07 INFO  epoch 8 training [time: 175.84s, train loss: 1327.3484]
Fri 29 Nov 2024 20:00:09 INFO  epoch 8 evaluating [time: 2.94s, valid_score: 0.896500]
Fri 29 Nov 2024 20:00:09 INFO  valid result: 
recall@5 : 0.9065    recall@10 : 0.9135    recall@101 : 1.0    ndcg@5 : 0.8942    ndcg@10 : 0.8965    ndcg@101 : 0.9104    mrr@5 : 0.89    mrr@10 : 0.8909    mrr@101 : 0.8923    
Fri 29 Nov 2024 20:03:03 INFO  epoch 9 training [time: 174.05s, train loss: 1275.5061]
Fri 29 Nov 2024 20:03:06 INFO  epoch 9 evaluating [time: 2.92s, valid_score: 0.896700]
Fri 29 Nov 2024 20:03:06 INFO  valid result: 
recall@5 : 0.9095    recall@10 : 0.9125    recall@101 : 1.0    ndcg@5 : 0.8958    ndcg@10 : 0.8967    ndcg@101 : 0.911    mrr@5 : 0.8911    mrr@10 : 0.8915    mrr@101 : 0.893    
Fri 29 Nov 2024 20:06:01 INFO  epoch 10 training [time: 174.82s, train loss: 1205.1225]
Fri 29 Nov 2024 20:06:04 INFO  epoch 10 evaluating [time: 2.89s, valid_score: 0.895000]
Fri 29 Nov 2024 20:06:04 INFO  valid result: 
recall@5 : 0.907    recall@10 : 0.913    recall@101 : 1.0    ndcg@5 : 0.893    ndcg@10 : 0.895    ndcg@101 : 0.909    mrr@5 : 0.8883    mrr@10 : 0.8892    mrr@101 : 0.8905    
Fri 29 Nov 2024 20:09:00 INFO  epoch 11 training [time: 175.72s, train loss: 1153.8399]
Fri 29 Nov 2024 20:09:03 INFO  epoch 11 evaluating [time: 2.86s, valid_score: 0.892400]
Fri 29 Nov 2024 20:09:03 INFO  valid result: 
recall@5 : 0.9055    recall@10 : 0.9105    recall@101 : 1.0    ndcg@5 : 0.8908    ndcg@10 : 0.8924    ndcg@101 : 0.907    mrr@5 : 0.8859    mrr@10 : 0.8865    mrr@101 : 0.888    
Fri 29 Nov 2024 20:11:59 INFO  epoch 12 training [time: 176.72s, train loss: 1097.2124]
Fri 29 Nov 2024 20:12:02 INFO  epoch 12 evaluating [time: 2.90s, valid_score: 0.896200]
Fri 29 Nov 2024 20:12:02 INFO  valid result: 
recall@5 : 0.906    recall@10 : 0.9145    recall@101 : 1.0    ndcg@5 : 0.8934    ndcg@10 : 0.8962    ndcg@101 : 0.9098    mrr@5 : 0.8892    mrr@10 : 0.8903    mrr@101 : 0.8916    
Fri 29 Nov 2024 20:14:58 INFO  epoch 13 training [time: 176.04s, train loss: 1055.7268]
Fri 29 Nov 2024 20:15:01 INFO  epoch 13 evaluating [time: 2.93s, valid_score: 0.893600]
Fri 29 Nov 2024 20:15:01 INFO  valid result: 
recall@5 : 0.9035    recall@10 : 0.9125    recall@101 : 1.0    ndcg@5 : 0.8907    ndcg@10 : 0.8936    ndcg@101 : 0.9078    mrr@5 : 0.8864    mrr@10 : 0.8876    mrr@101 : 0.889    
Fri 29 Nov 2024 20:17:56 INFO  epoch 14 training [time: 174.73s, train loss: 1017.2798]
Fri 29 Nov 2024 20:17:59 INFO  epoch 14 evaluating [time: 2.87s, valid_score: 0.895000]
Fri 29 Nov 2024 20:17:59 INFO  valid result: 
recall@5 : 0.906    recall@10 : 0.912    recall@101 : 1.0    ndcg@5 : 0.893    ndcg@10 : 0.895    ndcg@101 : 0.9093    mrr@5 : 0.8886    mrr@10 : 0.8895    mrr@101 : 0.8909    
Fri 29 Nov 2024 20:20:54 INFO  epoch 15 training [time: 175.02s, train loss: 978.9895]
Fri 29 Nov 2024 20:20:57 INFO  epoch 15 evaluating [time: 2.93s, valid_score: 0.894100]
Fri 29 Nov 2024 20:20:57 INFO  valid result: 
recall@5 : 0.906    recall@10 : 0.9125    recall@101 : 1.0    ndcg@5 : 0.8919    ndcg@10 : 0.8941    ndcg@101 : 0.9082    mrr@5 : 0.8872    mrr@10 : 0.8881    mrr@101 : 0.8895    
Fri 29 Nov 2024 20:23:52 INFO  epoch 16 training [time: 175.24s, train loss: 953.6099]
Fri 29 Nov 2024 20:23:55 INFO  epoch 16 evaluating [time: 2.93s, valid_score: 0.898000]
Fri 29 Nov 2024 20:23:55 INFO  valid result: 
recall@5 : 0.909    recall@10 : 0.9145    recall@101 : 1.0    ndcg@5 : 0.8963    ndcg@10 : 0.898    ndcg@101 : 0.9117    mrr@5 : 0.892    mrr@10 : 0.8927    mrr@101 : 0.894    
Fri 29 Nov 2024 20:26:50 INFO  epoch 17 training [time: 175.07s, train loss: 918.7177]
Fri 29 Nov 2024 20:26:53 INFO  epoch 17 evaluating [time: 2.89s, valid_score: 0.897800]
Fri 29 Nov 2024 20:26:53 INFO  valid result: 
recall@5 : 0.9095    recall@10 : 0.916    recall@101 : 1.0    ndcg@5 : 0.8957    ndcg@10 : 0.8978    ndcg@101 : 0.9111    mrr@5 : 0.8911    mrr@10 : 0.8919    mrr@101 : 0.8931    
Fri 29 Nov 2024 20:26:53 INFO  Finished training, best eval result in epoch 6
Fri 29 Nov 2024 20:26:53 INFO  test result: {'recall@5': 0.908, 'recall@10': 0.914, 'recall@101': 1.0, 'ndcg@5': 0.8962, 'ndcg@10': 0.8981, 'ndcg@101': 0.9118, 'mrr@5': 0.8922, 'mrr@10': 0.893, 'mrr@101': 0.8942}

TransformerEncoder AdaGELU 1.0