Fri 29 Nov 2024 10:47:36 INFO  PID: 2335828
Fri 29 Nov 2024 10:47:36 INFO  Namespace(batch_size=2048, dataset='retail_beh', gpu_id=0, model='MBHT', valid_portion=0.1, validation=False)
Fri 29 Nov 2024 10:47:36 INFO  
General Hyper Parameters:
gpu_id = 0
use_gpu = True
seed = 2020
state = INFO
reproducibility = True
data_path = dataset/retail_beh
show_progress = True
save_dataset = False
save_dataloaders = False
benchmark_filename = ['train', 'test']

Training Hyper Parameters:
checkpoint_dir = saved
epochs = 300
train_batch_size = 64
learner = adam
learning_rate = 0.001
eval_step = 1
stopping_step = 10
clip_grad_norm = None
weight_decay = 0.0
loss_decimal_place = 4

Evaluation Hyper Parameters:
eval_args = {'mode': 'full', 'order': 'TO', 'split': {'RS': [0.8, 0.1, 0.1]}, 'group_by': 'user'}
metrics = ['Recall', 'NDCG', 'MRR']
topk = [5, 10, 101]
valid_metric = NDCG@10
valid_metric_bigger = True
eval_batch_size = 128
metric_decimal_place = 4

Dataset Hyper Parameters:
field_separator = 	
seq_separator =  
USER_ID_FIELD = session_id
ITEM_ID_FIELD = item_id
RATING_FIELD = rating
TIME_FIELD = timestamp
seq_len = None
LABEL_FIELD = label
threshold = None
NEG_PREFIX = neg_
load_col = None
unload_col = None
unused_col = None
additional_feat_suffix = None
rm_dup_inter = None
val_interval = None
filter_inter_by_user_or_item = True
user_inter_num_interval = [0,inf)
item_inter_num_interval = [0,inf)
alias_of_user_id = None
alias_of_item_id = ['item_id_list']
alias_of_entity_id = None
alias_of_relation_id = None
preload_weight = None
normalize_field = None
normalize_all = None
ITEM_LIST_LENGTH_FIELD = item_length
LIST_SUFFIX = _list
MAX_ITEM_LIST_LENGTH = 200
POSITION_FIELD = position_id
HEAD_ENTITY_ID_FIELD = head_id
TAIL_ENTITY_ID_FIELD = tail_id
RELATION_ID_FIELD = relation_id
ENTITY_ID_FIELD = entity_id

Other Hyper Parameters: 
neg_sampling = None
repeatable = True
n_layers = 2
n_heads = 2
hidden_size = 64
inner_size = 256
hidden_dropout_prob = 0.5
attn_dropout_prob = 0.5
hidden_act = gelu
layer_norm_eps = 1e-12
initializer_range = 0.02
mask_ratio = 0.2
loss_type = CE
customized_eval = 1
MODEL_TYPE = ModelType.SEQUENTIAL
hyper_len = 6
scales = [5, 4, 20]
enable_hg = 1
enable_ms = 1
abaltion = 
batch_size = 2048
MODEL_INPUT_TYPE = InputType.POINTWISE
eval_type = EvaluatorType.RANKING
device = cuda
train_neg_sample_args = {'strategy': 'none'}
eval_neg_sample_args = {'strategy': 'full', 'distribution': 'uniform'}


Fri 29 Nov 2024 10:47:37 INFO  retail_beh
The number of users: 30691
Average actions of users: 1.065167807103291
The number of items: 31240
Average actions of items: 3.388618223281849
The number of inters: 32690
The sparsity of the dataset: 99.99659048303167%
Remain Fields: ['session_id', 'item_id_list', 'item_type_list', 'item_id', 'item_length']
Fri 29 Nov 2024 10:47:38 INFO  MBHT(
  (type_embedding): Embedding(6, 64, padding_idx=0)
  (item_embedding): Embedding(31241, 64, padding_idx=0)
  (position_embedding): Embedding(201, 64)
  (trm_encoder): TransformerEncoder(
    (layer): ModuleList(
      (0-1): 2 x TransformerLayer(
        (multi_head_attention): MultiScaleAttention(
          (out_fc): Linear(in_features=260, out_features=200, bias=True)
          (attention1): LinearAttention(
            (E): Linear(in_features=200, out_features=5, bias=True)
            (F): Linear(in_features=200, out_features=5, bias=True)
            (W_V): Linear(in_features=64, out_features=64, bias=True)
            (W_K): Linear(in_features=64, out_features=64, bias=True)
            (W_Q): Linear(in_features=64, out_features=64, bias=True)
            (dense): Linear(in_features=64, out_features=64, bias=True)
            (attn_dropout): Dropout(p=0.5, inplace=False)
            (out_dropout): Dropout(p=0.5, inplace=False)
            (LayerNorm): LayerNorm((64,), eps=1e-12, elementwise_affine=True)
          )
          (attention2): MultiHeadAttention(
            (query): Linear(in_features=64, out_features=64, bias=True)
            (key): Linear(in_features=64, out_features=64, bias=True)
            (value): Linear(in_features=64, out_features=64, bias=True)
            (attn_dropout): Dropout(p=0.5, inplace=False)
            (dense): Linear(in_features=64, out_features=64, bias=True)
            (LayerNorm): LayerNorm((64,), eps=1e-12, elementwise_affine=True)
            (out_dropout): Dropout(p=0.5, inplace=False)
          )
        )
        (feed_forward): FeedForward(
          (dense_1): Linear(in_features=64, out_features=256, bias=True)
          (dense_2): Linear(in_features=256, out_features=64, bias=True)
          (LayerNorm): LayerNorm((64,), eps=1e-12, elementwise_affine=True)
          (dropout): Dropout(p=0.5, inplace=False)
        )
      )
    )
  )
  (hgnn_layer): HGNN(
    (hgc1): HGNN_conv()
    (hgc2): HGNN_conv()
    (out_fc): Linear(in_features=64, out_features=64, bias=True)
  )
  (LayerNorm): LayerNorm((64,), eps=1e-12, elementwise_affine=True)
  (dropout): Dropout(p=0.5, inplace=False)
  (hg_type_embedding): Embedding(6, 64, padding_idx=0)
)
Trainable parameters: 2276036
Fri 29 Nov 2024 10:47:43 INFO  epoch -1 evaluating [time: 3.60s, valid_score: 0.054900]
Fri 29 Nov 2024 10:47:43 INFO  valid result: 
recall@5 : 0.0625    recall@10 : 0.1245    recall@101 : 1.0    ndcg@5 : 0.0356    ndcg@10 : 0.0549    ndcg@101 : 0.2208    mrr@5 : 0.0271    mrr@10 : 0.0346    mrr@101 : 0.0609    
Fri 29 Nov 2024 10:50:39 INFO  epoch 0 training [time: 176.12s, train loss: 4538.1379]
Fri 29 Nov 2024 10:50:42 INFO  epoch 0 evaluating [time: 2.96s, valid_score: 0.620000]
Fri 29 Nov 2024 10:50:42 INFO  valid result: 
recall@5 : 0.694    recall@10 : 0.772    recall@101 : 1.0    ndcg@5 : 0.595    ndcg@10 : 0.62    ndcg@101 : 0.665    mrr@5 : 0.5621    mrr@10 : 0.5723    mrr@101 : 0.5802    
Fri 29 Nov 2024 10:50:42 INFO  Saving current best: saved/MBHT-retail_beh-Nov-29-2024_10-47-38.pth
Fri 29 Nov 2024 10:53:39 INFO  epoch 1 training [time: 176.93s, train loss: 3658.4773]
Fri 29 Nov 2024 10:53:42 INFO  epoch 1 evaluating [time: 2.93s, valid_score: 0.792900]
Fri 29 Nov 2024 10:53:42 INFO  valid result: 
recall@5 : 0.831    recall@10 : 0.859    recall@101 : 1.0    ndcg@5 : 0.7838    ndcg@10 : 0.7929    ndcg@101 : 0.8175    mrr@5 : 0.7679    mrr@10 : 0.7717    mrr@101 : 0.7749    
Fri 29 Nov 2024 10:53:42 INFO  Saving current best: saved/MBHT-retail_beh-Nov-29-2024_10-47-38.pth
Fri 29 Nov 2024 10:56:40 INFO  epoch 2 training [time: 178.04s, train loss: 2677.1421]
Fri 29 Nov 2024 10:56:43 INFO  epoch 2 evaluating [time: 2.91s, valid_score: 0.865100]
Fri 29 Nov 2024 10:56:43 INFO  valid result: 
recall@5 : 0.8845    recall@10 : 0.892    recall@101 : 1.0    ndcg@5 : 0.8626    ndcg@10 : 0.8651    ndcg@101 : 0.8834    mrr@5 : 0.8552    mrr@10 : 0.8562    mrr@101 : 0.8584    
Fri 29 Nov 2024 10:56:43 INFO  Saving current best: saved/MBHT-retail_beh-Nov-29-2024_10-47-38.pth
Fri 29 Nov 2024 10:59:40 INFO  epoch 3 training [time: 177.63s, train loss: 2078.5218]
Fri 29 Nov 2024 10:59:43 INFO  epoch 3 evaluating [time: 2.98s, valid_score: 0.878100]
Fri 29 Nov 2024 10:59:43 INFO  valid result: 
recall@5 : 0.8925    recall@10 : 0.8995    recall@101 : 1.0    ndcg@5 : 0.8758    ndcg@10 : 0.8781    ndcg@101 : 0.8948    mrr@5 : 0.8703    mrr@10 : 0.8712    mrr@101 : 0.873    
Fri 29 Nov 2024 10:59:43 INFO  Saving current best: saved/MBHT-retail_beh-Nov-29-2024_10-47-38.pth
Fri 29 Nov 2024 11:02:40 INFO  epoch 4 training [time: 177.06s, train loss: 1795.9783]
Fri 29 Nov 2024 11:02:43 INFO  epoch 4 evaluating [time: 2.93s, valid_score: 0.880900]
Fri 29 Nov 2024 11:02:43 INFO  valid result: 
recall@5 : 0.8935    recall@10 : 0.9025    recall@101 : 1.0    ndcg@5 : 0.8781    ndcg@10 : 0.8809    ndcg@101 : 0.897    mrr@5 : 0.8729    mrr@10 : 0.874    mrr@101 : 0.8758    
Fri 29 Nov 2024 11:02:43 INFO  Saving current best: saved/MBHT-retail_beh-Nov-29-2024_10-47-38.pth
Fri 29 Nov 2024 11:05:42 INFO  epoch 5 training [time: 178.25s, train loss: 1616.5091]
Fri 29 Nov 2024 11:05:45 INFO  epoch 5 evaluating [time: 2.97s, valid_score: 0.894300]
Fri 29 Nov 2024 11:05:45 INFO  valid result: 
recall@5 : 0.9005    recall@10 : 0.912    recall@101 : 1.0    ndcg@5 : 0.8905    ndcg@10 : 0.8943    ndcg@101 : 0.9085    mrr@5 : 0.8872    mrr@10 : 0.8888    mrr@101 : 0.8902    
Fri 29 Nov 2024 11:05:45 INFO  Saving current best: saved/MBHT-retail_beh-Nov-29-2024_10-47-38.pth
Fri 29 Nov 2024 11:08:44 INFO  epoch 6 training [time: 179.43s, train loss: 1499.2214]
Fri 29 Nov 2024 11:08:47 INFO  epoch 6 evaluating [time: 2.96s, valid_score: 0.896900]
Fri 29 Nov 2024 11:08:47 INFO  valid result: 
recall@5 : 0.9065    recall@10 : 0.9125    recall@101 : 1.0    ndcg@5 : 0.8949    ndcg@10 : 0.8969    ndcg@101 : 0.911    mrr@5 : 0.8911    mrr@10 : 0.8919    mrr@101 : 0.8932    
Fri 29 Nov 2024 11:08:47 INFO  Saving current best: saved/MBHT-retail_beh-Nov-29-2024_10-47-38.pth
Fri 29 Nov 2024 11:11:45 INFO  epoch 7 training [time: 177.80s, train loss: 1403.1483]
Fri 29 Nov 2024 11:11:48 INFO  epoch 7 evaluating [time: 2.85s, valid_score: 0.897400]
Fri 29 Nov 2024 11:11:48 INFO  valid result: 
recall@5 : 0.907    recall@10 : 0.912    recall@101 : 1.0    ndcg@5 : 0.8958    ndcg@10 : 0.8974    ndcg@101 : 0.9117    mrr@5 : 0.892    mrr@10 : 0.8927    mrr@101 : 0.8941    
Fri 29 Nov 2024 11:11:48 INFO  Saving current best: saved/MBHT-retail_beh-Nov-29-2024_10-47-38.pth
Fri 29 Nov 2024 11:14:46 INFO  epoch 8 training [time: 178.04s, train loss: 1319.3774]
Fri 29 Nov 2024 11:14:49 INFO  epoch 8 evaluating [time: 2.92s, valid_score: 0.896200]
Fri 29 Nov 2024 11:14:49 INFO  valid result: 
recall@5 : 0.9075    recall@10 : 0.9125    recall@101 : 1.0    ndcg@5 : 0.8945    ndcg@10 : 0.8962    ndcg@101 : 0.9103    mrr@5 : 0.8901    mrr@10 : 0.8908    mrr@101 : 0.8922    
Fri 29 Nov 2024 11:17:48 INFO  epoch 9 training [time: 178.79s, train loss: 1263.2480]
Fri 29 Nov 2024 11:17:51 INFO  epoch 9 evaluating [time: 2.95s, valid_score: 0.897000]
Fri 29 Nov 2024 11:17:51 INFO  valid result: 
recall@5 : 0.9075    recall@10 : 0.913    recall@101 : 1.0    ndcg@5 : 0.8952    ndcg@10 : 0.897    ndcg@101 : 0.9108    mrr@5 : 0.891    mrr@10 : 0.8917    mrr@101 : 0.893    
Fri 29 Nov 2024 11:20:50 INFO  epoch 10 training [time: 179.68s, train loss: 1195.2538]
Fri 29 Nov 2024 11:20:53 INFO  epoch 10 evaluating [time: 2.89s, valid_score: 0.896200]
Fri 29 Nov 2024 11:20:53 INFO  valid result: 
recall@5 : 0.9065    recall@10 : 0.9145    recall@101 : 1.0    ndcg@5 : 0.8936    ndcg@10 : 0.8962    ndcg@101 : 0.9097    mrr@5 : 0.8893    mrr@10 : 0.8904    mrr@101 : 0.8916    
Fri 29 Nov 2024 11:23:51 INFO  epoch 11 training [time: 178.16s, train loss: 1147.0708]
Fri 29 Nov 2024 11:23:54 INFO  epoch 11 evaluating [time: 2.98s, valid_score: 0.896600]
Fri 29 Nov 2024 11:23:54 INFO  valid result: 
recall@5 : 0.9075    recall@10 : 0.914    recall@101 : 1.0    ndcg@5 : 0.8945    ndcg@10 : 0.8966    ndcg@101 : 0.9101    mrr@5 : 0.8902    mrr@10 : 0.891    mrr@101 : 0.8922    
Fri 29 Nov 2024 11:26:52 INFO  epoch 12 training [time: 177.24s, train loss: 1087.4544]
Fri 29 Nov 2024 11:26:54 INFO  epoch 12 evaluating [time: 2.85s, valid_score: 0.898700]
Fri 29 Nov 2024 11:26:54 INFO  valid result: 
recall@5 : 0.907    recall@10 : 0.9145    recall@101 : 1.0    ndcg@5 : 0.8962    ndcg@10 : 0.8987    ndcg@101 : 0.9121    mrr@5 : 0.8926    mrr@10 : 0.8936    mrr@101 : 0.8948    
Fri 29 Nov 2024 11:26:55 INFO  Saving current best: saved/MBHT-retail_beh-Nov-29-2024_10-47-38.pth
Fri 29 Nov 2024 11:29:51 INFO  epoch 13 training [time: 176.08s, train loss: 1048.7267]
Fri 29 Nov 2024 11:29:53 INFO  epoch 13 evaluating [time: 2.85s, valid_score: 0.895400]
Fri 29 Nov 2024 11:29:53 INFO  valid result: 
recall@5 : 0.905    recall@10 : 0.9115    recall@101 : 1.0    ndcg@5 : 0.8933    ndcg@10 : 0.8954    ndcg@101 : 0.9096    mrr@5 : 0.8893    mrr@10 : 0.8902    mrr@101 : 0.8916    
Fri 29 Nov 2024 11:32:48 INFO  epoch 14 training [time: 174.74s, train loss: 1010.6473]
Fri 29 Nov 2024 11:32:51 INFO  epoch 14 evaluating [time: 2.87s, valid_score: 0.893600]
Fri 29 Nov 2024 11:32:51 INFO  valid result: 
recall@5 : 0.9025    recall@10 : 0.91    recall@101 : 1.0    ndcg@5 : 0.8912    ndcg@10 : 0.8936    ndcg@101 : 0.9084    mrr@5 : 0.8874    mrr@10 : 0.8884    mrr@101 : 0.89    
Fri 29 Nov 2024 11:35:50 INFO  epoch 15 training [time: 179.33s, train loss: 972.1130]
Fri 29 Nov 2024 11:35:53 INFO  epoch 15 evaluating [time: 2.90s, valid_score: 0.898200]
Fri 29 Nov 2024 11:35:53 INFO  valid result: 
recall@5 : 0.9065    recall@10 : 0.913    recall@101 : 1.0    ndcg@5 : 0.8961    ndcg@10 : 0.8982    ndcg@101 : 0.9122    mrr@5 : 0.8926    mrr@10 : 0.8935    mrr@101 : 0.8949    
Fri 29 Nov 2024 11:38:51 INFO  epoch 16 training [time: 177.98s, train loss: 948.2769]
Fri 29 Nov 2024 11:38:54 INFO  epoch 16 evaluating [time: 2.88s, valid_score: 0.894500]
Fri 29 Nov 2024 11:38:54 INFO  valid result: 
recall@5 : 0.905    recall@10 : 0.9115    recall@101 : 1.0    ndcg@5 : 0.8923    ndcg@10 : 0.8945    ndcg@101 : 0.9087    mrr@5 : 0.8881    mrr@10 : 0.889    mrr@101 : 0.8904    
Fri 29 Nov 2024 11:41:53 INFO  epoch 17 training [time: 178.83s, train loss: 913.2838]
Fri 29 Nov 2024 11:41:56 INFO  epoch 17 evaluating [time: 2.95s, valid_score: 0.894300]
Fri 29 Nov 2024 11:41:56 INFO  valid result: 
recall@5 : 0.907    recall@10 : 0.9115    recall@101 : 1.0    ndcg@5 : 0.8928    ndcg@10 : 0.8943    ndcg@101 : 0.9088    mrr@5 : 0.8881    mrr@10 : 0.8887    mrr@101 : 0.8902    
Fri 29 Nov 2024 11:44:55 INFO  epoch 18 training [time: 178.72s, train loss: 891.9471]
Fri 29 Nov 2024 11:44:58 INFO  epoch 18 evaluating [time: 2.95s, valid_score: 0.894400]
Fri 29 Nov 2024 11:44:58 INFO  valid result: 
recall@5 : 0.903    recall@10 : 0.912    recall@101 : 1.0    ndcg@5 : 0.8915    ndcg@10 : 0.8944    ndcg@101 : 0.9084    mrr@5 : 0.8875    mrr@10 : 0.8887    mrr@101 : 0.89    
Fri 29 Nov 2024 11:47:56 INFO  epoch 19 training [time: 178.23s, train loss: 870.6066]
Fri 29 Nov 2024 11:47:59 INFO  epoch 19 evaluating [time: 2.90s, valid_score: 0.892600]
Fri 29 Nov 2024 11:47:59 INFO  valid result: 
recall@5 : 0.9025    recall@10 : 0.91    recall@101 : 1.0    ndcg@5 : 0.8901    ndcg@10 : 0.8926    ndcg@101 : 0.9074    mrr@5 : 0.886    mrr@10 : 0.887    mrr@101 : 0.8886    
Fri 29 Nov 2024 11:50:57 INFO  epoch 20 training [time: 178.34s, train loss: 844.1377]
Fri 29 Nov 2024 11:51:00 INFO  epoch 20 evaluating [time: 2.93s, valid_score: 0.893300]
Fri 29 Nov 2024 11:51:00 INFO  valid result: 
recall@5 : 0.9015    recall@10 : 0.91    recall@101 : 1.0    ndcg@5 : 0.8905    ndcg@10 : 0.8933    ndcg@101 : 0.9078    mrr@5 : 0.8867    mrr@10 : 0.888    mrr@101 : 0.8894    
Fri 29 Nov 2024 11:53:59 INFO  epoch 21 training [time: 178.98s, train loss: 825.2929]
Fri 29 Nov 2024 11:54:02 INFO  epoch 21 evaluating [time: 2.94s, valid_score: 0.892500]
Fri 29 Nov 2024 11:54:02 INFO  valid result: 
recall@5 : 0.904    recall@10 : 0.9105    recall@101 : 1.0    ndcg@5 : 0.8904    ndcg@10 : 0.8925    ndcg@101 : 0.907    mrr@5 : 0.8859    mrr@10 : 0.8868    mrr@101 : 0.8882    
Fri 29 Nov 2024 11:57:01 INFO  epoch 22 training [time: 178.79s, train loss: 804.9775]
Fri 29 Nov 2024 11:57:04 INFO  epoch 22 evaluating [time: 2.96s, valid_score: 0.892500]
Fri 29 Nov 2024 11:57:04 INFO  valid result: 
recall@5 : 0.9    recall@10 : 0.911    recall@101 : 1.0    ndcg@5 : 0.889    ndcg@10 : 0.8925    ndcg@101 : 0.907    mrr@5 : 0.8853    mrr@10 : 0.8867    mrr@101 : 0.8882    
Fri 29 Nov 2024 12:00:01 INFO  epoch 23 training [time: 177.50s, train loss: 790.6139]
Fri 29 Nov 2024 12:00:04 INFO  epoch 23 evaluating [time: 2.95s, valid_score: 0.891600]
Fri 29 Nov 2024 12:00:04 INFO  valid result: 
recall@5 : 0.899    recall@10 : 0.908    recall@101 : 1.0    ndcg@5 : 0.8887    ndcg@10 : 0.8916    ndcg@101 : 0.9068    mrr@5 : 0.8853    mrr@10 : 0.8864    mrr@101 : 0.8881    
Fri 29 Nov 2024 12:00:04 INFO  Finished training, best eval result in epoch 12
Fri 29 Nov 2024 12:00:04 INFO  test result: {'recall@5': 0.907, 'recall@10': 0.9145, 'recall@101': 1.0, 'ndcg@5': 0.8962, 'ndcg@10': 0.8987, 'ndcg@101': 0.9121, 'mrr@5': 0.8926, 'mrr@10': 0.8936, 'mrr@101': 0.8948}

n_heads=4
n_layers=4