Fri 29 Nov 2024 15:11:54 INFO  PID: 2386082
Fri 29 Nov 2024 15:11:54 INFO  Namespace(batch_size=2048, dataset='retail_beh', gpu_id=0, model='MBHT', valid_portion=0.1, validation=False)
Fri 29 Nov 2024 15:11:54 INFO  
General Hyper Parameters:
gpu_id = 0
use_gpu = True
seed = 2020
state = INFO
reproducibility = True
data_path = dataset/retail_beh
show_progress = True
save_dataset = False
save_dataloaders = False
benchmark_filename = ['train', 'test']

Training Hyper Parameters:
checkpoint_dir = saved
epochs = 300
train_batch_size = 64
learner = adam
learning_rate = 0.001
eval_step = 1
stopping_step = 10
clip_grad_norm = None
weight_decay = 0.0
loss_decimal_place = 4

Evaluation Hyper Parameters:
eval_args = {'mode': 'full', 'order': 'TO', 'split': {'RS': [0.8, 0.1, 0.1]}, 'group_by': 'user'}
metrics = ['Recall', 'NDCG', 'MRR']
topk = [5, 10, 101]
valid_metric = NDCG@10
valid_metric_bigger = True
eval_batch_size = 128
metric_decimal_place = 4

Dataset Hyper Parameters:
field_separator = 	
seq_separator =  
USER_ID_FIELD = session_id
ITEM_ID_FIELD = item_id
RATING_FIELD = rating
TIME_FIELD = timestamp
seq_len = None
LABEL_FIELD = label
threshold = None
NEG_PREFIX = neg_
load_col = None
unload_col = None
unused_col = None
additional_feat_suffix = None
rm_dup_inter = None
val_interval = None
filter_inter_by_user_or_item = True
user_inter_num_interval = [0,inf)
item_inter_num_interval = [0,inf)
alias_of_user_id = None
alias_of_item_id = ['item_id_list']
alias_of_entity_id = None
alias_of_relation_id = None
preload_weight = None
normalize_field = None
normalize_all = None
ITEM_LIST_LENGTH_FIELD = item_length
LIST_SUFFIX = _list
MAX_ITEM_LIST_LENGTH = 200
POSITION_FIELD = position_id
HEAD_ENTITY_ID_FIELD = head_id
TAIL_ENTITY_ID_FIELD = tail_id
RELATION_ID_FIELD = relation_id
ENTITY_ID_FIELD = entity_id

Other Hyper Parameters: 
neg_sampling = None
repeatable = True
n_layers = 2
n_heads = 2
hidden_size = 64
inner_size = 256
hidden_dropout_prob = 0.5
attn_dropout_prob = 0.5
hidden_act = gelu
layer_norm_eps = 1e-12
initializer_range = 0.02
mask_ratio = 0.2
loss_type = CE
customized_eval = 1
MODEL_TYPE = ModelType.SEQUENTIAL
hyper_len = 6
scales = [5, 4, 20]
enable_hg = 1
enable_ms = 1
abaltion = 
batch_size = 2048
MODEL_INPUT_TYPE = InputType.POINTWISE
eval_type = EvaluatorType.RANKING
device = cuda
train_neg_sample_args = {'strategy': 'none'}
eval_neg_sample_args = {'strategy': 'full', 'distribution': 'uniform'}


Fri 29 Nov 2024 15:11:55 INFO  retail_beh
The number of users: 30691
Average actions of users: 1.065167807103291
The number of items: 31240
Average actions of items: 3.388618223281849
The number of inters: 32690
The sparsity of the dataset: 99.99659048303167%
Remain Fields: ['session_id', 'item_id_list', 'item_type_list', 'item_id', 'item_length']
Fri 29 Nov 2024 15:11:57 INFO  MBHT(
  (type_embedding): Embedding(6, 64, padding_idx=0)
  (item_embedding): Embedding(31241, 64, padding_idx=0)
  (position_embedding): Embedding(201, 64)
  (trm_encoder): TransformerEncoder(
    (layer): ModuleList(
      (0-1): 2 x TransformerLayer(
        (multi_head_attention): MultiScaleAttention(
          (out_fc): Linear(in_features=260, out_features=200, bias=True)
          (attention1): LinearAttention(
            (E): Linear(in_features=200, out_features=5, bias=True)
            (F): Linear(in_features=200, out_features=5, bias=True)
            (W_V): Linear(in_features=64, out_features=64, bias=True)
            (W_K): Linear(in_features=64, out_features=64, bias=True)
            (W_Q): Linear(in_features=64, out_features=64, bias=True)
            (dense): Linear(in_features=64, out_features=64, bias=True)
            (attn_dropout): Dropout(p=0.5, inplace=False)
            (out_dropout): Dropout(p=0.5, inplace=False)
            (LayerNorm): LayerNorm((64,), eps=1e-12, elementwise_affine=True)
          )
          (attention2): MultiHeadAttention(
            (query): Linear(in_features=64, out_features=64, bias=True)
            (key): Linear(in_features=64, out_features=64, bias=True)
            (value): Linear(in_features=64, out_features=64, bias=True)
            (attn_dropout): Dropout(p=0.5, inplace=False)
            (dense): Linear(in_features=64, out_features=64, bias=True)
            (LayerNorm): LayerNorm((64,), eps=1e-12, elementwise_affine=True)
            (out_dropout): Dropout(p=0.5, inplace=False)
          )
        )
        (feed_forward): FeedForward(
          (dense_1): Linear(in_features=64, out_features=256, bias=True)
          (dense_2): Linear(in_features=256, out_features=64, bias=True)
          (LayerNorm): LayerNorm((64,), eps=1e-12, elementwise_affine=True)
          (dropout): Dropout(p=0.5, inplace=False)
        )
      )
    )
  )
  (hgnn_layer): HGNN(
    (hgc1): HGNN_conv()
    (hgc2): HGNN_conv()
    (out_fc): Linear(in_features=64, out_features=64, bias=True)
  )
  (LayerNorm): LayerNorm((64,), eps=1e-12, elementwise_affine=True)
  (dropout): Dropout(p=0.5, inplace=False)
  (hg_type_embedding): Embedding(6, 64, padding_idx=0)
)
Trainable parameters: 2276036
Fri 29 Nov 2024 15:12:01 INFO  epoch -1 evaluating [time: 3.57s, valid_score: 0.054900]
Fri 29 Nov 2024 15:12:01 INFO  valid result: 
recall@5 : 0.0625    recall@10 : 0.1245    recall@101 : 1.0    ndcg@5 : 0.0356    ndcg@10 : 0.0549    ndcg@101 : 0.2208    mrr@5 : 0.0271    mrr@10 : 0.0346    mrr@101 : 0.0609    
Fri 29 Nov 2024 15:14:53 INFO  epoch 0 training [time: 172.21s, train loss: 4535.1612]
Fri 29 Nov 2024 15:14:56 INFO  epoch 0 evaluating [time: 2.89s, valid_score: 0.529400]
Fri 29 Nov 2024 15:14:56 INFO  valid result: 
recall@5 : 0.6035    recall@10 : 0.686    recall@101 : 1.0    ndcg@5 : 0.5025    ndcg@10 : 0.5294    ndcg@101 : 0.5917    mrr@5 : 0.4689    mrr@10 : 0.4801    mrr@101 : 0.4912    
Fri 29 Nov 2024 15:14:56 INFO  Saving current best: saved/MBHT-retail_beh-Nov-29-2024_15-11-57.pth
Fri 29 Nov 2024 15:17:49 INFO  epoch 1 training [time: 173.17s, train loss: 3638.5175]
Fri 29 Nov 2024 15:17:52 INFO  epoch 1 evaluating [time: 2.87s, valid_score: 0.778900]
Fri 29 Nov 2024 15:17:52 INFO  valid result: 
recall@5 : 0.8205    recall@10 : 0.8475    recall@101 : 1.0    ndcg@5 : 0.7701    ndcg@10 : 0.7789    ndcg@101 : 0.806    mrr@5 : 0.753    mrr@10 : 0.7567    mrr@101 : 0.7604    
Fri 29 Nov 2024 15:17:52 INFO  Saving current best: saved/MBHT-retail_beh-Nov-29-2024_15-11-57.pth
Fri 29 Nov 2024 15:20:47 INFO  epoch 2 training [time: 174.63s, train loss: 2668.9741]
Fri 29 Nov 2024 15:20:50 INFO  epoch 2 evaluating [time: 2.94s, valid_score: 0.862800]
Fri 29 Nov 2024 15:20:50 INFO  valid result: 
recall@5 : 0.8805    recall@10 : 0.89    recall@101 : 1.0    ndcg@5 : 0.8597    ndcg@10 : 0.8628    ndcg@101 : 0.882    mrr@5 : 0.8526    mrr@10 : 0.8539    mrr@101 : 0.8563    
Fri 29 Nov 2024 15:20:50 INFO  Saving current best: saved/MBHT-retail_beh-Nov-29-2024_15-11-57.pth
Fri 29 Nov 2024 15:23:44 INFO  epoch 3 training [time: 174.28s, train loss: 2080.5380]
Fri 29 Nov 2024 15:23:47 INFO  epoch 3 evaluating [time: 2.86s, valid_score: 0.871500]
Fri 29 Nov 2024 15:23:47 INFO  valid result: 
recall@5 : 0.8865    recall@10 : 0.8945    recall@101 : 1.0    ndcg@5 : 0.869    ndcg@10 : 0.8715    ndcg@101 : 0.8895    mrr@5 : 0.8631    mrr@10 : 0.8641    mrr@101 : 0.8663    
Fri 29 Nov 2024 15:23:47 INFO  Saving current best: saved/MBHT-retail_beh-Nov-29-2024_15-11-57.pth
Fri 29 Nov 2024 15:26:37 INFO  epoch 4 training [time: 170.47s, train loss: 1799.3545]
Fri 29 Nov 2024 15:26:40 INFO  epoch 4 evaluating [time: 2.83s, valid_score: 0.882400]
Fri 29 Nov 2024 15:26:40 INFO  valid result: 
recall@5 : 0.894    recall@10 : 0.9035    recall@101 : 1.0    ndcg@5 : 0.8794    ndcg@10 : 0.8824    ndcg@101 : 0.8981    mrr@5 : 0.8744    mrr@10 : 0.8757    mrr@101 : 0.8773    
Fri 29 Nov 2024 15:26:40 INFO  Saving current best: saved/MBHT-retail_beh-Nov-29-2024_15-11-57.pth
Fri 29 Nov 2024 15:29:35 INFO  epoch 5 training [time: 174.35s, train loss: 1616.6402]
Fri 29 Nov 2024 15:29:38 INFO  epoch 5 evaluating [time: 2.91s, valid_score: 0.891300]
Fri 29 Nov 2024 15:29:38 INFO  valid result: 
recall@5 : 0.9035    recall@10 : 0.9105    recall@101 : 1.0    ndcg@5 : 0.8891    ndcg@10 : 0.8913    ndcg@101 : 0.906    mrr@5 : 0.8843    mrr@10 : 0.8852    mrr@101 : 0.8867    
Fri 29 Nov 2024 15:29:38 INFO  Saving current best: saved/MBHT-retail_beh-Nov-29-2024_15-11-57.pth
Fri 29 Nov 2024 15:32:31 INFO  epoch 6 training [time: 173.18s, train loss: 1500.6529]
Fri 29 Nov 2024 15:32:34 INFO  epoch 6 evaluating [time: 2.85s, valid_score: 0.897400]
Fri 29 Nov 2024 15:32:34 INFO  valid result: 
recall@5 : 0.905    recall@10 : 0.912    recall@101 : 1.0    ndcg@5 : 0.8951    ndcg@10 : 0.8974    ndcg@101 : 0.9118    mrr@5 : 0.8918    mrr@10 : 0.8927    mrr@101 : 0.8942    
Fri 29 Nov 2024 15:32:34 INFO  Saving current best: saved/MBHT-retail_beh-Nov-29-2024_15-11-57.pth
Fri 29 Nov 2024 15:35:28 INFO  epoch 7 training [time: 174.05s, train loss: 1403.3771]
Fri 29 Nov 2024 15:35:31 INFO  epoch 7 evaluating [time: 2.95s, valid_score: 0.897100]
Fri 29 Nov 2024 15:35:31 INFO  valid result: 
recall@5 : 0.907    recall@10 : 0.9125    recall@101 : 1.0    ndcg@5 : 0.8953    ndcg@10 : 0.8971    ndcg@101 : 0.9112    mrr@5 : 0.8914    mrr@10 : 0.8921    mrr@101 : 0.8935    
Fri 29 Nov 2024 15:38:25 INFO  epoch 8 training [time: 174.43s, train loss: 1323.9982]
Fri 29 Nov 2024 15:38:28 INFO  epoch 8 evaluating [time: 2.85s, valid_score: 0.898100]
Fri 29 Nov 2024 15:38:28 INFO  valid result: 
recall@5 : 0.9075    recall@10 : 0.9135    recall@101 : 1.0    ndcg@5 : 0.8961    ndcg@10 : 0.8981    ndcg@101 : 0.9121    mrr@5 : 0.8923    mrr@10 : 0.8931    mrr@101 : 0.8945    
Fri 29 Nov 2024 15:38:28 INFO  Saving current best: saved/MBHT-retail_beh-Nov-29-2024_15-11-57.pth
Fri 29 Nov 2024 15:41:21 INFO  epoch 9 training [time: 172.78s, train loss: 1268.1686]
Fri 29 Nov 2024 15:41:24 INFO  epoch 9 evaluating [time: 2.91s, valid_score: 0.897400]
Fri 29 Nov 2024 15:41:24 INFO  valid result: 
recall@5 : 0.907    recall@10 : 0.911    recall@101 : 1.0    ndcg@5 : 0.8961    ndcg@10 : 0.8974    ndcg@101 : 0.912    mrr@5 : 0.8924    mrr@10 : 0.8929    mrr@101 : 0.8945    
Fri 29 Nov 2024 15:44:18 INFO  epoch 10 training [time: 174.57s, train loss: 1197.3653]
Fri 29 Nov 2024 15:44:21 INFO  epoch 10 evaluating [time: 2.92s, valid_score: 0.896300]
Fri 29 Nov 2024 15:44:21 INFO  valid result: 
recall@5 : 0.9065    recall@10 : 0.911    recall@101 : 1.0    ndcg@5 : 0.8948    ndcg@10 : 0.8963    ndcg@101 : 0.911    mrr@5 : 0.891    mrr@10 : 0.8916    mrr@101 : 0.8932    
Fri 29 Nov 2024 15:47:13 INFO  epoch 11 training [time: 171.80s, train loss: 1151.2925]
Fri 29 Nov 2024 15:47:16 INFO  epoch 11 evaluating [time: 2.84s, valid_score: 0.894100]
Fri 29 Nov 2024 15:47:16 INFO  valid result: 
recall@5 : 0.9045    recall@10 : 0.91    recall@101 : 1.0    ndcg@5 : 0.8923    ndcg@10 : 0.8941    ndcg@101 : 0.9089    mrr@5 : 0.8882    mrr@10 : 0.8889    mrr@101 : 0.8905    
Fri 29 Nov 2024 15:50:10 INFO  epoch 12 training [time: 173.97s, train loss: 1092.1937]
Fri 29 Nov 2024 15:50:13 INFO  epoch 12 evaluating [time: 2.97s, valid_score: 0.896700]
Fri 29 Nov 2024 15:50:13 INFO  valid result: 
recall@5 : 0.907    recall@10 : 0.9145    recall@101 : 1.0    ndcg@5 : 0.8943    ndcg@10 : 0.8967    ndcg@101 : 0.9105    mrr@5 : 0.89    mrr@10 : 0.891    mrr@101 : 0.8924    
Fri 29 Nov 2024 15:53:08 INFO  epoch 13 training [time: 174.85s, train loss: 1050.7457]
Fri 29 Nov 2024 15:53:11 INFO  epoch 13 evaluating [time: 2.87s, valid_score: 0.895900]
Fri 29 Nov 2024 15:53:11 INFO  valid result: 
recall@5 : 0.906    recall@10 : 0.9125    recall@101 : 1.0    ndcg@5 : 0.8937    ndcg@10 : 0.8959    ndcg@101 : 0.91    mrr@5 : 0.8896    mrr@10 : 0.8905    mrr@101 : 0.8919    
Fri 29 Nov 2024 15:56:04 INFO  epoch 14 training [time: 173.58s, train loss: 1010.1556]
Fri 29 Nov 2024 15:56:07 INFO  epoch 14 evaluating [time: 2.86s, valid_score: 0.893000]
Fri 29 Nov 2024 15:56:07 INFO  valid result: 
recall@5 : 0.904    recall@10 : 0.9125    recall@101 : 1.0    ndcg@5 : 0.8902    ndcg@10 : 0.893    ndcg@101 : 0.9069    mrr@5 : 0.8856    mrr@10 : 0.8868    mrr@101 : 0.888    
Fri 29 Nov 2024 15:59:02 INFO  epoch 15 training [time: 174.56s, train loss: 972.5217]
Fri 29 Nov 2024 15:59:04 INFO  epoch 15 evaluating [time: 2.89s, valid_score: 0.895400]
Fri 29 Nov 2024 15:59:04 INFO  valid result: 
recall@5 : 0.905    recall@10 : 0.914    recall@101 : 1.0    ndcg@5 : 0.8924    ndcg@10 : 0.8954    ndcg@101 : 0.9093    mrr@5 : 0.8882    mrr@10 : 0.8895    mrr@101 : 0.8909    
Fri 29 Nov 2024 16:01:58 INFO  epoch 16 training [time: 173.76s, train loss: 947.2002]
Fri 29 Nov 2024 16:02:01 INFO  epoch 16 evaluating [time: 2.92s, valid_score: 0.895600]
Fri 29 Nov 2024 16:02:01 INFO  valid result: 
recall@5 : 0.9075    recall@10 : 0.9155    recall@101 : 1.0    ndcg@5 : 0.893    ndcg@10 : 0.8956    ndcg@101 : 0.9089    mrr@5 : 0.8882    mrr@10 : 0.8892    mrr@101 : 0.8904    
Fri 29 Nov 2024 16:04:57 INFO  epoch 17 training [time: 175.76s, train loss: 910.8149]
Fri 29 Nov 2024 16:05:00 INFO  epoch 17 evaluating [time: 2.86s, valid_score: 0.895300]
Fri 29 Nov 2024 16:05:00 INFO  valid result: 
recall@5 : 0.9065    recall@10 : 0.914    recall@101 : 1.0    ndcg@5 : 0.8928    ndcg@10 : 0.8953    ndcg@101 : 0.9089    mrr@5 : 0.8883    mrr@10 : 0.8893    mrr@101 : 0.8905    
Fri 29 Nov 2024 16:07:51 INFO  epoch 18 training [time: 171.36s, train loss: 891.0452]
Fri 29 Nov 2024 16:07:54 INFO  epoch 18 evaluating [time: 2.84s, valid_score: 0.893100]
Fri 29 Nov 2024 16:07:54 INFO  valid result: 
recall@5 : 0.905    recall@10 : 0.9115    recall@101 : 1.0    ndcg@5 : 0.891    ndcg@10 : 0.8931    ndcg@101 : 0.9075    mrr@5 : 0.8864    mrr@10 : 0.8872    mrr@101 : 0.8887    
Fri 29 Nov 2024 16:10:48 INFO  epoch 19 training [time: 174.04s, train loss: 867.4129]
Fri 29 Nov 2024 16:10:51 INFO  epoch 19 evaluating [time: 2.88s, valid_score: 0.894900]
Fri 29 Nov 2024 16:10:51 INFO  valid result: 
recall@5 : 0.9065    recall@10 : 0.914    recall@101 : 1.0    ndcg@5 : 0.8924    ndcg@10 : 0.8949    ndcg@101 : 0.9087    mrr@5 : 0.8877    mrr@10 : 0.8888    mrr@101 : 0.8901    
Fri 29 Nov 2024 16:10:51 INFO  Finished training, best eval result in epoch 8
Fri 29 Nov 2024 16:10:51 INFO  test result: {'recall@5': 0.9075, 'recall@10': 0.9135, 'recall@101': 1.0, 'ndcg@5': 0.8961, 'ndcg@10': 0.8981, 'ndcg@101': 0.9121, 'mrr@5': 0.8923, 'mrr@10': 0.8931, 'mrr@101': 0.8945}

TransformerEncoder silu
