Sun 08 Dec 2024 10:15:06 INFO  PID: 241402
Sun 08 Dec 2024 10:15:06 INFO  Namespace(batch_size=2048, dataset='retail_beh', gpu_id=0, model='MBHT', valid_portion=0.1, validation=False)
Sun 08 Dec 2024 10:15:06 INFO  
General Hyper Parameters:
gpu_id = 0
use_gpu = True
seed = 2020
state = INFO
reproducibility = True
data_path = dataset/retail_beh
show_progress = True
save_dataset = False
save_dataloaders = False
benchmark_filename = ['train', 'test']

Training Hyper Parameters:
checkpoint_dir = saved
epochs = 300
train_batch_size = 64
learner = adam
learning_rate = 0.001
eval_step = 1
stopping_step = 10
clip_grad_norm = None
weight_decay = 0.0
loss_decimal_place = 4

Evaluation Hyper Parameters:
eval_args = {'mode': 'full', 'order': 'TO', 'split': {'RS': [0.8, 0.1, 0.1]}, 'group_by': 'user'}
metrics = ['Recall', 'NDCG', 'MRR']
topk = [5, 10, 101]
valid_metric = NDCG@10
valid_metric_bigger = True
eval_batch_size = 128
metric_decimal_place = 4

Dataset Hyper Parameters:
field_separator = 	
seq_separator =  
USER_ID_FIELD = session_id
ITEM_ID_FIELD = item_id
RATING_FIELD = rating
TIME_FIELD = timestamp
seq_len = None
LABEL_FIELD = label
threshold = None
NEG_PREFIX = neg_
load_col = None
unload_col = None
unused_col = None
additional_feat_suffix = None
rm_dup_inter = None
val_interval = None
filter_inter_by_user_or_item = True
user_inter_num_interval = [0,inf)
item_inter_num_interval = [0,inf)
alias_of_user_id = None
alias_of_item_id = ['item_id_list']
alias_of_entity_id = None
alias_of_relation_id = None
preload_weight = None
normalize_field = None
normalize_all = None
ITEM_LIST_LENGTH_FIELD = item_length
LIST_SUFFIX = _list
MAX_ITEM_LIST_LENGTH = 200
POSITION_FIELD = position_id
HEAD_ENTITY_ID_FIELD = head_id
TAIL_ENTITY_ID_FIELD = tail_id
RELATION_ID_FIELD = relation_id
ENTITY_ID_FIELD = entity_id

Other Hyper Parameters: 
neg_sampling = None
repeatable = True
n_layers = 2
n_heads = 2
hidden_size = 64
inner_size = 256
hidden_dropout_prob = 0.5
attn_dropout_prob = 0.5
hidden_act = gelu
layer_norm_eps = 1e-12
initializer_range = 0.02
mask_ratio = 0.2
loss_type = CE
customized_eval = 1
MODEL_TYPE = ModelType.SEQUENTIAL
hyper_len = 6
scales = [5, 4, 20, 40]
enable_hg = 1
enable_ms = 1
abaltion = 
batch_size = 2048
MODEL_INPUT_TYPE = InputType.POINTWISE
eval_type = EvaluatorType.RANKING
device = cuda
train_neg_sample_args = {'strategy': 'none'}
eval_neg_sample_args = {'strategy': 'full', 'distribution': 'uniform'}


Sun 08 Dec 2024 10:15:07 INFO  retail_beh
The number of users: 30691
Average actions of users: 1.065167807103291
The number of items: 31240
Average actions of items: 3.388618223281849
The number of inters: 32690
The sparsity of the dataset: 99.99659048303167%
Remain Fields: ['session_id', 'item_id_list', 'item_type_list', 'item_id', 'item_length']
Sun 08 Dec 2024 10:15:09 INFO  MBHT(
  (type_embedding): Embedding(6, 64, padding_idx=0)
  (item_embedding): Embedding(31241, 64, padding_idx=0)
  (position_embedding): Embedding(201, 64)
  (trm_encoder): TransformerEncoder(
    (layer): ModuleList(
      (0-1): 2 x TransformerLayer(
        (multi_head_attention): MultiScaleAttention(
          (out_fc): Linear(in_features=265, out_features=200, bias=True)
          (attention1): LinearAttention(
            (E): Linear(in_features=200, out_features=5, bias=True)
            (F): Linear(in_features=200, out_features=5, bias=True)
            (W_V): Linear(in_features=64, out_features=64, bias=True)
            (W_K): Linear(in_features=64, out_features=64, bias=True)
            (W_Q): Linear(in_features=64, out_features=64, bias=True)
            (dense): Linear(in_features=64, out_features=64, bias=True)
            (attn_dropout): Dropout(p=0.5, inplace=False)
            (out_dropout): Dropout(p=0.5, inplace=False)
            (LayerNorm): LayerNorm((64,), eps=1e-12, elementwise_affine=True)
          )
          (attention2): MultiHeadAttention(
            (query): Linear(in_features=64, out_features=64, bias=True)
            (key): Linear(in_features=64, out_features=64, bias=True)
            (value): Linear(in_features=64, out_features=64, bias=True)
            (attn_dropout): Dropout(p=0.5, inplace=False)
            (dense): Linear(in_features=64, out_features=64, bias=True)
            (LayerNorm): LayerNorm((64,), eps=1e-12, elementwise_affine=True)
            (out_dropout): Dropout(p=0.5, inplace=False)
          )
        )
        (feed_forward): FeedForward(
          (dense_1): Linear(in_features=64, out_features=256, bias=True)
          (dense_2): Linear(in_features=256, out_features=64, bias=True)
          (LayerNorm): LayerNorm((64,), eps=1e-12, elementwise_affine=True)
          (dropout): Dropout(p=0.5, inplace=False)
        )
      )
    )
  )
  (hgnn_layer): HGNN(
    (hgc1): HGNN_conv()
    (hgc2): HGNN_conv()
    (out_fc): Linear(in_features=64, out_features=64, bias=True)
  )
  (LayerNorm): LayerNorm((64,), eps=1e-12, elementwise_affine=True)
  (dropout): Dropout(p=0.5, inplace=False)
  (hg_type_embedding): Embedding(6, 64, padding_idx=0)
)
Trainable parameters: 2278036
Sun 08 Dec 2024 10:15:13 INFO  epoch -1 evaluating [time: 3.62s, valid_score: 0.125000]
Sun 08 Dec 2024 10:15:13 INFO  valid result: 
recall@5 : 0.1395    recall@10 : 0.224    recall@101 : 1.0    ndcg@5 : 0.0982    ndcg@10 : 0.125    ndcg@101 : 0.2703    mrr@5 : 0.0846    mrr@10 : 0.0954    mrr@101 : 0.1171    
Sun 08 Dec 2024 10:18:06 INFO  epoch 0 training [time: 173.66s, train loss: 4477.6980]
Sun 08 Dec 2024 10:18:09 INFO  epoch 0 evaluating [time: 2.85s, valid_score: 0.663400]
Sun 08 Dec 2024 10:18:09 INFO  valid result: 
recall@5 : 0.735    recall@10 : 0.814    recall@101 : 1.0    ndcg@5 : 0.6376    ndcg@10 : 0.6634    ndcg@101 : 0.7012    mrr@5 : 0.605    mrr@10 : 0.6157    mrr@101 : 0.6229    
Sun 08 Dec 2024 10:18:09 INFO  Saving current best: saved/MBHT-retail_beh-Dec-08-2024_10-15-09.pth
Sun 08 Dec 2024 10:21:03 INFO  epoch 1 training [time: 173.26s, train loss: 3501.0102]
Sun 08 Dec 2024 10:21:05 INFO  epoch 1 evaluating [time: 2.86s, valid_score: 0.823200]
Sun 08 Dec 2024 10:21:05 INFO  valid result: 
recall@5 : 0.858    recall@10 : 0.878    recall@101 : 1.0    ndcg@5 : 0.8167    ndcg@10 : 0.8232    ndcg@101 : 0.8446    mrr@5 : 0.8029    mrr@10 : 0.8056    mrr@101 : 0.8084    
Sun 08 Dec 2024 10:21:06 INFO  Saving current best: saved/MBHT-retail_beh-Dec-08-2024_10-15-09.pth
Sun 08 Dec 2024 10:23:59 INFO  epoch 2 training [time: 173.31s, train loss: 2598.3451]
Sun 08 Dec 2024 10:24:02 INFO  epoch 2 evaluating [time: 2.89s, valid_score: 0.866800]
Sun 08 Dec 2024 10:24:02 INFO  valid result: 
recall@5 : 0.885    recall@10 : 0.895    recall@101 : 1.0    ndcg@5 : 0.8636    ndcg@10 : 0.8668    ndcg@101 : 0.8844    mrr@5 : 0.8564    mrr@10 : 0.8577    mrr@101 : 0.8597    
Sun 08 Dec 2024 10:24:02 INFO  Saving current best: saved/MBHT-retail_beh-Dec-08-2024_10-15-09.pth
Sun 08 Dec 2024 10:26:59 INFO  epoch 3 training [time: 176.72s, train loss: 2058.6609]
Sun 08 Dec 2024 10:27:02 INFO  epoch 3 evaluating [time: 2.94s, valid_score: 0.884500]
Sun 08 Dec 2024 10:27:02 INFO  valid result: 
recall@5 : 0.8955    recall@10 : 0.903    recall@101 : 1.0    ndcg@5 : 0.8819    ndcg@10 : 0.8845    ndcg@101 : 0.901    mrr@5 : 0.8774    mrr@10 : 0.8785    mrr@101 : 0.8804    
Sun 08 Dec 2024 10:27:02 INFO  Saving current best: saved/MBHT-retail_beh-Dec-08-2024_10-15-09.pth
Sun 08 Dec 2024 10:29:56 INFO  epoch 4 training [time: 174.77s, train loss: 1782.2426]
Sun 08 Dec 2024 10:29:59 INFO  epoch 4 evaluating [time: 2.92s, valid_score: 0.890400]
Sun 08 Dec 2024 10:29:59 INFO  valid result: 
recall@5 : 0.9005    recall@10 : 0.905    recall@101 : 1.0    ndcg@5 : 0.889    ndcg@10 : 0.8904    ndcg@101 : 0.9068    mrr@5 : 0.8851    mrr@10 : 0.8857    mrr@101 : 0.8876    
Sun 08 Dec 2024 10:29:59 INFO  Saving current best: saved/MBHT-retail_beh-Dec-08-2024_10-15-09.pth
Sun 08 Dec 2024 10:32:54 INFO  epoch 5 training [time: 174.76s, train loss: 1628.2466]
Sun 08 Dec 2024 10:32:57 INFO  epoch 5 evaluating [time: 2.84s, valid_score: 0.892100]
Sun 08 Dec 2024 10:32:57 INFO  valid result: 
recall@5 : 0.901    recall@10 : 0.906    recall@101 : 1.0    ndcg@5 : 0.8905    ndcg@10 : 0.8921    ndcg@101 : 0.908    mrr@5 : 0.8869    mrr@10 : 0.8876    mrr@101 : 0.8895    
Sun 08 Dec 2024 10:32:57 INFO  Saving current best: saved/MBHT-retail_beh-Dec-08-2024_10-15-09.pth
Sun 08 Dec 2024 10:35:52 INFO  epoch 6 training [time: 174.44s, train loss: 1511.2523]
Sun 08 Dec 2024 10:35:54 INFO  epoch 6 evaluating [time: 2.84s, valid_score: 0.897000]
Sun 08 Dec 2024 10:35:54 INFO  valid result: 
recall@5 : 0.9035    recall@10 : 0.9115    recall@101 : 1.0    ndcg@5 : 0.8943    ndcg@10 : 0.897    ndcg@101 : 0.9135    mrr@5 : 0.8913    mrr@10 : 0.8924    mrr@101 : 0.8948    
Sun 08 Dec 2024 10:35:54 INFO  Saving current best: saved/MBHT-retail_beh-Dec-08-2024_10-15-09.pth
Sun 08 Dec 2024 10:38:49 INFO  epoch 7 training [time: 174.82s, train loss: 1422.9661]
Sun 08 Dec 2024 10:38:52 INFO  epoch 7 evaluating [time: 2.85s, valid_score: 0.912100]
Sun 08 Dec 2024 10:38:52 INFO  valid result: 
recall@5 : 0.917    recall@10 : 0.9445    recall@101 : 1.0    ndcg@5 : 0.9029    ndcg@10 : 0.9121    ndcg@101 : 0.9219    mrr@5 : 0.8983    mrr@10 : 0.9023    mrr@101 : 0.9035    
Sun 08 Dec 2024 10:38:52 INFO  Saving current best: saved/MBHT-retail_beh-Dec-08-2024_10-15-09.pth
Sun 08 Dec 2024 10:41:47 INFO  epoch 8 training [time: 174.55s, train loss: 1343.5003]
Sun 08 Dec 2024 10:41:50 INFO  epoch 8 evaluating [time: 2.84s, valid_score: 0.901300]
Sun 08 Dec 2024 10:41:50 INFO  valid result: 
recall@5 : 0.9115    recall@10 : 0.921    recall@101 : 1.0    ndcg@5 : 0.8982    ndcg@10 : 0.9013    ndcg@101 : 0.9172    mrr@5 : 0.8937    mrr@10 : 0.895    mrr@101 : 0.8981    
Sun 08 Dec 2024 10:44:43 INFO  epoch 9 training [time: 173.80s, train loss: 1274.4796]
Sun 08 Dec 2024 10:44:46 INFO  epoch 9 evaluating [time: 2.84s, valid_score: 0.926500]
Sun 08 Dec 2024 10:44:46 INFO  valid result: 
recall@5 : 0.94    recall@10 : 0.947    recall@101 : 1.0    ndcg@5 : 0.9242    ndcg@10 : 0.9265    ndcg@101 : 0.9356    mrr@5 : 0.919    mrr@10 : 0.9199    mrr@101 : 0.921    
Sun 08 Dec 2024 10:44:46 INFO  Saving current best: saved/MBHT-retail_beh-Dec-08-2024_10-15-09.pth
Sun 08 Dec 2024 10:47:41 INFO  epoch 10 training [time: 174.92s, train loss: 1205.4957]
Sun 08 Dec 2024 10:47:44 INFO  epoch 10 evaluating [time: 2.92s, valid_score: 0.934500]
Sun 08 Dec 2024 10:47:44 INFO  valid result: 
recall@5 : 0.9415    recall@10 : 0.9495    recall@101 : 1.0    ndcg@5 : 0.9319    ndcg@10 : 0.9345    ndcg@101 : 0.9436    mrr@5 : 0.9287    mrr@10 : 0.9298    mrr@101 : 0.9311    
Sun 08 Dec 2024 10:47:44 INFO  Saving current best: saved/MBHT-retail_beh-Dec-08-2024_10-15-09.pth
Sun 08 Dec 2024 10:50:40 INFO  epoch 11 training [time: 175.58s, train loss: 1156.3137]
Sun 08 Dec 2024 10:50:43 INFO  epoch 11 evaluating [time: 2.84s, valid_score: 0.917700]
Sun 08 Dec 2024 10:50:43 INFO  valid result: 
recall@5 : 0.9305    recall@10 : 0.9515    recall@101 : 1.0    ndcg@5 : 0.9107    ndcg@10 : 0.9177    ndcg@101 : 0.9265    mrr@5 : 0.9042    mrr@10 : 0.9072    mrr@101 : 0.9085    
Sun 08 Dec 2024 10:53:37 INFO  epoch 12 training [time: 174.31s, train loss: 1104.1470]
Sun 08 Dec 2024 10:53:40 INFO  epoch 12 evaluating [time: 2.89s, valid_score: 0.924500]
Sun 08 Dec 2024 10:53:40 INFO  valid result: 
recall@5 : 0.9435    recall@10 : 0.9515    recall@101 : 1.0    ndcg@5 : 0.9219    ndcg@10 : 0.9245    ndcg@101 : 0.9332    mrr@5 : 0.9148    mrr@10 : 0.9158    mrr@101 : 0.917    
Sun 08 Dec 2024 10:56:34 INFO  epoch 13 training [time: 174.52s, train loss: 1072.1189]
Sun 08 Dec 2024 10:56:37 INFO  epoch 13 evaluating [time: 2.93s, valid_score: 0.909600]
Sun 08 Dec 2024 10:56:37 INFO  valid result: 
recall@5 : 0.927    recall@10 : 0.937    recall@101 : 1.0    ndcg@5 : 0.9064    ndcg@10 : 0.9096    ndcg@101 : 0.9212    mrr@5 : 0.8994    mrr@10 : 0.9008    mrr@101 : 0.9024    
Sun 08 Dec 2024 10:59:32 INFO  epoch 14 training [time: 175.00s, train loss: 1022.4833]
Sun 08 Dec 2024 10:59:35 INFO  epoch 14 evaluating [time: 2.98s, valid_score: 0.924000]
Sun 08 Dec 2024 10:59:35 INFO  valid result: 
recall@5 : 0.9355    recall@10 : 0.9415    recall@101 : 1.0    ndcg@5 : 0.9221    ndcg@10 : 0.924    ndcg@101 : 0.9349    mrr@5 : 0.9176    mrr@10 : 0.9184    mrr@101 : 0.9201    
Sun 08 Dec 2024 11:02:33 INFO  epoch 15 training [time: 177.14s, train loss: 972.0893]
Sun 08 Dec 2024 11:02:35 INFO  epoch 15 evaluating [time: 2.97s, valid_score: 0.926500]
Sun 08 Dec 2024 11:02:35 INFO  valid result: 
recall@5 : 0.941    recall@10 : 0.95    recall@101 : 1.0    ndcg@5 : 0.9236    ndcg@10 : 0.9265    ndcg@101 : 0.9356    mrr@5 : 0.9177    mrr@10 : 0.9189    mrr@101 : 0.9202    
Sun 08 Dec 2024 11:05:31 INFO  epoch 16 training [time: 175.17s, train loss: 952.8618]
Sun 08 Dec 2024 11:05:34 INFO  epoch 16 evaluating [time: 2.89s, valid_score: 0.899100]
Sun 08 Dec 2024 11:05:34 INFO  valid result: 
recall@5 : 0.908    recall@10 : 0.9205    recall@101 : 1.0    ndcg@5 : 0.8951    ndcg@10 : 0.8991    ndcg@101 : 0.9147    mrr@5 : 0.8907    mrr@10 : 0.8923    mrr@101 : 0.8951    
Sun 08 Dec 2024 11:08:27 INFO  epoch 17 training [time: 173.92s, train loss: 917.4410]
Sun 08 Dec 2024 11:08:30 INFO  epoch 17 evaluating [time: 2.85s, valid_score: 0.928000]
Sun 08 Dec 2024 11:08:30 INFO  valid result: 
recall@5 : 0.935    recall@10 : 0.946    recall@101 : 1.0    ndcg@5 : 0.9245    ndcg@10 : 0.928    ndcg@101 : 0.9378    mrr@5 : 0.921    mrr@10 : 0.9224    mrr@101 : 0.9238    
Sun 08 Dec 2024 11:11:24 INFO  epoch 18 training [time: 173.47s, train loss: 887.4318]
Sun 08 Dec 2024 11:11:27 INFO  epoch 18 evaluating [time: 2.89s, valid_score: 0.917900]
Sun 08 Dec 2024 11:11:27 INFO  valid result: 
recall@5 : 0.9285    recall@10 : 0.9375    recall@101 : 1.0    ndcg@5 : 0.915    ndcg@10 : 0.9179    ndcg@101 : 0.9294    mrr@5 : 0.9104    mrr@10 : 0.9116    mrr@101 : 0.9133    
Sun 08 Dec 2024 11:14:21 INFO  epoch 19 training [time: 174.66s, train loss: 868.7909]
Sun 08 Dec 2024 11:14:24 INFO  epoch 19 evaluating [time: 2.88s, valid_score: 0.929900]
Sun 08 Dec 2024 11:14:24 INFO  valid result: 
recall@5 : 0.9405    recall@10 : 0.9495    recall@101 : 1.0    ndcg@5 : 0.927    ndcg@10 : 0.9299    ndcg@101 : 0.939    mrr@5 : 0.9224    mrr@10 : 0.9236    mrr@101 : 0.9249    
Sun 08 Dec 2024 11:17:19 INFO  epoch 20 training [time: 175.13s, train loss: 842.6686]
Sun 08 Dec 2024 11:17:22 INFO  epoch 20 evaluating [time: 2.94s, valid_score: 0.912800]
Sun 08 Dec 2024 11:17:22 INFO  valid result: 
recall@5 : 0.9375    recall@10 : 0.9435    recall@101 : 1.0    ndcg@5 : 0.9109    ndcg@10 : 0.9128    ndcg@101 : 0.923    mrr@5 : 0.902    mrr@10 : 0.9029    mrr@101 : 0.9043    
Sun 08 Dec 2024 11:20:17 INFO  epoch 21 training [time: 174.60s, train loss: 814.9533]
Sun 08 Dec 2024 11:20:20 INFO  epoch 21 evaluating [time: 2.92s, valid_score: 0.922900]
Sun 08 Dec 2024 11:20:20 INFO  valid result: 
recall@5 : 0.932    recall@10 : 0.9495    recall@101 : 1.0    ndcg@5 : 0.9171    ndcg@10 : 0.9229    ndcg@101 : 0.9318    mrr@5 : 0.9122    mrr@10 : 0.9146    mrr@101 : 0.9158    
Sun 08 Dec 2024 11:20:20 INFO  Finished training, best eval result in epoch 10
Sun 08 Dec 2024 11:20:20 INFO  test result: {'recall@5': 0.9415, 'recall@10': 0.9495, 'recall@101': 1.0, 'ndcg@5': 0.9319, 'ndcg@10': 0.9345, 'ndcg@101': 0.9436, 'mrr@5': 0.9287, 'mrr@10': 0.9298, 'mrr@101': 0.9311}
