Thu 28 Nov 2024 17:03:35 INFO  PID: 2170060
Thu 28 Nov 2024 17:03:35 INFO  Namespace(batch_size=2048, dataset='retail_beh', gpu_id=0, model='MBHT', valid_portion=0.1, validation=False)
Thu 28 Nov 2024 17:03:35 INFO  
General Hyper Parameters:
gpu_id = 0
use_gpu = True
seed = 2020
state = INFO
reproducibility = True
data_path = dataset/retail_beh
show_progress = True
save_dataset = False
save_dataloaders = False
benchmark_filename = ['train', 'test']

Training Hyper Parameters:
checkpoint_dir = saved
epochs = 300
train_batch_size = 64
learner = adam
learning_rate = 0.001
eval_step = 1
stopping_step = 10
clip_grad_norm = None
weight_decay = 0.0
loss_decimal_place = 4

Evaluation Hyper Parameters:
eval_args = {'mode': 'full', 'order': 'TO', 'split': {'RS': [0.8, 0.1, 0.1]}, 'group_by': 'user'}
metrics = ['Recall', 'NDCG', 'MRR']
topk = [5, 10, 101]
valid_metric = NDCG@10
valid_metric_bigger = True
eval_batch_size = 128
metric_decimal_place = 4

Dataset Hyper Parameters:
field_separator = 	
seq_separator =  
USER_ID_FIELD = session_id
ITEM_ID_FIELD = item_id
RATING_FIELD = rating
TIME_FIELD = timestamp
seq_len = None
LABEL_FIELD = label
threshold = None
NEG_PREFIX = neg_
load_col = None
unload_col = None
unused_col = None
additional_feat_suffix = None
rm_dup_inter = None
val_interval = None
filter_inter_by_user_or_item = True
user_inter_num_interval = [0,inf)
item_inter_num_interval = [0,inf)
alias_of_user_id = None
alias_of_item_id = ['item_id_list']
alias_of_entity_id = None
alias_of_relation_id = None
preload_weight = None
normalize_field = None
normalize_all = None
ITEM_LIST_LENGTH_FIELD = item_length
LIST_SUFFIX = _list
MAX_ITEM_LIST_LENGTH = 200
POSITION_FIELD = position_id
HEAD_ENTITY_ID_FIELD = head_id
TAIL_ENTITY_ID_FIELD = tail_id
RELATION_ID_FIELD = relation_id
ENTITY_ID_FIELD = entity_id

Other Hyper Parameters: 
neg_sampling = None
repeatable = True
n_layers = 2
n_heads = 2
hidden_size = 64
inner_size = 256
hidden_dropout_prob = 0.5
attn_dropout_prob = 0.5
hidden_act = gelu
layer_norm_eps = 1e-12
initializer_range = 0.02
mask_ratio = 0.2
loss_type = CE
customized_eval = 1
MODEL_TYPE = ModelType.SEQUENTIAL
hyper_len = 6
scales = [5, 4, 20]
enable_hg = 1
enable_ms = 1
abaltion = 
batch_size = 2048
MODEL_INPUT_TYPE = InputType.POINTWISE
eval_type = EvaluatorType.RANKING
device = cuda
train_neg_sample_args = {'strategy': 'none'}
eval_neg_sample_args = {'strategy': 'full', 'distribution': 'uniform'}


Thu 28 Nov 2024 17:03:35 INFO  retail_beh
The number of users: 30691
Average actions of users: 1.065167807103291
The number of items: 31240
Average actions of items: 3.388618223281849
The number of inters: 32690
The sparsity of the dataset: 99.99659048303167%
Remain Fields: ['session_id', 'item_id_list', 'item_type_list', 'item_id', 'item_length']
Thu 28 Nov 2024 17:03:37 INFO  MBHT(
  (type_embedding): Embedding(6, 64, padding_idx=0)
  (item_embedding): Embedding(31241, 64, padding_idx=0)
  (position_embedding): Embedding(201, 64)
  (trm_encoder): TransformerEncoder(
    (layer): ModuleList(
      (0-1): 2 x TransformerLayer(
        (multi_head_attention): MultiScaleAttention(
          (out_fc): Linear(in_features=260, out_features=200, bias=True)
          (attention1): LinearAttention(
            (E): Linear(in_features=200, out_features=5, bias=True)
            (F): Linear(in_features=200, out_features=5, bias=True)
            (W_V): Linear(in_features=64, out_features=64, bias=True)
            (W_K): Linear(in_features=64, out_features=64, bias=True)
            (W_Q): Linear(in_features=64, out_features=64, bias=True)
            (dense): Linear(in_features=64, out_features=64, bias=True)
            (attn_dropout): Dropout(p=0.5, inplace=False)
            (out_dropout): Dropout(p=0.5, inplace=False)
            (LayerNorm): LayerNorm((64,), eps=1e-12, elementwise_affine=True)
          )
          (attention2): MultiHeadAttention(
            (query): Linear(in_features=64, out_features=64, bias=True)
            (key): Linear(in_features=64, out_features=64, bias=True)
            (value): Linear(in_features=64, out_features=64, bias=True)
            (attn_dropout): Dropout(p=0.5, inplace=False)
            (dense): Linear(in_features=64, out_features=64, bias=True)
            (LayerNorm): LayerNorm((64,), eps=1e-12, elementwise_affine=True)
            (out_dropout): Dropout(p=0.5, inplace=False)
          )
        )
        (feed_forward): FeedForward(
          (dense_1): Linear(in_features=64, out_features=256, bias=True)
          (dense_2): Linear(in_features=256, out_features=64, bias=True)
          (LayerNorm): LayerNorm((64,), eps=1e-12, elementwise_affine=True)
          (dropout): Dropout(p=0.5, inplace=False)
        )
      )
    )
  )
  (hgnn_layer): HGNN(
    (hgc1): HGNN_conv()
    (hgc2): HGNN_conv()
    (out_fc): Linear(in_features=64, out_features=64, bias=True)
  )
  (LayerNorm): LayerNorm((64,), eps=1e-12, elementwise_affine=True)
  (dropout): Dropout(p=0.5, inplace=False)
  (hg_type_embedding): Embedding(6, 64, padding_idx=0)
)
Trainable parameters: 2276036
Thu 28 Nov 2024 17:03:41 INFO  epoch -1 evaluating [time: 3.60s, valid_score: 0.040400]
Thu 28 Nov 2024 17:03:41 INFO  valid result: 
recall@5 : 0.0425    recall@10 : 0.0895    recall@101 : 1.0    ndcg@5 : 0.0255    ndcg@10 : 0.0404    ndcg@101 : 0.2061    mrr@5 : 0.02    mrr@10 : 0.026    mrr@101 : 0.0487    
Thu 28 Nov 2024 17:06:37 INFO  epoch 0 training [time: 175.81s, train loss: 4721.0655]
Thu 28 Nov 2024 17:06:40 INFO  epoch 0 evaluating [time: 2.93s, valid_score: 0.120500]
Thu 28 Nov 2024 17:06:40 INFO  valid result: 
recall@5 : 0.125    recall@10 : 0.144    recall@101 : 1.0    ndcg@5 : 0.1145    ndcg@10 : 0.1205    ndcg@101 : 0.2567    mrr@5 : 0.1111    mrr@10 : 0.1135    mrr@101 : 0.1259    
Thu 28 Nov 2024 17:06:40 INFO  Saving current best: saved/MBHT-retail_beh-Nov-28-2024_17-03-37.pth
Thu 28 Nov 2024 17:09:37 INFO  epoch 1 training [time: 177.40s, train loss: 4490.1869]
Thu 28 Nov 2024 17:09:40 INFO  epoch 1 evaluating [time: 2.95s, valid_score: 0.110300]
Thu 28 Nov 2024 17:09:40 INFO  valid result: 
recall@5 : 0.126    recall@10 : 0.157    recall@101 : 1.0    ndcg@5 : 0.1004    ndcg@10 : 0.1103    ndcg@101 : 0.2478    mrr@5 : 0.092    mrr@10 : 0.0961    mrr@101 : 0.1098    
Thu 28 Nov 2024 17:12:36 INFO  epoch 2 training [time: 176.29s, train loss: 4354.8510]
Thu 28 Nov 2024 17:12:39 INFO  epoch 2 evaluating [time: 2.95s, valid_score: 0.106100]
Thu 28 Nov 2024 17:12:39 INFO  valid result: 
recall@5 : 0.122    recall@10 : 0.1615    recall@101 : 1.0    ndcg@5 : 0.0934    ndcg@10 : 0.1061    ndcg@101 : 0.2481    mrr@5 : 0.0842    mrr@10 : 0.0894    mrr@101 : 0.1054    
Thu 28 Nov 2024 17:15:38 INFO  epoch 3 training [time: 178.32s, train loss: 4215.0706]
Thu 28 Nov 2024 17:15:41 INFO  epoch 3 evaluating [time: 2.93s, valid_score: 0.134300]
Thu 28 Nov 2024 17:15:41 INFO  valid result: 
recall@5 : 0.153    recall@10 : 0.22    recall@101 : 1.0    ndcg@5 : 0.1128    ndcg@10 : 0.1343    ndcg@101 : 0.2693    mrr@5 : 0.0995    mrr@10 : 0.1083    mrr@101 : 0.1248    
Thu 28 Nov 2024 17:15:41 INFO  Saving current best: saved/MBHT-retail_beh-Nov-28-2024_17-03-37.pth
Thu 28 Nov 2024 17:18:38 INFO  epoch 4 training [time: 177.63s, train loss: 4080.5887]
Thu 28 Nov 2024 17:18:41 INFO  epoch 4 evaluating [time: 2.95s, valid_score: 0.209600]
Thu 28 Nov 2024 17:18:41 INFO  valid result: 
recall@5 : 0.2335    recall@10 : 0.3245    recall@101 : 1.0    ndcg@5 : 0.1802    ndcg@10 : 0.2096    ndcg@101 : 0.3341    mrr@5 : 0.1627    mrr@10 : 0.1748    mrr@101 : 0.1932    
Thu 28 Nov 2024 17:18:41 INFO  Saving current best: saved/MBHT-retail_beh-Nov-28-2024_17-03-37.pth
Thu 28 Nov 2024 17:21:38 INFO  epoch 5 training [time: 176.63s, train loss: 3952.8149]
Thu 28 Nov 2024 17:21:41 INFO  epoch 5 evaluating [time: 2.89s, valid_score: 0.309500]
Thu 28 Nov 2024 17:21:41 INFO  valid result: 
recall@5 : 0.3405    recall@10 : 0.4465    recall@101 : 1.0    ndcg@5 : 0.2751    ndcg@10 : 0.3095    ndcg@101 : 0.4137    mrr@5 : 0.2536    mrr@10 : 0.2679    mrr@101 : 0.284    
Thu 28 Nov 2024 17:21:41 INFO  Saving current best: saved/MBHT-retail_beh-Nov-28-2024_17-03-37.pth
Thu 28 Nov 2024 17:24:37 INFO  epoch 6 training [time: 175.99s, train loss: 3808.8662]
Thu 28 Nov 2024 17:24:40 INFO  epoch 6 evaluating [time: 2.87s, valid_score: 0.406500]
Thu 28 Nov 2024 17:24:40 INFO  valid result: 
recall@5 : 0.452    recall@10 : 0.56    recall@101 : 1.0    ndcg@5 : 0.3713    ndcg@10 : 0.4065    ndcg@101 : 0.491    mrr@5 : 0.3447    mrr@10 : 0.3593    mrr@101 : 0.3731    
Thu 28 Nov 2024 17:24:40 INFO  Saving current best: saved/MBHT-retail_beh-Nov-28-2024_17-03-37.pth
Thu 28 Nov 2024 17:27:37 INFO  epoch 7 training [time: 177.34s, train loss: 3634.0086]
Thu 28 Nov 2024 17:27:40 INFO  epoch 7 evaluating [time: 2.95s, valid_score: 0.419100]
Thu 28 Nov 2024 17:27:40 INFO  valid result: 
recall@5 : 0.483    recall@10 : 0.5785    recall@101 : 1.0    ndcg@5 : 0.3883    ndcg@10 : 0.4191    ndcg@101 : 0.4997    mrr@5 : 0.3569    mrr@10 : 0.3696    mrr@101 : 0.3825    
Thu 28 Nov 2024 17:27:40 INFO  Saving current best: saved/MBHT-retail_beh-Nov-28-2024_17-03-37.pth
Thu 28 Nov 2024 17:30:36 INFO  epoch 8 training [time: 175.76s, train loss: 3454.8516]
Thu 28 Nov 2024 17:30:39 INFO  epoch 8 evaluating [time: 2.96s, valid_score: 0.404200]
Thu 28 Nov 2024 17:30:39 INFO  valid result: 
recall@5 : 0.466    recall@10 : 0.55    recall@101 : 1.0    ndcg@5 : 0.3771    ndcg@10 : 0.4042    ndcg@101 : 0.4916    mrr@5 : 0.3476    mrr@10 : 0.3587    mrr@101 : 0.3734    
Thu 28 Nov 2024 17:33:39 INFO  epoch 9 training [time: 179.55s, train loss: 3296.8652]
Thu 28 Nov 2024 17:33:42 INFO  epoch 9 evaluating [time: 2.97s, valid_score: 0.424600]
Thu 28 Nov 2024 17:33:42 INFO  valid result: 
recall@5 : 0.481    recall@10 : 0.56    recall@101 : 1.0    ndcg@5 : 0.3992    ndcg@10 : 0.4246    ndcg@101 : 0.5075    mrr@5 : 0.372    mrr@10 : 0.3825    mrr@101 : 0.3953    
Thu 28 Nov 2024 17:33:42 INFO  Saving current best: saved/MBHT-retail_beh-Nov-28-2024_17-03-37.pth
Thu 28 Nov 2024 17:36:40 INFO  epoch 10 training [time: 178.09s, train loss: 3153.1192]
Thu 28 Nov 2024 17:36:43 INFO  epoch 10 evaluating [time: 2.96s, valid_score: 0.481900]
Thu 28 Nov 2024 17:36:43 INFO  valid result: 
recall@5 : 0.539    recall@10 : 0.6185    recall@101 : 1.0    ndcg@5 : 0.4563    ndcg@10 : 0.4819    ndcg@101 : 0.5562    mrr@5 : 0.4288    mrr@10 : 0.4393    mrr@101 : 0.4518    
Thu 28 Nov 2024 17:36:43 INFO  Saving current best: saved/MBHT-retail_beh-Nov-28-2024_17-03-37.pth
Thu 28 Nov 2024 17:39:40 INFO  epoch 11 training [time: 177.00s, train loss: 3005.7570]
Thu 28 Nov 2024 17:39:43 INFO  epoch 11 evaluating [time: 2.96s, valid_score: 0.546500]
Thu 28 Nov 2024 17:39:43 INFO  valid result: 
recall@5 : 0.6265    recall@10 : 0.702    recall@101 : 1.0    ndcg@5 : 0.522    ndcg@10 : 0.5465    ndcg@101 : 0.6045    mrr@5 : 0.4871    mrr@10 : 0.4972    mrr@101 : 0.5069    
Thu 28 Nov 2024 17:39:43 INFO  Saving current best: saved/MBHT-retail_beh-Nov-28-2024_17-03-37.pth
Thu 28 Nov 2024 17:42:42 INFO  epoch 12 training [time: 178.74s, train loss: 2860.8043]
Thu 28 Nov 2024 17:42:45 INFO  epoch 12 evaluating [time: 2.92s, valid_score: 0.586900]
Thu 28 Nov 2024 17:42:45 INFO  valid result: 
recall@5 : 0.637    recall@10 : 0.7155    recall@101 : 1.0    ndcg@5 : 0.5614    ndcg@10 : 0.5869    ndcg@101 : 0.6431    mrr@5 : 0.5363    mrr@10 : 0.5469    mrr@101 : 0.5567    
Thu 28 Nov 2024 17:42:45 INFO  Saving current best: saved/MBHT-retail_beh-Nov-28-2024_17-03-37.pth
Thu 28 Nov 2024 17:45:43 INFO  epoch 13 training [time: 177.80s, train loss: 2736.2142]
Thu 28 Nov 2024 17:45:45 INFO  epoch 13 evaluating [time: 2.95s, valid_score: 0.619300]
Thu 28 Nov 2024 17:45:45 INFO  valid result: 
recall@5 : 0.678    recall@10 : 0.7425    recall@101 : 1.0    ndcg@5 : 0.5985    ndcg@10 : 0.6193    ndcg@101 : 0.67    mrr@5 : 0.572    mrr@10 : 0.5806    mrr@101 : 0.5894    
Thu 28 Nov 2024 17:45:46 INFO  Saving current best: saved/MBHT-retail_beh-Nov-28-2024_17-03-37.pth
Thu 28 Nov 2024 17:48:44 INFO  epoch 14 training [time: 178.69s, train loss: 2621.3983]
Thu 28 Nov 2024 17:48:47 INFO  epoch 14 evaluating [time: 2.93s, valid_score: 0.653100]
Thu 28 Nov 2024 17:48:47 INFO  valid result: 
recall@5 : 0.711    recall@10 : 0.7655    recall@101 : 1.0    ndcg@5 : 0.6354    ndcg@10 : 0.6531    ndcg@101 : 0.6993    mrr@5 : 0.6103    mrr@10 : 0.6177    mrr@101 : 0.6256    
Thu 28 Nov 2024 17:48:47 INFO  Saving current best: saved/MBHT-retail_beh-Nov-28-2024_17-03-37.pth
Thu 28 Nov 2024 17:51:45 INFO  epoch 15 training [time: 178.01s, train loss: 2514.8567]
Thu 28 Nov 2024 17:51:48 INFO  epoch 15 evaluating [time: 2.88s, valid_score: 0.665200]
Thu 28 Nov 2024 17:51:48 INFO  valid result: 
recall@5 : 0.7185    recall@10 : 0.781    recall@101 : 1.0    ndcg@5 : 0.6449    ndcg@10 : 0.6652    ndcg@101 : 0.7084    mrr@5 : 0.6205    mrr@10 : 0.6289    mrr@101 : 0.6364    
Thu 28 Nov 2024 17:51:48 INFO  Saving current best: saved/MBHT-retail_beh-Nov-28-2024_17-03-37.pth
Thu 28 Nov 2024 17:54:47 INFO  epoch 16 training [time: 178.69s, train loss: 2424.3911]
Thu 28 Nov 2024 17:54:50 INFO  epoch 16 evaluating [time: 2.91s, valid_score: 0.650800]
Thu 28 Nov 2024 17:54:50 INFO  valid result: 
recall@5 : 0.7    recall@10 : 0.7595    recall@101 : 1.0    ndcg@5 : 0.6317    ndcg@10 : 0.6508    ndcg@101 : 0.6983    mrr@5 : 0.6091    mrr@10 : 0.6169    mrr@101 : 0.6252    
Thu 28 Nov 2024 17:57:48 INFO  epoch 17 training [time: 178.60s, train loss: 2341.3659]
Thu 28 Nov 2024 17:57:51 INFO  epoch 17 evaluating [time: 2.93s, valid_score: 0.635300]
Thu 28 Nov 2024 17:57:51 INFO  valid result: 
recall@5 : 0.6845    recall@10 : 0.751    recall@101 : 1.0    ndcg@5 : 0.6136    ndcg@10 : 0.6353    ndcg@101 : 0.6844    mrr@5 : 0.5898    mrr@10 : 0.5989    mrr@101 : 0.6074    
Thu 28 Nov 2024 18:00:50 INFO  epoch 18 training [time: 178.87s, train loss: 2270.4042]
Thu 28 Nov 2024 18:00:53 INFO  epoch 18 evaluating [time: 2.88s, valid_score: 0.635000]
Thu 28 Nov 2024 18:00:53 INFO  valid result: 
recall@5 : 0.6845    recall@10 : 0.747    recall@101 : 1.0    ndcg@5 : 0.6147    ndcg@10 : 0.635    ndcg@101 : 0.6847    mrr@5 : 0.5914    mrr@10 : 0.5998    mrr@101 : 0.6083    
Thu 28 Nov 2024 18:03:51 INFO  epoch 19 training [time: 178.20s, train loss: 2198.0297]
Thu 28 Nov 2024 18:03:54 INFO  epoch 19 evaluating [time: 2.97s, valid_score: 0.667800]
Thu 28 Nov 2024 18:03:54 INFO  valid result: 
recall@5 : 0.712    recall@10 : 0.772    recall@101 : 1.0    ndcg@5 : 0.6484    ndcg@10 : 0.6678    ndcg@101 : 0.7124    mrr@5 : 0.6273    mrr@10 : 0.6352    mrr@101 : 0.6428    
Thu 28 Nov 2024 18:03:54 INFO  Saving current best: saved/MBHT-retail_beh-Nov-28-2024_17-03-37.pth
Thu 28 Nov 2024 18:06:54 INFO  epoch 20 training [time: 179.40s, train loss: 2138.4508]
Thu 28 Nov 2024 18:06:57 INFO  epoch 20 evaluating [time: 2.93s, valid_score: 0.647400]
Thu 28 Nov 2024 18:06:57 INFO  valid result: 
recall@5 : 0.6985    recall@10 : 0.754    recall@101 : 1.0    ndcg@5 : 0.6293    ndcg@10 : 0.6474    ndcg@101 : 0.6953    mrr@5 : 0.6063    mrr@10 : 0.6139    mrr@101 : 0.6219    
Thu 28 Nov 2024 18:09:56 INFO  epoch 21 training [time: 178.76s, train loss: 2078.9744]
Thu 28 Nov 2024 18:09:58 INFO  epoch 21 evaluating [time: 2.98s, valid_score: 0.651300]
Thu 28 Nov 2024 18:09:58 INFO  valid result: 
recall@5 : 0.7    recall@10 : 0.7545    recall@101 : 1.0    ndcg@5 : 0.6333    ndcg@10 : 0.6513    ndcg@101 : 0.6989    mrr@5 : 0.6112    mrr@10 : 0.6189    mrr@101 : 0.6268    
Thu 28 Nov 2024 18:12:58 INFO  epoch 22 training [time: 179.37s, train loss: 2032.6884]
Thu 28 Nov 2024 18:13:01 INFO  epoch 22 evaluating [time: 3.00s, valid_score: 0.613800]
Thu 28 Nov 2024 18:13:01 INFO  valid result: 
recall@5 : 0.675    recall@10 : 0.7425    recall@101 : 1.0    ndcg@5 : 0.5918    ndcg@10 : 0.6138    ndcg@101 : 0.6637    mrr@5 : 0.5644    mrr@10 : 0.5735    mrr@101 : 0.5818    
Thu 28 Nov 2024 18:15:59 INFO  epoch 23 training [time: 178.46s, train loss: 1986.1223]
Thu 28 Nov 2024 18:16:02 INFO  epoch 23 evaluating [time: 2.99s, valid_score: 0.603000]
Thu 28 Nov 2024 18:16:02 INFO  valid result: 
recall@5 : 0.6415    recall@10 : 0.7175    recall@101 : 1.0    ndcg@5 : 0.5783    ndcg@10 : 0.603    ndcg@101 : 0.6583    mrr@5 : 0.5573    mrr@10 : 0.5675    mrr@101 : 0.5769    
Thu 28 Nov 2024 18:19:00 INFO  epoch 24 training [time: 177.99s, train loss: 1928.4285]
Thu 28 Nov 2024 18:19:03 INFO  epoch 24 evaluating [time: 2.96s, valid_score: 0.588900]
Thu 28 Nov 2024 18:19:03 INFO  valid result: 
recall@5 : 0.636    recall@10 : 0.6915    recall@101 : 1.0    ndcg@5 : 0.5709    ndcg@10 : 0.5889    ndcg@101 : 0.6497    mrr@5 : 0.5492    mrr@10 : 0.5566    mrr@101 : 0.5672    
Thu 28 Nov 2024 18:22:01 INFO  epoch 25 training [time: 178.11s, train loss: 1874.9615]
Thu 28 Nov 2024 18:22:04 INFO  epoch 25 evaluating [time: 2.88s, valid_score: 0.571400]
Thu 28 Nov 2024 18:22:04 INFO  valid result: 
recall@5 : 0.617    recall@10 : 0.674    recall@101 : 1.0    ndcg@5 : 0.5527    ndcg@10 : 0.5714    ndcg@101 : 0.6323    mrr@5 : 0.5314    mrr@10 : 0.5392    mrr@101 : 0.5484    
Thu 28 Nov 2024 18:25:01 INFO  epoch 26 training [time: 176.74s, train loss: 1834.4219]
Thu 28 Nov 2024 18:25:04 INFO  epoch 26 evaluating [time: 2.88s, valid_score: 0.578900]
Thu 28 Nov 2024 18:25:04 INFO  valid result: 
recall@5 : 0.6235    recall@10 : 0.672    recall@101 : 1.0    ndcg@5 : 0.5631    ndcg@10 : 0.5789    ndcg@101 : 0.64    mrr@5 : 0.543    mrr@10 : 0.5496    mrr@101 : 0.5589    
Thu 28 Nov 2024 18:28:01 INFO  epoch 27 training [time: 176.76s, train loss: 1794.0466]
Thu 28 Nov 2024 18:28:04 INFO  epoch 27 evaluating [time: 2.99s, valid_score: 0.592100]
Thu 28 Nov 2024 18:28:04 INFO  valid result: 
recall@5 : 0.6365    recall@10 : 0.684    recall@101 : 1.0    ndcg@5 : 0.5768    ndcg@10 : 0.5921    ndcg@101 : 0.6504    mrr@5 : 0.5569    mrr@10 : 0.5631    mrr@101 : 0.5717    
Thu 28 Nov 2024 18:31:01 INFO  epoch 28 training [time: 177.14s, train loss: 1764.1002]
Thu 28 Nov 2024 18:31:04 INFO  epoch 28 evaluating [time: 2.87s, valid_score: 0.587600]
Thu 28 Nov 2024 18:31:04 INFO  valid result: 
recall@5 : 0.6305    recall@10 : 0.676    recall@101 : 1.0    ndcg@5 : 0.5729    ndcg@10 : 0.5876    ndcg@101 : 0.6469    mrr@5 : 0.5536    mrr@10 : 0.5597    mrr@101 : 0.5683    
Thu 28 Nov 2024 18:34:01 INFO  epoch 29 training [time: 177.30s, train loss: 1715.4764]
Thu 28 Nov 2024 18:34:04 INFO  epoch 29 evaluating [time: 2.90s, valid_score: 0.584400]
Thu 28 Nov 2024 18:34:04 INFO  valid result: 
recall@5 : 0.6295    recall@10 : 0.6775    recall@101 : 1.0    ndcg@5 : 0.569    ndcg@10 : 0.5844    ndcg@101 : 0.6432    mrr@5 : 0.5489    mrr@10 : 0.5552    mrr@101 : 0.5637    
Thu 28 Nov 2024 18:37:02 INFO  epoch 30 training [time: 178.36s, train loss: 1688.0411]
Thu 28 Nov 2024 18:37:05 INFO  epoch 30 evaluating [time: 2.93s, valid_score: 0.573100]
Thu 28 Nov 2024 18:37:05 INFO  valid result: 
recall@5 : 0.613    recall@10 : 0.667    recall@101 : 1.0    ndcg@5 : 0.5555    ndcg@10 : 0.5731    ndcg@101 : 0.6342    mrr@5 : 0.5363    mrr@10 : 0.5436    mrr@101 : 0.5526    
Thu 28 Nov 2024 18:37:05 INFO  Finished training, best eval result in epoch 19
Thu 28 Nov 2024 18:37:05 INFO  test result: {'recall@5': 0.712, 'recall@10': 0.772, 'recall@101': 1.0, 'ndcg@5': 0.6484, 'ndcg@10': 0.6678, 'ndcg@101': 0.7124, 'mrr@5': 0.6273, 'mrr@10': 0.6352, 'mrr@101': 0.6428}

modify input_embedding