Sat 07 Dec 2024 16:03:04 INFO  PID: 21350
Sat 07 Dec 2024 16:03:04 INFO  Namespace(batch_size=2048, dataset='retail_beh', gpu_id=0, model='MBHT', valid_portion=0.1, validation=False)
Sat 07 Dec 2024 16:03:04 INFO  
General Hyper Parameters:
gpu_id = 0
use_gpu = True
seed = 2020
state = INFO
reproducibility = True
data_path = dataset/retail_beh
show_progress = True
save_dataset = False
save_dataloaders = False
benchmark_filename = ['train', 'test']

Training Hyper Parameters:
checkpoint_dir = saved
epochs = 300
train_batch_size = 64
learner = adam
learning_rate = 0.001
eval_step = 1
stopping_step = 10
clip_grad_norm = None
weight_decay = 0.0
loss_decimal_place = 4

Evaluation Hyper Parameters:
eval_args = {'mode': 'full', 'order': 'TO', 'split': {'RS': [0.8, 0.1, 0.1]}, 'group_by': 'user'}
metrics = ['Recall', 'NDCG', 'MRR']
topk = [5, 10, 101]
valid_metric = NDCG@10
valid_metric_bigger = True
eval_batch_size = 128
metric_decimal_place = 4

Dataset Hyper Parameters:
field_separator = 	
seq_separator =  
USER_ID_FIELD = session_id
ITEM_ID_FIELD = item_id
RATING_FIELD = rating
TIME_FIELD = timestamp
seq_len = None
LABEL_FIELD = label
threshold = None
NEG_PREFIX = neg_
load_col = None
unload_col = None
unused_col = None
additional_feat_suffix = None
rm_dup_inter = None
val_interval = None
filter_inter_by_user_or_item = True
user_inter_num_interval = [0,inf)
item_inter_num_interval = [0,inf)
alias_of_user_id = None
alias_of_item_id = ['item_id_list']
alias_of_entity_id = None
alias_of_relation_id = None
preload_weight = None
normalize_field = None
normalize_all = None
ITEM_LIST_LENGTH_FIELD = item_length
LIST_SUFFIX = _list
MAX_ITEM_LIST_LENGTH = 200
POSITION_FIELD = position_id
HEAD_ENTITY_ID_FIELD = head_id
TAIL_ENTITY_ID_FIELD = tail_id
RELATION_ID_FIELD = relation_id
ENTITY_ID_FIELD = entity_id

Other Hyper Parameters: 
neg_sampling = None
repeatable = True
n_layers = 2
n_heads = 2
hidden_size = 64
inner_size = 256
hidden_dropout_prob = 0.5
attn_dropout_prob = 0.5
hidden_act = gelu
layer_norm_eps = 1e-12
initializer_range = 0.02
mask_ratio = 0.2
loss_type = CE
customized_eval = 1
MODEL_TYPE = ModelType.SEQUENTIAL
hyper_len = 6
scales = [5, 4, 20]
enable_hg = 1
enable_ms = 1
abaltion = 
batch_size = 2048
MODEL_INPUT_TYPE = InputType.POINTWISE
eval_type = EvaluatorType.RANKING
device = cuda
train_neg_sample_args = {'strategy': 'none'}
eval_neg_sample_args = {'strategy': 'full', 'distribution': 'uniform'}


Sat 07 Dec 2024 16:03:04 INFO  retail_beh
The number of users: 30691
Average actions of users: 1.065167807103291
The number of items: 31240
Average actions of items: 3.388618223281849
The number of inters: 32690
The sparsity of the dataset: 99.99659048303167%
Remain Fields: ['session_id', 'item_id_list', 'item_type_list', 'item_id', 'item_length']
Sat 07 Dec 2024 16:03:06 INFO  MBHT(
  (type_embedding): Embedding(6, 64, padding_idx=0)
  (item_embedding): Embedding(31241, 64, padding_idx=0)
  (position_embedding): Embedding(201, 64)
  (trm_encoder): TransformerEncoder(
    (layer): ModuleList(
      (0-1): 2 x TransformerLayer(
        (multi_head_attention): MultiScaleAttention(
          (out_fc): Linear(in_features=260, out_features=200, bias=True)
          (attention1): LinearAttention(
            (E): Linear(in_features=200, out_features=5, bias=True)
            (F): Linear(in_features=200, out_features=5, bias=True)
            (W_V): Linear(in_features=64, out_features=64, bias=True)
            (W_K): Linear(in_features=64, out_features=64, bias=True)
            (W_Q): Linear(in_features=64, out_features=64, bias=True)
            (dense): Linear(in_features=64, out_features=64, bias=True)
            (attn_dropout): Dropout(p=0.5, inplace=False)
            (out_dropout): Dropout(p=0.5, inplace=False)
            (LayerNorm): LayerNorm((64,), eps=1e-12, elementwise_affine=True)
          )
          (attention2): MultiHeadAttention(
            (query): Linear(in_features=64, out_features=64, bias=True)
            (key): Linear(in_features=64, out_features=64, bias=True)
            (value): Linear(in_features=64, out_features=64, bias=True)
            (attn_dropout): Dropout(p=0.5, inplace=False)
            (dense): Linear(in_features=64, out_features=64, bias=True)
            (LayerNorm): LayerNorm((64,), eps=1e-12, elementwise_affine=True)
            (out_dropout): Dropout(p=0.5, inplace=False)
          )
        )
        (feed_forward): FeedForward(
          (dense_1): Linear(in_features=64, out_features=256, bias=True)
          (dense_2): Linear(in_features=256, out_features=64, bias=True)
          (LayerNorm): LayerNorm((64,), eps=1e-12, elementwise_affine=True)
          (dropout): Dropout(p=0.5, inplace=False)
        )
      )
    )
  )
  (hgnn_layer): HGNN(
    (hgc1): HGNN_conv()
    (hgc2): HGNN_conv()
    (out_fc): Linear(in_features=64, out_features=64, bias=True)
  )
  (LayerNorm): LayerNorm((64,), eps=1e-12, elementwise_affine=True)
  (dropout): Dropout(p=0.5, inplace=False)
  (hg_type_embedding): Embedding(6, 64, padding_idx=0)
)
Trainable parameters: 2276036
Sat 07 Dec 2024 16:03:10 INFO  epoch -1 evaluating [time: 3.58s, valid_score: 0.054900]
Sat 07 Dec 2024 16:03:10 INFO  valid result: 
recall@5 : 0.0625    recall@10 : 0.1245    recall@101 : 1.0    ndcg@5 : 0.0356    ndcg@10 : 0.0549    ndcg@101 : 0.2208    mrr@5 : 0.0271    mrr@10 : 0.0346    mrr@101 : 0.0609    
Sat 07 Dec 2024 16:06:03 INFO  epoch 0 training [time: 172.56s, train loss: 4535.1653]
Sat 07 Dec 2024 16:06:05 INFO  epoch 0 evaluating [time: 2.92s, valid_score: 0.587300]
Sat 07 Dec 2024 16:06:05 INFO  valid result: 
recall@5 : 0.657    recall@10 : 0.7295    recall@101 : 1.0    ndcg@5 : 0.564    ndcg@10 : 0.5873    ndcg@101 : 0.6417    mrr@5 : 0.533    mrr@10 : 0.5425    mrr@101 : 0.5524    
Sat 07 Dec 2024 16:06:05 INFO  Saving current best: saved/MBHT-retail_beh-Dec-07-2024_16-03-06.pth
Sat 07 Dec 2024 16:09:01 INFO  epoch 1 training [time: 175.15s, train loss: 3633.7454]
Sat 07 Dec 2024 16:09:04 INFO  epoch 1 evaluating [time: 2.92s, valid_score: 0.798200]
Sat 07 Dec 2024 16:09:04 INFO  valid result: 
recall@5 : 0.8315    recall@10 : 0.8535    recall@101 : 1.0    ndcg@5 : 0.7909    ndcg@10 : 0.7982    ndcg@101 : 0.8244    mrr@5 : 0.7771    mrr@10 : 0.7802    mrr@101 : 0.7838    
Sat 07 Dec 2024 16:09:04 INFO  Saving current best: saved/MBHT-retail_beh-Dec-07-2024_16-03-06.pth
Sat 07 Dec 2024 16:11:59 INFO  epoch 2 training [time: 175.39s, train loss: 2660.5581]
Sat 07 Dec 2024 16:12:02 INFO  epoch 2 evaluating [time: 2.90s, valid_score: 0.867800]
Sat 07 Dec 2024 16:12:02 INFO  valid result: 
recall@5 : 0.8875    recall@10 : 0.8945    recall@101 : 1.0    ndcg@5 : 0.8655    ndcg@10 : 0.8678    ndcg@101 : 0.8858    mrr@5 : 0.8581    mrr@10 : 0.8591    mrr@101 : 0.8612    
Sat 07 Dec 2024 16:12:02 INFO  Saving current best: saved/MBHT-retail_beh-Dec-07-2024_16-03-06.pth
Sat 07 Dec 2024 16:14:55 INFO  epoch 3 training [time: 173.46s, train loss: 2071.2950]
Sat 07 Dec 2024 16:14:58 INFO  epoch 3 evaluating [time: 2.84s, valid_score: 0.887700]
Sat 07 Dec 2024 16:14:58 INFO  valid result: 
recall@5 : 0.9015    recall@10 : 0.9095    recall@101 : 1.0    ndcg@5 : 0.8851    ndcg@10 : 0.8877    ndcg@101 : 0.9025    mrr@5 : 0.8796    mrr@10 : 0.8807    mrr@101 : 0.8822    
Sat 07 Dec 2024 16:14:58 INFO  Saving current best: saved/MBHT-retail_beh-Dec-07-2024_16-03-06.pth
Sat 07 Dec 2024 16:17:54 INFO  epoch 4 training [time: 175.30s, train loss: 1794.2513]
Sat 07 Dec 2024 16:17:57 INFO  epoch 4 evaluating [time: 2.95s, valid_score: 0.886200]
Sat 07 Dec 2024 16:17:57 INFO  valid result: 
recall@5 : 0.8965    recall@10 : 0.907    recall@101 : 1.0    ndcg@5 : 0.8828    ndcg@10 : 0.8862    ndcg@101 : 0.9014    mrr@5 : 0.8782    mrr@10 : 0.8796    mrr@101 : 0.8812    
Sat 07 Dec 2024 16:20:51 INFO  epoch 5 training [time: 174.71s, train loss: 1617.2661]
Sat 07 Dec 2024 16:20:54 INFO  epoch 5 evaluating [time: 2.90s, valid_score: 0.893400]
Sat 07 Dec 2024 16:20:54 INFO  valid result: 
recall@5 : 0.9045    recall@10 : 0.913    recall@101 : 1.0    ndcg@5 : 0.8906    ndcg@10 : 0.8934    ndcg@101 : 0.9075    mrr@5 : 0.8859    mrr@10 : 0.8871    mrr@101 : 0.8885    
Sat 07 Dec 2024 16:20:54 INFO  Saving current best: saved/MBHT-retail_beh-Dec-07-2024_16-03-06.pth
Sat 07 Dec 2024 16:23:47 INFO  epoch 6 training [time: 173.05s, train loss: 1499.2255]
Sat 07 Dec 2024 16:23:50 INFO  epoch 6 evaluating [time: 2.90s, valid_score: 0.899000]
Sat 07 Dec 2024 16:23:50 INFO  valid result: 
recall@5 : 0.9075    recall@10 : 0.9155    recall@101 : 1.0    ndcg@5 : 0.8963    ndcg@10 : 0.899    ndcg@101 : 0.9127    mrr@5 : 0.8926    mrr@10 : 0.8937    mrr@101 : 0.8951    
Sat 07 Dec 2024 16:23:50 INFO  Saving current best: saved/MBHT-retail_beh-Dec-07-2024_16-03-06.pth
Sat 07 Dec 2024 16:26:43 INFO  epoch 7 training [time: 172.81s, train loss: 1401.9574]
Sat 07 Dec 2024 16:26:46 INFO  epoch 7 evaluating [time: 2.88s, valid_score: 0.897700]
Sat 07 Dec 2024 16:26:46 INFO  valid result: 
recall@5 : 0.9085    recall@10 : 0.913    recall@101 : 1.0    ndcg@5 : 0.8963    ndcg@10 : 0.8977    ndcg@101 : 0.9119    mrr@5 : 0.8922    mrr@10 : 0.8927    mrr@101 : 0.8942    
Sat 07 Dec 2024 16:29:42 INFO  epoch 8 training [time: 175.77s, train loss: 1320.6477]
Sat 07 Dec 2024 16:29:45 INFO  epoch 8 evaluating [time: 2.90s, valid_score: 0.899600]
Sat 07 Dec 2024 16:29:45 INFO  valid result: 
recall@5 : 0.9085    recall@10 : 0.915    recall@101 : 1.0    ndcg@5 : 0.8975    ndcg@10 : 0.8996    ndcg@101 : 0.9133    mrr@5 : 0.8938    mrr@10 : 0.8947    mrr@101 : 0.896    
Sat 07 Dec 2024 16:29:45 INFO  Saving current best: saved/MBHT-retail_beh-Dec-07-2024_16-03-06.pth
Sat 07 Dec 2024 16:32:39 INFO  epoch 9 training [time: 173.96s, train loss: 1266.6035]
Sat 07 Dec 2024 16:32:42 INFO  epoch 9 evaluating [time: 2.93s, valid_score: 0.899400]
Sat 07 Dec 2024 16:32:42 INFO  valid result: 
recall@5 : 0.908    recall@10 : 0.916    recall@101 : 1.0    ndcg@5 : 0.8967    ndcg@10 : 0.8994    ndcg@101 : 0.9127    mrr@5 : 0.893    mrr@10 : 0.8941    mrr@101 : 0.8952    
Sat 07 Dec 2024 16:35:35 INFO  epoch 10 training [time: 172.85s, train loss: 1196.2241]
Sat 07 Dec 2024 16:35:37 INFO  epoch 10 evaluating [time: 2.86s, valid_score: 0.896300]
Sat 07 Dec 2024 16:35:37 INFO  valid result: 
recall@5 : 0.9065    recall@10 : 0.9135    recall@101 : 1.0    ndcg@5 : 0.8941    ndcg@10 : 0.8963    ndcg@101 : 0.9102    mrr@5 : 0.8899    mrr@10 : 0.8908    mrr@101 : 0.8921    
Sat 07 Dec 2024 16:38:31 INFO  epoch 11 training [time: 173.73s, train loss: 1147.9950]
Sat 07 Dec 2024 16:38:34 INFO  epoch 11 evaluating [time: 2.92s, valid_score: 0.895400]
Sat 07 Dec 2024 16:38:34 INFO  valid result: 
recall@5 : 0.9065    recall@10 : 0.9145    recall@101 : 1.0    ndcg@5 : 0.8928    ndcg@10 : 0.8954    ndcg@101 : 0.9091    mrr@5 : 0.8882    mrr@10 : 0.8893    mrr@101 : 0.8906    
Sat 07 Dec 2024 16:41:31 INFO  epoch 12 training [time: 176.81s, train loss: 1085.5121]
Sat 07 Dec 2024 16:41:34 INFO  epoch 12 evaluating [time: 2.92s, valid_score: 0.894900]
Sat 07 Dec 2024 16:41:34 INFO  valid result: 
recall@5 : 0.905    recall@10 : 0.913    recall@101 : 1.0    ndcg@5 : 0.8923    ndcg@10 : 0.8949    ndcg@101 : 0.909    mrr@5 : 0.888    mrr@10 : 0.8891    mrr@101 : 0.8905    
Sat 07 Dec 2024 16:44:29 INFO  epoch 13 training [time: 174.87s, train loss: 1047.4550]
Sat 07 Dec 2024 16:44:32 INFO  epoch 13 evaluating [time: 2.87s, valid_score: 0.891900]
Sat 07 Dec 2024 16:44:32 INFO  valid result: 
recall@5 : 0.902    recall@10 : 0.9105    recall@101 : 1.0    ndcg@5 : 0.8892    ndcg@10 : 0.8919    ndcg@101 : 0.9064    mrr@5 : 0.8848    mrr@10 : 0.8859    mrr@101 : 0.8874    
Sat 07 Dec 2024 16:47:26 INFO  epoch 14 training [time: 174.65s, train loss: 1008.0913]
Sat 07 Dec 2024 16:47:29 INFO  epoch 14 evaluating [time: 2.97s, valid_score: 0.891700]
Sat 07 Dec 2024 16:47:29 INFO  valid result: 
recall@5 : 0.9025    recall@10 : 0.9125    recall@101 : 1.0    ndcg@5 : 0.8884    ndcg@10 : 0.8917    ndcg@101 : 0.9058    mrr@5 : 0.8837    mrr@10 : 0.8851    mrr@101 : 0.8865    
Sat 07 Dec 2024 16:50:24 INFO  epoch 15 training [time: 174.52s, train loss: 969.6375]
Sat 07 Dec 2024 16:50:27 INFO  epoch 15 evaluating [time: 2.89s, valid_score: 0.893200]
Sat 07 Dec 2024 16:50:27 INFO  valid result: 
recall@5 : 0.9055    recall@10 : 0.9125    recall@101 : 1.0    ndcg@5 : 0.8908    ndcg@10 : 0.8932    ndcg@101 : 0.9073    mrr@5 : 0.886    mrr@10 : 0.887    mrr@101 : 0.8883    
Sat 07 Dec 2024 16:53:22 INFO  epoch 16 training [time: 175.68s, train loss: 944.0290]
Sat 07 Dec 2024 16:53:25 INFO  epoch 16 evaluating [time: 2.89s, valid_score: 0.892000]
Sat 07 Dec 2024 16:53:25 INFO  valid result: 
recall@5 : 0.9065    recall@10 : 0.912    recall@101 : 1.0    ndcg@5 : 0.8902    ndcg@10 : 0.892    ndcg@101 : 0.9062    mrr@5 : 0.8848    mrr@10 : 0.8855    mrr@101 : 0.8869    
Sat 07 Dec 2024 16:56:20 INFO  epoch 17 training [time: 174.60s, train loss: 906.5366]
Sat 07 Dec 2024 16:56:23 INFO  epoch 17 evaluating [time: 2.93s, valid_score: 0.888900]
Sat 07 Dec 2024 16:56:23 INFO  valid result: 
recall@5 : 0.901    recall@10 : 0.9125    recall@101 : 1.0    ndcg@5 : 0.8852    ndcg@10 : 0.8889    ndcg@101 : 0.903    mrr@5 : 0.8799    mrr@10 : 0.8814    mrr@101 : 0.8828    
Sat 07 Dec 2024 16:59:18 INFO  epoch 18 training [time: 175.65s, train loss: 885.7381]
Sat 07 Dec 2024 16:59:21 INFO  epoch 18 evaluating [time: 2.91s, valid_score: 0.891500]
Sat 07 Dec 2024 16:59:21 INFO  valid result: 
recall@5 : 0.905    recall@10 : 0.9105    recall@101 : 1.0    ndcg@5 : 0.8897    ndcg@10 : 0.8915    ndcg@101 : 0.906    mrr@5 : 0.8846    mrr@10 : 0.8854    mrr@101 : 0.8868    
Sat 07 Dec 2024 17:02:15 INFO  epoch 19 training [time: 173.73s, train loss: 863.6018]
Sat 07 Dec 2024 17:02:18 INFO  epoch 19 evaluating [time: 2.95s, valid_score: 0.892000]
Sat 07 Dec 2024 17:02:18 INFO  valid result: 
recall@5 : 0.9045    recall@10 : 0.9115    recall@101 : 1.0    ndcg@5 : 0.8897    ndcg@10 : 0.892    ndcg@101 : 0.9062    mrr@5 : 0.8848    mrr@10 : 0.8858    mrr@101 : 0.8871    
Sat 07 Dec 2024 17:02:18 INFO  Finished training, best eval result in epoch 8
Sat 07 Dec 2024 17:02:18 INFO  test result: {'recall@5': 0.9085, 'recall@10': 0.915, 'recall@101': 1.0, 'ndcg@5': 0.8975, 'ndcg@10': 0.8996, 'ndcg@101': 0.9133, 'mrr@5': 0.8938, 'mrr@10': 0.8947, 'mrr@101': 0.896}
