Sat 07 Dec 2024 12:54:19 INFO  PID: 4154549
Sat 07 Dec 2024 12:54:19 INFO  Namespace(batch_size=2048, dataset='retail_beh', gpu_id=0, model='MBHT', valid_portion=0.1, validation=False)
Sat 07 Dec 2024 12:54:19 INFO  
General Hyper Parameters:
gpu_id = 0
use_gpu = True
seed = 2020
state = INFO
reproducibility = True
data_path = dataset/retail_beh
show_progress = True
save_dataset = False
save_dataloaders = False
benchmark_filename = ['train', 'test']

Training Hyper Parameters:
checkpoint_dir = saved
epochs = 300
train_batch_size = 64
learner = adam
learning_rate = 0.001
eval_step = 1
stopping_step = 10
clip_grad_norm = None
weight_decay = 0.0
loss_decimal_place = 4

Evaluation Hyper Parameters:
eval_args = {'mode': 'full', 'order': 'TO', 'split': {'RS': [0.8, 0.1, 0.1]}, 'group_by': 'user'}
metrics = ['Recall', 'NDCG', 'MRR']
topk = [5, 10, 101]
valid_metric = NDCG@10
valid_metric_bigger = True
eval_batch_size = 128
metric_decimal_place = 4

Dataset Hyper Parameters:
field_separator = 	
seq_separator =  
USER_ID_FIELD = session_id
ITEM_ID_FIELD = item_id
RATING_FIELD = rating
TIME_FIELD = timestamp
seq_len = None
LABEL_FIELD = label
threshold = None
NEG_PREFIX = neg_
load_col = None
unload_col = None
unused_col = None
additional_feat_suffix = None
rm_dup_inter = None
val_interval = None
filter_inter_by_user_or_item = True
user_inter_num_interval = [0,inf)
item_inter_num_interval = [0,inf)
alias_of_user_id = None
alias_of_item_id = ['item_id_list']
alias_of_entity_id = None
alias_of_relation_id = None
preload_weight = None
normalize_field = None
normalize_all = None
ITEM_LIST_LENGTH_FIELD = item_length
LIST_SUFFIX = _list
MAX_ITEM_LIST_LENGTH = 200
POSITION_FIELD = position_id
HEAD_ENTITY_ID_FIELD = head_id
TAIL_ENTITY_ID_FIELD = tail_id
RELATION_ID_FIELD = relation_id
ENTITY_ID_FIELD = entity_id

Other Hyper Parameters: 
neg_sampling = None
repeatable = True
n_layers = 2
n_heads = 2
hidden_size = 64
inner_size = 256
hidden_dropout_prob = 0.5
attn_dropout_prob = 0.5
hidden_act = gelu
layer_norm_eps = 1e-12
initializer_range = 0.02
mask_ratio = 0.2
loss_type = CE
customized_eval = 1
MODEL_TYPE = ModelType.SEQUENTIAL
hyper_len = 6
scales = [5, 4, 20]
enable_hg = 1
enable_ms = 1
abaltion = 
batch_size = 2048
MODEL_INPUT_TYPE = InputType.POINTWISE
eval_type = EvaluatorType.RANKING
device = cuda
train_neg_sample_args = {'strategy': 'none'}
eval_neg_sample_args = {'strategy': 'full', 'distribution': 'uniform'}


Sat 07 Dec 2024 12:54:20 INFO  retail_beh
The number of users: 30691
Average actions of users: 1.065167807103291
The number of items: 31240
Average actions of items: 3.388618223281849
The number of inters: 32690
The sparsity of the dataset: 99.99659048303167%
Remain Fields: ['session_id', 'item_id_list', 'item_type_list', 'item_id', 'item_length']
Sat 07 Dec 2024 12:54:22 INFO  MBHT(
  (type_embedding): Embedding(6, 64, padding_idx=0)
  (item_embedding): Embedding(31241, 64, padding_idx=0)
  (position_embedding): Embedding(201, 64)
  (trm_encoder): TransformerEncoder(
    (layer): ModuleList(
      (0-1): 2 x TransformerLayer(
        (multi_head_attention): MultiScaleAttention(
          (out_fc): Linear(in_features=260, out_features=200, bias=True)
          (attention1): LinearAttention(
            (E): Linear(in_features=200, out_features=5, bias=True)
            (F): Linear(in_features=200, out_features=5, bias=True)
            (W_V): Linear(in_features=64, out_features=64, bias=True)
            (W_K): Linear(in_features=64, out_features=64, bias=True)
            (W_Q): Linear(in_features=64, out_features=64, bias=True)
            (dense): Linear(in_features=64, out_features=64, bias=True)
            (attn_dropout): Dropout(p=0.5, inplace=False)
            (out_dropout): Dropout(p=0.5, inplace=False)
            (LayerNorm): LayerNorm((64,), eps=1e-12, elementwise_affine=True)
          )
          (attention2): MultiHeadAttention(
            (query): Linear(in_features=64, out_features=64, bias=True)
            (key): Linear(in_features=64, out_features=64, bias=True)
            (value): Linear(in_features=64, out_features=64, bias=True)
            (attn_dropout): Dropout(p=0.5, inplace=False)
            (dense): Linear(in_features=64, out_features=64, bias=True)
            (LayerNorm): LayerNorm((64,), eps=1e-12, elementwise_affine=True)
            (out_dropout): Dropout(p=0.5, inplace=False)
          )
        )
        (feed_forward): FeedForward(
          (dense_1): Linear(in_features=64, out_features=256, bias=True)
          (dense_2): Linear(in_features=256, out_features=64, bias=True)
          (LayerNorm): LayerNorm((64,), eps=1e-12, elementwise_affine=True)
          (dropout): Dropout(p=0.5, inplace=False)
        )
      )
    )
  )
  (hgnn_layer): HGNN(
    (hgc1): HGNN_conv()
    (hgc2): HGNN_conv()
    (out_fc): Linear(in_features=64, out_features=64, bias=True)
  )
  (LayerNorm): LayerNorm((64,), eps=1e-12, elementwise_affine=True)
  (dropout): Dropout(p=0.5, inplace=False)
  (hg_type_embedding): Embedding(6, 64, padding_idx=0)
)
Trainable parameters: 2276036
Sat 07 Dec 2024 12:54:26 INFO  epoch -1 evaluating [time: 3.54s, valid_score: 0.054900]
Sat 07 Dec 2024 12:54:26 INFO  valid result: 
recall@5 : 0.0625    recall@10 : 0.1245    recall@101 : 1.0    ndcg@5 : 0.0356    ndcg@10 : 0.0549    ndcg@101 : 0.2208    mrr@5 : 0.0271    mrr@10 : 0.0346    mrr@101 : 0.0609    
Sat 07 Dec 2024 12:57:17 INFO  epoch 0 training [time: 171.79s, train loss: 4541.1870]
Sat 07 Dec 2024 12:57:20 INFO  epoch 0 evaluating [time: 2.88s, valid_score: 0.527600]
Sat 07 Dec 2024 12:57:20 INFO  valid result: 
recall@5 : 0.604    recall@10 : 0.678    recall@101 : 1.0    ndcg@5 : 0.5035    ndcg@10 : 0.5276    ndcg@101 : 0.5913    mrr@5 : 0.47    mrr@10 : 0.48    mrr@101 : 0.4912    
Sat 07 Dec 2024 12:57:20 INFO  Saving current best: saved/MBHT-retail_beh-Dec-07-2024_12-54-22.pth
Sat 07 Dec 2024 13:00:14 INFO  epoch 1 training [time: 173.31s, train loss: 3668.3755]
Sat 07 Dec 2024 13:00:17 INFO  epoch 1 evaluating [time: 2.92s, valid_score: 0.783100]
Sat 07 Dec 2024 13:00:17 INFO  valid result: 
recall@5 : 0.8205    recall@10 : 0.849    recall@101 : 1.0    ndcg@5 : 0.774    ndcg@10 : 0.7831    ndcg@101 : 0.8097    mrr@5 : 0.7582    mrr@10 : 0.7619    mrr@101 : 0.7654    
Sat 07 Dec 2024 13:00:17 INFO  Saving current best: saved/MBHT-retail_beh-Dec-07-2024_12-54-22.pth
Sat 07 Dec 2024 13:03:10 INFO  epoch 2 training [time: 173.14s, train loss: 2684.0096]
Sat 07 Dec 2024 13:03:13 INFO  epoch 2 evaluating [time: 2.82s, valid_score: 0.864100]
Sat 07 Dec 2024 13:03:13 INFO  valid result: 
recall@5 : 0.882    recall@10 : 0.892    recall@101 : 1.0    ndcg@5 : 0.8609    ndcg@10 : 0.8641    ndcg@101 : 0.883    mrr@5 : 0.8538    mrr@10 : 0.8551    mrr@101 : 0.8574    
Sat 07 Dec 2024 13:03:13 INFO  Saving current best: saved/MBHT-retail_beh-Dec-07-2024_12-54-22.pth
Sat 07 Dec 2024 13:06:03 INFO  epoch 3 training [time: 170.71s, train loss: 2085.4764]
Sat 07 Dec 2024 13:06:06 INFO  epoch 3 evaluating [time: 2.88s, valid_score: 0.877900]
Sat 07 Dec 2024 13:06:06 INFO  valid result: 
recall@5 : 0.8925    recall@10 : 0.9015    recall@101 : 1.0    ndcg@5 : 0.8751    ndcg@10 : 0.8779    ndcg@101 : 0.8943    mrr@5 : 0.8693    mrr@10 : 0.8704    mrr@101 : 0.8722    
Sat 07 Dec 2024 13:06:06 INFO  Saving current best: saved/MBHT-retail_beh-Dec-07-2024_12-54-22.pth
Sat 07 Dec 2024 13:09:00 INFO  epoch 4 training [time: 173.86s, train loss: 1798.4840]
Sat 07 Dec 2024 13:09:03 INFO  epoch 4 evaluating [time: 2.85s, valid_score: 0.880300]
Sat 07 Dec 2024 13:09:03 INFO  valid result: 
recall@5 : 0.8925    recall@10 : 0.9015    recall@101 : 1.0    ndcg@5 : 0.8774    ndcg@10 : 0.8803    ndcg@101 : 0.8966    mrr@5 : 0.8723    mrr@10 : 0.8735    mrr@101 : 0.8753    
Sat 07 Dec 2024 13:09:03 INFO  Saving current best: saved/MBHT-retail_beh-Dec-07-2024_12-54-22.pth
Sat 07 Dec 2024 13:11:56 INFO  epoch 5 training [time: 172.64s, train loss: 1616.8371]
Sat 07 Dec 2024 13:11:59 INFO  epoch 5 evaluating [time: 2.90s, valid_score: 0.891300]
Sat 07 Dec 2024 13:11:59 INFO  valid result: 
recall@5 : 0.9035    recall@10 : 0.9095    recall@101 : 1.0    ndcg@5 : 0.8893    ndcg@10 : 0.8913    ndcg@101 : 0.9061    mrr@5 : 0.8846    mrr@10 : 0.8854    mrr@101 : 0.8869    
Sat 07 Dec 2024 13:11:59 INFO  Saving current best: saved/MBHT-retail_beh-Dec-07-2024_12-54-22.pth
Sat 07 Dec 2024 13:14:53 INFO  epoch 6 training [time: 174.25s, train loss: 1500.6261]
Sat 07 Dec 2024 13:14:56 INFO  epoch 6 evaluating [time: 2.85s, valid_score: 0.899600]
Sat 07 Dec 2024 13:14:56 INFO  valid result: 
recall@5 : 0.9065    recall@10 : 0.915    recall@101 : 1.0    ndcg@5 : 0.8968    ndcg@10 : 0.8996    ndcg@101 : 0.9132    mrr@5 : 0.8936    mrr@10 : 0.8947    mrr@101 : 0.896    
Sat 07 Dec 2024 13:14:56 INFO  Saving current best: saved/MBHT-retail_beh-Dec-07-2024_12-54-22.pth
Sat 07 Dec 2024 13:17:49 INFO  epoch 7 training [time: 173.16s, train loss: 1403.6318]
Sat 07 Dec 2024 13:17:52 INFO  epoch 7 evaluating [time: 2.85s, valid_score: 0.896900]
Sat 07 Dec 2024 13:17:52 INFO  valid result: 
recall@5 : 0.906    recall@10 : 0.9125    recall@101 : 1.0    ndcg@5 : 0.8948    ndcg@10 : 0.8969    ndcg@101 : 0.911    mrr@5 : 0.891    mrr@10 : 0.8919    mrr@101 : 0.8932    
Sat 07 Dec 2024 13:20:46 INFO  epoch 8 training [time: 173.83s, train loss: 1322.9275]
Sat 07 Dec 2024 13:20:49 INFO  epoch 8 evaluating [time: 2.83s, valid_score: 0.898600]
Sat 07 Dec 2024 13:20:49 INFO  valid result: 
recall@5 : 0.9055    recall@10 : 0.914    recall@101 : 1.0    ndcg@5 : 0.8958    ndcg@10 : 0.8986    ndcg@101 : 0.9124    mrr@5 : 0.8926    mrr@10 : 0.8937    mrr@101 : 0.895    
Sat 07 Dec 2024 13:23:42 INFO  epoch 9 training [time: 173.51s, train loss: 1268.8438]
Sat 07 Dec 2024 13:23:45 INFO  epoch 9 evaluating [time: 2.83s, valid_score: 0.897700]
Sat 07 Dec 2024 13:23:45 INFO  valid result: 
recall@5 : 0.905    recall@10 : 0.9155    recall@101 : 1.0    ndcg@5 : 0.8943    ndcg@10 : 0.8977    ndcg@101 : 0.9111    mrr@5 : 0.8907    mrr@10 : 0.892    mrr@101 : 0.8932    
Sat 07 Dec 2024 13:26:39 INFO  epoch 10 training [time: 174.15s, train loss: 1201.1705]
Sat 07 Dec 2024 13:26:42 INFO  epoch 10 evaluating [time: 2.87s, valid_score: 0.892900]
Sat 07 Dec 2024 13:26:42 INFO  valid result: 
recall@5 : 0.9045    recall@10 : 0.9115    recall@101 : 1.0    ndcg@5 : 0.8906    ndcg@10 : 0.8929    ndcg@101 : 0.9072    mrr@5 : 0.8859    mrr@10 : 0.8869    mrr@101 : 0.8883    
Sat 07 Dec 2024 13:29:37 INFO  epoch 11 training [time: 174.41s, train loss: 1151.8014]
Sat 07 Dec 2024 13:29:39 INFO  epoch 11 evaluating [time: 2.89s, valid_score: 0.895300]
Sat 07 Dec 2024 13:29:39 INFO  valid result: 
recall@5 : 0.906    recall@10 : 0.9125    recall@101 : 1.0    ndcg@5 : 0.8933    ndcg@10 : 0.8953    ndcg@101 : 0.9095    mrr@5 : 0.889    mrr@10 : 0.8898    mrr@101 : 0.8912    
Sat 07 Dec 2024 13:32:35 INFO  epoch 12 training [time: 175.89s, train loss: 1092.7792]
Sat 07 Dec 2024 13:32:38 INFO  epoch 12 evaluating [time: 2.83s, valid_score: 0.898900]
Sat 07 Dec 2024 13:32:38 INFO  valid result: 
recall@5 : 0.907    recall@10 : 0.9135    recall@101 : 1.0    ndcg@5 : 0.8968    ndcg@10 : 0.8989    ndcg@101 : 0.9129    mrr@5 : 0.8934    mrr@10 : 0.8943    mrr@101 : 0.8956    
Sat 07 Dec 2024 13:35:33 INFO  epoch 13 training [time: 174.62s, train loss: 1052.7854]
Sat 07 Dec 2024 13:35:36 INFO  epoch 13 evaluating [time: 2.82s, valid_score: 0.894800]
Sat 07 Dec 2024 13:35:36 INFO  valid result: 
recall@5 : 0.903    recall@10 : 0.9115    recall@101 : 1.0    ndcg@5 : 0.8921    ndcg@10 : 0.8948    ndcg@101 : 0.9092    mrr@5 : 0.8884    mrr@10 : 0.8895    mrr@101 : 0.891    
Sat 07 Dec 2024 13:38:29 INFO  epoch 14 training [time: 172.96s, train loss: 1017.1596]
Sat 07 Dec 2024 13:38:31 INFO  epoch 14 evaluating [time: 2.88s, valid_score: 0.895300]
Sat 07 Dec 2024 13:38:31 INFO  valid result: 
recall@5 : 0.908    recall@10 : 0.914    recall@101 : 1.0    ndcg@5 : 0.8933    ndcg@10 : 0.8953    ndcg@101 : 0.909    mrr@5 : 0.8884    mrr@10 : 0.8893    mrr@101 : 0.8905    
Sat 07 Dec 2024 13:41:25 INFO  epoch 15 training [time: 173.65s, train loss: 978.2484]
Sat 07 Dec 2024 13:41:28 INFO  epoch 15 evaluating [time: 2.86s, valid_score: 0.895700]
Sat 07 Dec 2024 13:41:28 INFO  valid result: 
recall@5 : 0.903    recall@10 : 0.9125    recall@101 : 1.0    ndcg@5 : 0.8926    ndcg@10 : 0.8957    ndcg@101 : 0.9099    mrr@5 : 0.8891    mrr@10 : 0.8904    mrr@101 : 0.8918    
Sat 07 Dec 2024 13:44:20 INFO  epoch 16 training [time: 172.55s, train loss: 953.2643]
Sat 07 Dec 2024 13:44:23 INFO  epoch 16 evaluating [time: 2.81s, valid_score: 0.897200]
Sat 07 Dec 2024 13:44:23 INFO  valid result: 
recall@5 : 0.9065    recall@10 : 0.915    recall@101 : 1.0    ndcg@5 : 0.8944    ndcg@10 : 0.8972    ndcg@101 : 0.9106    mrr@5 : 0.8904    mrr@10 : 0.8915    mrr@101 : 0.8927    
Sat 07 Dec 2024 13:47:16 INFO  epoch 17 training [time: 172.46s, train loss: 918.1165]
Sat 07 Dec 2024 13:47:19 INFO  epoch 17 evaluating [time: 2.83s, valid_score: 0.892900]
Sat 07 Dec 2024 13:47:19 INFO  valid result: 
recall@5 : 0.905    recall@10 : 0.9095    recall@101 : 1.0    ndcg@5 : 0.8915    ndcg@10 : 0.8929    ndcg@101 : 0.9079    mrr@5 : 0.887    mrr@10 : 0.8876    mrr@101 : 0.8892    
Sat 07 Dec 2024 13:47:19 INFO  Finished training, best eval result in epoch 6
Sat 07 Dec 2024 13:47:19 INFO  test result: {'recall@5': 0.9065, 'recall@10': 0.915, 'recall@101': 1.0, 'ndcg@5': 0.8968, 'ndcg@10': 0.8996, 'ndcg@101': 0.9132, 'mrr@5': 0.8936, 'mrr@10': 0.8947, 'mrr@101': 0.896}
