Fri 29 Nov 2024 22:33:25 INFO  PID: 2492008
Fri 29 Nov 2024 22:33:25 INFO  Namespace(batch_size=2048, dataset='retail_beh', gpu_id=0, model='MBHT', valid_portion=0.1, validation=False)
Fri 29 Nov 2024 22:33:25 INFO  
General Hyper Parameters:
gpu_id = 0
use_gpu = True
seed = 2020
state = INFO
reproducibility = True
data_path = dataset/retail_beh
show_progress = True
save_dataset = False
save_dataloaders = False
benchmark_filename = ['train', 'test']

Training Hyper Parameters:
checkpoint_dir = saved
epochs = 300
train_batch_size = 64
learner = adam
learning_rate = 0.001
eval_step = 1
stopping_step = 10
clip_grad_norm = None
weight_decay = 0.0
loss_decimal_place = 4

Evaluation Hyper Parameters:
eval_args = {'mode': 'full', 'order': 'TO', 'split': {'RS': [0.8, 0.1, 0.1]}, 'group_by': 'user'}
metrics = ['Recall', 'NDCG', 'MRR']
topk = [5, 10, 101]
valid_metric = NDCG@10
valid_metric_bigger = True
eval_batch_size = 128
metric_decimal_place = 4

Dataset Hyper Parameters:
field_separator = 	
seq_separator =  
USER_ID_FIELD = session_id
ITEM_ID_FIELD = item_id
RATING_FIELD = rating
TIME_FIELD = timestamp
seq_len = None
LABEL_FIELD = label
threshold = None
NEG_PREFIX = neg_
load_col = None
unload_col = None
unused_col = None
additional_feat_suffix = None
rm_dup_inter = None
val_interval = None
filter_inter_by_user_or_item = True
user_inter_num_interval = [0,inf)
item_inter_num_interval = [0,inf)
alias_of_user_id = None
alias_of_item_id = ['item_id_list']
alias_of_entity_id = None
alias_of_relation_id = None
preload_weight = None
normalize_field = None
normalize_all = None
ITEM_LIST_LENGTH_FIELD = item_length
LIST_SUFFIX = _list
MAX_ITEM_LIST_LENGTH = 200
POSITION_FIELD = position_id
HEAD_ENTITY_ID_FIELD = head_id
TAIL_ENTITY_ID_FIELD = tail_id
RELATION_ID_FIELD = relation_id
ENTITY_ID_FIELD = entity_id

Other Hyper Parameters: 
neg_sampling = None
repeatable = True
n_layers = 2
n_heads = 2
hidden_size = 64
inner_size = 256
hidden_dropout_prob = 0.5
attn_dropout_prob = 0.5
hidden_act = gelu
layer_norm_eps = 1e-12
initializer_range = 0.02
mask_ratio = 0.2
loss_type = CE
customized_eval = 1
MODEL_TYPE = ModelType.SEQUENTIAL
hyper_len = 6
scales = [5, 4, 20]
enable_hg = 1
enable_ms = 1
abaltion = 
batch_size = 2048
MODEL_INPUT_TYPE = InputType.POINTWISE
eval_type = EvaluatorType.RANKING
device = cuda
train_neg_sample_args = {'strategy': 'none'}
eval_neg_sample_args = {'strategy': 'full', 'distribution': 'uniform'}


Fri 29 Nov 2024 22:33:25 INFO  retail_beh
The number of users: 30691
Average actions of users: 1.065167807103291
The number of items: 31240
Average actions of items: 3.388618223281849
The number of inters: 32690
The sparsity of the dataset: 99.99659048303167%
Remain Fields: ['session_id', 'item_id_list', 'item_type_list', 'item_id', 'item_length']
Fri 29 Nov 2024 22:33:27 INFO  MBHT(
  (type_embedding): Embedding(6, 64, padding_idx=0)
  (item_embedding): Embedding(31241, 64, padding_idx=0)
  (position_embedding): Embedding(201, 64)
  (trm_encoder): TransformerEncoder(
    (layer): ModuleList(
      (0-1): 2 x TransformerLayer(
        (multi_head_attention): MultiScaleAttention(
          (out_fc): Linear(in_features=260, out_features=200, bias=True)
          (attention1): LinearAttention(
            (E): Linear(in_features=200, out_features=5, bias=True)
            (F): Linear(in_features=200, out_features=5, bias=True)
            (W_V): Linear(in_features=64, out_features=64, bias=True)
            (W_K): Linear(in_features=64, out_features=64, bias=True)
            (W_Q): Linear(in_features=64, out_features=64, bias=True)
            (dense): Linear(in_features=64, out_features=64, bias=True)
            (attn_dropout): Dropout(p=0.5, inplace=False)
            (out_dropout): Dropout(p=0.5, inplace=False)
            (LayerNorm): LayerNorm((64,), eps=1e-12, elementwise_affine=True)
          )
          (attention2): MultiHeadAttention(
            (query): Linear(in_features=64, out_features=64, bias=True)
            (key): Linear(in_features=64, out_features=64, bias=True)
            (value): Linear(in_features=64, out_features=64, bias=True)
            (attn_dropout): Dropout(p=0.5, inplace=False)
            (dense): Linear(in_features=64, out_features=64, bias=True)
            (LayerNorm): LayerNorm((64,), eps=1e-12, elementwise_affine=True)
            (out_dropout): Dropout(p=0.5, inplace=False)
          )
        )
        (feed_forward): FeedForward(
          (dense_1): Linear(in_features=64, out_features=256, bias=True)
          (dense_2): Linear(in_features=256, out_features=64, bias=True)
          (LayerNorm): LayerNorm((64,), eps=1e-12, elementwise_affine=True)
          (dropout): Dropout(p=0.5, inplace=False)
        )
      )
    )
  )
  (hgnn_layer): HGNN(
    (hgc1): HGNN_conv()
    (hgc2): HGNN_conv()
    (out_fc): Linear(in_features=64, out_features=64, bias=True)
  )
  (LayerNorm): LayerNorm((64,), eps=1e-12, elementwise_affine=True)
  (dropout): Dropout(p=0.5, inplace=False)
  (hg_type_embedding): Embedding(6, 64, padding_idx=0)
)
Trainable parameters: 2276036
Fri 29 Nov 2024 22:33:31 INFO  epoch -1 evaluating [time: 3.57s, valid_score: 0.054900]
Fri 29 Nov 2024 22:33:31 INFO  valid result: 
recall@5 : 0.0625    recall@10 : 0.1245    recall@101 : 1.0    ndcg@5 : 0.0356    ndcg@10 : 0.0549    ndcg@101 : 0.2208    mrr@5 : 0.0271    mrr@10 : 0.0346    mrr@101 : 0.0609    
Fri 29 Nov 2024 22:36:23 INFO  epoch 0 training [time: 172.14s, train loss: 4538.2142]
Fri 29 Nov 2024 22:36:26 INFO  epoch 0 evaluating [time: 2.93s, valid_score: 0.640000]
Fri 29 Nov 2024 22:36:26 INFO  valid result: 
recall@5 : 0.713    recall@10 : 0.7905    recall@101 : 1.0    ndcg@5 : 0.6147    ndcg@10 : 0.64    ndcg@101 : 0.6821    mrr@5 : 0.5819    mrr@10 : 0.5924    mrr@101 : 0.6002    
Fri 29 Nov 2024 22:36:26 INFO  Saving current best: saved/MBHT-retail_beh-Nov-29-2024_22-33-27.pth
Fri 29 Nov 2024 22:39:19 INFO  epoch 1 training [time: 172.70s, train loss: 3650.5934]
Fri 29 Nov 2024 22:39:22 INFO  epoch 1 evaluating [time: 2.87s, valid_score: 0.792800]
Fri 29 Nov 2024 22:39:22 INFO  valid result: 
recall@5 : 0.8305    recall@10 : 0.856    recall@101 : 1.0    ndcg@5 : 0.7845    ndcg@10 : 0.7928    ndcg@101 : 0.8181    mrr@5 : 0.7691    mrr@10 : 0.7724    mrr@101 : 0.7758    
Fri 29 Nov 2024 22:39:22 INFO  Saving current best: saved/MBHT-retail_beh-Nov-29-2024_22-33-27.pth
Fri 29 Nov 2024 22:42:15 INFO  epoch 2 training [time: 173.46s, train loss: 2672.9181]
Fri 29 Nov 2024 22:42:18 INFO  epoch 2 evaluating [time: 2.85s, valid_score: 0.865800]
Fri 29 Nov 2024 22:42:18 INFO  valid result: 
recall@5 : 0.8845    recall@10 : 0.8945    recall@101 : 1.0    ndcg@5 : 0.8626    ndcg@10 : 0.8658    ndcg@101 : 0.8838    mrr@5 : 0.8552    mrr@10 : 0.8565    mrr@101 : 0.8586    
Fri 29 Nov 2024 22:42:18 INFO  Saving current best: saved/MBHT-retail_beh-Nov-29-2024_22-33-27.pth
Fri 29 Nov 2024 22:45:12 INFO  epoch 3 training [time: 173.66s, train loss: 2079.2129]
Fri 29 Nov 2024 22:45:15 INFO  epoch 3 evaluating [time: 2.86s, valid_score: 0.882400]
Fri 29 Nov 2024 22:45:15 INFO  valid result: 
recall@5 : 0.893    recall@10 : 0.905    recall@101 : 1.0    ndcg@5 : 0.8786    ndcg@10 : 0.8824    ndcg@101 : 0.8983    mrr@5 : 0.8738    mrr@10 : 0.8754    mrr@101 : 0.8771    
Fri 29 Nov 2024 22:45:15 INFO  Saving current best: saved/MBHT-retail_beh-Nov-29-2024_22-33-27.pth
Fri 29 Nov 2024 22:48:08 INFO  epoch 4 training [time: 173.67s, train loss: 1798.7086]
Fri 29 Nov 2024 22:48:11 INFO  epoch 4 evaluating [time: 2.92s, valid_score: 0.888500]
Fri 29 Nov 2024 22:48:11 INFO  valid result: 
recall@5 : 0.9    recall@10 : 0.9095    recall@101 : 1.0    ndcg@5 : 0.8854    ndcg@10 : 0.8885    ndcg@101 : 0.9033    mrr@5 : 0.8806    mrr@10 : 0.8819    mrr@101 : 0.8834    
Fri 29 Nov 2024 22:48:11 INFO  Saving current best: saved/MBHT-retail_beh-Nov-29-2024_22-33-27.pth
Fri 29 Nov 2024 22:51:05 INFO  epoch 5 training [time: 173.14s, train loss: 1618.4805]
Fri 29 Nov 2024 22:51:07 INFO  epoch 5 evaluating [time: 2.87s, valid_score: 0.891100]
Fri 29 Nov 2024 22:51:07 INFO  valid result: 
recall@5 : 0.9025    recall@10 : 0.911    recall@101 : 1.0    ndcg@5 : 0.8885    ndcg@10 : 0.8911    ndcg@101 : 0.9056    mrr@5 : 0.8838    mrr@10 : 0.8848    mrr@101 : 0.8863    
Fri 29 Nov 2024 22:51:08 INFO  Saving current best: saved/MBHT-retail_beh-Nov-29-2024_22-33-27.pth
Fri 29 Nov 2024 22:54:00 INFO  epoch 6 training [time: 172.83s, train loss: 1503.4092]
Fri 29 Nov 2024 22:54:03 INFO  epoch 6 evaluating [time: 2.88s, valid_score: 0.897800]
Fri 29 Nov 2024 22:54:03 INFO  valid result: 
recall@5 : 0.907    recall@10 : 0.9135    recall@101 : 1.0    ndcg@5 : 0.8958    ndcg@10 : 0.8978    ndcg@101 : 0.9119    mrr@5 : 0.892    mrr@10 : 0.8928    mrr@101 : 0.8942    
Fri 29 Nov 2024 22:54:03 INFO  Saving current best: saved/MBHT-retail_beh-Nov-29-2024_22-33-27.pth
Fri 29 Nov 2024 22:56:56 INFO  epoch 7 training [time: 172.69s, train loss: 1408.2208]
Fri 29 Nov 2024 22:56:59 INFO  epoch 7 evaluating [time: 2.85s, valid_score: 0.897400]
Fri 29 Nov 2024 22:56:59 INFO  valid result: 
recall@5 : 0.908    recall@10 : 0.9135    recall@101 : 1.0    ndcg@5 : 0.8956    ndcg@10 : 0.8974    ndcg@101 : 0.9114    mrr@5 : 0.8915    mrr@10 : 0.8922    mrr@101 : 0.8935    
Fri 29 Nov 2024 22:59:51 INFO  epoch 8 training [time: 171.98s, train loss: 1324.3244]
Fri 29 Nov 2024 22:59:54 INFO  epoch 8 evaluating [time: 2.88s, valid_score: 0.898800]
Fri 29 Nov 2024 22:59:54 INFO  valid result: 
recall@5 : 0.908    recall@10 : 0.9145    recall@101 : 1.0    ndcg@5 : 0.8966    ndcg@10 : 0.8988    ndcg@101 : 0.9126    mrr@5 : 0.8927    mrr@10 : 0.8936    mrr@101 : 0.895    
Fri 29 Nov 2024 22:59:54 INFO  Saving current best: saved/MBHT-retail_beh-Nov-29-2024_22-33-27.pth
Fri 29 Nov 2024 23:02:47 INFO  epoch 9 training [time: 173.57s, train loss: 1269.8710]
Fri 29 Nov 2024 23:02:50 INFO  epoch 9 evaluating [time: 2.85s, valid_score: 0.898300]
Fri 29 Nov 2024 23:02:50 INFO  valid result: 
recall@5 : 0.9075    recall@10 : 0.914    recall@101 : 1.0    ndcg@5 : 0.8963    ndcg@10 : 0.8983    ndcg@101 : 0.9123    mrr@5 : 0.8925    mrr@10 : 0.8933    mrr@101 : 0.8947    
Fri 29 Nov 2024 23:05:44 INFO  epoch 10 training [time: 173.52s, train loss: 1199.8939]
Fri 29 Nov 2024 23:05:47 INFO  epoch 10 evaluating [time: 2.85s, valid_score: 0.897400]
Fri 29 Nov 2024 23:05:47 INFO  valid result: 
recall@5 : 0.9075    recall@10 : 0.9155    recall@101 : 1.0    ndcg@5 : 0.8948    ndcg@10 : 0.8974    ndcg@101 : 0.911    mrr@5 : 0.8905    mrr@10 : 0.8916    mrr@101 : 0.8929    
Fri 29 Nov 2024 23:08:42 INFO  epoch 11 training [time: 175.84s, train loss: 1149.5276]
Fri 29 Nov 2024 23:08:45 INFO  epoch 11 evaluating [time: 2.95s, valid_score: 0.895600]
Fri 29 Nov 2024 23:08:45 INFO  valid result: 
recall@5 : 0.9075    recall@10 : 0.915    recall@101 : 1.0    ndcg@5 : 0.8931    ndcg@10 : 0.8956    ndcg@101 : 0.9092    mrr@5 : 0.8882    mrr@10 : 0.8893    mrr@101 : 0.8906    
Fri 29 Nov 2024 23:11:40 INFO  epoch 12 training [time: 174.24s, train loss: 1092.1529]
Fri 29 Nov 2024 23:11:43 INFO  epoch 12 evaluating [time: 2.92s, valid_score: 0.896000]
Fri 29 Nov 2024 23:11:43 INFO  valid result: 
recall@5 : 0.9085    recall@10 : 0.9135    recall@101 : 1.0    ndcg@5 : 0.8943    ndcg@10 : 0.896    ndcg@101 : 0.9101    mrr@5 : 0.8895    mrr@10 : 0.8902    mrr@101 : 0.8917    
Fri 29 Nov 2024 23:14:36 INFO  epoch 13 training [time: 173.62s, train loss: 1051.4480]
Fri 29 Nov 2024 23:14:39 INFO  epoch 13 evaluating [time: 2.91s, valid_score: 0.894300]
Fri 29 Nov 2024 23:14:39 INFO  valid result: 
recall@5 : 0.9035    recall@10 : 0.9145    recall@101 : 1.0    ndcg@5 : 0.8908    ndcg@10 : 0.8943    ndcg@101 : 0.9081    mrr@5 : 0.8864    mrr@10 : 0.8879    mrr@101 : 0.8892    
Fri 29 Nov 2024 23:17:33 INFO  epoch 14 training [time: 174.02s, train loss: 1015.1476]
Fri 29 Nov 2024 23:17:36 INFO  epoch 14 evaluating [time: 2.88s, valid_score: 0.891300]
Fri 29 Nov 2024 23:17:36 INFO  valid result: 
recall@5 : 0.904    recall@10 : 0.9105    recall@101 : 1.0    ndcg@5 : 0.8893    ndcg@10 : 0.8913    ndcg@101 : 0.9061    mrr@5 : 0.8843    mrr@10 : 0.8851    mrr@101 : 0.8867    
Fri 29 Nov 2024 23:20:32 INFO  epoch 15 training [time: 175.57s, train loss: 978.4108]
Fri 29 Nov 2024 23:20:34 INFO  epoch 15 evaluating [time: 2.88s, valid_score: 0.893300]
Fri 29 Nov 2024 23:20:34 INFO  valid result: 
recall@5 : 0.9045    recall@10 : 0.914    recall@101 : 1.0    ndcg@5 : 0.8902    ndcg@10 : 0.8933    ndcg@101 : 0.9071    mrr@5 : 0.8854    mrr@10 : 0.8867    mrr@101 : 0.888    
Fri 29 Nov 2024 23:23:27 INFO  epoch 16 training [time: 172.54s, train loss: 954.8532]
Fri 29 Nov 2024 23:23:30 INFO  epoch 16 evaluating [time: 2.86s, valid_score: 0.893600]
Fri 29 Nov 2024 23:23:30 INFO  valid result: 
recall@5 : 0.9075    recall@10 : 0.914    recall@101 : 1.0    ndcg@5 : 0.8914    ndcg@10 : 0.8936    ndcg@101 : 0.9075    mrr@5 : 0.8861    mrr@10 : 0.887    mrr@101 : 0.8884    
Fri 29 Nov 2024 23:26:25 INFO  epoch 17 training [time: 175.21s, train loss: 918.9297]
Fri 29 Nov 2024 23:26:28 INFO  epoch 17 evaluating [time: 2.89s, valid_score: 0.894000]
Fri 29 Nov 2024 23:26:28 INFO  valid result: 
recall@5 : 0.908    recall@10 : 0.916    recall@101 : 1.0    ndcg@5 : 0.8915    ndcg@10 : 0.894    ndcg@101 : 0.9074    mrr@5 : 0.886    mrr@10 : 0.887    mrr@101 : 0.8882    
Fri 29 Nov 2024 23:29:21 INFO  epoch 18 training [time: 173.51s, train loss: 898.1654]
Fri 29 Nov 2024 23:29:24 INFO  epoch 18 evaluating [time: 2.94s, valid_score: 0.890300]
Fri 29 Nov 2024 23:29:24 INFO  valid result: 
recall@5 : 0.905    recall@10 : 0.9105    recall@101 : 1.0    ndcg@5 : 0.8885    ndcg@10 : 0.8903    ndcg@101 : 0.9046    mrr@5 : 0.883    mrr@10 : 0.8837    mrr@101 : 0.885    
Fri 29 Nov 2024 23:32:20 INFO  epoch 19 training [time: 175.26s, train loss: 877.1151]
Fri 29 Nov 2024 23:32:23 INFO  epoch 19 evaluating [time: 2.91s, valid_score: 0.892400]
Fri 29 Nov 2024 23:32:23 INFO  valid result: 
recall@5 : 0.9045    recall@10 : 0.911    recall@101 : 1.0    ndcg@5 : 0.8903    ndcg@10 : 0.8924    ndcg@101 : 0.9069    mrr@5 : 0.8856    mrr@10 : 0.8865    mrr@101 : 0.888    
Fri 29 Nov 2024 23:32:23 INFO  Finished training, best eval result in epoch 8
Fri 29 Nov 2024 23:32:23 INFO  test result: {'recall@5': 0.908, 'recall@10': 0.9145, 'recall@101': 1.0, 'ndcg@5': 0.8966, 'ndcg@10': 0.8988, 'ndcg@101': 0.9126, 'mrr@5': 0.8927, 'mrr@10': 0.8936, 'mrr@101': 0.895}
