Mon 02 Dec 2024 18:33:46 INFO  PID: 3078504
Mon 02 Dec 2024 18:33:46 INFO  Namespace(batch_size=2048, dataset='retail_beh', gpu_id=0, model='MBHT', valid_portion=0.1, validation=False)
Mon 02 Dec 2024 18:33:46 INFO  
General Hyper Parameters:
gpu_id = 0
use_gpu = True
seed = 2020
state = INFO
reproducibility = True
data_path = dataset/retail_beh
show_progress = True
save_dataset = False
save_dataloaders = False
benchmark_filename = ['train', 'test']

Training Hyper Parameters:
checkpoint_dir = saved
epochs = 300
train_batch_size = 64
learner = adam
learning_rate = 0.001
eval_step = 1
stopping_step = 10
clip_grad_norm = None
weight_decay = 0.0
loss_decimal_place = 4

Evaluation Hyper Parameters:
eval_args = {'mode': 'full', 'order': 'TO', 'split': {'RS': [0.8, 0.1, 0.1]}, 'group_by': 'user'}
metrics = ['Recall', 'NDCG', 'MRR']
topk = [5, 10, 101]
valid_metric = NDCG@10
valid_metric_bigger = True
eval_batch_size = 128
metric_decimal_place = 4

Dataset Hyper Parameters:
field_separator = 	
seq_separator =  
USER_ID_FIELD = session_id
ITEM_ID_FIELD = item_id
RATING_FIELD = rating
TIME_FIELD = timestamp
seq_len = None
LABEL_FIELD = label
threshold = None
NEG_PREFIX = neg_
load_col = None
unload_col = None
unused_col = None
additional_feat_suffix = None
rm_dup_inter = None
val_interval = None
filter_inter_by_user_or_item = True
user_inter_num_interval = [0,inf)
item_inter_num_interval = [0,inf)
alias_of_user_id = None
alias_of_item_id = ['item_id_list']
alias_of_entity_id = None
alias_of_relation_id = None
preload_weight = None
normalize_field = None
normalize_all = None
ITEM_LIST_LENGTH_FIELD = item_length
LIST_SUFFIX = _list
MAX_ITEM_LIST_LENGTH = 200
POSITION_FIELD = position_id
HEAD_ENTITY_ID_FIELD = head_id
TAIL_ENTITY_ID_FIELD = tail_id
RELATION_ID_FIELD = relation_id
ENTITY_ID_FIELD = entity_id

Other Hyper Parameters: 
neg_sampling = None
repeatable = True
n_layers = 2
n_heads = 2
hidden_size = 64
inner_size = 256
hidden_dropout_prob = 0.5
attn_dropout_prob = 0.5
hidden_act = gelu
layer_norm_eps = 1e-12
initializer_range = 0.02
mask_ratio = 0.2
loss_type = CE
customized_eval = 1
MODEL_TYPE = ModelType.SEQUENTIAL
hyper_len = 6
scales = [5, 4, 20]
enable_hg = 1
enable_ms = 1
abaltion = 
batch_size = 2048
MODEL_INPUT_TYPE = InputType.POINTWISE
eval_type = EvaluatorType.RANKING
device = cuda
train_neg_sample_args = {'strategy': 'none'}
eval_neg_sample_args = {'strategy': 'full', 'distribution': 'uniform'}


Mon 02 Dec 2024 18:33:46 INFO  retail_beh
The number of users: 30691
Average actions of users: 1.065167807103291
The number of items: 31240
Average actions of items: 3.388618223281849
The number of inters: 32690
The sparsity of the dataset: 99.99659048303167%
Remain Fields: ['session_id', 'item_id_list', 'item_type_list', 'item_id', 'item_length']
Mon 02 Dec 2024 18:33:48 INFO  MBHT(
  (type_embedding): Embedding(6, 64, padding_idx=0)
  (item_embedding): Embedding(31241, 64, padding_idx=0)
  (position_embedding): Embedding(201, 64)
  (trm_encoder): TransformerEncoder(
    (layer): ModuleList(
      (0-1): 2 x TransformerLayer(
        (multi_head_attention): MultiScaleAttention(
          (out_fc): Linear(in_features=260, out_features=200, bias=True)
          (attention1): LinearAttention(
            (E): Linear(in_features=200, out_features=5, bias=True)
            (F): Linear(in_features=200, out_features=5, bias=True)
            (W_V): Linear(in_features=64, out_features=64, bias=True)
            (W_K): Linear(in_features=64, out_features=64, bias=True)
            (W_Q): Linear(in_features=64, out_features=64, bias=True)
            (dense): Linear(in_features=64, out_features=64, bias=True)
            (attn_dropout): Dropout(p=0.5, inplace=False)
            (out_dropout): Dropout(p=0.5, inplace=False)
            (LayerNorm): LayerNorm((64,), eps=1e-12, elementwise_affine=True)
          )
          (attention2): MultiHeadAttention(
            (query): Linear(in_features=64, out_features=64, bias=True)
            (key): Linear(in_features=64, out_features=64, bias=True)
            (value): Linear(in_features=64, out_features=64, bias=True)
            (attn_dropout): Dropout(p=0.5, inplace=False)
            (dense): Linear(in_features=64, out_features=64, bias=True)
            (LayerNorm): LayerNorm((64,), eps=1e-12, elementwise_affine=True)
            (out_dropout): Dropout(p=0.5, inplace=False)
          )
        )
        (feed_forward): FeedForward(
          (dense_1): Linear(in_features=64, out_features=256, bias=True)
          (dense_2): Linear(in_features=256, out_features=64, bias=True)
          (LayerNorm): LayerNorm((64,), eps=1e-12, elementwise_affine=True)
          (dropout): Dropout(p=0.5, inplace=False)
        )
      )
    )
  )
  (hgnn_layer): HGNN(
    (hgc1): HGNN_conv()
    (hgc2): HGNN_conv()
    (out_fc): Linear(in_features=64, out_features=64, bias=True)
  )
  (LayerNorm): LayerNorm((64,), eps=1e-12, elementwise_affine=True)
  (dropout): Dropout(p=0.5, inplace=False)
  (hg_type_embedding): Embedding(6, 64, padding_idx=0)
)
Trainable parameters: 2276036
Mon 02 Dec 2024 18:33:52 INFO  epoch -1 evaluating [time: 3.60s, valid_score: 0.054900]
Mon 02 Dec 2024 18:33:52 INFO  valid result: 
recall@5 : 0.0625    recall@10 : 0.1245    recall@101 : 1.0    ndcg@5 : 0.0356    ndcg@10 : 0.0549    ndcg@101 : 0.2208    mrr@5 : 0.0271    mrr@10 : 0.0346    mrr@101 : 0.0609    
Mon 02 Dec 2024 18:36:44 INFO  epoch 0 training [time: 172.51s, train loss: 4535.8574]
Mon 02 Dec 2024 18:36:47 INFO  epoch 0 evaluating [time: 2.88s, valid_score: 0.617600]
Mon 02 Dec 2024 18:36:47 INFO  valid result: 
recall@5 : 0.6935    recall@10 : 0.7625    recall@101 : 1.0    ndcg@5 : 0.5954    ndcg@10 : 0.6176    ndcg@101 : 0.6656    mrr@5 : 0.5628    mrr@10 : 0.5719    mrr@101 : 0.5808    
Mon 02 Dec 2024 18:36:47 INFO  Saving current best: saved/MBHT-retail_beh-Dec-02-2024_18-33-48.pth
Mon 02 Dec 2024 18:39:41 INFO  epoch 1 training [time: 173.60s, train loss: 3643.0023]
Mon 02 Dec 2024 18:39:44 INFO  epoch 1 evaluating [time: 2.81s, valid_score: 0.794500]
Mon 02 Dec 2024 18:39:44 INFO  valid result: 
recall@5 : 0.829    recall@10 : 0.859    recall@101 : 1.0    ndcg@5 : 0.7848    ndcg@10 : 0.7945    ndcg@101 : 0.8195    mrr@5 : 0.7699    mrr@10 : 0.7739    mrr@101 : 0.7773    
Mon 02 Dec 2024 18:39:44 INFO  Saving current best: saved/MBHT-retail_beh-Dec-02-2024_18-33-48.pth
Mon 02 Dec 2024 18:42:37 INFO  epoch 2 training [time: 173.38s, train loss: 2669.9356]
Mon 02 Dec 2024 18:42:40 INFO  epoch 2 evaluating [time: 2.90s, valid_score: 0.862800]
Mon 02 Dec 2024 18:42:40 INFO  valid result: 
recall@5 : 0.884    recall@10 : 0.8935    recall@101 : 1.0    ndcg@5 : 0.8598    ndcg@10 : 0.8628    ndcg@101 : 0.8813    mrr@5 : 0.8516    mrr@10 : 0.8529    mrr@101 : 0.8551    
Mon 02 Dec 2024 18:42:40 INFO  Saving current best: saved/MBHT-retail_beh-Dec-02-2024_18-33-48.pth
Mon 02 Dec 2024 18:45:33 INFO  epoch 3 training [time: 172.86s, train loss: 2079.1236]
Mon 02 Dec 2024 18:45:36 INFO  epoch 3 evaluating [time: 2.90s, valid_score: 0.878000]
Mon 02 Dec 2024 18:45:36 INFO  valid result: 
recall@5 : 0.8885    recall@10 : 0.9025    recall@101 : 1.0    ndcg@5 : 0.8735    ndcg@10 : 0.878    ndcg@101 : 0.8939    mrr@5 : 0.8685    mrr@10 : 0.8703    mrr@101 : 0.8719    
Mon 02 Dec 2024 18:45:36 INFO  Saving current best: saved/MBHT-retail_beh-Dec-02-2024_18-33-48.pth
Mon 02 Dec 2024 18:48:27 INFO  epoch 4 training [time: 170.63s, train loss: 1801.8000]
Mon 02 Dec 2024 18:48:30 INFO  epoch 4 evaluating [time: 2.87s, valid_score: 0.877400]
Mon 02 Dec 2024 18:48:30 INFO  valid result: 
recall@5 : 0.8885    recall@10 : 0.9    recall@101 : 1.0    ndcg@5 : 0.8738    ndcg@10 : 0.8774    ndcg@101 : 0.8941    mrr@5 : 0.8688    mrr@10 : 0.8703    mrr@101 : 0.8722    
Mon 02 Dec 2024 18:51:20 INFO  epoch 5 training [time: 170.89s, train loss: 1623.6218]
Mon 02 Dec 2024 18:51:23 INFO  epoch 5 evaluating [time: 2.88s, valid_score: 0.888300]
Mon 02 Dec 2024 18:51:23 INFO  valid result: 
recall@5 : 0.901    recall@10 : 0.909    recall@101 : 1.0    ndcg@5 : 0.8857    ndcg@10 : 0.8883    ndcg@101 : 0.9032    mrr@5 : 0.8806    mrr@10 : 0.8816    mrr@101 : 0.8832    
Mon 02 Dec 2024 18:51:23 INFO  Saving current best: saved/MBHT-retail_beh-Dec-02-2024_18-33-48.pth
Mon 02 Dec 2024 18:54:15 INFO  epoch 6 training [time: 171.61s, train loss: 1506.4368]
Mon 02 Dec 2024 18:54:18 INFO  epoch 6 evaluating [time: 2.86s, valid_score: 0.893700]
Mon 02 Dec 2024 18:54:18 INFO  valid result: 
recall@5 : 0.905    recall@10 : 0.911    recall@101 : 1.0    ndcg@5 : 0.8918    ndcg@10 : 0.8937    ndcg@101 : 0.9082    mrr@5 : 0.8874    mrr@10 : 0.8882    mrr@101 : 0.8896    
Mon 02 Dec 2024 18:54:18 INFO  Saving current best: saved/MBHT-retail_beh-Dec-02-2024_18-33-48.pth
Mon 02 Dec 2024 18:57:11 INFO  epoch 7 training [time: 172.59s, train loss: 1411.5048]
Mon 02 Dec 2024 18:57:13 INFO  epoch 7 evaluating [time: 2.84s, valid_score: 0.895800]
Mon 02 Dec 2024 18:57:13 INFO  valid result: 
recall@5 : 0.9075    recall@10 : 0.9125    recall@101 : 1.0    ndcg@5 : 0.8942    ndcg@10 : 0.8958    ndcg@101 : 0.91    mrr@5 : 0.8897    mrr@10 : 0.8904    mrr@101 : 0.8918    
Mon 02 Dec 2024 18:57:14 INFO  Saving current best: saved/MBHT-retail_beh-Dec-02-2024_18-33-48.pth
Mon 02 Dec 2024 19:00:06 INFO  epoch 8 training [time: 172.41s, train loss: 1327.6788]
Mon 02 Dec 2024 19:00:09 INFO  epoch 8 evaluating [time: 2.91s, valid_score: 0.896600]
Mon 02 Dec 2024 19:00:09 INFO  valid result: 
recall@5 : 0.907    recall@10 : 0.9135    recall@101 : 1.0    ndcg@5 : 0.8944    ndcg@10 : 0.8966    ndcg@101 : 0.9109    mrr@5 : 0.8901    mrr@10 : 0.891    mrr@101 : 0.8925    
Mon 02 Dec 2024 19:00:09 INFO  Saving current best: saved/MBHT-retail_beh-Dec-02-2024_18-33-48.pth
Mon 02 Dec 2024 19:03:02 INFO  epoch 9 training [time: 173.29s, train loss: 1273.5326]
Mon 02 Dec 2024 19:03:05 INFO  epoch 9 evaluating [time: 2.90s, valid_score: 0.897000]
Mon 02 Dec 2024 19:03:05 INFO  valid result: 
recall@5 : 0.908    recall@10 : 0.9135    recall@101 : 1.0    ndcg@5 : 0.8952    ndcg@10 : 0.897    ndcg@101 : 0.9108    mrr@5 : 0.8909    mrr@10 : 0.8916    mrr@101 : 0.8929    
Mon 02 Dec 2024 19:03:05 INFO  Saving current best: saved/MBHT-retail_beh-Dec-02-2024_18-33-48.pth
Mon 02 Dec 2024 19:05:59 INFO  epoch 10 training [time: 173.78s, train loss: 1202.9272]
Mon 02 Dec 2024 19:06:02 INFO  epoch 10 evaluating [time: 2.86s, valid_score: 0.894700]
Mon 02 Dec 2024 19:06:02 INFO  valid result: 
recall@5 : 0.906    recall@10 : 0.9125    recall@101 : 1.0    ndcg@5 : 0.8925    ndcg@10 : 0.8947    ndcg@101 : 0.9086    mrr@5 : 0.888    mrr@10 : 0.8889    mrr@101 : 0.8902    
Mon 02 Dec 2024 19:08:55 INFO  epoch 11 training [time: 172.67s, train loss: 1152.2748]
Mon 02 Dec 2024 19:08:57 INFO  epoch 11 evaluating [time: 2.89s, valid_score: 0.893000]
Mon 02 Dec 2024 19:08:57 INFO  valid result: 
recall@5 : 0.9055    recall@10 : 0.912    recall@101 : 1.0    ndcg@5 : 0.8908    ndcg@10 : 0.893    ndcg@101 : 0.907    mrr@5 : 0.8859    mrr@10 : 0.8869    mrr@101 : 0.8881    
Mon 02 Dec 2024 19:11:49 INFO  epoch 12 training [time: 172.03s, train loss: 1093.6485]
Mon 02 Dec 2024 19:11:52 INFO  epoch 12 evaluating [time: 2.88s, valid_score: 0.896500]
Mon 02 Dec 2024 19:11:52 INFO  valid result: 
recall@5 : 0.907    recall@10 : 0.9125    recall@101 : 1.0    ndcg@5 : 0.8947    ndcg@10 : 0.8965    ndcg@101 : 0.9105    mrr@5 : 0.8906    mrr@10 : 0.8914    mrr@101 : 0.8927    
Mon 02 Dec 2024 19:14:45 INFO  epoch 13 training [time: 172.74s, train loss: 1053.1304]
Mon 02 Dec 2024 19:14:48 INFO  epoch 13 evaluating [time: 2.89s, valid_score: 0.894100]
Mon 02 Dec 2024 19:14:48 INFO  valid result: 
recall@5 : 0.9045    recall@10 : 0.9125    recall@101 : 1.0    ndcg@5 : 0.8914    ndcg@10 : 0.8941    ndcg@101 : 0.908    mrr@5 : 0.887    mrr@10 : 0.8882    mrr@101 : 0.8895    
Mon 02 Dec 2024 19:17:41 INFO  epoch 14 training [time: 173.37s, train loss: 1013.5460]
Mon 02 Dec 2024 19:17:44 INFO  epoch 14 evaluating [time: 2.90s, valid_score: 0.893300]
Mon 02 Dec 2024 19:17:44 INFO  valid result: 
recall@5 : 0.904    recall@10 : 0.9125    recall@101 : 1.0    ndcg@5 : 0.8906    ndcg@10 : 0.8933    ndcg@101 : 0.9072    mrr@5 : 0.886    mrr@10 : 0.8871    mrr@101 : 0.8884    
Mon 02 Dec 2024 19:20:38 INFO  epoch 15 training [time: 173.64s, train loss: 972.4164]
Mon 02 Dec 2024 19:20:41 INFO  epoch 15 evaluating [time: 2.91s, valid_score: 0.895900]
Mon 02 Dec 2024 19:20:41 INFO  valid result: 
recall@5 : 0.9055    recall@10 : 0.9115    recall@101 : 1.0    ndcg@5 : 0.8939    ndcg@10 : 0.8959    ndcg@101 : 0.9101    mrr@5 : 0.8901    mrr@10 : 0.8909    mrr@101 : 0.8923    
Mon 02 Dec 2024 19:23:37 INFO  epoch 16 training [time: 175.72s, train loss: 947.6076]
Mon 02 Dec 2024 19:23:39 INFO  epoch 16 evaluating [time: 2.83s, valid_score: 0.894300]
Mon 02 Dec 2024 19:23:39 INFO  valid result: 
recall@5 : 0.905    recall@10 : 0.913    recall@101 : 1.0    ndcg@5 : 0.8917    ndcg@10 : 0.8943    ndcg@101 : 0.9082    mrr@5 : 0.8873    mrr@10 : 0.8883    mrr@101 : 0.8896    
Mon 02 Dec 2024 19:26:34 INFO  epoch 17 training [time: 174.29s, train loss: 912.0661]
Mon 02 Dec 2024 19:26:36 INFO  epoch 17 evaluating [time: 2.83s, valid_score: 0.893600]
Mon 02 Dec 2024 19:26:36 INFO  valid result: 
recall@5 : 0.905    recall@10 : 0.9125    recall@101 : 1.0    ndcg@5 : 0.8912    ndcg@10 : 0.8936    ndcg@101 : 0.9077    mrr@5 : 0.8866    mrr@10 : 0.8876    mrr@101 : 0.889    
Mon 02 Dec 2024 19:29:29 INFO  epoch 18 training [time: 172.55s, train loss: 889.2328]
Mon 02 Dec 2024 19:29:32 INFO  epoch 18 evaluating [time: 2.87s, valid_score: 0.894100]
Mon 02 Dec 2024 19:29:32 INFO  valid result: 
recall@5 : 0.904    recall@10 : 0.9135    recall@101 : 1.0    ndcg@5 : 0.8911    ndcg@10 : 0.8941    ndcg@101 : 0.9078    mrr@5 : 0.8868    mrr@10 : 0.888    mrr@101 : 0.8892    
Mon 02 Dec 2024 19:32:26 INFO  epoch 19 training [time: 174.12s, train loss: 867.8147]
Mon 02 Dec 2024 19:32:29 INFO  epoch 19 evaluating [time: 2.93s, valid_score: 0.896100]
Mon 02 Dec 2024 19:32:29 INFO  valid result: 
recall@5 : 0.906    recall@10 : 0.9135    recall@101 : 1.0    ndcg@5 : 0.8937    ndcg@10 : 0.8961    ndcg@101 : 0.9098    mrr@5 : 0.8895    mrr@10 : 0.8906    mrr@101 : 0.8918    
Mon 02 Dec 2024 19:35:24 INFO  epoch 20 training [time: 175.12s, train loss: 842.2806]
Mon 02 Dec 2024 19:35:27 INFO  epoch 20 evaluating [time: 2.86s, valid_score: 0.891900]
Mon 02 Dec 2024 19:35:27 INFO  valid result: 
recall@5 : 0.9045    recall@10 : 0.911    recall@101 : 1.0    ndcg@5 : 0.8898    ndcg@10 : 0.8919    ndcg@101 : 0.9062    mrr@5 : 0.8848    mrr@10 : 0.8857    mrr@101 : 0.8871    
Mon 02 Dec 2024 19:35:27 INFO  Finished training, best eval result in epoch 9
Mon 02 Dec 2024 19:35:27 INFO  test result: {'recall@5': 0.908, 'recall@10': 0.9135, 'recall@101': 1.0, 'ndcg@5': 0.8952, 'ndcg@10': 0.897, 'ndcg@101': 0.9108, 'mrr@5': 0.8909, 'mrr@10': 0.8916, 'mrr@101': 0.8929}
