Fri 06 Dec 2024 17:45:34 INFO  PID: 246125
Fri 06 Dec 2024 17:45:34 INFO  Namespace(batch_size=2048, dataset='retail_beh', gpu_id=0, model='MBHT', valid_portion=0.1, validation=False)
Fri 06 Dec 2024 17:45:34 INFO  
General Hyper Parameters:
gpu_id = 0
use_gpu = True
seed = 2020
state = INFO
reproducibility = True
data_path = dataset/retail_beh
show_progress = True
save_dataset = False
save_dataloaders = False
benchmark_filename = ['train', 'test']

Training Hyper Parameters:
checkpoint_dir = saved
epochs = 300
train_batch_size = 64
learner = adam
learning_rate = 0.001
eval_step = 1
stopping_step = 10
clip_grad_norm = None
weight_decay = 0.0
loss_decimal_place = 4

Evaluation Hyper Parameters:
eval_args = {'mode': 'full', 'order': 'TO', 'split': {'RS': [0.8, 0.1, 0.1]}, 'group_by': 'user'}
metrics = ['Recall', 'NDCG', 'MRR']
topk = [5, 10, 101]
valid_metric = NDCG@10
valid_metric_bigger = True
eval_batch_size = 128
metric_decimal_place = 4

Dataset Hyper Parameters:
field_separator = 	
seq_separator =  
USER_ID_FIELD = session_id
ITEM_ID_FIELD = item_id
RATING_FIELD = rating
TIME_FIELD = timestamp
seq_len = None
LABEL_FIELD = label
threshold = None
NEG_PREFIX = neg_
load_col = None
unload_col = None
unused_col = None
additional_feat_suffix = None
rm_dup_inter = None
val_interval = None
filter_inter_by_user_or_item = True
user_inter_num_interval = [0,inf)
item_inter_num_interval = [0,inf)
alias_of_user_id = None
alias_of_item_id = ['item_id_list']
alias_of_entity_id = None
alias_of_relation_id = None
preload_weight = None
normalize_field = None
normalize_all = None
ITEM_LIST_LENGTH_FIELD = item_length
LIST_SUFFIX = _list
MAX_ITEM_LIST_LENGTH = 200
POSITION_FIELD = position_id
HEAD_ENTITY_ID_FIELD = head_id
TAIL_ENTITY_ID_FIELD = tail_id
RELATION_ID_FIELD = relation_id
ENTITY_ID_FIELD = entity_id

Other Hyper Parameters: 
neg_sampling = None
repeatable = True
n_layers = 2
n_heads = 2
hidden_size = 64
inner_size = 256
hidden_dropout_prob = 0.5
attn_dropout_prob = 0.5
hidden_act = gelu
layer_norm_eps = 1e-12
initializer_range = 0.02
mask_ratio = 0.2
loss_type = CE
customized_eval = 1
MODEL_TYPE = ModelType.SEQUENTIAL
hyper_len = 6
scales = [5, 4, 20]
enable_hg = 1
enable_ms = 1
abaltion = 
batch_size = 2048
MODEL_INPUT_TYPE = InputType.POINTWISE
eval_type = EvaluatorType.RANKING
device = cuda
train_neg_sample_args = {'strategy': 'none'}
eval_neg_sample_args = {'strategy': 'full', 'distribution': 'uniform'}


Fri 06 Dec 2024 17:45:35 INFO  retail_beh
The number of users: 30691
Average actions of users: 1.065167807103291
The number of items: 31240
Average actions of items: 3.388618223281849
The number of inters: 32690
The sparsity of the dataset: 99.99659048303167%
Remain Fields: ['session_id', 'item_id_list', 'item_type_list', 'item_id', 'item_length']
Fri 06 Dec 2024 17:45:35 INFO  MBHT(
  (type_embedding): Embedding(6, 64, padding_idx=0)
  (item_embedding): Embedding(31241, 64, padding_idx=0)
  (position_embedding): Embedding(201, 64)
  (trm_encoder): TransformerEncoder(
    (layer): ModuleList(
      (0-1): 2 x TransformerLayer(
        (multi_head_attention): MultiScaleAttention(
          (out_fc): Linear(in_features=260, out_features=200, bias=True)
          (attention1): LinearAttention(
            (E): Linear(in_features=200, out_features=5, bias=True)
            (F): Linear(in_features=200, out_features=5, bias=True)
            (W_V): Linear(in_features=64, out_features=64, bias=True)
            (W_K): Linear(in_features=64, out_features=64, bias=True)
            (W_Q): Linear(in_features=64, out_features=64, bias=True)
            (dense): Linear(in_features=64, out_features=64, bias=True)
            (attn_dropout): Dropout(p=0.5, inplace=False)
            (out_dropout): Dropout(p=0.5, inplace=False)
            (LayerNorm): LayerNorm((64,), eps=1e-12, elementwise_affine=True)
          )
          (attention2): MultiHeadAttention(
            (query): Linear(in_features=64, out_features=64, bias=True)
            (key): Linear(in_features=64, out_features=64, bias=True)
            (value): Linear(in_features=64, out_features=64, bias=True)
            (attn_dropout): Dropout(p=0.5, inplace=False)
            (dense): Linear(in_features=64, out_features=64, bias=True)
            (LayerNorm): LayerNorm((64,), eps=1e-12, elementwise_affine=True)
            (out_dropout): Dropout(p=0.5, inplace=False)
          )
        )
        (feed_forward): FeedForward(
          (dense_1): Linear(in_features=64, out_features=256, bias=True)
          (dense_2): Linear(in_features=256, out_features=64, bias=True)
          (LayerNorm): LayerNorm((64,), eps=1e-12, elementwise_affine=True)
          (dropout): Dropout(p=0.5, inplace=False)
        )
      )
    )
  )
  (hgnn_layer): HGNN(
    (hgc1): HGNN_conv()
    (hgc2): HGNN_conv()
    (out_fc): Linear(in_features=64, out_features=64, bias=True)
  )
  (LayerNorm): LayerNorm((64,), eps=1e-12, elementwise_affine=True)
  (dropout): Dropout(p=0.5, inplace=False)
  (hg_type_embedding): Embedding(6, 64, padding_idx=0)
)
Trainable parameters: 2276036
Fri 06 Dec 2024 17:45:43 INFO  epoch -1 evaluating [time: 6.62s, valid_score: 0.054900]
Fri 06 Dec 2024 17:45:43 INFO  valid result: 
recall@5 : 0.0625    recall@10 : 0.1245    recall@101 : 1.0    ndcg@5 : 0.0356    ndcg@10 : 0.0549    ndcg@101 : 0.2208    mrr@5 : 0.0271    mrr@10 : 0.0346    mrr@101 : 0.0609    
Fri 06 Dec 2024 17:51:25 INFO  epoch 0 training [time: 342.00s, train loss: 4529.3148]
Fri 06 Dec 2024 17:51:32 INFO  epoch 0 evaluating [time: 7.85s, valid_score: 0.664300]
Fri 06 Dec 2024 17:51:32 INFO  valid result: 
recall@5 : 0.7415    recall@10 : 0.818    recall@101 : 1.0    ndcg@5 : 0.6392    ndcg@10 : 0.6643    ndcg@101 : 0.701    mrr@5 : 0.6051    mrr@10 : 0.6156    mrr@101 : 0.6224    
Fri 06 Dec 2024 17:51:33 INFO  Saving current best: saved/MBHT-retail_beh-Dec-06-2024_17-45-36.pth
Fri 06 Dec 2024 17:57:47 INFO  epoch 1 training [time: 373.79s, train loss: 3621.1832]
Fri 06 Dec 2024 17:57:54 INFO  epoch 1 evaluating [time: 7.67s, valid_score: 0.799100]
Fri 06 Dec 2024 17:57:54 INFO  valid result: 
recall@5 : 0.8345    recall@10 : 0.866    recall@101 : 1.0    ndcg@5 : 0.7888    ndcg@10 : 0.7991    ndcg@101 : 0.8224    mrr@5 : 0.7735    mrr@10 : 0.7778    mrr@101 : 0.7808    
Fri 06 Dec 2024 17:57:54 INFO  Saving current best: saved/MBHT-retail_beh-Dec-06-2024_17-45-36.pth
Fri 06 Dec 2024 18:03:41 INFO  epoch 2 training [time: 346.75s, train loss: 2670.0371]
Fri 06 Dec 2024 18:03:48 INFO  epoch 2 evaluating [time: 7.37s, valid_score: 0.862800]
Fri 06 Dec 2024 18:03:48 INFO  valid result: 
recall@5 : 0.8805    recall@10 : 0.893    recall@101 : 1.0    ndcg@5 : 0.8587    ndcg@10 : 0.8628    ndcg@101 : 0.8816    mrr@5 : 0.8514    mrr@10 : 0.8531    mrr@101 : 0.8555    
Fri 06 Dec 2024 18:03:49 INFO  Saving current best: saved/MBHT-retail_beh-Dec-06-2024_17-45-36.pth
Fri 06 Dec 2024 18:09:46 INFO  epoch 3 training [time: 356.91s, train loss: 2091.0433]
Fri 06 Dec 2024 18:09:53 INFO  epoch 3 evaluating [time: 7.84s, valid_score: 0.873400]
Fri 06 Dec 2024 18:09:53 INFO  valid result: 
recall@5 : 0.8865    recall@10 : 0.897    recall@101 : 1.0    ndcg@5 : 0.87    ndcg@10 : 0.8734    ndcg@101 : 0.8906    mrr@5 : 0.8644    mrr@10 : 0.8658    mrr@101 : 0.8678    
Fri 06 Dec 2024 18:09:54 INFO  Saving current best: saved/MBHT-retail_beh-Dec-06-2024_17-45-36.pth
Fri 06 Dec 2024 18:15:53 INFO  epoch 4 training [time: 359.10s, train loss: 1819.7673]
Fri 06 Dec 2024 18:16:00 INFO  epoch 4 evaluating [time: 7.36s, valid_score: 0.878700]
Fri 06 Dec 2024 18:16:00 INFO  valid result: 
recall@5 : 0.8875    recall@10 : 0.8985    recall@101 : 1.0    ndcg@5 : 0.8751    ndcg@10 : 0.8787    ndcg@101 : 0.896    mrr@5 : 0.8709    mrr@10 : 0.8724    mrr@101 : 0.8744    
Fri 06 Dec 2024 18:16:00 INFO  Saving current best: saved/MBHT-retail_beh-Dec-06-2024_17-45-36.pth
Fri 06 Dec 2024 18:21:59 INFO  epoch 5 training [time: 358.49s, train loss: 1641.3317]
Fri 06 Dec 2024 18:22:07 INFO  epoch 5 evaluating [time: 8.12s, valid_score: 0.916700]
Fri 06 Dec 2024 18:22:07 INFO  valid result: 
recall@5 : 0.9245    recall@10 : 0.934    recall@101 : 1.0    ndcg@5 : 0.9135    ndcg@10 : 0.9167    ndcg@101 : 0.9282    mrr@5 : 0.9098    mrr@10 : 0.9112    mrr@101 : 0.9127    
Fri 06 Dec 2024 18:22:07 INFO  Saving current best: saved/MBHT-retail_beh-Dec-06-2024_17-45-36.pth
Fri 06 Dec 2024 18:28:19 INFO  epoch 6 training [time: 372.38s, train loss: 1521.2884]
Fri 06 Dec 2024 18:28:27 INFO  epoch 6 evaluating [time: 8.02s, valid_score: 0.888100]
Fri 06 Dec 2024 18:28:27 INFO  valid result: 
recall@5 : 0.8955    recall@10 : 0.9035    recall@101 : 1.0    ndcg@5 : 0.8856    ndcg@10 : 0.8881    ndcg@101 : 0.9048    mrr@5 : 0.8823    mrr@10 : 0.8832    mrr@101 : 0.8853    
Fri 06 Dec 2024 18:34:26 INFO  epoch 7 training [time: 358.34s, train loss: 1423.8504]
Fri 06 Dec 2024 18:34:33 INFO  epoch 7 evaluating [time: 7.34s, valid_score: 0.888300]
Fri 06 Dec 2024 18:34:33 INFO  valid result: 
recall@5 : 0.9005    recall@10 : 0.907    recall@101 : 1.0    ndcg@5 : 0.8862    ndcg@10 : 0.8883    ndcg@101 : 0.9042    mrr@5 : 0.8814    mrr@10 : 0.8823    mrr@101 : 0.8841    
Fri 06 Dec 2024 18:40:28 INFO  epoch 8 training [time: 355.02s, train loss: 1339.6898]
Fri 06 Dec 2024 18:40:36 INFO  epoch 8 evaluating [time: 7.70s, valid_score: 0.893100]
Fri 06 Dec 2024 18:40:36 INFO  valid result: 
recall@5 : 0.902    recall@10 : 0.9075    recall@101 : 1.0    ndcg@5 : 0.8913    ndcg@10 : 0.8931    ndcg@101 : 0.9087    mrr@5 : 0.8877    mrr@10 : 0.8885    mrr@101 : 0.8902    
Fri 06 Dec 2024 18:46:31 INFO  epoch 9 training [time: 355.12s, train loss: 1281.0510]
Fri 06 Dec 2024 18:46:38 INFO  epoch 9 evaluating [time: 7.51s, valid_score: 0.892600]
Fri 06 Dec 2024 18:46:38 INFO  valid result: 
recall@5 : 0.9005    recall@10 : 0.9075    recall@101 : 1.0    ndcg@5 : 0.8904    ndcg@10 : 0.8926    ndcg@101 : 0.9079    mrr@5 : 0.887    mrr@10 : 0.8879    mrr@101 : 0.8895    
Fri 06 Dec 2024 18:52:35 INFO  epoch 10 training [time: 356.72s, train loss: 1214.4071]
Fri 06 Dec 2024 18:52:43 INFO  epoch 10 evaluating [time: 7.79s, valid_score: 0.893300]
Fri 06 Dec 2024 18:52:43 INFO  valid result: 
recall@5 : 0.9025    recall@10 : 0.9075    recall@101 : 1.0    ndcg@5 : 0.8917    ndcg@10 : 0.8933    ndcg@101 : 0.9086    mrr@5 : 0.888    mrr@10 : 0.8887    mrr@101 : 0.8903    
Fri 06 Dec 2024 18:58:39 INFO  epoch 11 training [time: 356.19s, train loss: 1166.0898]
Fri 06 Dec 2024 18:58:47 INFO  epoch 11 evaluating [time: 7.63s, valid_score: 0.891300]
Fri 06 Dec 2024 18:58:47 INFO  valid result: 
recall@5 : 0.901    recall@10 : 0.9125    recall@101 : 1.0    ndcg@5 : 0.8876    ndcg@10 : 0.8913    ndcg@101 : 0.9059    mrr@5 : 0.883    mrr@10 : 0.8846    mrr@101 : 0.8862    
Fri 06 Dec 2024 19:04:42 INFO  epoch 12 training [time: 354.88s, train loss: 1106.0566]
Fri 06 Dec 2024 19:04:50 INFO  epoch 12 evaluating [time: 7.88s, valid_score: 0.889800]
Fri 06 Dec 2024 19:04:50 INFO  valid result: 
recall@5 : 0.9025    recall@10 : 0.9105    recall@101 : 1.0    ndcg@5 : 0.8871    ndcg@10 : 0.8898    ndcg@101 : 0.9049    mrr@5 : 0.882    mrr@10 : 0.8831    mrr@101 : 0.8849    
Fri 06 Dec 2024 19:10:43 INFO  epoch 13 training [time: 353.87s, train loss: 1057.3929]
Fri 06 Dec 2024 19:10:51 INFO  epoch 13 evaluating [time: 7.66s, valid_score: 0.897200]
Fri 06 Dec 2024 19:10:51 INFO  valid result: 
recall@5 : 0.9045    recall@10 : 0.919    recall@101 : 1.0    ndcg@5 : 0.8924    ndcg@10 : 0.8972    ndcg@101 : 0.9104    mrr@5 : 0.8883    mrr@10 : 0.8903    mrr@101 : 0.8917    
Fri 06 Dec 2024 19:16:46 INFO  epoch 14 training [time: 355.23s, train loss: 1022.9481]
Fri 06 Dec 2024 19:16:54 INFO  epoch 14 evaluating [time: 8.03s, valid_score: 0.894700]
Fri 06 Dec 2024 19:16:54 INFO  valid result: 
recall@5 : 0.907    recall@10 : 0.9145    recall@101 : 1.0    ndcg@5 : 0.8924    ndcg@10 : 0.8947    ndcg@101 : 0.9088    mrr@5 : 0.8874    mrr@10 : 0.8884    mrr@101 : 0.8898    
Fri 06 Dec 2024 19:22:49 INFO  epoch 15 training [time: 354.86s, train loss: 979.9305]
Fri 06 Dec 2024 19:22:57 INFO  epoch 15 evaluating [time: 7.67s, valid_score: 0.897600]
Fri 06 Dec 2024 19:22:57 INFO  valid result: 
recall@5 : 0.909    recall@10 : 0.9155    recall@101 : 1.0    ndcg@5 : 0.8955    ndcg@10 : 0.8976    ndcg@101 : 0.9118    mrr@5 : 0.8909    mrr@10 : 0.8918    mrr@101 : 0.8935    
Fri 06 Dec 2024 19:28:50 INFO  epoch 16 training [time: 353.62s, train loss: 954.3725]
Fri 06 Dec 2024 19:28:58 INFO  epoch 16 evaluating [time: 7.73s, valid_score: 0.895500]
Fri 06 Dec 2024 19:28:58 INFO  valid result: 
recall@5 : 0.908    recall@10 : 0.918    recall@101 : 1.0    ndcg@5 : 0.8923    ndcg@10 : 0.8955    ndcg@101 : 0.9094    mrr@5 : 0.8871    mrr@10 : 0.8884    mrr@101 : 0.8899    
Fri 06 Dec 2024 19:28:58 INFO  Finished training, best eval result in epoch 5
Fri 06 Dec 2024 19:28:58 INFO  test result: {'recall@5': 0.9245, 'recall@10': 0.934, 'recall@101': 1.0, 'ndcg@5': 0.9135, 'ndcg@10': 0.9167, 'ndcg@101': 0.9282, 'mrr@5': 0.9098, 'mrr@10': 0.9112, 'mrr@101': 0.9127}
