Tue 03 Dec 2024 13:40:10 INFO  PID: 3248741
Tue 03 Dec 2024 13:40:10 INFO  Namespace(batch_size=2048, dataset='retail_beh', gpu_id=0, model='MBHT', valid_portion=0.1, validation=False)
Tue 03 Dec 2024 13:40:10 INFO  
General Hyper Parameters:
gpu_id = 0
use_gpu = True
seed = 2020
state = INFO
reproducibility = True
data_path = dataset/retail_beh
show_progress = True
save_dataset = False
save_dataloaders = False
benchmark_filename = ['train', 'test']

Training Hyper Parameters:
checkpoint_dir = saved
epochs = 300
train_batch_size = 64
learner = adam
learning_rate = 0.001
eval_step = 1
stopping_step = 10
clip_grad_norm = None
weight_decay = 0.0
loss_decimal_place = 4

Evaluation Hyper Parameters:
eval_args = {'mode': 'full', 'order': 'TO', 'split': {'RS': [0.8, 0.1, 0.1]}, 'group_by': 'user'}
metrics = ['Recall', 'NDCG', 'MRR']
topk = [5, 10, 101]
valid_metric = NDCG@10
valid_metric_bigger = True
eval_batch_size = 128
metric_decimal_place = 4

Dataset Hyper Parameters:
field_separator = 	
seq_separator =  
USER_ID_FIELD = session_id
ITEM_ID_FIELD = item_id
RATING_FIELD = rating
TIME_FIELD = timestamp
seq_len = None
LABEL_FIELD = label
threshold = None
NEG_PREFIX = neg_
load_col = None
unload_col = None
unused_col = None
additional_feat_suffix = None
rm_dup_inter = None
val_interval = None
filter_inter_by_user_or_item = True
user_inter_num_interval = [0,inf)
item_inter_num_interval = [0,inf)
alias_of_user_id = None
alias_of_item_id = ['item_id_list']
alias_of_entity_id = None
alias_of_relation_id = None
preload_weight = None
normalize_field = None
normalize_all = None
ITEM_LIST_LENGTH_FIELD = item_length
LIST_SUFFIX = _list
MAX_ITEM_LIST_LENGTH = 200
POSITION_FIELD = position_id
HEAD_ENTITY_ID_FIELD = head_id
TAIL_ENTITY_ID_FIELD = tail_id
RELATION_ID_FIELD = relation_id
ENTITY_ID_FIELD = entity_id

Other Hyper Parameters: 
neg_sampling = None
repeatable = True
n_layers = 2
n_heads = 2
hidden_size = 64
inner_size = 256
hidden_dropout_prob = 0.5
attn_dropout_prob = 0.5
hidden_act = gelu
layer_norm_eps = 1e-12
initializer_range = 0.02
mask_ratio = 0.2
loss_type = CE
customized_eval = 1
MODEL_TYPE = ModelType.SEQUENTIAL
hyper_len = 6
scales = [5, 4, 20]
enable_hg = 1
enable_ms = 1
abaltion = 
batch_size = 2048
MODEL_INPUT_TYPE = InputType.POINTWISE
eval_type = EvaluatorType.RANKING
device = cuda
train_neg_sample_args = {'strategy': 'none'}
eval_neg_sample_args = {'strategy': 'full', 'distribution': 'uniform'}


Tue 03 Dec 2024 13:40:10 INFO  retail_beh
The number of users: 30691
Average actions of users: 1.065167807103291
The number of items: 31240
Average actions of items: 3.388618223281849
The number of inters: 32690
The sparsity of the dataset: 99.99659048303167%
Remain Fields: ['session_id', 'item_id_list', 'item_type_list', 'item_id', 'item_length']
Tue 03 Dec 2024 13:40:12 INFO  MBHT(
  (type_embedding): Embedding(6, 64, padding_idx=0)
  (item_embedding): Embedding(31241, 64, padding_idx=0)
  (position_embedding): Embedding(201, 64)
  (trm_encoder): TransformerEncoder(
    (layer): ModuleList(
      (0-1): 2 x TransformerLayer(
        (multi_head_attention): MultiScaleAttention(
          (out_fc): Linear(in_features=260, out_features=200, bias=True)
          (attention1): LinearAttention(
            (E): Linear(in_features=200, out_features=5, bias=True)
            (F): Linear(in_features=200, out_features=5, bias=True)
            (W_V): Linear(in_features=64, out_features=64, bias=True)
            (W_K): Linear(in_features=64, out_features=64, bias=True)
            (W_Q): Linear(in_features=64, out_features=64, bias=True)
            (dense): Linear(in_features=64, out_features=64, bias=True)
            (attn_dropout): Dropout(p=0.5, inplace=False)
            (out_dropout): Dropout(p=0.5, inplace=False)
            (LayerNorm): LayerNorm((64,), eps=1e-12, elementwise_affine=True)
          )
          (attention2): MultiHeadAttention(
            (query): Linear(in_features=64, out_features=64, bias=True)
            (key): Linear(in_features=64, out_features=64, bias=True)
            (value): Linear(in_features=64, out_features=64, bias=True)
            (attn_dropout): Dropout(p=0.5, inplace=False)
            (dense): Linear(in_features=64, out_features=64, bias=True)
            (LayerNorm): LayerNorm((64,), eps=1e-12, elementwise_affine=True)
            (out_dropout): Dropout(p=0.5, inplace=False)
          )
        )
        (feed_forward): FeedForward(
          (dense_1): Linear(in_features=64, out_features=256, bias=True)
          (dense_2): Linear(in_features=256, out_features=64, bias=True)
          (LayerNorm): LayerNorm((64,), eps=1e-12, elementwise_affine=True)
          (dropout): Dropout(p=0.5, inplace=False)
        )
      )
    )
  )
  (hgnn_layer): HGNN(
    (hgc1): HGNN_conv()
    (hgc2): HGNN_conv()
    (out_fc): Linear(in_features=64, out_features=64, bias=True)
  )
  (LayerNorm): LayerNorm((64,), eps=1e-12, elementwise_affine=True)
  (dropout): Dropout(p=0.5, inplace=False)
  (hg_type_embedding): Embedding(6, 64, padding_idx=0)
)
Trainable parameters: 2276036
Tue 03 Dec 2024 13:40:16 INFO  epoch -1 evaluating [time: 3.50s, valid_score: 0.062400]
Tue 03 Dec 2024 13:40:16 INFO  valid result: 
recall@5 : 0.08    recall@10 : 0.135    recall@101 : 1.0    ndcg@5 : 0.0449    ndcg@10 : 0.0624    ndcg@101 : 0.2204    mrr@5 : 0.0335    mrr@10 : 0.0405    mrr@101 : 0.0626    
Tue 03 Dec 2024 13:43:07 INFO  epoch 0 training [time: 171.42s, train loss: 4682.4458]
Tue 03 Dec 2024 13:43:10 INFO  epoch 0 evaluating [time: 2.87s, valid_score: 0.326300]
Tue 03 Dec 2024 13:43:10 INFO  valid result: 
recall@5 : 0.341    recall@10 : 0.3715    recall@101 : 1.0    ndcg@5 : 0.3164    ndcg@10 : 0.3263    ndcg@101 : 0.4301    mrr@5 : 0.3084    mrr@10 : 0.3124    mrr@101 : 0.3232    
Tue 03 Dec 2024 13:43:10 INFO  Saving current best: saved/MBHT-retail_beh-Dec-03-2024_13-40-12.pth
Tue 03 Dec 2024 13:46:04 INFO  epoch 1 training [time: 173.94s, train loss: 4391.7431]
Tue 03 Dec 2024 13:46:07 INFO  epoch 1 evaluating [time: 2.87s, valid_score: 0.441800]
Tue 03 Dec 2024 13:46:07 INFO  valid result: 
recall@5 : 0.496    recall@10 : 0.548    recall@101 : 1.0    ndcg@5 : 0.4252    ndcg@10 : 0.4418    ndcg@101 : 0.5215    mrr@5 : 0.4016    mrr@10 : 0.4084    mrr@101 : 0.4188    
Tue 03 Dec 2024 13:46:07 INFO  Saving current best: saved/MBHT-retail_beh-Dec-03-2024_13-40-12.pth
Tue 03 Dec 2024 13:49:02 INFO  epoch 2 training [time: 175.32s, train loss: 4056.0170]
Tue 03 Dec 2024 13:49:05 INFO  epoch 2 evaluating [time: 2.89s, valid_score: 0.569600]
Tue 03 Dec 2024 13:49:05 INFO  valid result: 
recall@5 : 0.6035    recall@10 : 0.6615    recall@101 : 1.0    ndcg@5 : 0.5508    ndcg@10 : 0.5696    ndcg@101 : 0.6332    mrr@5 : 0.5332    mrr@10 : 0.541    mrr@101 : 0.5508    
Tue 03 Dec 2024 13:49:05 INFO  Saving current best: saved/MBHT-retail_beh-Dec-03-2024_13-40-12.pth
Tue 03 Dec 2024 13:51:59 INFO  epoch 3 training [time: 173.57s, train loss: 3624.7104]
Tue 03 Dec 2024 13:52:02 INFO  epoch 3 evaluating [time: 2.87s, valid_score: 0.711800]
Tue 03 Dec 2024 13:52:02 INFO  valid result: 
recall@5 : 0.7465    recall@10 : 0.8075    recall@101 : 1.0    ndcg@5 : 0.6921    ndcg@10 : 0.7118    ndcg@101 : 0.7496    mrr@5 : 0.674    mrr@10 : 0.6821    mrr@101 : 0.6887    
Tue 03 Dec 2024 13:52:02 INFO  Saving current best: saved/MBHT-retail_beh-Dec-03-2024_13-40-12.pth
Tue 03 Dec 2024 13:54:58 INFO  epoch 4 training [time: 175.88s, train loss: 3137.0096]
Tue 03 Dec 2024 13:55:01 INFO  epoch 4 evaluating [time: 2.94s, valid_score: 0.755500]
Tue 03 Dec 2024 13:55:01 INFO  valid result: 
recall@5 : 0.793    recall@10 : 0.8305    recall@101 : 1.0    ndcg@5 : 0.7434    ndcg@10 : 0.7555    ndcg@101 : 0.7887    mrr@5 : 0.727    mrr@10 : 0.732    mrr@101 : 0.7378    
Tue 03 Dec 2024 13:55:01 INFO  Saving current best: saved/MBHT-retail_beh-Dec-03-2024_13-40-12.pth
Tue 03 Dec 2024 13:57:57 INFO  epoch 5 training [time: 175.68s, train loss: 2748.1294]
Tue 03 Dec 2024 13:57:59 INFO  epoch 5 evaluating [time: 2.84s, valid_score: 0.857900]
Tue 03 Dec 2024 13:57:59 INFO  valid result: 
recall@5 : 0.887    recall@10 : 0.908    recall@101 : 1.0    ndcg@5 : 0.851    ndcg@10 : 0.8579    ndcg@101 : 0.8756    mrr@5 : 0.8389    mrr@10 : 0.8418    mrr@101 : 0.8448    
Tue 03 Dec 2024 13:58:00 INFO  Saving current best: saved/MBHT-retail_beh-Dec-03-2024_13-40-12.pth
Tue 03 Dec 2024 14:00:54 INFO  epoch 6 training [time: 174.70s, train loss: 2419.4668]
Tue 03 Dec 2024 14:00:57 INFO  epoch 6 evaluating [time: 2.93s, valid_score: 0.842700]
Tue 03 Dec 2024 14:00:57 INFO  valid result: 
recall@5 : 0.8625    recall@10 : 0.885    recall@101 : 1.0    ndcg@5 : 0.8354    ndcg@10 : 0.8427    ndcg@101 : 0.8651    mrr@5 : 0.8263    mrr@10 : 0.8293    mrr@101 : 0.8331    
Tue 03 Dec 2024 14:03:52 INFO  epoch 7 training [time: 175.04s, train loss: 2107.2762]
Tue 03 Dec 2024 14:03:55 INFO  epoch 7 evaluating [time: 2.94s, valid_score: 0.862100]
Tue 03 Dec 2024 14:03:55 INFO  valid result: 
recall@5 : 0.883    recall@10 : 0.907    recall@101 : 1.0    ndcg@5 : 0.8541    ndcg@10 : 0.8621    ndcg@101 : 0.879    mrr@5 : 0.8445    mrr@10 : 0.8479    mrr@101 : 0.8503    
Tue 03 Dec 2024 14:03:55 INFO  Saving current best: saved/MBHT-retail_beh-Dec-03-2024_13-40-12.pth
Tue 03 Dec 2024 14:06:51 INFO  epoch 8 training [time: 175.65s, train loss: 1891.2228]
Tue 03 Dec 2024 14:06:54 INFO  epoch 8 evaluating [time: 2.95s, valid_score: 0.867600]
Tue 03 Dec 2024 14:06:54 INFO  valid result: 
recall@5 : 0.884    recall@10 : 0.8965    recall@101 : 1.0    ndcg@5 : 0.8635    ndcg@10 : 0.8676    ndcg@101 : 0.8853    mrr@5 : 0.8566    mrr@10 : 0.8584    mrr@101 : 0.8604    
Tue 03 Dec 2024 14:06:54 INFO  Saving current best: saved/MBHT-retail_beh-Dec-03-2024_13-40-12.pth
Tue 03 Dec 2024 14:09:51 INFO  epoch 9 training [time: 177.35s, train loss: 1731.5703]
Tue 03 Dec 2024 14:09:54 INFO  epoch 9 evaluating [time: 2.93s, valid_score: 0.865800]
Tue 03 Dec 2024 14:09:54 INFO  valid result: 
recall@5 : 0.8805    recall@10 : 0.894    recall@101 : 1.0    ndcg@5 : 0.8614    ndcg@10 : 0.8658    ndcg@101 : 0.8839    mrr@5 : 0.855    mrr@10 : 0.8568    mrr@101 : 0.859    
Tue 03 Dec 2024 14:12:52 INFO  epoch 10 training [time: 177.51s, train loss: 1602.6244]
Tue 03 Dec 2024 14:12:55 INFO  epoch 10 evaluating [time: 2.89s, valid_score: 0.866700]
Tue 03 Dec 2024 14:12:55 INFO  valid result: 
recall@5 : 0.8815    recall@10 : 0.8955    recall@101 : 1.0    ndcg@5 : 0.8622    ndcg@10 : 0.8667    ndcg@101 : 0.8846    mrr@5 : 0.8557    mrr@10 : 0.8575    mrr@101 : 0.8597    
Tue 03 Dec 2024 14:15:50 INFO  epoch 11 training [time: 175.08s, train loss: 1503.9154]
Tue 03 Dec 2024 14:15:53 INFO  epoch 11 evaluating [time: 2.88s, valid_score: 0.868800]
Tue 03 Dec 2024 14:15:53 INFO  valid result: 
recall@5 : 0.8825    recall@10 : 0.8935    recall@101 : 1.0    ndcg@5 : 0.8653    ndcg@10 : 0.8688    ndcg@101 : 0.8874    mrr@5 : 0.8595    mrr@10 : 0.861    mrr@101 : 0.8633    
Tue 03 Dec 2024 14:15:53 INFO  Saving current best: saved/MBHT-retail_beh-Dec-03-2024_13-40-12.pth
Tue 03 Dec 2024 14:18:48 INFO  epoch 12 training [time: 175.79s, train loss: 1421.1195]
Tue 03 Dec 2024 14:18:51 INFO  epoch 12 evaluating [time: 2.93s, valid_score: 0.872500]
Tue 03 Dec 2024 14:18:51 INFO  valid result: 
recall@5 : 0.887    recall@10 : 0.895    recall@101 : 1.0    ndcg@5 : 0.8699    ndcg@10 : 0.8725    ndcg@101 : 0.8902    mrr@5 : 0.8642    mrr@10 : 0.8653    mrr@101 : 0.8673    
Tue 03 Dec 2024 14:18:51 INFO  Saving current best: saved/MBHT-retail_beh-Dec-03-2024_13-40-12.pth
Tue 03 Dec 2024 14:21:49 INFO  epoch 13 training [time: 177.90s, train loss: 1353.0503]
Tue 03 Dec 2024 14:21:52 INFO  epoch 13 evaluating [time: 2.94s, valid_score: 0.866400]
Tue 03 Dec 2024 14:21:52 INFO  valid result: 
recall@5 : 0.881    recall@10 : 0.894    recall@101 : 1.0    ndcg@5 : 0.8622    ndcg@10 : 0.8664    ndcg@101 : 0.8843    mrr@5 : 0.8558    mrr@10 : 0.8576    mrr@101 : 0.8596    
Tue 03 Dec 2024 14:24:48 INFO  epoch 14 training [time: 175.58s, train loss: 1294.5753]
Tue 03 Dec 2024 14:24:51 INFO  epoch 14 evaluating [time: 2.87s, valid_score: 0.869300]
Tue 03 Dec 2024 14:24:51 INFO  valid result: 
recall@5 : 0.8855    recall@10 : 0.8975    recall@101 : 1.0    ndcg@5 : 0.8655    ndcg@10 : 0.8693    ndcg@101 : 0.8863    mrr@5 : 0.8588    mrr@10 : 0.8604    mrr@101 : 0.8622    
Tue 03 Dec 2024 14:27:46 INFO  epoch 15 training [time: 175.01s, train loss: 1237.9048]
Tue 03 Dec 2024 14:27:49 INFO  epoch 15 evaluating [time: 2.89s, valid_score: 0.868800]
Tue 03 Dec 2024 14:27:49 INFO  valid result: 
recall@5 : 0.8815    recall@10 : 0.893    recall@101 : 1.0    ndcg@5 : 0.865    ndcg@10 : 0.8688    ndcg@101 : 0.887    mrr@5 : 0.8594    mrr@10 : 0.861    mrr@101 : 0.8632    
Tue 03 Dec 2024 14:30:44 INFO  epoch 16 training [time: 175.30s, train loss: 1187.0562]
Tue 03 Dec 2024 14:30:47 INFO  epoch 16 evaluating [time: 2.94s, valid_score: 0.865200]
Tue 03 Dec 2024 14:30:47 INFO  valid result: 
recall@5 : 0.8795    recall@10 : 0.892    recall@101 : 1.0    ndcg@5 : 0.8612    ndcg@10 : 0.8652    ndcg@101 : 0.8835    mrr@5 : 0.855    mrr@10 : 0.8566    mrr@101 : 0.8587    
Tue 03 Dec 2024 14:33:42 INFO  epoch 17 training [time: 175.07s, train loss: 1143.1976]
Tue 03 Dec 2024 14:33:45 INFO  epoch 17 evaluating [time: 2.90s, valid_score: 0.866500]
Tue 03 Dec 2024 14:33:45 INFO  valid result: 
recall@5 : 0.881    recall@10 : 0.8885    recall@101 : 1.0    ndcg@5 : 0.864    ndcg@10 : 0.8665    ndcg@101 : 0.8855    mrr@5 : 0.8583    mrr@10 : 0.8594    mrr@101 : 0.8617    
Tue 03 Dec 2024 14:36:41 INFO  epoch 18 training [time: 176.59s, train loss: 1095.4804]
Tue 03 Dec 2024 14:36:44 INFO  epoch 18 evaluating [time: 2.90s, valid_score: 0.862000]
Tue 03 Dec 2024 14:36:44 INFO  valid result: 
recall@5 : 0.8795    recall@10 : 0.8895    recall@101 : 1.0    ndcg@5 : 0.8588    ndcg@10 : 0.862    ndcg@101 : 0.8808    mrr@5 : 0.8518    mrr@10 : 0.8532    mrr@101 : 0.8554    
Tue 03 Dec 2024 14:39:39 INFO  epoch 19 training [time: 175.07s, train loss: 1055.7708]
Tue 03 Dec 2024 14:39:42 INFO  epoch 19 evaluating [time: 2.88s, valid_score: 0.860400]
Tue 03 Dec 2024 14:39:42 INFO  valid result: 
recall@5 : 0.876    recall@10 : 0.89    recall@101 : 1.0    ndcg@5 : 0.8558    ndcg@10 : 0.8604    ndcg@101 : 0.879    mrr@5 : 0.8491    mrr@10 : 0.851    mrr@101 : 0.8532    
Tue 03 Dec 2024 14:42:39 INFO  epoch 20 training [time: 176.89s, train loss: 1020.5097]
Tue 03 Dec 2024 14:42:42 INFO  epoch 20 evaluating [time: 2.87s, valid_score: 0.854200]
Tue 03 Dec 2024 14:42:42 INFO  valid result: 
recall@5 : 0.8715    recall@10 : 0.885    recall@101 : 1.0    ndcg@5 : 0.8498    ndcg@10 : 0.8542    ndcg@101 : 0.8737    mrr@5 : 0.8425    mrr@10 : 0.8444    mrr@101 : 0.8467    
Tue 03 Dec 2024 14:45:40 INFO  epoch 21 training [time: 177.96s, train loss: 995.5163]
Tue 03 Dec 2024 14:45:43 INFO  epoch 21 evaluating [time: 2.91s, valid_score: 0.866600]
Tue 03 Dec 2024 14:45:43 INFO  valid result: 
recall@5 : 0.8805    recall@10 : 0.891    recall@101 : 1.0    ndcg@5 : 0.8631    ndcg@10 : 0.8666    ndcg@101 : 0.8849    mrr@5 : 0.8573    mrr@10 : 0.8588    mrr@101 : 0.8609    
Tue 03 Dec 2024 14:48:40 INFO  epoch 22 training [time: 176.90s, train loss: 962.3680]
Tue 03 Dec 2024 14:48:43 INFO  epoch 22 evaluating [time: 2.92s, valid_score: 0.862300]
Tue 03 Dec 2024 14:48:43 INFO  valid result: 
recall@5 : 0.878    recall@10 : 0.89    recall@101 : 1.0    ndcg@5 : 0.8585    ndcg@10 : 0.8623    ndcg@101 : 0.8805    mrr@5 : 0.8519    mrr@10 : 0.8535    mrr@101 : 0.8555    
Tue 03 Dec 2024 14:51:40 INFO  epoch 23 training [time: 177.44s, train loss: 939.8868]
Tue 03 Dec 2024 14:51:43 INFO  epoch 23 evaluating [time: 2.92s, valid_score: 0.858700]
Tue 03 Dec 2024 14:51:43 INFO  valid result: 
recall@5 : 0.8745    recall@10 : 0.8865    recall@101 : 1.0    ndcg@5 : 0.8549    ndcg@10 : 0.8587    ndcg@101 : 0.8778    mrr@5 : 0.8484    mrr@10 : 0.8498    mrr@101 : 0.852    
Tue 03 Dec 2024 14:51:43 INFO  Finished training, best eval result in epoch 12
Tue 03 Dec 2024 14:51:43 INFO  test result: {'recall@5': 0.887, 'recall@10': 0.895, 'recall@101': 1.0, 'ndcg@5': 0.8699, 'ndcg@10': 0.8725, 'ndcg@101': 0.8902, 'mrr@5': 0.8642, 'mrr@10': 0.8653, 'mrr@101': 0.8673}
