Wed 27 Nov 2024 22:38:16 INFO  PID: 1994567
Wed 27 Nov 2024 22:38:16 INFO  Namespace(batch_size=2048, dataset='tmall_beh', gpu_id=0, model='MBHT', valid_portion=0.1, validation=False)
Wed 27 Nov 2024 22:38:16 INFO  
General Hyper Parameters:
gpu_id = 0
use_gpu = True
seed = 2020
state = INFO
reproducibility = True
data_path = dataset/tmall_beh
show_progress = True
save_dataset = False
save_dataloaders = False
benchmark_filename = ['train', 'test']

Training Hyper Parameters:
checkpoint_dir = saved
epochs = 300
train_batch_size = 64
learner = adam
learning_rate = 0.001
eval_step = 1
stopping_step = 10
clip_grad_norm = None
weight_decay = 0.0
loss_decimal_place = 4

Evaluation Hyper Parameters:
eval_args = {'mode': 'full', 'order': 'TO', 'split': {'RS': [0.8, 0.1, 0.1]}, 'group_by': 'user'}
metrics = ['Recall', 'NDCG', 'MRR']
topk = [5, 10, 101]
valid_metric = NDCG@10
valid_metric_bigger = True
eval_batch_size = 128
metric_decimal_place = 4

Dataset Hyper Parameters:
field_separator = 	
seq_separator =  
USER_ID_FIELD = session_id
ITEM_ID_FIELD = item_id
RATING_FIELD = rating
TIME_FIELD = timestamp
seq_len = None
LABEL_FIELD = label
threshold = None
NEG_PREFIX = neg_
load_col = None
unload_col = None
unused_col = None
additional_feat_suffix = None
rm_dup_inter = None
val_interval = None
filter_inter_by_user_or_item = True
user_inter_num_interval = [0,inf)
item_inter_num_interval = [0,inf)
alias_of_user_id = None
alias_of_item_id = ['item_id_list']
alias_of_entity_id = None
alias_of_relation_id = None
preload_weight = None
normalize_field = None
normalize_all = None
ITEM_LIST_LENGTH_FIELD = item_length
LIST_SUFFIX = _list
MAX_ITEM_LIST_LENGTH = 200
POSITION_FIELD = position_id
HEAD_ENTITY_ID_FIELD = head_id
TAIL_ENTITY_ID_FIELD = tail_id
RELATION_ID_FIELD = relation_id
ENTITY_ID_FIELD = entity_id

Other Hyper Parameters: 
neg_sampling = None
repeatable = True
n_layers = 2
n_heads = 2
hidden_size = 64
inner_size = 256
hidden_dropout_prob = 0.5
attn_dropout_prob = 0.5
hidden_act = gelu
layer_norm_eps = 1e-12
initializer_range = 0.02
mask_ratio = 0.2
loss_type = CE
customized_eval = 1
MODEL_TYPE = ModelType.SEQUENTIAL
hyper_len = 6
scales = [10, 4, 20]
enable_hg = 1
enable_ms = 1
abaltion = 
batch_size = 2048
MODEL_INPUT_TYPE = InputType.POINTWISE
eval_type = EvaluatorType.RANKING
device = cuda
train_neg_sample_args = {'strategy': 'none'}
eval_neg_sample_args = {'strategy': 'full', 'distribution': 'uniform'}


Wed 27 Nov 2024 22:38:28 INFO  tmall_beh
The number of users: 437367
Average actions of users: 1.0813460579926195
The number of items: 99038
Average actions of items: 5.257094583328702
The number of inters: 472944
The sparsity of the dataset: 99.99890815284478%
Remain Fields: ['session_id', 'item_id_list', 'item_type_list', 'item_id', 'item_length']
Wed 27 Nov 2024 22:38:37 INFO  MBHT(
  (type_embedding): Embedding(6, 64, padding_idx=0)
  (item_embedding): Embedding(99039, 64, padding_idx=0)
  (position_embedding): Embedding(201, 64)
  (trm_encoder): TransformerEncoder(
    (layer): ModuleList(
      (0-1): 2 x TransformerLayer(
        (multi_head_attention): MultiScaleAttention(
          (out_fc): Linear(in_features=260, out_features=200, bias=True)
          (attention1): LinearAttention(
            (E): Linear(in_features=200, out_features=10, bias=True)
            (F): Linear(in_features=200, out_features=10, bias=True)
            (W_V): Linear(in_features=64, out_features=64, bias=True)
            (W_K): Linear(in_features=64, out_features=64, bias=True)
            (W_Q): Linear(in_features=64, out_features=64, bias=True)
            (dense): Linear(in_features=64, out_features=64, bias=True)
            (attn_dropout): Dropout(p=0.5, inplace=False)
            (out_dropout): Dropout(p=0.5, inplace=False)
            (LayerNorm): LayerNorm((64,), eps=1e-12, elementwise_affine=True)
          )
          (attention2): MultiHeadAttention(
            (query): Linear(in_features=64, out_features=64, bias=True)
            (key): Linear(in_features=64, out_features=64, bias=True)
            (value): Linear(in_features=64, out_features=64, bias=True)
            (attn_dropout): Dropout(p=0.5, inplace=False)
            (dense): Linear(in_features=64, out_features=64, bias=True)
            (LayerNorm): LayerNorm((64,), eps=1e-12, elementwise_affine=True)
            (out_dropout): Dropout(p=0.5, inplace=False)
          )
        )
        (feed_forward): FeedForward(
          (dense_1): Linear(in_features=64, out_features=256, bias=True)
          (dense_2): Linear(in_features=256, out_features=64, bias=True)
          (LayerNorm): LayerNorm((64,), eps=1e-12, elementwise_affine=True)
          (dropout): Dropout(p=0.5, inplace=False)
        )
      )
    )
  )
  (hgnn_layer): HGNN(
    (hgc1): HGNN_conv()
    (hgc2): HGNN_conv()
    (out_fc): Linear(in_features=64, out_features=64, bias=True)
  )
  (LayerNorm): LayerNorm((64,), eps=1e-12, elementwise_affine=True)
  (dropout): Dropout(p=0.5, inplace=False)
  (hg_type_embedding): Embedding(6, 64, padding_idx=0)
)
Trainable parameters: 6619128
Wed 27 Nov 2024 22:39:35 INFO  epoch -1 evaluating [time: 57.61s, valid_score: 0.046900]
Wed 27 Nov 2024 22:39:35 INFO  valid result: 
recall@5 : 0.0533    recall@10 : 0.1023    recall@101 : 1.0    ndcg@5 : 0.0312    ndcg@10 : 0.0469    ndcg@101 : 0.2099    mrr@5 : 0.0241    mrr@10 : 0.0304    mrr@101 : 0.0527    
Wed 27 Nov 2024 23:54:06 INFO  epoch 0 training [time: 4470.86s, train loss: 76828.7435]
Wed 27 Nov 2024 23:55:04 INFO  epoch 0 evaluating [time: 58.11s, valid_score: 0.050500]
Wed 27 Nov 2024 23:55:04 INFO  valid result: 
recall@5 : 0.0548    recall@10 : 0.0978    recall@101 : 1.0    ndcg@5 : 0.0366    ndcg@10 : 0.0505    ndcg@101 : 0.205    mrr@5 : 0.0307    mrr@10 : 0.0365    mrr@101 : 0.0544    
Wed 27 Nov 2024 23:55:04 INFO  Saving current best: saved/MBHT-tmall_beh-Nov-27-2024_22-38-37.pth
Thu 28 Nov 2024 01:09:25 INFO  epoch 1 training [time: 4461.24s, train loss: 72041.5433]
Thu 28 Nov 2024 01:10:23 INFO  epoch 1 evaluating [time: 57.38s, valid_score: 0.083500]
Thu 28 Nov 2024 01:10:23 INFO  valid result: 
recall@5 : 0.0934    recall@10 : 0.152    recall@101 : 1.0    ndcg@5 : 0.0648    ndcg@10 : 0.0835    ndcg@101 : 0.2343    mrr@5 : 0.0554    mrr@10 : 0.063    mrr@101 : 0.0829    
Thu 28 Nov 2024 01:10:23 INFO  Saving current best: saved/MBHT-tmall_beh-Nov-27-2024_22-38-37.pth
Thu 28 Nov 2024 02:24:46 INFO  epoch 2 training [time: 4463.38s, train loss: 69857.0134]
Thu 28 Nov 2024 02:25:44 INFO  epoch 2 evaluating [time: 57.27s, valid_score: 0.121600]
Thu 28 Nov 2024 02:25:44 INFO  valid result: 
recall@5 : 0.1393    recall@10 : 0.2068    recall@101 : 1.0    ndcg@5 : 0.0999    ndcg@10 : 0.1216    ndcg@101 : 0.2637    mrr@5 : 0.087    mrr@10 : 0.0959    mrr@101 : 0.1151    
Thu 28 Nov 2024 02:25:44 INFO  Saving current best: saved/MBHT-tmall_beh-Nov-27-2024_22-38-37.pth
Thu 28 Nov 2024 03:40:00 INFO  epoch 3 training [time: 4456.34s, train loss: 68193.4999]
Thu 28 Nov 2024 03:40:59 INFO  epoch 3 evaluating [time: 59.10s, valid_score: 0.142000]
Thu 28 Nov 2024 03:40:59 INFO  valid result: 
recall@5 : 0.1651    recall@10 : 0.244    recall@101 : 1.0    ndcg@5 : 0.1166    ndcg@10 : 0.142    ndcg@101 : 0.2801    mrr@5 : 0.1006    mrr@10 : 0.111    mrr@101 : 0.1307    
Thu 28 Nov 2024 03:41:00 INFO  Saving current best: saved/MBHT-tmall_beh-Nov-27-2024_22-38-37.pth
Thu 28 Nov 2024 04:55:19 INFO  epoch 4 training [time: 4459.15s, train loss: 66986.3774]
Thu 28 Nov 2024 04:56:16 INFO  epoch 4 evaluating [time: 57.27s, valid_score: 0.151200]
Thu 28 Nov 2024 04:56:16 INFO  valid result: 
recall@5 : 0.1792    recall@10 : 0.2571    recall@101 : 1.0    ndcg@5 : 0.1262    ndcg@10 : 0.1512    ndcg@101 : 0.2877    mrr@5 : 0.1087    mrr@10 : 0.119    mrr@101 : 0.1388    
Thu 28 Nov 2024 04:56:16 INFO  Saving current best: saved/MBHT-tmall_beh-Nov-27-2024_22-38-37.pth
Thu 28 Nov 2024 06:10:47 INFO  epoch 5 training [time: 4471.08s, train loss: 66012.8026]
Thu 28 Nov 2024 06:11:45 INFO  epoch 5 evaluating [time: 57.37s, valid_score: 0.163000]
Thu 28 Nov 2024 06:11:45 INFO  valid result: 
recall@5 : 0.1947    recall@10 : 0.2712    recall@101 : 1.0    ndcg@5 : 0.1384    ndcg@10 : 0.163    ndcg@101 : 0.2972    mrr@5 : 0.1198    mrr@10 : 0.1299    mrr@101 : 0.1495    
Thu 28 Nov 2024 06:11:45 INFO  Saving current best: saved/MBHT-tmall_beh-Nov-27-2024_22-38-37.pth
Thu 28 Nov 2024 07:26:20 INFO  epoch 6 training [time: 4474.95s, train loss: 65095.4972]
Thu 28 Nov 2024 07:27:18 INFO  epoch 6 evaluating [time: 57.99s, valid_score: 0.180800]
Thu 28 Nov 2024 07:27:18 INFO  valid result: 
recall@5 : 0.2117    recall@10 : 0.2895    recall@101 : 1.0    ndcg@5 : 0.1558    ndcg@10 : 0.1808    ndcg@101 : 0.311    mrr@5 : 0.1374    mrr@10 : 0.1476    mrr@101 : 0.1663    
Thu 28 Nov 2024 07:27:18 INFO  Saving current best: saved/MBHT-tmall_beh-Nov-27-2024_22-38-37.pth
Thu 28 Nov 2024 08:41:30 INFO  epoch 7 training [time: 4451.73s, train loss: 64278.5001]
Thu 28 Nov 2024 08:42:28 INFO  epoch 7 evaluating [time: 57.65s, valid_score: 0.191700]
Thu 28 Nov 2024 08:42:28 INFO  valid result: 
recall@5 : 0.2208    recall@10 : 0.2976    recall@101 : 1.0    ndcg@5 : 0.167    ndcg@10 : 0.1917    ndcg@101 : 0.3196    mrr@5 : 0.1493    mrr@10 : 0.1595    mrr@101 : 0.1776    
Thu 28 Nov 2024 08:42:28 INFO  Saving current best: saved/MBHT-tmall_beh-Nov-27-2024_22-38-37.pth
Thu 28 Nov 2024 09:56:56 INFO  epoch 8 training [time: 4468.59s, train loss: 63537.1465]
Thu 28 Nov 2024 09:57:54 INFO  epoch 8 evaluating [time: 57.33s, valid_score: 0.199100]
Thu 28 Nov 2024 09:57:54 INFO  valid result: 
recall@5 : 0.2334    recall@10 : 0.3088    recall@101 : 1.0    ndcg@5 : 0.1747    ndcg@10 : 0.1991    ndcg@101 : 0.3255    mrr@5 : 0.1554    mrr@10 : 0.1654    mrr@101 : 0.1836    
Thu 28 Nov 2024 09:57:54 INFO  Saving current best: saved/MBHT-tmall_beh-Nov-27-2024_22-38-37.pth
Thu 28 Nov 2024 11:12:20 INFO  epoch 9 training [time: 4466.18s, train loss: 62912.3217]
Thu 28 Nov 2024 11:13:18 INFO  epoch 9 evaluating [time: 57.42s, valid_score: 0.202400]
Thu 28 Nov 2024 11:13:18 INFO  valid result: 
recall@5 : 0.2376    recall@10 : 0.3095    recall@101 : 1.0    ndcg@5 : 0.1792    ndcg@10 : 0.2024    ndcg@101 : 0.3281    mrr@5 : 0.1599    mrr@10 : 0.1695    mrr@101 : 0.1873    
Thu 28 Nov 2024 11:13:18 INFO  Saving current best: saved/MBHT-tmall_beh-Nov-27-2024_22-38-37.pth
Thu 28 Nov 2024 12:27:52 INFO  epoch 10 training [time: 4473.87s, train loss: 62322.8327]
Thu 28 Nov 2024 12:28:49 INFO  epoch 10 evaluating [time: 57.38s, valid_score: 0.205400]
Thu 28 Nov 2024 12:28:49 INFO  valid result: 
recall@5 : 0.2365    recall@10 : 0.3059    recall@101 : 1.0    ndcg@5 : 0.183    ndcg@10 : 0.2054    ndcg@101 : 0.3309    mrr@5 : 0.1654    mrr@10 : 0.1746    mrr@101 : 0.1921    
Thu 28 Nov 2024 12:28:49 INFO  Saving current best: saved/MBHT-tmall_beh-Nov-27-2024_22-38-37.pth
Thu 28 Nov 2024 13:43:19 INFO  epoch 11 training [time: 4469.29s, train loss: 61746.0890]
Thu 28 Nov 2024 13:44:17 INFO  epoch 11 evaluating [time: 58.71s, valid_score: 0.204900]
Thu 28 Nov 2024 13:44:17 INFO  valid result: 
recall@5 : 0.2365    recall@10 : 0.3138    recall@101 : 1.0    ndcg@5 : 0.18    ndcg@10 : 0.2049    ndcg@101 : 0.3297    mrr@5 : 0.1614    mrr@10 : 0.1716    mrr@101 : 0.1893    
Thu 28 Nov 2024 14:58:50 INFO  epoch 12 training [time: 4472.64s, train loss: 61231.5459]
Thu 28 Nov 2024 14:59:49 INFO  epoch 12 evaluating [time: 59.22s, valid_score: 0.201400]
Thu 28 Nov 2024 14:59:49 INFO  valid result: 
recall@5 : 0.2322    recall@10 : 0.3045    recall@101 : 1.0    ndcg@5 : 0.1781    ndcg@10 : 0.2014    ndcg@101 : 0.327    mrr@5 : 0.1603    mrr@10 : 0.1699    mrr@101 : 0.1873    
Thu 28 Nov 2024 16:14:09 INFO  epoch 13 training [time: 4460.24s, train loss: 60748.5568]
Thu 28 Nov 2024 16:15:07 INFO  epoch 13 evaluating [time: 57.48s, valid_score: 0.205600]
Thu 28 Nov 2024 16:15:07 INFO  valid result: 
recall@5 : 0.2371    recall@10 : 0.3084    recall@101 : 1.0    ndcg@5 : 0.1825    ndcg@10 : 0.2056    ndcg@101 : 0.3299    mrr@5 : 0.1646    mrr@10 : 0.174    mrr@101 : 0.1911    
Thu 28 Nov 2024 16:15:07 INFO  Saving current best: saved/MBHT-tmall_beh-Nov-27-2024_22-38-37.pth
