Sun 10 Nov 2024 16:32:16 INFO  PID: 2499710
Sun 10 Nov 2024 16:32:16 INFO  Namespace(batch_size=2048, dataset='tmall_beh', gpu_id=0, model='MBHT', valid_portion=0.1, validation=False)
Sun 10 Nov 2024 16:32:16 INFO  
General Hyper Parameters:
gpu_id = 0
use_gpu = True
seed = 2020
state = INFO
reproducibility = True
data_path = dataset/tmall_beh
show_progress = True
save_dataset = False
save_dataloaders = False
benchmark_filename = ['train', 'test']

Training Hyper Parameters:
checkpoint_dir = saved
epochs = 300
train_batch_size = 64
learner = adam
learning_rate = 0.001
eval_step = 1
stopping_step = 10
clip_grad_norm = None
weight_decay = 0.0
loss_decimal_place = 4

Evaluation Hyper Parameters:
eval_args = {'mode': 'full', 'order': 'TO', 'split': {'RS': [0.8, 0.1, 0.1]}, 'group_by': 'user'}
metrics = ['Recall', 'NDCG', 'MRR']
topk = [5, 10, 101]
valid_metric = NDCG@10
valid_metric_bigger = True
eval_batch_size = 128
metric_decimal_place = 4

Dataset Hyper Parameters:
field_separator = 	
seq_separator =  
USER_ID_FIELD = session_id
ITEM_ID_FIELD = item_id
RATING_FIELD = rating
TIME_FIELD = timestamp
seq_len = None
LABEL_FIELD = label
threshold = None
NEG_PREFIX = neg_
load_col = None
unload_col = None
unused_col = None
additional_feat_suffix = None
rm_dup_inter = None
val_interval = None
filter_inter_by_user_or_item = True
user_inter_num_interval = [0,inf)
item_inter_num_interval = [0,inf)
alias_of_user_id = None
alias_of_item_id = ['item_id_list']
alias_of_entity_id = None
alias_of_relation_id = None
preload_weight = None
normalize_field = None
normalize_all = None
ITEM_LIST_LENGTH_FIELD = item_length
LIST_SUFFIX = _list
MAX_ITEM_LIST_LENGTH = 200
POSITION_FIELD = position_id
HEAD_ENTITY_ID_FIELD = head_id
TAIL_ENTITY_ID_FIELD = tail_id
RELATION_ID_FIELD = relation_id
ENTITY_ID_FIELD = entity_id

Other Hyper Parameters: 
neg_sampling = None
repeatable = True
n_layers = 2
n_heads = 2
hidden_size = 64
inner_size = 256
hidden_dropout_prob = 0.5
attn_dropout_prob = 0.5
hidden_act = gelu
layer_norm_eps = 1e-12
initializer_range = 0.02
mask_ratio = 0.2
loss_type = CE
customized_eval = 1
MODEL_TYPE = ModelType.SEQUENTIAL
hyper_len = 6
scales = [10, 4, 20]
enable_hg = 1
enable_ms = 1
abaltion = 
batch_size = 2048
MODEL_INPUT_TYPE = InputType.POINTWISE
eval_type = EvaluatorType.RANKING
device = cuda
train_neg_sample_args = {'strategy': 'none'}
eval_neg_sample_args = {'strategy': 'full', 'distribution': 'uniform'}


Sun 10 Nov 2024 16:32:29 INFO  tmall_beh
The number of users: 437367
Average actions of users: 1.0813460579926195
The number of items: 99038
Average actions of items: 5.257094583328702
The number of inters: 472944
The sparsity of the dataset: 99.99890815284478%
Remain Fields: ['session_id', 'item_id_list', 'item_type_list', 'item_id', 'item_length']
Sun 10 Nov 2024 16:32:38 INFO  MBHT(
  (type_embedding): Embedding(6, 64, padding_idx=0)
  (item_embedding): Embedding(99039, 64, padding_idx=0)
  (position_embedding): Embedding(201, 64)
  (trm_encoder): TransformerEncoder(
    (layer): ModuleList(
      (0-1): 2 x TransformerLayer(
        (multi_head_attention): MultiScaleAttention(
          (out_fc): Linear(in_features=260, out_features=200, bias=True)
          (attention1): LinearAttention(
            (E): Linear(in_features=200, out_features=10, bias=True)
            (F): Linear(in_features=200, out_features=10, bias=True)
            (W_V): Linear(in_features=64, out_features=64, bias=True)
            (W_K): Linear(in_features=64, out_features=64, bias=True)
            (W_Q): Linear(in_features=64, out_features=64, bias=True)
            (dense): Linear(in_features=64, out_features=64, bias=True)
            (attn_dropout): Dropout(p=0.5, inplace=False)
            (out_dropout): Dropout(p=0.5, inplace=False)
            (LayerNorm): LayerNorm((64,), eps=1e-12, elementwise_affine=True)
          )
          (attention2): MultiHeadAttention(
            (query): Linear(in_features=64, out_features=64, bias=True)
            (key): Linear(in_features=64, out_features=64, bias=True)
            (value): Linear(in_features=64, out_features=64, bias=True)
            (attn_dropout): Dropout(p=0.5, inplace=False)
            (dense): Linear(in_features=64, out_features=64, bias=True)
            (LayerNorm): LayerNorm((64,), eps=1e-12, elementwise_affine=True)
            (out_dropout): Dropout(p=0.5, inplace=False)
          )
        )
        (feed_forward): FeedForward(
          (dense_1): Linear(in_features=64, out_features=256, bias=True)
          (dense_2): Linear(in_features=256, out_features=64, bias=True)
          (LayerNorm): LayerNorm((64,), eps=1e-12, elementwise_affine=True)
          (dropout): Dropout(p=0.5, inplace=False)
        )
      )
    )
  )
  (hgnn_layer): HGNN(
    (hgc1): HGNN_conv()
    (hgc2): HGNN_conv()
    (out_fc): Linear(in_features=64, out_features=64, bias=True)
  )
  (LayerNorm): LayerNorm((64,), eps=1e-12, elementwise_affine=True)
  (dropout): Dropout(p=0.5, inplace=False)
  (hg_type_embedding): Embedding(6, 64, padding_idx=0)
)
Trainable parameters: 6619128
Sun 10 Nov 2024 16:33:37 INFO  epoch -1 evaluating [time: 58.63s, valid_score: 0.045900]
Sun 10 Nov 2024 16:33:37 INFO  valid result: 
recall@5 : 0.0514    recall@10 : 0.1038    recall@101 : 1.0    ndcg@5 : 0.0293    ndcg@10 : 0.0459    ndcg@101 : 0.2086    mrr@5 : 0.0221    mrr@10 : 0.0288    mrr@101 : 0.051    
Sun 10 Nov 2024 17:46:47 INFO  epoch 0 training [time: 4390.49s, train loss: 73002.8389]
Sun 10 Nov 2024 17:47:44 INFO  epoch 0 evaluating [time: 57.29s, valid_score: 0.260300]
Sun 10 Nov 2024 17:47:44 INFO  valid result: 
recall@5 : 0.3016    recall@10 : 0.4008    recall@101 : 1.0    ndcg@5 : 0.2283    ndcg@10 : 0.2603    ndcg@101 : 0.3742    mrr@5 : 0.2041    mrr@10 : 0.2173    mrr@101 : 0.2354    
Sun 10 Nov 2024 17:47:45 INFO  Saving current best: saved/MBHT-tmall_beh-Nov-10-2024_16-32-38.pth
Sun 10 Nov 2024 19:00:48 INFO  epoch 1 training [time: 4383.89s, train loss: 61028.8482]
Sun 10 Nov 2024 19:01:45 INFO  epoch 1 evaluating [time: 56.72s, valid_score: 0.282100]
Sun 10 Nov 2024 19:01:45 INFO  valid result: 
recall@5 : 0.3225    recall@10 : 0.4056    recall@101 : 1.0    ndcg@5 : 0.2554    ndcg@10 : 0.2821    ndcg@101 : 0.393    mrr@5 : 0.2333    mrr@10 : 0.2442    mrr@101 : 0.261    
Sun 10 Nov 2024 19:01:45 INFO  Saving current best: saved/MBHT-tmall_beh-Nov-10-2024_16-32-38.pth
Sun 10 Nov 2024 20:14:36 INFO  epoch 2 training [time: 4370.35s, train loss: 57723.2754]
Sun 10 Nov 2024 20:15:34 INFO  epoch 2 evaluating [time: 58.55s, valid_score: 0.253000]
Sun 10 Nov 2024 20:15:34 INFO  valid result: 
recall@5 : 0.2878    recall@10 : 0.3644    recall@101 : 1.0    ndcg@5 : 0.2282    ndcg@10 : 0.253    ndcg@101 : 0.3702    mrr@5 : 0.2085    mrr@10 : 0.2187    mrr@101 : 0.2359    
Sun 10 Nov 2024 21:28:19 INFO  epoch 3 training [time: 4365.21s, train loss: 56332.5414]
Sun 10 Nov 2024 21:29:17 INFO  epoch 3 evaluating [time: 57.46s, valid_score: 0.258800]
Sun 10 Nov 2024 21:29:17 INFO  valid result: 
recall@5 : 0.2956    recall@10 : 0.3699    recall@101 : 1.0    ndcg@5 : 0.2349    ndcg@10 : 0.2588    ndcg@101 : 0.3746    mrr@5 : 0.2148    mrr@10 : 0.2247    mrr@101 : 0.2415    
Sun 10 Nov 2024 22:42:06 INFO  epoch 4 training [time: 4369.30s, train loss: 55334.4806]
Sun 10 Nov 2024 22:43:03 INFO  epoch 4 evaluating [time: 56.36s, valid_score: 0.222700]
Sun 10 Nov 2024 22:43:03 INFO  valid result: 
recall@5 : 0.2523    recall@10 : 0.3173    recall@101 : 1.0    ndcg@5 : 0.2018    ndcg@10 : 0.2227    ndcg@101 : 0.3458    mrr@5 : 0.1851    mrr@10 : 0.1937    mrr@101 : 0.2106    
Sun 10 Nov 2024 23:55:49 INFO  epoch 5 training [time: 4365.92s, train loss: 54571.0719]
Sun 10 Nov 2024 23:56:46 INFO  epoch 5 evaluating [time: 57.34s, valid_score: 0.222400]
Sun 10 Nov 2024 23:56:46 INFO  valid result: 
recall@5 : 0.2547    recall@10 : 0.325    recall@101 : 1.0    ndcg@5 : 0.1997    ndcg@10 : 0.2224    ndcg@101 : 0.3446    mrr@5 : 0.1816    mrr@10 : 0.1909    mrr@101 : 0.208    
Mon 11 Nov 2024 01:09:32 INFO  epoch 6 training [time: 4366.07s, train loss: 53966.7714]
Mon 11 Nov 2024 01:10:29 INFO  epoch 6 evaluating [time: 57.12s, valid_score: 0.225600]
Mon 11 Nov 2024 01:10:29 INFO  valid result: 
recall@5 : 0.2581    recall@10 : 0.3287    recall@101 : 1.0    ndcg@5 : 0.2028    ndcg@10 : 0.2256    ndcg@101 : 0.347    mrr@5 : 0.1846    mrr@10 : 0.194    mrr@101 : 0.2108    
Mon 11 Nov 2024 02:23:14 INFO  epoch 7 training [time: 4364.70s, train loss: 53547.8154]
Mon 11 Nov 2024 02:24:11 INFO  epoch 7 evaluating [time: 57.09s, valid_score: 0.222900]
Mon 11 Nov 2024 02:24:11 INFO  valid result: 
recall@5 : 0.2518    recall@10 : 0.3266    recall@101 : 1.0    ndcg@5 : 0.1988    ndcg@10 : 0.2229    ndcg@101 : 0.3452    mrr@5 : 0.1813    mrr@10 : 0.1912    mrr@101 : 0.2084    
Mon 11 Nov 2024 03:36:57 INFO  epoch 8 training [time: 4365.73s, train loss: 53199.8834]
Mon 11 Nov 2024 03:37:54 INFO  epoch 8 evaluating [time: 57.14s, valid_score: 0.222000]
Mon 11 Nov 2024 03:37:54 INFO  valid result: 
recall@5 : 0.2551    recall@10 : 0.3211    recall@101 : 1.0    ndcg@5 : 0.2007    ndcg@10 : 0.222    ndcg@101 : 0.3447    mrr@5 : 0.1828    mrr@10 : 0.1915    mrr@101 : 0.2086    
Mon 11 Nov 2024 04:50:46 INFO  epoch 9 training [time: 4372.69s, train loss: 52933.1259]
Mon 11 Nov 2024 04:51:44 INFO  epoch 9 evaluating [time: 57.36s, valid_score: 0.220700]
Mon 11 Nov 2024 04:51:44 INFO  valid result: 
recall@5 : 0.25    recall@10 : 0.3221    recall@101 : 1.0    ndcg@5 : 0.1975    ndcg@10 : 0.2207    ndcg@101 : 0.3434    mrr@5 : 0.1802    mrr@10 : 0.1898    mrr@101 : 0.2069    
Mon 11 Nov 2024 06:04:36 INFO  epoch 10 training [time: 4371.84s, train loss: 52725.8071]
Mon 11 Nov 2024 06:05:33 INFO  epoch 10 evaluating [time: 57.25s, valid_score: 0.221400]
Mon 11 Nov 2024 06:05:33 INFO  valid result: 
recall@5 : 0.2548    recall@10 : 0.3242    recall@101 : 1.0    ndcg@5 : 0.1991    ndcg@10 : 0.2214    ndcg@101 : 0.3433    mrr@5 : 0.1807    mrr@10 : 0.1899    mrr@101 : 0.2067    
Mon 11 Nov 2024 07:18:15 INFO  epoch 11 training [time: 4362.19s, train loss: 52559.1419]
Mon 11 Nov 2024 07:19:13 INFO  epoch 11 evaluating [time: 57.68s, valid_score: 0.227200]
Mon 11 Nov 2024 07:19:13 INFO  valid result: 
recall@5 : 0.263    recall@10 : 0.334    recall@101 : 1.0    ndcg@5 : 0.2045    ndcg@10 : 0.2272    ndcg@101 : 0.3479    mrr@5 : 0.1851    mrr@10 : 0.1944    mrr@101 : 0.2113    
Mon 11 Nov 2024 08:31:55 INFO  epoch 12 training [time: 4361.98s, train loss: 52389.1517]
Mon 11 Nov 2024 08:32:52 INFO  epoch 12 evaluating [time: 57.29s, valid_score: 0.224200]
Mon 11 Nov 2024 08:32:52 INFO  valid result: 
recall@5 : 0.2594    recall@10 : 0.3285    recall@101 : 1.0    ndcg@5 : 0.2021    ndcg@10 : 0.2242    ndcg@101 : 0.3452    mrr@5 : 0.1831    mrr@10 : 0.1921    mrr@101 : 0.2088    
Mon 11 Nov 2024 08:32:52 INFO  Finished training, best eval result in epoch 1
Mon 11 Nov 2024 08:32:52 INFO  test result: {'recall@5': 0.3225, 'recall@10': 0.4056, 'recall@101': 1.0, 'ndcg@5': 0.2554, 'ndcg@10': 0.2821, 'ndcg@101': 0.393, 'mrr@5': 0.2333, 'mrr@10': 0.2442, 'mrr@101': 0.261}
